[10.608s] Invoking command in '/home/ubuntu/ros2_ws/src/go_pupper_srv': PYTHONPATH=/home/ubuntu/ros2_ws/build/go_pupper_srv/prefix_override:/home/ubuntu/ros2_ws/install/go_pupper_srv/lib/python3.10/site-packages:${PYTHONPATH} /usr/bin/python3 -W ignore:setup.py install is deprecated setup.py egg_info --egg-base ../../build/go_pupper_srv build --build-base /home/ubuntu/ros2_ws/build/go_pupper_srv/build install --record /home/ubuntu/ros2_ws/build/go_pupper_srv/install.log --single-version-externally-managed install_data
[14.774s] running egg_info
[14.964s] writing ../../build/go_pupper_srv/go_pupper_srv.egg-info/PKG-INFO
[14.969s] writing dependency_links to ../../build/go_pupper_srv/go_pupper_srv.egg-info/dependency_links.txt
[14.973s] writing entry points to ../../build/go_pupper_srv/go_pupper_srv.egg-info/entry_points.txt
[14.974s] writing requirements to ../../build/go_pupper_srv/go_pupper_srv.egg-info/requires.txt
[14.975s] writing top-level names to ../../build/go_pupper_srv/go_pupper_srv.egg-info/top_level.txt
[15.436s] reading manifest file '../../build/go_pupper_srv/go_pupper_srv.egg-info/SOURCES.txt'
[15.440s] adding license file 'LICENSE'
[15.447s] writing manifest file '../../build/go_pupper_srv/go_pupper_srv.egg-info/SOURCES.txt'
[15.449s] running build
[15.450s] running build_py
[15.454s] copying go_pupper_srv/task2.py -> /home/ubuntu/ros2_ws/build/go_pupper_srv/build/lib/go_pupper_srv
[15.457s] copying go_pupper_srv/task3.py -> /home/ubuntu/ros2_ws/build/go_pupper_srv/build/lib/go_pupper_srv
[15.468s] copying go_pupper_srv/task1.py -> /home/ubuntu/ros2_ws/build/go_pupper_srv/build/lib/go_pupper_srv
[15.469s] copying go_pupper_srv/audio.py -> /home/ubuntu/ros2_ws/build/go_pupper_srv/build/lib/go_pupper_srv
[15.470s] copying go_pupper_srv/client_go_pupper.py -> /home/ubuntu/ros2_ws/build/go_pupper_srv/build/lib/go_pupper_srv
[15.472s] copying go_pupper_srv/energy1.py -> /home/ubuntu/ros2_ws/build/go_pupper_srv/build/lib/go_pupper_srv
[15.475s] running install
[15.525s] running install_lib
[15.827s] copying /home/ubuntu/ros2_ws/build/go_pupper_srv/build/lib/go_pupper_srv/task2.py -> /home/ubuntu/ros2_ws/install/go_pupper_srv/lib/python3.10/site-packages/go_pupper_srv
[15.829s] copying /home/ubuntu/ros2_ws/build/go_pupper_srv/build/lib/go_pupper_srv/task1.py -> /home/ubuntu/ros2_ws/install/go_pupper_srv/lib/python3.10/site-packages/go_pupper_srv
[15.835s] copying /home/ubuntu/ros2_ws/build/go_pupper_srv/build/lib/go_pupper_srv/energy1.py -> /home/ubuntu/ros2_ws/install/go_pupper_srv/lib/python3.10/site-packages/go_pupper_srv
[15.846s] byte-compiling /home/ubuntu/ros2_ws/install/go_pupper_srv/lib/python3.10/site-packages/go_pupper_srv/task2.py to task2.cpython-310.pyc
[15.852s] Sorry: TabError: inconsistent use of tabs and spaces in indentation (task2.py, line 153)
[15.854s] byte-compiling /home/ubuntu/ros2_ws/install/go_pupper_srv/lib/python3.10/site-packages/go_pupper_srv/task1.py to task1.cpython-310.pyc
[15.865s] byte-compiling /home/ubuntu/ros2_ws/install/go_pupper_srv/lib/python3.10/site-packages/go_pupper_srv/energy1.py to energy1.cpython-310.pyc
[15.873s] running install_data
[15.880s] running install_egg_info
[16.265s] removing '/home/ubuntu/ros2_ws/install/go_pupper_srv/lib/python3.10/site-packages/go_pupper_srv-0.0.0-py3.10.egg-info' (and everything under it)
[16.276s] Copying ../../build/go_pupper_srv/go_pupper_srv.egg-info to /home/ubuntu/ros2_ws/install/go_pupper_srv/lib/python3.10/site-packages/go_pupper_srv-0.0.0-py3.10.egg-info
[16.295s] running install_scripts
[18.630s] Installing audio script to /home/ubuntu/ros2_ws/install/go_pupper_srv/lib/go_pupper_srv
[18.649s] Installing client script to /home/ubuntu/ros2_ws/install/go_pupper_srv/lib/go_pupper_srv
[18.650s] Installing salsa script to /home/ubuntu/ros2_ws/install/go_pupper_srv/lib/go_pupper_srv
[18.651s] Installing service script to /home/ubuntu/ros2_ws/install/go_pupper_srv/lib/go_pupper_srv
[18.651s] Installing task1 script to /home/ubuntu/ros2_ws/install/go_pupper_srv/lib/go_pupper_srv
[18.652s] Installing task2 script to /home/ubuntu/ros2_ws/install/go_pupper_srv/lib/go_pupper_srv
[18.667s] writing list of installed files to '/home/ubuntu/ros2_ws/build/go_pupper_srv/install.log'
[19.253s] Invoked command in '/home/ubuntu/ros2_ws/src/go_pupper_srv' returned '0': PYTHONPATH=/home/ubuntu/ros2_ws/build/go_pupper_srv/prefix_override:/home/ubuntu/ros2_ws/install/go_pupper_srv/lib/python3.10/site-packages:${PYTHONPATH} /usr/bin/python3 -W ignore:setup.py install is deprecated setup.py egg_info --egg-base ../../build/go_pupper_srv build --build-base /home/ubuntu/ros2_ws/build/go_pupper_srv/build install --record /home/ubuntu/ros2_ws/build/go_pupper_srv/install.log --single-version-externally-managed install_data
