[6.542s] Invoking command in '/home/ubuntu/ros2_ws/src/mini_pupper_ros/mini_pupper_driver': PYTHONPATH=/home/ubuntu/ros2_ws/build/mini_pupper_driver/prefix_override:/home/ubuntu/ros2_ws/install/mini_pupper_driver/lib/python3.10/site-packages:${PYTHONPATH} /usr/bin/python3 -W ignore:setup.py install is deprecated setup.py egg_info --egg-base ../../../build/mini_pupper_driver build --build-base /home/ubuntu/ros2_ws/build/mini_pupper_driver/build install --record /home/ubuntu/ros2_ws/build/mini_pupper_driver/install.log --single-version-externally-managed install_data
[9.804s] running egg_info
[9.810s] writing ../../../build/mini_pupper_driver/mini_pupper_driver.egg-info/PKG-INFO
[9.815s] writing dependency_links to ../../../build/mini_pupper_driver/mini_pupper_driver.egg-info/dependency_links.txt
[9.816s] writing entry points to ../../../build/mini_pupper_driver/mini_pupper_driver.egg-info/entry_points.txt
[9.817s] writing requirements to ../../../build/mini_pupper_driver/mini_pupper_driver.egg-info/requires.txt
[9.818s] writing top-level names to ../../../build/mini_pupper_driver/mini_pupper_driver.egg-info/top_level.txt
[9.838s] reading manifest file '../../../build/mini_pupper_driver/mini_pupper_driver.egg-info/SOURCES.txt'
[9.844s] writing manifest file '../../../build/mini_pupper_driver/mini_pupper_driver.egg-info/SOURCES.txt'
[9.845s] running build
[9.846s] running build_py
[9.848s] running install
[9.851s] running install_lib
[9.867s] running install_data
[9.869s] running install_egg_info
[9.883s] removing '/home/ubuntu/ros2_ws/install/mini_pupper_driver/lib/python3.10/site-packages/mini_pupper_driver-0.0.1-py3.10.egg-info' (and everything under it)
[9.887s] Copying ../../../build/mini_pupper_driver/mini_pupper_driver.egg-info to /home/ubuntu/ros2_ws/install/mini_pupper_driver/lib/python3.10/site-packages/mini_pupper_driver-0.0.1-py3.10.egg-info
[9.901s] running install_scripts
[10.063s] Installing display_interface script to /home/ubuntu/ros2_ws/install/mini_pupper_driver/lib/mini_pupper_driver
[10.065s] Installing imu_interface script to /home/ubuntu/ros2_ws/install/mini_pupper_driver/lib/mini_pupper_driver
[10.066s] Installing servo_interface script to /home/ubuntu/ros2_ws/install/mini_pupper_driver/lib/mini_pupper_driver
[10.068s] writing list of installed files to '/home/ubuntu/ros2_ws/build/mini_pupper_driver/install.log'
[10.323s] Invoked command in '/home/ubuntu/ros2_ws/src/mini_pupper_ros/mini_pupper_driver' returned '0': PYTHONPATH=/home/ubuntu/ros2_ws/build/mini_pupper_driver/prefix_override:/home/ubuntu/ros2_ws/install/mini_pupper_driver/lib/python3.10/site-packages:${PYTHONPATH} /usr/bin/python3 -W ignore:setup.py install is deprecated setup.py egg_info --egg-base ../../../build/mini_pupper_driver build --build-base /home/ubuntu/ros2_ws/build/mini_pupper_driver/build install --record /home/ubuntu/ros2_ws/build/mini_pupper_driver/install.log --single-version-externally-managed install_data
