running develop
Removing /home/ubuntu/ros2_ws/install/mini_pupper_dance/lib/python3.10/site-packages/mini-pupper-dance.egg-link (link to .)
running egg_info
writing ../../../build/mini_pupper_dance/mini_pupper_dance.egg-info/PKG-INFO
writing dependency_links to ../../../build/mini_pupper_dance/mini_pupper_dance.egg-info/dependency_links.txt
writing entry points to ../../../build/mini_pupper_dance/mini_pupper_dance.egg-info/entry_points.txt
writing requirements to ../../../build/mini_pupper_dance/mini_pupper_dance.egg-info/requires.txt
writing top-level names to ../../../build/mini_pupper_dance/mini_pupper_dance.egg-info/top_level.txt
reading manifest file '../../../build/mini_pupper_dance/mini_pupper_dance.egg-info/SOURCES.txt'
writing manifest file '../../../build/mini_pupper_dance/mini_pupper_dance.egg-info/SOURCES.txt'
running build
running build_py
creating /home/ubuntu/ros2_ws/build/mini_pupper_dance/build
creating /home/ubuntu/ros2_ws/build/mini_pupper_dance/build/lib
creating /home/ubuntu/ros2_ws/build/mini_pupper_dance/build/lib/mini_pupper_dance
copying mini_pupper_dance/__init__.py -> /home/ubuntu/ros2_ws/build/mini_pupper_dance/build/lib/mini_pupper_dance
copying mini_pupper_dance/dance_client.py -> /home/ubuntu/ros2_ws/build/mini_pupper_dance/build/lib/mini_pupper_dance
copying mini_pupper_dance/math_operations.py -> /home/ubuntu/ros2_ws/build/mini_pupper_dance/build/lib/mini_pupper_dance
copying mini_pupper_dance/dance_server.py -> /home/ubuntu/ros2_ws/build/mini_pupper_dance/build/lib/mini_pupper_dance
copying mini_pupper_dance/pose_controller.py -> /home/ubuntu/ros2_ws/build/mini_pupper_dance/build/lib/mini_pupper_dance
copying mini_pupper_dance/episode.py -> /home/ubuntu/ros2_ws/build/mini_pupper_dance/build/lib/mini_pupper_dance
running install
running install_lib
creating /home/ubuntu/ros2_ws/install/mini_pupper_dance/lib/python3.10/site-packages/mini_pupper_dance
copying /home/ubuntu/ros2_ws/build/mini_pupper_dance/build/lib/mini_pupper_dance/__init__.py -> /home/ubuntu/ros2_ws/install/mini_pupper_dance/lib/python3.10/site-packages/mini_pupper_dance
copying /home/ubuntu/ros2_ws/build/mini_pupper_dance/build/lib/mini_pupper_dance/dance_client.py -> /home/ubuntu/ros2_ws/install/mini_pupper_dance/lib/python3.10/site-packages/mini_pupper_dance
copying /home/ubuntu/ros2_ws/build/mini_pupper_dance/build/lib/mini_pupper_dance/math_operations.py -> /home/ubuntu/ros2_ws/install/mini_pupper_dance/lib/python3.10/site-packages/mini_pupper_dance
copying /home/ubuntu/ros2_ws/build/mini_pupper_dance/build/lib/mini_pupper_dance/dance_server.py -> /home/ubuntu/ros2_ws/install/mini_pupper_dance/lib/python3.10/site-packages/mini_pupper_dance
copying /home/ubuntu/ros2_ws/build/mini_pupper_dance/build/lib/mini_pupper_dance/pose_controller.py -> /home/ubuntu/ros2_ws/install/mini_pupper_dance/lib/python3.10/site-packages/mini_pupper_dance
copying /home/ubuntu/ros2_ws/build/mini_pupper_dance/build/lib/mini_pupper_dance/episode.py -> /home/ubuntu/ros2_ws/install/mini_pupper_dance/lib/python3.10/site-packages/mini_pupper_dance
byte-compiling /home/ubuntu/ros2_ws/install/mini_pupper_dance/lib/python3.10/site-packages/mini_pupper_dance/__init__.py to __init__.cpython-310.pyc
byte-compiling /home/ubuntu/ros2_ws/install/mini_pupper_dance/lib/python3.10/site-packages/mini_pupper_dance/dance_client.py to dance_client.cpython-310.pyc
byte-compiling /home/ubuntu/ros2_ws/install/mini_pupper_dance/lib/python3.10/site-packages/mini_pupper_dance/math_operations.py to math_operations.cpython-310.pyc
byte-compiling /home/ubuntu/ros2_ws/install/mini_pupper_dance/lib/python3.10/site-packages/mini_pupper_dance/dance_server.py to dance_server.cpython-310.pyc
byte-compiling /home/ubuntu/ros2_ws/install/mini_pupper_dance/lib/python3.10/site-packages/mini_pupper_dance/pose_controller.py to pose_controller.cpython-310.pyc
byte-compiling /home/ubuntu/ros2_ws/install/mini_pupper_dance/lib/python3.10/site-packages/mini_pupper_dance/episode.py to episode.cpython-310.pyc
running install_data
copying resource/mini_pupper_dance -> /home/ubuntu/ros2_ws/install/mini_pupper_dance/share/ament_index/resource_index/packages
copying package.xml -> /home/ubuntu/ros2_ws/install/mini_pupper_dance/share/mini_pupper_dance
copying launch/dance.launch.py -> /home/ubuntu/ros2_ws/install/mini_pupper_dance/share/mini_pupper_dance
running install_egg_info
Copying ../../../build/mini_pupper_dance/mini_pupper_dance.egg-info to /home/ubuntu/ros2_ws/install/mini_pupper_dance/lib/python3.10/site-packages/mini_pupper_dance-0.0.0-py3.10.egg-info
running install_scripts
Installing client script to /home/ubuntu/ros2_ws/install/mini_pupper_dance/lib/mini_pupper_dance
Installing pose_controller script to /home/ubuntu/ros2_ws/install/mini_pupper_dance/lib/mini_pupper_dance
Installing service script to /home/ubuntu/ros2_ws/install/mini_pupper_dance/lib/mini_pupper_dance
writing list of installed files to '/home/ubuntu/ros2_ws/build/mini_pupper_dance/install.log'
