[0.107s] Invoking command in '/home/ubuntu/ros2_ws/build/champ_teleop': CMAKE_PREFIX_PATH=${CMAKE_PREFIX_PATH}:/home/ubuntu/ros2_ws/install/go_pupper_srv:/home/ubuntu/ros2_ws/install/mini_pupper_music:/home/ubuntu/ros2_ws/install/mini_pupper_dance:/home/ubuntu/ros2_ws/install/mini_pupper_driver:/opt/ros/humble /usr/bin/cmake --build /home/ubuntu/ros2_ws/build/champ_teleop -- -j4 -l4
[0.761s] Invoked command in '/home/ubuntu/ros2_ws/build/champ_teleop' returned '0': CMAKE_PREFIX_PATH=${CMAKE_PREFIX_PATH}:/home/ubuntu/ros2_ws/install/go_pupper_srv:/home/ubuntu/ros2_ws/install/mini_pupper_music:/home/ubuntu/ros2_ws/install/mini_pupper_dance:/home/ubuntu/ros2_ws/install/mini_pupper_driver:/opt/ros/humble /usr/bin/cmake --build /home/ubuntu/ros2_ws/build/champ_teleop -- -j4 -l4
[1.280s] Invoking command in '/home/ubuntu/ros2_ws/build/champ_teleop': CMAKE_PREFIX_PATH=${CMAKE_PREFIX_PATH}:/home/ubuntu/ros2_ws/install/go_pupper_srv:/home/ubuntu/ros2_ws/install/mini_pupper_music:/home/ubuntu/ros2_ws/install/mini_pupper_dance:/home/ubuntu/ros2_ws/install/mini_pupper_driver:/opt/ros/humble /usr/bin/cmake --install /home/ubuntu/ros2_ws/build/champ_teleop
[1.338s] -- Install configuration: ""
[1.342s] -- Execute custom install script
[1.348s] -- Up-to-date symlink: /home/ubuntu/ros2_ws/install/champ_teleop/share/champ_teleop/launch/teleop.launch.py
[1.354s] -- Up-to-date symlink: /home/ubuntu/ros2_ws/install/champ_teleop/lib/champ_teleop/champ_teleop.py
[1.357s] -- Up-to-date symlink: /home/ubuntu/ros2_ws/install/champ_teleop/share/ament_index/resource_index/package_run_dependencies/champ_teleop
[1.362s] -- Up-to-date symlink: /home/ubuntu/ros2_ws/install/champ_teleop/share/ament_index/resource_index/parent_prefix_path/champ_teleop
[1.376s] -- Up-to-date symlink: /home/ubuntu/ros2_ws/install/champ_teleop/share/champ_teleop/environment/ament_prefix_path.sh
[1.378s] -- Up-to-date symlink: /home/ubuntu/ros2_ws/install/champ_teleop/share/champ_teleop/environment/ament_prefix_path.dsv
[1.381s] -- Up-to-date symlink: /home/ubuntu/ros2_ws/install/champ_teleop/share/champ_teleop/environment/path.sh
[1.384s] -- Up-to-date symlink: /home/ubuntu/ros2_ws/install/champ_teleop/share/champ_teleop/environment/path.dsv
[1.388s] -- Up-to-date symlink: /home/ubuntu/ros2_ws/install/champ_teleop/share/champ_teleop/local_setup.bash
[1.392s] -- Up-to-date symlink: /home/ubuntu/ros2_ws/install/champ_teleop/share/champ_teleop/local_setup.sh
[1.396s] -- Up-to-date symlink: /home/ubuntu/ros2_ws/install/champ_teleop/share/champ_teleop/local_setup.zsh
[1.399s] -- Up-to-date symlink: /home/ubuntu/ros2_ws/install/champ_teleop/share/champ_teleop/local_setup.dsv
[1.402s] -- Symlinking: /home/ubuntu/ros2_ws/install/champ_teleop/share/champ_teleop/package.dsv
[1.482s] -- Up-to-date symlink: /home/ubuntu/ros2_ws/install/champ_teleop/share/ament_index/resource_index/packages/champ_teleop
[1.485s] -- Up-to-date symlink: /home/ubuntu/ros2_ws/install/champ_teleop/share/champ_teleop/cmake/champ_teleopConfig.cmake
[1.488s] -- Up-to-date symlink: /home/ubuntu/ros2_ws/install/champ_teleop/share/champ_teleop/cmake/champ_teleopConfig-version.cmake
[1.490s] -- Up-to-date symlink: /home/ubuntu/ros2_ws/install/champ_teleop/share/champ_teleop/package.xml
[1.503s] Invoked command in '/home/ubuntu/ros2_ws/build/champ_teleop' returned '0': CMAKE_PREFIX_PATH=${CMAKE_PREFIX_PATH}:/home/ubuntu/ros2_ws/install/go_pupper_srv:/home/ubuntu/ros2_ws/install/mini_pupper_music:/home/ubuntu/ros2_ws/install/mini_pupper_dance:/home/ubuntu/ros2_ws/install/mini_pupper_driver:/opt/ros/humble /usr/bin/cmake --install /home/ubuntu/ros2_ws/build/champ_teleop
