[0.422s] Invoking command in '/home/ubuntu/ros2_ws/build/mini_pupper_description': CMAKE_PREFIX_PATH=${CMAKE_PREFIX_PATH}:/home/ubuntu/ros2_ws/install/go_pupper_srv:/home/ubuntu/ros2_ws/install/mini_pupper_music:/home/ubuntu/ros2_ws/install/mini_pupper_dance:/home/ubuntu/ros2_ws/install/mini_pupper_driver:/opt/ros/humble /usr/bin/cmake /home/ubuntu/ros2_ws/src/mini_pupper_ros/mini_pupper_description -DCMAKE_INSTALL_PREFIX=/home/ubuntu/ros2_ws/install/mini_pupper_description
[0.720s] -- Found ament_cmake: 1.3.8 (/opt/ros/humble/share/ament_cmake/cmake)
[2.109s] -- Override CMake install command with custom implementation using symlinks instead of copying resources
[2.161s] -- Found ament_lint_auto: 0.12.10 (/opt/ros/humble/share/ament_lint_auto/cmake)
[3.051s] -- Added test 'copyright' to check source files copyright and LICENSE
[3.167s] -- Added test 'flake8' to check Python code syntax and style conventions
[3.180s] -- Added test 'lint_cmake' to check CMake code style
[3.189s] -- Added test 'pep257' to check Python code against some of the docstring style conventions in PEP 257
[3.233s] -- Added test 'xmllint' to check XML markup files
[3.246s] -- Configuring done
[3.294s] -- Generating done
[3.306s] -- Build files have been written to: /home/ubuntu/ros2_ws/build/mini_pupper_description
[4.910s] Invoked command in '/home/ubuntu/ros2_ws/build/mini_pupper_description' returned '0': CMAKE_PREFIX_PATH=${CMAKE_PREFIX_PATH}:/home/ubuntu/ros2_ws/install/go_pupper_srv:/home/ubuntu/ros2_ws/install/mini_pupper_music:/home/ubuntu/ros2_ws/install/mini_pupper_dance:/home/ubuntu/ros2_ws/install/mini_pupper_driver:/opt/ros/humble /usr/bin/cmake /home/ubuntu/ros2_ws/src/mini_pupper_ros/mini_pupper_description -DCMAKE_INSTALL_PREFIX=/home/ubuntu/ros2_ws/install/mini_pupper_description
[4.915s] Invoking command in '/home/ubuntu/ros2_ws/build/mini_pupper_description': CMAKE_PREFIX_PATH=${CMAKE_PREFIX_PATH}:/home/ubuntu/ros2_ws/install/go_pupper_srv:/home/ubuntu/ros2_ws/install/mini_pupper_music:/home/ubuntu/ros2_ws/install/mini_pupper_dance:/home/ubuntu/ros2_ws/install/mini_pupper_driver:/opt/ros/humble /usr/bin/cmake --build /home/ubuntu/ros2_ws/build/mini_pupper_description -- -j4 -l4
[5.312s] Invoked command in '/home/ubuntu/ros2_ws/build/mini_pupper_description' returned '0': CMAKE_PREFIX_PATH=${CMAKE_PREFIX_PATH}:/home/ubuntu/ros2_ws/install/go_pupper_srv:/home/ubuntu/ros2_ws/install/mini_pupper_music:/home/ubuntu/ros2_ws/install/mini_pupper_dance:/home/ubuntu/ros2_ws/install/mini_pupper_driver:/opt/ros/humble /usr/bin/cmake --build /home/ubuntu/ros2_ws/build/mini_pupper_description -- -j4 -l4
[5.583s] Invoking command in '/home/ubuntu/ros2_ws/build/mini_pupper_description': CMAKE_PREFIX_PATH=${CMAKE_PREFIX_PATH}:/home/ubuntu/ros2_ws/install/go_pupper_srv:/home/ubuntu/ros2_ws/install/mini_pupper_music:/home/ubuntu/ros2_ws/install/mini_pupper_dance:/home/ubuntu/ros2_ws/install/mini_pupper_driver:/opt/ros/humble /usr/bin/cmake --install /home/ubuntu/ros2_ws/build/mini_pupper_description
[5.692s] -- Install configuration: ""
[5.696s] -- Execute custom install script
[5.706s] -- Up-to-date symlink: /home/ubuntu/ros2_ws/install/mini_pupper_description/share/mini_pupper_description/launch/description.launch.py
[5.721s] -- Up-to-date symlink: /home/ubuntu/ros2_ws/install/mini_pupper_description/share/mini_pupper_description/config/champ/gait.yaml
[5.783s] -- Up-to-date symlink: /home/ubuntu/ros2_ws/install/mini_pupper_description/share/mini_pupper_description/config/champ/joints.yaml
[5.783s] -- Up-to-date symlink: /home/ubuntu/ros2_ws/install/mini_pupper_description/share/mini_pupper_description/config/champ/links.yaml
[5.784s] -- Up-to-date symlink: /home/ubuntu/ros2_ws/install/mini_pupper_description/share/mini_pupper_description/config/ros_control/mini_pupper_controller.yaml
[5.785s] -- Up-to-date symlink: /home/ubuntu/ros2_ws/install/mini_pupper_description/share/mini_pupper_description/rviz/urdf_viewer.rviz
[5.786s] -- Up-to-date symlink: /home/ubuntu/ros2_ws/install/mini_pupper_description/share/mini_pupper_description/urdf/_d435.urdf.xacro
[5.787s] -- Up-to-date symlink: /home/ubuntu/ros2_ws/install/mini_pupper_description/share/mini_pupper_description/urdf/_materials.urdf.xacro
[5.788s] -- Up-to-date symlink: /home/ubuntu/ros2_ws/install/mini_pupper_description/share/mini_pupper_description/urdf/_usb_plug.urdf.xacro
[5.788s] -- Up-to-date symlink: /home/ubuntu/ros2_ws/install/mini_pupper_description/share/mini_pupper_description/urdf/mini_pupper_description.csv
[5.789s] -- Up-to-date symlink: /home/ubuntu/ros2_ws/install/mini_pupper_description/share/mini_pupper_description/urdf/mini_pupper_description.urdf
[5.790s] -- Up-to-date symlink: /home/ubuntu/ros2_ws/install/mini_pupper_description/share/mini_pupper_description/urdf/mini_pupper_description.urdf.xacro
[5.797s] -- Up-to-date symlink: /home/ubuntu/ros2_ws/install/mini_pupper_description/share/mini_pupper_description/meshes/base_link.STL
[5.798s] -- Up-to-date symlink: /home/ubuntu/ros2_ws/install/mini_pupper_description/share/mini_pupper_description/meshes/d435.dae
[5.798s] -- Up-to-date symlink: /home/ubuntu/ros2_ws/install/mini_pupper_description/share/mini_pupper_description/meshes/lb1.STL
[5.799s] -- Up-to-date symlink: /home/ubuntu/ros2_ws/install/mini_pupper_description/share/mini_pupper_description/meshes/lb2.STL
[5.817s] -- Up-to-date symlink: /home/ubuntu/ros2_ws/install/mini_pupper_description/share/mini_pupper_description/meshes/lb3.STL
[5.819s] -- Up-to-date symlink: /home/ubuntu/ros2_ws/install/mini_pupper_description/share/mini_pupper_description/meshes/lbfoot.STL
[5.820s] -- Up-to-date symlink: /home/ubuntu/ros2_ws/install/mini_pupper_description/share/mini_pupper_description/meshes/lf1.STL
[5.822s] -- Up-to-date symlink: /home/ubuntu/ros2_ws/install/mini_pupper_description/share/mini_pupper_description/meshes/lf2.STL
[5.823s] -- Up-to-date symlink: /home/ubuntu/ros2_ws/install/mini_pupper_description/share/mini_pupper_description/meshes/lf3.STL
[5.824s] -- Up-to-date symlink: /home/ubuntu/ros2_ws/install/mini_pupper_description/share/mini_pupper_description/meshes/lffoot.STL
[5.829s] -- Up-to-date symlink: /home/ubuntu/ros2_ws/install/mini_pupper_description/share/mini_pupper_description/meshes/lidar.STL
[5.833s] -- Up-to-date symlink: /home/ubuntu/ros2_ws/install/mini_pupper_description/share/mini_pupper_description/meshes/lpb1.STL
[5.841s] -- Up-to-date symlink: /home/ubuntu/ros2_ws/install/mini_pupper_description/share/mini_pupper_description/meshes/lpb2.STL
[5.847s] -- Up-to-date symlink: /home/ubuntu/ros2_ws/install/mini_pupper_description/share/mini_pupper_description/meshes/lpf1.STL
[5.852s] -- Up-to-date symlink: /home/ubuntu/ros2_ws/install/mini_pupper_description/share/mini_pupper_description/meshes/lpf2.STL
[5.857s] -- Up-to-date symlink: /home/ubuntu/ros2_ws/install/mini_pupper_description/share/mini_pupper_description/meshes/plug.stl
[5.866s] -- Up-to-date symlink: /home/ubuntu/ros2_ws/install/mini_pupper_description/share/mini_pupper_description/meshes/plug_collision.stl
[5.870s] -- Up-to-date symlink: /home/ubuntu/ros2_ws/install/mini_pupper_description/share/mini_pupper_description/meshes/rb1.STL
[5.874s] -- Up-to-date symlink: /home/ubuntu/ros2_ws/install/mini_pupper_description/share/mini_pupper_description/meshes/rb2.STL
[5.877s] -- Up-to-date symlink: /home/ubuntu/ros2_ws/install/mini_pupper_description/share/mini_pupper_description/meshes/rb3.STL
[5.879s] -- Up-to-date symlink: /home/ubuntu/ros2_ws/install/mini_pupper_description/share/mini_pupper_description/meshes/rbfoot.STL
[5.882s] -- Up-to-date symlink: /home/ubuntu/ros2_ws/install/mini_pupper_description/share/mini_pupper_description/meshes/rf1.STL
[5.884s] -- Up-to-date symlink: /home/ubuntu/ros2_ws/install/mini_pupper_description/share/mini_pupper_description/meshes/rf2.STL
[5.887s] -- Up-to-date symlink: /home/ubuntu/ros2_ws/install/mini_pupper_description/share/mini_pupper_description/meshes/rf3.STL
[5.899s] -- Up-to-date symlink: /home/ubuntu/ros2_ws/install/mini_pupper_description/share/mini_pupper_description/meshes/rffoot.STL
[5.901s] -- Up-to-date symlink: /home/ubuntu/ros2_ws/install/mini_pupper_description/share/mini_pupper_description/meshes/rpb1.STL
[5.906s] -- Up-to-date symlink: /home/ubuntu/ros2_ws/install/mini_pupper_description/share/mini_pupper_description/meshes/rpb2.STL
[5.906s] -- Up-to-date symlink: /home/ubuntu/ros2_ws/install/mini_pupper_description/share/mini_pupper_description/meshes/rpf1.STL
[5.907s] -- Up-to-date symlink: /home/ubuntu/ros2_ws/install/mini_pupper_description/share/mini_pupper_description/meshes/rpf2.STL
[5.908s] -- Up-to-date symlink: /home/ubuntu/ros2_ws/install/mini_pupper_description/share/mini_pupper_description/meshes/yellow_plate.STL
[5.915s] -- Up-to-date symlink: /home/ubuntu/ros2_ws/install/mini_pupper_description/share/ament_index/resource_index/package_run_dependencies/mini_pupper_description
[5.916s] -- Up-to-date symlink: /home/ubuntu/ros2_ws/install/mini_pupper_description/share/ament_index/resource_index/parent_prefix_path/mini_pupper_description
[5.916s] -- Up-to-date symlink: /home/ubuntu/ros2_ws/install/mini_pupper_description/share/mini_pupper_description/environment/ament_prefix_path.sh
[5.918s] -- Up-to-date symlink: /home/ubuntu/ros2_ws/install/mini_pupper_description/share/mini_pupper_description/environment/ament_prefix_path.dsv
[5.940s] -- Up-to-date symlink: /home/ubuntu/ros2_ws/install/mini_pupper_description/share/mini_pupper_description/environment/path.sh
[5.941s] -- Up-to-date symlink: /home/ubuntu/ros2_ws/install/mini_pupper_description/share/mini_pupper_description/environment/path.dsv
[5.943s] -- Up-to-date symlink: /home/ubuntu/ros2_ws/install/mini_pupper_description/share/mini_pupper_description/local_setup.bash
[5.943s] -- Up-to-date symlink: /home/ubuntu/ros2_ws/install/mini_pupper_description/share/mini_pupper_description/local_setup.sh
[5.948s] -- Up-to-date symlink: /home/ubuntu/ros2_ws/install/mini_pupper_description/share/mini_pupper_description/local_setup.zsh
[5.949s] -- Up-to-date symlink: /home/ubuntu/ros2_ws/install/mini_pupper_description/share/mini_pupper_description/local_setup.dsv
[5.950s] -- Symlinking: /home/ubuntu/ros2_ws/install/mini_pupper_description/share/mini_pupper_description/package.dsv
[5.985s] -- Up-to-date symlink: /home/ubuntu/ros2_ws/install/mini_pupper_description/share/ament_index/resource_index/packages/mini_pupper_description
[5.990s] -- Up-to-date symlink: /home/ubuntu/ros2_ws/install/mini_pupper_description/share/mini_pupper_description/cmake/mini_pupper_descriptionConfig.cmake
[5.990s] -- Up-to-date symlink: /home/ubuntu/ros2_ws/install/mini_pupper_description/share/mini_pupper_description/cmake/mini_pupper_descriptionConfig-version.cmake
[5.991s] -- Up-to-date symlink: /home/ubuntu/ros2_ws/install/mini_pupper_description/share/mini_pupper_description/package.xml
[6.006s] Invoked command in '/home/ubuntu/ros2_ws/build/mini_pupper_description' returned '0': CMAKE_PREFIX_PATH=${CMAKE_PREFIX_PATH}:/home/ubuntu/ros2_ws/install/go_pupper_srv:/home/ubuntu/ros2_ws/install/mini_pupper_music:/home/ubuntu/ros2_ws/install/mini_pupper_dance:/home/ubuntu/ros2_ws/install/mini_pupper_driver:/opt/ros/humble /usr/bin/cmake --install /home/ubuntu/ros2_ws/build/mini_pupper_description
