[5.101s] Invoking command in '/home/ubuntu/ros2_ws/src/go_pupper_srv': PYTHONPATH=/home/ubuntu/ros2_ws/build/go_pupper_srv/prefix_override:/home/ubuntu/ros2_ws/install/go_pupper_srv/lib/python3.10/site-packages:${PYTHONPATH} /usr/bin/python3 -W ignore:setup.py install is deprecated setup.py egg_info --egg-base ../../build/go_pupper_srv build --build-base /home/ubuntu/ros2_ws/build/go_pupper_srv/build install --record /home/ubuntu/ros2_ws/build/go_pupper_srv/install.log --single-version-externally-managed install_data
[6.845s] running egg_info
[6.848s] writing ../../build/go_pupper_srv/go_pupper_srv.egg-info/PKG-INFO
[6.851s] writing dependency_links to ../../build/go_pupper_srv/go_pupper_srv.egg-info/dependency_links.txt
[6.853s] writing entry points to ../../build/go_pupper_srv/go_pupper_srv.egg-info/entry_points.txt
[6.854s] writing requirements to ../../build/go_pupper_srv/go_pupper_srv.egg-info/requires.txt
[6.855s] writing top-level names to ../../build/go_pupper_srv/go_pupper_srv.egg-info/top_level.txt
[6.864s] reading manifest file '../../build/go_pupper_srv/go_pupper_srv.egg-info/SOURCES.txt'
[6.867s] adding license file 'LICENSE'
[6.870s] writing manifest file '../../build/go_pupper_srv/go_pupper_srv.egg-info/SOURCES.txt'
[6.870s] running build
[6.871s] running build_py
[6.875s] running install
[6.876s] running install_lib
[6.886s] running install_data
[6.888s] running install_egg_info
[6.909s] removing '/home/ubuntu/ros2_ws/install/go_pupper_srv/lib/python3.10/site-packages/go_pupper_srv-0.0.0-py3.10.egg-info' (and everything under it)
[6.910s] Copying ../../build/go_pupper_srv/go_pupper_srv.egg-info to /home/ubuntu/ros2_ws/install/go_pupper_srv/lib/python3.10/site-packages/go_pupper_srv-0.0.0-py3.10.egg-info
[6.913s] running install_scripts
[7.020s] Installing client script to /home/ubuntu/ros2_ws/install/go_pupper_srv/lib/go_pupper_srv
[7.022s] Installing salsa script to /home/ubuntu/ros2_ws/install/go_pupper_srv/lib/go_pupper_srv
[7.024s] Installing service script to /home/ubuntu/ros2_ws/install/go_pupper_srv/lib/go_pupper_srv
[7.026s] writing list of installed files to '/home/ubuntu/ros2_ws/build/go_pupper_srv/install.log'
[7.188s] Invoked command in '/home/ubuntu/ros2_ws/src/go_pupper_srv' returned '0': PYTHONPATH=/home/ubuntu/ros2_ws/build/go_pupper_srv/prefix_override:/home/ubuntu/ros2_ws/install/go_pupper_srv/lib/python3.10/site-packages:${PYTHONPATH} /usr/bin/python3 -W ignore:setup.py install is deprecated setup.py egg_info --egg-base ../../build/go_pupper_srv build --build-base /home/ubuntu/ros2_ws/build/go_pupper_srv/build install --record /home/ubuntu/ros2_ws/build/go_pupper_srv/install.log --single-version-externally-managed install_data
