[0.870s] DEBUG:colcon:Command line arguments: ['/usr/bin/colcon', 'build', '--packages-select', 'go_pupper_srv']
[0.871s] DEBUG:colcon:Parsed command line arguments: Namespace(log_base=None, log_level=None, verb_name='build', build_base='build', install_base='install', merge_install=False, symlink_install=False, test_result_base=None, continue_on_error=False, executor='parallel', parallel_workers=4, event_handlers=None, ignore_user_meta=False, metas=['./colcon.meta'], base_paths=['.'], packages_ignore=None, packages_ignore_regex=None, paths=None, packages_up_to=None, packages_up_to_regex=None, packages_above=None, packages_above_and_dependencies=None, packages_above_depth=None, packages_select_by_dep=None, packages_skip_by_dep=None, packages_skip_up_to=None, packages_select_build_failed=False, packages_skip_build_finished=False, packages_select_test_failures=False, packages_skip_test_passed=False, packages_select=['go_pupper_srv'], packages_skip=None, packages_select_regex=None, packages_skip_regex=None, packages_start=None, packages_end=None, allow_overriding=[], cmake_args=None, cmake_target=None, cmake_target_skip_unavailable=False, cmake_clean_cache=False, cmake_clean_first=False, cmake_force_configure=False, ament_cmake_args=None, catkin_cmake_args=None, catkin_skip_building_tests=False, verb_parser=<colcon_defaults.argument_parser.defaults.DefaultArgumentsDecorator object at 0xffff85731d50>, verb_extension=<colcon_core.verb.build.BuildVerb object at 0xffff856e8580>, main=<bound method BuildVerb.main of <colcon_core.verb.build.BuildVerb object at 0xffff856e8580>>)
[1.130s] Level 1:colcon.colcon_core.package_discovery:discover_packages(colcon_meta) check parameters
[1.131s] Level 1:colcon.colcon_core.package_discovery:discover_packages(recursive) check parameters
[1.131s] Level 1:colcon.colcon_core.package_discovery:discover_packages(ignore) check parameters
[1.131s] Level 1:colcon.colcon_core.package_discovery:discover_packages(path) check parameters
[1.131s] Level 1:colcon.colcon_core.package_discovery:discover_packages(colcon_meta) discover
[1.132s] Level 1:colcon.colcon_core.package_discovery:discover_packages(recursive) discover
[1.132s] INFO:colcon.colcon_core.package_discovery:Crawling recursively for packages in '/home/ubuntu/ros2_ws/src'
[1.133s] Level 1:colcon.colcon_core.package_identification:_identify(.) by extensions ['ignore', 'ignore_ament_install']
[1.133s] Level 1:colcon.colcon_core.package_identification:_identify(.) by extension 'ignore'
[1.134s] Level 1:colcon.colcon_core.package_identification:_identify(.) by extension 'ignore_ament_install'
[1.134s] Level 1:colcon.colcon_core.package_identification:_identify(.) by extensions ['colcon_pkg']
[1.135s] Level 1:colcon.colcon_core.package_identification:_identify(.) by extension 'colcon_pkg'
[1.135s] Level 1:colcon.colcon_core.package_identification:_identify(.) by extensions ['colcon_meta']
[1.135s] Level 1:colcon.colcon_core.package_identification:_identify(.) by extension 'colcon_meta'
[1.136s] Level 1:colcon.colcon_core.package_identification:_identify(.) by extensions ['ros']
[1.136s] Level 1:colcon.colcon_core.package_identification:_identify(.) by extension 'ros'
[1.211s] Level 1:colcon.colcon_core.package_identification:_identify(.) by extensions ['cmake', 'python']
[1.212s] Level 1:colcon.colcon_core.package_identification:_identify(.) by extension 'cmake'
[1.212s] Level 1:colcon.colcon_core.package_identification:_identify(.) by extension 'python'
[1.212s] Level 1:colcon.colcon_core.package_identification:_identify(.) by extensions ['python_setup_py']
[1.212s] Level 1:colcon.colcon_core.package_identification:_identify(.) by extension 'python_setup_py'
[1.213s] Level 1:colcon.colcon_core.package_identification:_identify(build) by extensions ['ignore', 'ignore_ament_install']
[1.214s] Level 1:colcon.colcon_core.package_identification:_identify(build) by extension 'ignore'
[1.214s] Level 1:colcon.colcon_core.package_identification:_identify(build) ignored
[1.214s] Level 1:colcon.colcon_core.package_identification:_identify(champ) by extensions ['ignore', 'ignore_ament_install']
[1.215s] Level 1:colcon.colcon_core.package_identification:_identify(champ) by extension 'ignore'
[1.215s] Level 1:colcon.colcon_core.package_identification:_identify(champ) by extension 'ignore_ament_install'
[1.215s] Level 1:colcon.colcon_core.package_identification:_identify(champ) by extensions ['colcon_pkg']
[1.216s] Level 1:colcon.colcon_core.package_identification:_identify(champ) by extension 'colcon_pkg'
[1.216s] Level 1:colcon.colcon_core.package_identification:_identify(champ) by extensions ['colcon_meta']
[1.216s] Level 1:colcon.colcon_core.package_identification:_identify(champ) by extension 'colcon_meta'
[1.216s] Level 1:colcon.colcon_core.package_identification:_identify(champ) by extensions ['ros']
[1.216s] Level 1:colcon.colcon_core.package_identification:_identify(champ) by extension 'ros'
[1.217s] Level 1:colcon.colcon_core.package_identification:_identify(champ) by extensions ['cmake', 'python']
[1.217s] Level 1:colcon.colcon_core.package_identification:_identify(champ) by extension 'cmake'
[1.217s] Level 1:colcon.colcon_core.package_identification:_identify(champ) by extension 'python'
[1.217s] Level 1:colcon.colcon_core.package_identification:_identify(champ) by extensions ['python_setup_py']
[1.217s] Level 1:colcon.colcon_core.package_identification:_identify(champ) by extension 'python_setup_py'
[1.218s] Level 1:colcon.colcon_core.package_identification:_identify(champ/champ) by extensions ['ignore', 'ignore_ament_install']
[1.218s] Level 1:colcon.colcon_core.package_identification:_identify(champ/champ) by extension 'ignore'
[1.219s] Level 1:colcon.colcon_core.package_identification:_identify(champ/champ) by extension 'ignore_ament_install'
[1.219s] Level 1:colcon.colcon_core.package_identification:_identify(champ/champ) by extensions ['colcon_pkg']
[1.219s] Level 1:colcon.colcon_core.package_identification:_identify(champ/champ) by extension 'colcon_pkg'
[1.219s] Level 1:colcon.colcon_core.package_identification:_identify(champ/champ) by extensions ['colcon_meta']
[1.219s] Level 1:colcon.colcon_core.package_identification:_identify(champ/champ) by extension 'colcon_meta'
[1.220s] Level 1:colcon.colcon_core.package_identification:_identify(champ/champ) by extensions ['ros']
[1.220s] Level 1:colcon.colcon_core.package_identification:_identify(champ/champ) by extension 'ros'
[1.220s] Level 1:colcon.colcon_core.package_identification:_identify(champ/champ) by extensions ['cmake', 'python']
[1.220s] Level 1:colcon.colcon_core.package_identification:_identify(champ/champ) by extension 'cmake'
[1.220s] Level 1:colcon.colcon_core.package_identification:_identify(champ/champ) by extension 'python'
[1.221s] Level 1:colcon.colcon_core.package_identification:_identify(champ/champ) by extensions ['python_setup_py']
[1.221s] Level 1:colcon.colcon_core.package_identification:_identify(champ/champ) by extension 'python_setup_py'
[1.221s] Level 1:colcon.colcon_core.package_identification:_identify(champ/champ/champ) by extensions ['ignore', 'ignore_ament_install']
[1.222s] Level 1:colcon.colcon_core.package_identification:_identify(champ/champ/champ) by extension 'ignore'
[1.222s] Level 1:colcon.colcon_core.package_identification:_identify(champ/champ/champ) by extension 'ignore_ament_install'
[1.222s] Level 1:colcon.colcon_core.package_identification:_identify(champ/champ/champ) by extensions ['colcon_pkg']
[1.222s] Level 1:colcon.colcon_core.package_identification:_identify(champ/champ/champ) by extension 'colcon_pkg'
[1.222s] Level 1:colcon.colcon_core.package_identification:_identify(champ/champ/champ) by extensions ['colcon_meta']
[1.223s] Level 1:colcon.colcon_core.package_identification:_identify(champ/champ/champ) by extension 'colcon_meta'
[1.223s] Level 1:colcon.colcon_core.package_identification:_identify(champ/champ/champ) by extensions ['ros']
[1.223s] Level 1:colcon.colcon_core.package_identification:_identify(champ/champ/champ) by extension 'ros'
[1.232s] DEBUG:colcon.colcon_core.package_identification:Package 'champ/champ/champ' with type 'ros.ament_cmake' and name 'champ'
[1.233s] Level 1:colcon.colcon_core.package_identification:_identify(champ/champ/champ_base) by extensions ['ignore', 'ignore_ament_install']
[1.233s] Level 1:colcon.colcon_core.package_identification:_identify(champ/champ/champ_base) by extension 'ignore'
[1.234s] Level 1:colcon.colcon_core.package_identification:_identify(champ/champ/champ_base) by extension 'ignore_ament_install'
[1.234s] Level 1:colcon.colcon_core.package_identification:_identify(champ/champ/champ_base) by extensions ['colcon_pkg']
[1.234s] Level 1:colcon.colcon_core.package_identification:_identify(champ/champ/champ_base) by extension 'colcon_pkg'
[1.234s] Level 1:colcon.colcon_core.package_identification:_identify(champ/champ/champ_base) by extensions ['colcon_meta']
[1.235s] Level 1:colcon.colcon_core.package_identification:_identify(champ/champ/champ_base) by extension 'colcon_meta'
[1.235s] Level 1:colcon.colcon_core.package_identification:_identify(champ/champ/champ_base) by extensions ['ros']
[1.235s] Level 1:colcon.colcon_core.package_identification:_identify(champ/champ/champ_base) by extension 'ros'
[1.242s] DEBUG:colcon.colcon_core.package_identification:Package 'champ/champ/champ_base' with type 'ros.ament_cmake' and name 'champ_base'
[1.242s] Level 1:colcon.colcon_core.package_identification:_identify(champ/champ/champ_bringup) by extensions ['ignore', 'ignore_ament_install']
[1.243s] Level 1:colcon.colcon_core.package_identification:_identify(champ/champ/champ_bringup) by extension 'ignore'
[1.243s] Level 1:colcon.colcon_core.package_identification:_identify(champ/champ/champ_bringup) by extension 'ignore_ament_install'
[1.243s] Level 1:colcon.colcon_core.package_identification:_identify(champ/champ/champ_bringup) by extensions ['colcon_pkg']
[1.244s] Level 1:colcon.colcon_core.package_identification:_identify(champ/champ/champ_bringup) by extension 'colcon_pkg'
[1.244s] Level 1:colcon.colcon_core.package_identification:_identify(champ/champ/champ_bringup) by extensions ['colcon_meta']
[1.244s] Level 1:colcon.colcon_core.package_identification:_identify(champ/champ/champ_bringup) by extension 'colcon_meta'
[1.244s] Level 1:colcon.colcon_core.package_identification:_identify(champ/champ/champ_bringup) by extensions ['ros']
[1.244s] Level 1:colcon.colcon_core.package_identification:_identify(champ/champ/champ_bringup) by extension 'ros'
[1.247s] DEBUG:colcon.colcon_core.package_identification:Package 'champ/champ/champ_bringup' with type 'ros.ament_cmake' and name 'champ_bringup'
[1.248s] Level 1:colcon.colcon_core.package_identification:_identify(champ/champ/champ_config) by extensions ['ignore', 'ignore_ament_install']
[1.248s] Level 1:colcon.colcon_core.package_identification:_identify(champ/champ/champ_config) by extension 'ignore'
[1.248s] Level 1:colcon.colcon_core.package_identification:_identify(champ/champ/champ_config) by extension 'ignore_ament_install'
[1.249s] Level 1:colcon.colcon_core.package_identification:_identify(champ/champ/champ_config) by extensions ['colcon_pkg']
[1.249s] Level 1:colcon.colcon_core.package_identification:_identify(champ/champ/champ_config) by extension 'colcon_pkg'
[1.249s] Level 1:colcon.colcon_core.package_identification:_identify(champ/champ/champ_config) by extensions ['colcon_meta']
[1.249s] Level 1:colcon.colcon_core.package_identification:_identify(champ/champ/champ_config) by extension 'colcon_meta'
[1.250s] Level 1:colcon.colcon_core.package_identification:_identify(champ/champ/champ_config) by extensions ['ros']
[1.250s] Level 1:colcon.colcon_core.package_identification:_identify(champ/champ/champ_config) by extension 'ros'
[1.253s] DEBUG:colcon.colcon_core.package_identification:Package 'champ/champ/champ_config' with type 'ros.ament_cmake' and name 'champ_config'
[1.254s] Level 1:colcon.colcon_core.package_identification:_identify(champ/champ/champ_description) by extensions ['ignore', 'ignore_ament_install']
[1.254s] Level 1:colcon.colcon_core.package_identification:_identify(champ/champ/champ_description) by extension 'ignore'
[1.255s] Level 1:colcon.colcon_core.package_identification:_identify(champ/champ/champ_description) by extension 'ignore_ament_install'
[1.255s] Level 1:colcon.colcon_core.package_identification:_identify(champ/champ/champ_description) by extensions ['colcon_pkg']
[1.255s] Level 1:colcon.colcon_core.package_identification:_identify(champ/champ/champ_description) by extension 'colcon_pkg'
[1.255s] Level 1:colcon.colcon_core.package_identification:_identify(champ/champ/champ_description) by extensions ['colcon_meta']
[1.256s] Level 1:colcon.colcon_core.package_identification:_identify(champ/champ/champ_description) by extension 'colcon_meta'
[1.256s] Level 1:colcon.colcon_core.package_identification:_identify(champ/champ/champ_description) by extensions ['ros']
[1.256s] Level 1:colcon.colcon_core.package_identification:_identify(champ/champ/champ_description) by extension 'ros'
[1.259s] DEBUG:colcon.colcon_core.package_identification:Package 'champ/champ/champ_description' with type 'ros.ament_cmake' and name 'champ_description'
[1.259s] Level 1:colcon.colcon_core.package_identification:_identify(champ/champ/champ_gazebo) by extensions ['ignore', 'ignore_ament_install']
[1.260s] Level 1:colcon.colcon_core.package_identification:_identify(champ/champ/champ_gazebo) by extension 'ignore'
[1.260s] Level 1:colcon.colcon_core.package_identification:_identify(champ/champ/champ_gazebo) by extension 'ignore_ament_install'
[1.260s] Level 1:colcon.colcon_core.package_identification:_identify(champ/champ/champ_gazebo) by extensions ['colcon_pkg']
[1.261s] Level 1:colcon.colcon_core.package_identification:_identify(champ/champ/champ_gazebo) by extension 'colcon_pkg'
[1.261s] Level 1:colcon.colcon_core.package_identification:_identify(champ/champ/champ_gazebo) by extensions ['colcon_meta']
[1.261s] Level 1:colcon.colcon_core.package_identification:_identify(champ/champ/champ_gazebo) by extension 'colcon_meta'
[1.261s] Level 1:colcon.colcon_core.package_identification:_identify(champ/champ/champ_gazebo) by extensions ['ros']
[1.261s] Level 1:colcon.colcon_core.package_identification:_identify(champ/champ/champ_gazebo) by extension 'ros'
[1.262s] Level 1:colcon.colcon_core.package_identification:_identify(champ/champ/champ_gazebo) ignored
[1.262s] Level 1:colcon.colcon_core.package_identification:_identify(champ/champ/champ_msgs) by extensions ['ignore', 'ignore_ament_install']
[1.263s] Level 1:colcon.colcon_core.package_identification:_identify(champ/champ/champ_msgs) by extension 'ignore'
[1.263s] Level 1:colcon.colcon_core.package_identification:_identify(champ/champ/champ_msgs) by extension 'ignore_ament_install'
[1.263s] Level 1:colcon.colcon_core.package_identification:_identify(champ/champ/champ_msgs) by extensions ['colcon_pkg']
[1.263s] Level 1:colcon.colcon_core.package_identification:_identify(champ/champ/champ_msgs) by extension 'colcon_pkg'
[1.263s] Level 1:colcon.colcon_core.package_identification:_identify(champ/champ/champ_msgs) by extensions ['colcon_meta']
[1.264s] Level 1:colcon.colcon_core.package_identification:_identify(champ/champ/champ_msgs) by extension 'colcon_meta'
[1.264s] Level 1:colcon.colcon_core.package_identification:_identify(champ/champ/champ_msgs) by extensions ['ros']
[1.264s] Level 1:colcon.colcon_core.package_identification:_identify(champ/champ/champ_msgs) by extension 'ros'
[1.267s] DEBUG:colcon.colcon_core.package_identification:Package 'champ/champ/champ_msgs' with type 'ros.ament_cmake' and name 'champ_msgs'
[1.268s] Level 1:colcon.colcon_core.package_identification:_identify(champ/champ/champ_navigation) by extensions ['ignore', 'ignore_ament_install']
[1.268s] Level 1:colcon.colcon_core.package_identification:_identify(champ/champ/champ_navigation) by extension 'ignore'
[1.268s] Level 1:colcon.colcon_core.package_identification:_identify(champ/champ/champ_navigation) by extension 'ignore_ament_install'
[1.269s] Level 1:colcon.colcon_core.package_identification:_identify(champ/champ/champ_navigation) by extensions ['colcon_pkg']
[1.269s] Level 1:colcon.colcon_core.package_identification:_identify(champ/champ/champ_navigation) by extension 'colcon_pkg'
[1.269s] Level 1:colcon.colcon_core.package_identification:_identify(champ/champ/champ_navigation) by extensions ['colcon_meta']
[1.269s] Level 1:colcon.colcon_core.package_identification:_identify(champ/champ/champ_navigation) by extension 'colcon_meta'
[1.270s] Level 1:colcon.colcon_core.package_identification:_identify(champ/champ/champ_navigation) by extensions ['ros']
[1.270s] Level 1:colcon.colcon_core.package_identification:_identify(champ/champ/champ_navigation) by extension 'ros'
[1.270s] Level 1:colcon.colcon_core.package_identification:_identify(champ/champ/champ_navigation) ignored
[1.270s] Level 1:colcon.colcon_core.package_identification:_identify(champ/champ/docs) by extensions ['ignore', 'ignore_ament_install']
[1.271s] Level 1:colcon.colcon_core.package_identification:_identify(champ/champ/docs) by extension 'ignore'
[1.271s] Level 1:colcon.colcon_core.package_identification:_identify(champ/champ/docs) by extension 'ignore_ament_install'
[1.271s] Level 1:colcon.colcon_core.package_identification:_identify(champ/champ/docs) by extensions ['colcon_pkg']
[1.272s] Level 1:colcon.colcon_core.package_identification:_identify(champ/champ/docs) by extension 'colcon_pkg'
[1.272s] Level 1:colcon.colcon_core.package_identification:_identify(champ/champ/docs) by extensions ['colcon_meta']
[1.272s] Level 1:colcon.colcon_core.package_identification:_identify(champ/champ/docs) by extension 'colcon_meta'
[1.272s] Level 1:colcon.colcon_core.package_identification:_identify(champ/champ/docs) by extensions ['ros']
[1.272s] Level 1:colcon.colcon_core.package_identification:_identify(champ/champ/docs) by extension 'ros'
[1.273s] Level 1:colcon.colcon_core.package_identification:_identify(champ/champ/docs) by extensions ['cmake', 'python']
[1.273s] Level 1:colcon.colcon_core.package_identification:_identify(champ/champ/docs) by extension 'cmake'
[1.273s] Level 1:colcon.colcon_core.package_identification:_identify(champ/champ/docs) by extension 'python'
[1.273s] Level 1:colcon.colcon_core.package_identification:_identify(champ/champ/docs) by extensions ['python_setup_py']
[1.273s] Level 1:colcon.colcon_core.package_identification:_identify(champ/champ/docs) by extension 'python_setup_py'
[1.274s] Level 1:colcon.colcon_core.package_identification:_identify(champ/champ/docs/images) by extensions ['ignore', 'ignore_ament_install']
[1.274s] Level 1:colcon.colcon_core.package_identification:_identify(champ/champ/docs/images) by extension 'ignore'
[1.275s] Level 1:colcon.colcon_core.package_identification:_identify(champ/champ/docs/images) by extension 'ignore_ament_install'
[1.275s] Level 1:colcon.colcon_core.package_identification:_identify(champ/champ/docs/images) by extensions ['colcon_pkg']
[1.275s] Level 1:colcon.colcon_core.package_identification:_identify(champ/champ/docs/images) by extension 'colcon_pkg'
[1.275s] Level 1:colcon.colcon_core.package_identification:_identify(champ/champ/docs/images) by extensions ['colcon_meta']
[1.275s] Level 1:colcon.colcon_core.package_identification:_identify(champ/champ/docs/images) by extension 'colcon_meta'
[1.276s] Level 1:colcon.colcon_core.package_identification:_identify(champ/champ/docs/images) by extensions ['ros']
[1.276s] Level 1:colcon.colcon_core.package_identification:_identify(champ/champ/docs/images) by extension 'ros'
[1.276s] Level 1:colcon.colcon_core.package_identification:_identify(champ/champ/docs/images) by extensions ['cmake', 'python']
[1.276s] Level 1:colcon.colcon_core.package_identification:_identify(champ/champ/docs/images) by extension 'cmake'
[1.277s] Level 1:colcon.colcon_core.package_identification:_identify(champ/champ/docs/images) by extension 'python'
[1.277s] Level 1:colcon.colcon_core.package_identification:_identify(champ/champ/docs/images) by extensions ['python_setup_py']
[1.277s] Level 1:colcon.colcon_core.package_identification:_identify(champ/champ/docs/images) by extension 'python_setup_py'
[1.277s] Level 1:colcon.colcon_core.package_identification:_identify(champ/champ_teleop) by extensions ['ignore', 'ignore_ament_install']
[1.278s] Level 1:colcon.colcon_core.package_identification:_identify(champ/champ_teleop) by extension 'ignore'
[1.278s] Level 1:colcon.colcon_core.package_identification:_identify(champ/champ_teleop) by extension 'ignore_ament_install'
[1.278s] Level 1:colcon.colcon_core.package_identification:_identify(champ/champ_teleop) by extensions ['colcon_pkg']
[1.279s] Level 1:colcon.colcon_core.package_identification:_identify(champ/champ_teleop) by extension 'colcon_pkg'
[1.279s] Level 1:colcon.colcon_core.package_identification:_identify(champ/champ_teleop) by extensions ['colcon_meta']
[1.279s] Level 1:colcon.colcon_core.package_identification:_identify(champ/champ_teleop) by extension 'colcon_meta'
[1.279s] Level 1:colcon.colcon_core.package_identification:_identify(champ/champ_teleop) by extensions ['ros']
[1.279s] Level 1:colcon.colcon_core.package_identification:_identify(champ/champ_teleop) by extension 'ros'
[1.282s] DEBUG:colcon.colcon_core.package_identification:Package 'champ/champ_teleop' with type 'ros.ament_cmake' and name 'champ_teleop'
[1.283s] Level 1:colcon.colcon_core.package_identification:_identify(go_pupper_srv) by extensions ['ignore', 'ignore_ament_install']
[1.283s] Level 1:colcon.colcon_core.package_identification:_identify(go_pupper_srv) by extension 'ignore'
[1.283s] Level 1:colcon.colcon_core.package_identification:_identify(go_pupper_srv) by extension 'ignore_ament_install'
[1.284s] Level 1:colcon.colcon_core.package_identification:_identify(go_pupper_srv) by extensions ['colcon_pkg']
[1.284s] Level 1:colcon.colcon_core.package_identification:_identify(go_pupper_srv) by extension 'colcon_pkg'
[1.284s] Level 1:colcon.colcon_core.package_identification:_identify(go_pupper_srv) by extensions ['colcon_meta']
[1.284s] Level 1:colcon.colcon_core.package_identification:_identify(go_pupper_srv) by extension 'colcon_meta'
[1.284s] Level 1:colcon.colcon_core.package_identification:_identify(go_pupper_srv) by extensions ['ros']
[1.285s] Level 1:colcon.colcon_core.package_identification:_identify(go_pupper_srv) by extension 'ros'
[1.287s] DEBUG:colcon.colcon_core.package_identification:Package 'go_pupper_srv' with type 'ros.ament_python' and name 'go_pupper_srv'
[1.288s] Level 1:colcon.colcon_core.package_identification:_identify(install) by extensions ['ignore', 'ignore_ament_install']
[1.289s] Level 1:colcon.colcon_core.package_identification:_identify(install) by extension 'ignore'
[1.289s] Level 1:colcon.colcon_core.package_identification:_identify(install) ignored
[1.290s] Level 1:colcon.colcon_core.package_identification:_identify(ldlidar_stl_ros) by extensions ['ignore', 'ignore_ament_install']
[1.290s] Level 1:colcon.colcon_core.package_identification:_identify(ldlidar_stl_ros) by extension 'ignore'
[1.290s] Level 1:colcon.colcon_core.package_identification:_identify(ldlidar_stl_ros) by extension 'ignore_ament_install'
[1.290s] Level 1:colcon.colcon_core.package_identification:_identify(ldlidar_stl_ros) by extensions ['colcon_pkg']
[1.291s] Level 1:colcon.colcon_core.package_identification:_identify(ldlidar_stl_ros) by extension 'colcon_pkg'
[1.291s] Level 1:colcon.colcon_core.package_identification:_identify(ldlidar_stl_ros) by extensions ['colcon_meta']
[1.291s] Level 1:colcon.colcon_core.package_identification:_identify(ldlidar_stl_ros) by extension 'colcon_meta'
[1.291s] Level 1:colcon.colcon_core.package_identification:_identify(ldlidar_stl_ros) by extensions ['ros']
[1.291s] Level 1:colcon.colcon_core.package_identification:_identify(ldlidar_stl_ros) by extension 'ros'
[1.294s] DEBUG:colcon.colcon_core.package_identification:Package 'ldlidar_stl_ros' with type 'ros.ament_cmake' and name 'ldlidar_stl_ros2'
[1.295s] Level 1:colcon.colcon_core.package_identification:_identify(log) by extensions ['ignore', 'ignore_ament_install']
[1.295s] Level 1:colcon.colcon_core.package_identification:_identify(log) by extension 'ignore'
[1.295s] Level 1:colcon.colcon_core.package_identification:_identify(log) ignored
[1.296s] Level 1:colcon.colcon_core.package_identification:_identify(mini_pupper_ros) by extensions ['ignore', 'ignore_ament_install']
[1.297s] Level 1:colcon.colcon_core.package_identification:_identify(mini_pupper_ros) by extension 'ignore'
[1.297s] Level 1:colcon.colcon_core.package_identification:_identify(mini_pupper_ros) by extension 'ignore_ament_install'
[1.297s] Level 1:colcon.colcon_core.package_identification:_identify(mini_pupper_ros) by extensions ['colcon_pkg']
[1.297s] Level 1:colcon.colcon_core.package_identification:_identify(mini_pupper_ros) by extension 'colcon_pkg'
[1.297s] Level 1:colcon.colcon_core.package_identification:_identify(mini_pupper_ros) by extensions ['colcon_meta']
[1.298s] Level 1:colcon.colcon_core.package_identification:_identify(mini_pupper_ros) by extension 'colcon_meta'
[1.298s] Level 1:colcon.colcon_core.package_identification:_identify(mini_pupper_ros) by extensions ['ros']
[1.298s] Level 1:colcon.colcon_core.package_identification:_identify(mini_pupper_ros) by extension 'ros'
[1.298s] Level 1:colcon.colcon_core.package_identification:_identify(mini_pupper_ros) by extensions ['cmake', 'python']
[1.299s] Level 1:colcon.colcon_core.package_identification:_identify(mini_pupper_ros) by extension 'cmake'
[1.299s] Level 1:colcon.colcon_core.package_identification:_identify(mini_pupper_ros) by extension 'python'
[1.299s] Level 1:colcon.colcon_core.package_identification:_identify(mini_pupper_ros) by extensions ['python_setup_py']
[1.299s] Level 1:colcon.colcon_core.package_identification:_identify(mini_pupper_ros) by extension 'python_setup_py'
[1.300s] Level 1:colcon.colcon_core.package_identification:_identify(mini_pupper_ros/mini_pupper_2_description) by extensions ['ignore', 'ignore_ament_install']
[1.300s] Level 1:colcon.colcon_core.package_identification:_identify(mini_pupper_ros/mini_pupper_2_description) by extension 'ignore'
[1.300s] Level 1:colcon.colcon_core.package_identification:_identify(mini_pupper_ros/mini_pupper_2_description) by extension 'ignore_ament_install'
[1.301s] Level 1:colcon.colcon_core.package_identification:_identify(mini_pupper_ros/mini_pupper_2_description) by extensions ['colcon_pkg']
[1.301s] Level 1:colcon.colcon_core.package_identification:_identify(mini_pupper_ros/mini_pupper_2_description) by extension 'colcon_pkg'
[1.301s] Level 1:colcon.colcon_core.package_identification:_identify(mini_pupper_ros/mini_pupper_2_description) by extensions ['colcon_meta']
[1.301s] Level 1:colcon.colcon_core.package_identification:_identify(mini_pupper_ros/mini_pupper_2_description) by extension 'colcon_meta'
[1.301s] Level 1:colcon.colcon_core.package_identification:_identify(mini_pupper_ros/mini_pupper_2_description) by extensions ['ros']
[1.301s] Level 1:colcon.colcon_core.package_identification:_identify(mini_pupper_ros/mini_pupper_2_description) by extension 'ros'
[1.304s] DEBUG:colcon.colcon_core.package_identification:Package 'mini_pupper_ros/mini_pupper_2_description' with type 'ros.ament_cmake' and name 'mini_pupper_2_description'
[1.305s] Level 1:colcon.colcon_core.package_identification:_identify(mini_pupper_ros/mini_pupper_bringup) by extensions ['ignore', 'ignore_ament_install']
[1.305s] Level 1:colcon.colcon_core.package_identification:_identify(mini_pupper_ros/mini_pupper_bringup) by extension 'ignore'
[1.305s] Level 1:colcon.colcon_core.package_identification:_identify(mini_pupper_ros/mini_pupper_bringup) by extension 'ignore_ament_install'
[1.306s] Level 1:colcon.colcon_core.package_identification:_identify(mini_pupper_ros/mini_pupper_bringup) by extensions ['colcon_pkg']
[1.306s] Level 1:colcon.colcon_core.package_identification:_identify(mini_pupper_ros/mini_pupper_bringup) by extension 'colcon_pkg'
[1.306s] Level 1:colcon.colcon_core.package_identification:_identify(mini_pupper_ros/mini_pupper_bringup) by extensions ['colcon_meta']
[1.306s] Level 1:colcon.colcon_core.package_identification:_identify(mini_pupper_ros/mini_pupper_bringup) by extension 'colcon_meta'
[1.306s] Level 1:colcon.colcon_core.package_identification:_identify(mini_pupper_ros/mini_pupper_bringup) by extensions ['ros']
[1.307s] Level 1:colcon.colcon_core.package_identification:_identify(mini_pupper_ros/mini_pupper_bringup) by extension 'ros'
[1.309s] DEBUG:colcon.colcon_core.package_identification:Package 'mini_pupper_ros/mini_pupper_bringup' with type 'ros.ament_cmake' and name 'mini_pupper_bringup'
[1.310s] Level 1:colcon.colcon_core.package_identification:_identify(mini_pupper_ros/mini_pupper_dance) by extensions ['ignore', 'ignore_ament_install']
[1.310s] Level 1:colcon.colcon_core.package_identification:_identify(mini_pupper_ros/mini_pupper_dance) by extension 'ignore'
[1.310s] Level 1:colcon.colcon_core.package_identification:_identify(mini_pupper_ros/mini_pupper_dance) by extension 'ignore_ament_install'
[1.311s] Level 1:colcon.colcon_core.package_identification:_identify(mini_pupper_ros/mini_pupper_dance) by extensions ['colcon_pkg']
[1.311s] Level 1:colcon.colcon_core.package_identification:_identify(mini_pupper_ros/mini_pupper_dance) by extension 'colcon_pkg'
[1.311s] Level 1:colcon.colcon_core.package_identification:_identify(mini_pupper_ros/mini_pupper_dance) by extensions ['colcon_meta']
[1.311s] Level 1:colcon.colcon_core.package_identification:_identify(mini_pupper_ros/mini_pupper_dance) by extension 'colcon_meta'
[1.311s] Level 1:colcon.colcon_core.package_identification:_identify(mini_pupper_ros/mini_pupper_dance) by extensions ['ros']
[1.312s] Level 1:colcon.colcon_core.package_identification:_identify(mini_pupper_ros/mini_pupper_dance) by extension 'ros'
[1.314s] DEBUG:colcon.colcon_core.package_identification:Package 'mini_pupper_ros/mini_pupper_dance' with type 'ros.ament_python' and name 'mini_pupper_dance'
[1.315s] Level 1:colcon.colcon_core.package_identification:_identify(mini_pupper_ros/mini_pupper_description) by extensions ['ignore', 'ignore_ament_install']
[1.315s] Level 1:colcon.colcon_core.package_identification:_identify(mini_pupper_ros/mini_pupper_description) by extension 'ignore'
[1.315s] Level 1:colcon.colcon_core.package_identification:_identify(mini_pupper_ros/mini_pupper_description) by extension 'ignore_ament_install'
[1.316s] Level 1:colcon.colcon_core.package_identification:_identify(mini_pupper_ros/mini_pupper_description) by extensions ['colcon_pkg']
[1.316s] Level 1:colcon.colcon_core.package_identification:_identify(mini_pupper_ros/mini_pupper_description) by extension 'colcon_pkg'
[1.316s] Level 1:colcon.colcon_core.package_identification:_identify(mini_pupper_ros/mini_pupper_description) by extensions ['colcon_meta']
[1.316s] Level 1:colcon.colcon_core.package_identification:_identify(mini_pupper_ros/mini_pupper_description) by extension 'colcon_meta'
[1.316s] Level 1:colcon.colcon_core.package_identification:_identify(mini_pupper_ros/mini_pupper_description) by extensions ['ros']
[1.316s] Level 1:colcon.colcon_core.package_identification:_identify(mini_pupper_ros/mini_pupper_description) by extension 'ros'
[1.319s] DEBUG:colcon.colcon_core.package_identification:Package 'mini_pupper_ros/mini_pupper_description' with type 'ros.ament_cmake' and name 'mini_pupper_description'
[1.320s] Level 1:colcon.colcon_core.package_identification:_identify(mini_pupper_ros/mini_pupper_driver) by extensions ['ignore', 'ignore_ament_install']
[1.320s] Level 1:colcon.colcon_core.package_identification:_identify(mini_pupper_ros/mini_pupper_driver) by extension 'ignore'
[1.320s] Level 1:colcon.colcon_core.package_identification:_identify(mini_pupper_ros/mini_pupper_driver) by extension 'ignore_ament_install'
[1.321s] Level 1:colcon.colcon_core.package_identification:_identify(mini_pupper_ros/mini_pupper_driver) by extensions ['colcon_pkg']
[1.321s] Level 1:colcon.colcon_core.package_identification:_identify(mini_pupper_ros/mini_pupper_driver) by extension 'colcon_pkg'
[1.321s] Level 1:colcon.colcon_core.package_identification:_identify(mini_pupper_ros/mini_pupper_driver) by extensions ['colcon_meta']
[1.321s] Level 1:colcon.colcon_core.package_identification:_identify(mini_pupper_ros/mini_pupper_driver) by extension 'colcon_meta'
[1.321s] Level 1:colcon.colcon_core.package_identification:_identify(mini_pupper_ros/mini_pupper_driver) by extensions ['ros']
[1.322s] Level 1:colcon.colcon_core.package_identification:_identify(mini_pupper_ros/mini_pupper_driver) by extension 'ros'
[1.325s] DEBUG:colcon.colcon_core.package_identification:Package 'mini_pupper_ros/mini_pupper_driver' with type 'ros.ament_python' and name 'mini_pupper_driver'
[1.326s] Level 1:colcon.colcon_core.package_identification:_identify(mini_pupper_ros/mini_pupper_gazebo) by extensions ['ignore', 'ignore_ament_install']
[1.326s] Level 1:colcon.colcon_core.package_identification:_identify(mini_pupper_ros/mini_pupper_gazebo) by extension 'ignore'
[1.327s] Level 1:colcon.colcon_core.package_identification:_identify(mini_pupper_ros/mini_pupper_gazebo) by extension 'ignore_ament_install'
[1.327s] Level 1:colcon.colcon_core.package_identification:_identify(mini_pupper_ros/mini_pupper_gazebo) by extensions ['colcon_pkg']
[1.327s] Level 1:colcon.colcon_core.package_identification:_identify(mini_pupper_ros/mini_pupper_gazebo) by extension 'colcon_pkg'
[1.327s] Level 1:colcon.colcon_core.package_identification:_identify(mini_pupper_ros/mini_pupper_gazebo) by extensions ['colcon_meta']
[1.327s] Level 1:colcon.colcon_core.package_identification:_identify(mini_pupper_ros/mini_pupper_gazebo) by extension 'colcon_meta'
[1.328s] Level 1:colcon.colcon_core.package_identification:_identify(mini_pupper_ros/mini_pupper_gazebo) by extensions ['ros']
[1.328s] Level 1:colcon.colcon_core.package_identification:_identify(mini_pupper_ros/mini_pupper_gazebo) by extension 'ros'
[1.328s] Level 1:colcon.colcon_core.package_identification:_identify(mini_pupper_ros/mini_pupper_gazebo) ignored
[1.329s] Level 1:colcon.colcon_core.package_identification:_identify(mini_pupper_ros/mini_pupper_interfaces) by extensions ['ignore', 'ignore_ament_install']
[1.329s] Level 1:colcon.colcon_core.package_identification:_identify(mini_pupper_ros/mini_pupper_interfaces) by extension 'ignore'
[1.329s] Level 1:colcon.colcon_core.package_identification:_identify(mini_pupper_ros/mini_pupper_interfaces) by extension 'ignore_ament_install'
[1.329s] Level 1:colcon.colcon_core.package_identification:_identify(mini_pupper_ros/mini_pupper_interfaces) by extensions ['colcon_pkg']
[1.330s] Level 1:colcon.colcon_core.package_identification:_identify(mini_pupper_ros/mini_pupper_interfaces) by extension 'colcon_pkg'
[1.330s] Level 1:colcon.colcon_core.package_identification:_identify(mini_pupper_ros/mini_pupper_interfaces) by extensions ['colcon_meta']
[1.330s] Level 1:colcon.colcon_core.package_identification:_identify(mini_pupper_ros/mini_pupper_interfaces) by extension 'colcon_meta'
[1.330s] Level 1:colcon.colcon_core.package_identification:_identify(mini_pupper_ros/mini_pupper_interfaces) by extensions ['ros']
[1.330s] Level 1:colcon.colcon_core.package_identification:_identify(mini_pupper_ros/mini_pupper_interfaces) by extension 'ros'
[1.333s] DEBUG:colcon.colcon_core.package_identification:Package 'mini_pupper_ros/mini_pupper_interfaces' with type 'ros.ament_cmake' and name 'mini_pupper_interfaces'
[1.334s] Level 1:colcon.colcon_core.package_identification:_identify(mini_pupper_ros/mini_pupper_music) by extensions ['ignore', 'ignore_ament_install']
[1.334s] Level 1:colcon.colcon_core.package_identification:_identify(mini_pupper_ros/mini_pupper_music) by extension 'ignore'
[1.334s] Level 1:colcon.colcon_core.package_identification:_identify(mini_pupper_ros/mini_pupper_music) by extension 'ignore_ament_install'
[1.335s] Level 1:colcon.colcon_core.package_identification:_identify(mini_pupper_ros/mini_pupper_music) by extensions ['colcon_pkg']
[1.335s] Level 1:colcon.colcon_core.package_identification:_identify(mini_pupper_ros/mini_pupper_music) by extension 'colcon_pkg'
[1.335s] Level 1:colcon.colcon_core.package_identification:_identify(mini_pupper_ros/mini_pupper_music) by extensions ['colcon_meta']
[1.335s] Level 1:colcon.colcon_core.package_identification:_identify(mini_pupper_ros/mini_pupper_music) by extension 'colcon_meta'
[1.335s] Level 1:colcon.colcon_core.package_identification:_identify(mini_pupper_ros/mini_pupper_music) by extensions ['ros']
[1.336s] Level 1:colcon.colcon_core.package_identification:_identify(mini_pupper_ros/mini_pupper_music) by extension 'ros'
[1.338s] DEBUG:colcon.colcon_core.package_identification:Package 'mini_pupper_ros/mini_pupper_music' with type 'ros.ament_python' and name 'mini_pupper_music'
[1.339s] Level 1:colcon.colcon_core.package_identification:_identify(mini_pupper_ros/mini_pupper_navigation) by extensions ['ignore', 'ignore_ament_install']
[1.339s] Level 1:colcon.colcon_core.package_identification:_identify(mini_pupper_ros/mini_pupper_navigation) by extension 'ignore'
[1.339s] Level 1:colcon.colcon_core.package_identification:_identify(mini_pupper_ros/mini_pupper_navigation) by extension 'ignore_ament_install'
[1.340s] Level 1:colcon.colcon_core.package_identification:_identify(mini_pupper_ros/mini_pupper_navigation) by extensions ['colcon_pkg']
[1.340s] Level 1:colcon.colcon_core.package_identification:_identify(mini_pupper_ros/mini_pupper_navigation) by extension 'colcon_pkg'
[1.340s] Level 1:colcon.colcon_core.package_identification:_identify(mini_pupper_ros/mini_pupper_navigation) by extensions ['colcon_meta']
[1.340s] Level 1:colcon.colcon_core.package_identification:_identify(mini_pupper_ros/mini_pupper_navigation) by extension 'colcon_meta'
[1.340s] Level 1:colcon.colcon_core.package_identification:_identify(mini_pupper_ros/mini_pupper_navigation) by extensions ['ros']
[1.341s] Level 1:colcon.colcon_core.package_identification:_identify(mini_pupper_ros/mini_pupper_navigation) by extension 'ros'
[1.341s] Level 1:colcon.colcon_core.package_identification:_identify(mini_pupper_ros/mini_pupper_navigation) ignored
[1.341s] Level 1:colcon.colcon_core.package_identification:_identify(pupper_interfaces) by extensions ['ignore', 'ignore_ament_install']
[1.342s] Level 1:colcon.colcon_core.package_identification:_identify(pupper_interfaces) by extension 'ignore'
[1.342s] Level 1:colcon.colcon_core.package_identification:_identify(pupper_interfaces) by extension 'ignore_ament_install'
[1.342s] Level 1:colcon.colcon_core.package_identification:_identify(pupper_interfaces) by extensions ['colcon_pkg']
[1.342s] Level 1:colcon.colcon_core.package_identification:_identify(pupper_interfaces) by extension 'colcon_pkg'
[1.342s] Level 1:colcon.colcon_core.package_identification:_identify(pupper_interfaces) by extensions ['colcon_meta']
[1.343s] Level 1:colcon.colcon_core.package_identification:_identify(pupper_interfaces) by extension 'colcon_meta'
[1.343s] Level 1:colcon.colcon_core.package_identification:_identify(pupper_interfaces) by extensions ['ros']
[1.343s] Level 1:colcon.colcon_core.package_identification:_identify(pupper_interfaces) by extension 'ros'
[1.346s] DEBUG:colcon.colcon_core.package_identification:Package 'pupper_interfaces' with type 'ros.ament_cmake' and name 'pupper_interfaces'
[1.346s] Level 1:colcon.colcon_core.package_discovery:discover_packages(recursive) using defaults
[1.346s] Level 1:colcon.colcon_core.package_discovery:discover_packages(ignore) discover
[1.346s] Level 1:colcon.colcon_core.package_discovery:discover_packages(ignore) using defaults
[1.346s] Level 1:colcon.colcon_core.package_discovery:discover_packages(path) discover
[1.347s] Level 1:colcon.colcon_core.package_discovery:discover_packages(path) using defaults
[1.475s] INFO:colcon.colcon_core.package_selection:Skipping not selected package 'champ' in 'champ/champ/champ'
[1.476s] INFO:colcon.colcon_core.package_selection:Skipping not selected package 'champ_config' in 'champ/champ/champ_config'
[1.476s] INFO:colcon.colcon_core.package_selection:Skipping not selected package 'champ_description' in 'champ/champ/champ_description'
[1.476s] INFO:colcon.colcon_core.package_selection:Skipping not selected package 'champ_msgs' in 'champ/champ/champ_msgs'
[1.476s] INFO:colcon.colcon_core.package_selection:Skipping not selected package 'champ_teleop' in 'champ/champ_teleop'
[1.476s] INFO:colcon.colcon_core.package_selection:Skipping not selected package 'ldlidar_stl_ros2' in 'ldlidar_stl_ros'
[1.476s] INFO:colcon.colcon_core.package_selection:Skipping not selected package 'mini_pupper_2_description' in 'mini_pupper_ros/mini_pupper_2_description'
[1.477s] INFO:colcon.colcon_core.package_selection:Skipping not selected package 'mini_pupper_description' in 'mini_pupper_ros/mini_pupper_description'
[1.477s] INFO:colcon.colcon_core.package_selection:Skipping not selected package 'mini_pupper_driver' in 'mini_pupper_ros/mini_pupper_driver'
[1.477s] INFO:colcon.colcon_core.package_selection:Skipping not selected package 'mini_pupper_interfaces' in 'mini_pupper_ros/mini_pupper_interfaces'
[1.477s] INFO:colcon.colcon_core.package_selection:Skipping not selected package 'mini_pupper_music' in 'mini_pupper_ros/mini_pupper_music'
[1.477s] INFO:colcon.colcon_core.package_selection:Skipping not selected package 'pupper_interfaces' in 'pupper_interfaces'
[1.477s] INFO:colcon.colcon_core.package_selection:Skipping not selected package 'champ_base' in 'champ/champ/champ_base'
[1.477s] INFO:colcon.colcon_core.package_selection:Skipping not selected package 'mini_pupper_dance' in 'mini_pupper_ros/mini_pupper_dance'
[1.477s] INFO:colcon.colcon_core.package_selection:Skipping not selected package 'champ_bringup' in 'champ/champ/champ_bringup'
[1.478s] INFO:colcon.colcon_core.package_selection:Skipping not selected package 'mini_pupper_bringup' in 'mini_pupper_ros/mini_pupper_bringup'
[1.480s] Level 1:colcon.colcon_core.package_discovery:discover_packages(prefix_path) check parameters
[1.480s] Level 1:colcon.colcon_core.package_discovery:discover_packages(prefix_path) discover
[1.497s] DEBUG:colcon.colcon_installed_package_information.package_discovery:Found 17 installed packages in /home/ubuntu/ros2_ws/install
[1.508s] DEBUG:colcon.colcon_installed_package_information.package_discovery:Found 275 installed packages in /opt/ros/humble
[1.516s] Level 1:colcon.colcon_core.package_discovery:discover_packages(prefix_path) using defaults
[1.712s] Level 5:colcon.colcon_core.verb:set package 'go_pupper_srv' build argument 'cmake_args' from command line to 'None'
[1.712s] Level 5:colcon.colcon_core.verb:set package 'go_pupper_srv' build argument 'cmake_target' from command line to 'None'
[1.712s] Level 5:colcon.colcon_core.verb:set package 'go_pupper_srv' build argument 'cmake_target_skip_unavailable' from command line to 'False'
[1.712s] Level 5:colcon.colcon_core.verb:set package 'go_pupper_srv' build argument 'cmake_clean_cache' from command line to 'False'
[1.712s] Level 5:colcon.colcon_core.verb:set package 'go_pupper_srv' build argument 'cmake_clean_first' from command line to 'False'
[1.713s] Level 5:colcon.colcon_core.verb:set package 'go_pupper_srv' build argument 'cmake_force_configure' from command line to 'False'
[1.713s] Level 5:colcon.colcon_core.verb:set package 'go_pupper_srv' build argument 'ament_cmake_args' from command line to 'None'
[1.713s] Level 5:colcon.colcon_core.verb:set package 'go_pupper_srv' build argument 'catkin_cmake_args' from command line to 'None'
[1.713s] Level 5:colcon.colcon_core.verb:set package 'go_pupper_srv' build argument 'catkin_skip_building_tests' from command line to 'False'
[1.713s] DEBUG:colcon.colcon_core.verb:Building package 'go_pupper_srv' with the following arguments: {'ament_cmake_args': None, 'build_base': '/home/ubuntu/ros2_ws/src/build/go_pupper_srv', 'catkin_cmake_args': None, 'catkin_skip_building_tests': False, 'cmake_args': None, 'cmake_clean_cache': False, 'cmake_clean_first': False, 'cmake_force_configure': False, 'cmake_target': None, 'cmake_target_skip_unavailable': False, 'install_base': '/home/ubuntu/ros2_ws/src/install/go_pupper_srv', 'merge_install': False, 'path': '/home/ubuntu/ros2_ws/src/go_pupper_srv', 'symlink_install': False, 'test_result_base': None}
[1.714s] INFO:colcon.colcon_core.executor:Executing jobs using 'parallel' executor
[1.718s] DEBUG:colcon.colcon_parallel_executor.executor.parallel:run_until_complete
[1.719s] INFO:colcon.colcon_ros.task.ament_python.build:Building ROS package in '/home/ubuntu/ros2_ws/src/go_pupper_srv' with build type 'ament_python'
[1.720s] Level 1:colcon.colcon_core.shell:create_environment_hook('go_pupper_srv', 'ament_prefix_path')
[1.735s] INFO:colcon.colcon_core.plugin_system:Skipping extension 'colcon_core.shell.bat': Not used on non-Windows systems
[1.736s] INFO:colcon.colcon_core.shell:Creating environment hook '/home/ubuntu/ros2_ws/src/install/go_pupper_srv/share/go_pupper_srv/hook/ament_prefix_path.ps1'
[1.739s] INFO:colcon.colcon_core.shell:Creating environment descriptor '/home/ubuntu/ros2_ws/src/install/go_pupper_srv/share/go_pupper_srv/hook/ament_prefix_path.dsv'
[1.742s] INFO:colcon.colcon_core.shell:Creating environment hook '/home/ubuntu/ros2_ws/src/install/go_pupper_srv/share/go_pupper_srv/hook/ament_prefix_path.sh'
[1.745s] INFO:colcon.colcon_core.shell:Skip shell extension 'powershell' for command environment: Not usable outside of PowerShell
[1.746s] DEBUG:colcon.colcon_core.shell:Skip shell extension 'dsv' for command environment
[3.776s] INFO:colcon.colcon_core.task.python.build:Building Python package in '/home/ubuntu/ros2_ws/src/go_pupper_srv'
[3.778s] INFO:colcon.colcon_core.shell:Skip shell extension 'powershell' for command environment: Not usable outside of PowerShell
[3.778s] DEBUG:colcon.colcon_core.shell:Skip shell extension 'dsv' for command environment
[9.082s] DEBUG:colcon.colcon_core.event_handler.log_command:Invoking command in '/home/ubuntu/ros2_ws/src/go_pupper_srv': AMENT_PREFIX_PATH=/home/ubuntu/ros2_ws/src/install/pupper_interfaces:${AMENT_PREFIX_PATH} CMAKE_PREFIX_PATH=/home/ubuntu/ros2_ws/src/install/pupper_interfaces:${CMAKE_PREFIX_PATH} LD_LIBRARY_PATH=/home/ubuntu/ros2_ws/src/install/pupper_interfaces/lib:${LD_LIBRARY_PATH} PYTHONPATH=/home/ubuntu/ros2_ws/src/build/go_pupper_srv/prefix_override:/home/ubuntu/ros2_ws/src/install/go_pupper_srv/lib/python3.10/site-packages:/home/ubuntu/ros2_ws/src/install/pupper_interfaces/local/lib/python3.10/dist-packages:${PYTHONPATH} /usr/bin/python3 -W ignore:setup.py install is deprecated setup.py egg_info --egg-base ../build/go_pupper_srv build --build-base /home/ubuntu/ros2_ws/src/build/go_pupper_srv/build install --record /home/ubuntu/ros2_ws/src/build/go_pupper_srv/install.log --single-version-externally-managed install_data
[13.624s] DEBUG:colcon.colcon_core.event_handler.log_command:Invoked command in '/home/ubuntu/ros2_ws/src/go_pupper_srv' returned '0': AMENT_PREFIX_PATH=/home/ubuntu/ros2_ws/src/install/pupper_interfaces:${AMENT_PREFIX_PATH} CMAKE_PREFIX_PATH=/home/ubuntu/ros2_ws/src/install/pupper_interfaces:${CMAKE_PREFIX_PATH} LD_LIBRARY_PATH=/home/ubuntu/ros2_ws/src/install/pupper_interfaces/lib:${LD_LIBRARY_PATH} PYTHONPATH=/home/ubuntu/ros2_ws/src/build/go_pupper_srv/prefix_override:/home/ubuntu/ros2_ws/src/install/go_pupper_srv/lib/python3.10/site-packages:/home/ubuntu/ros2_ws/src/install/pupper_interfaces/local/lib/python3.10/dist-packages:${PYTHONPATH} /usr/bin/python3 -W ignore:setup.py install is deprecated setup.py egg_info --egg-base ../build/go_pupper_srv build --build-base /home/ubuntu/ros2_ws/src/build/go_pupper_srv/build install --record /home/ubuntu/ros2_ws/src/build/go_pupper_srv/install.log --single-version-externally-managed install_data
[13.637s] Level 1:colcon.colcon_core.environment:checking '/home/ubuntu/ros2_ws/src/install/go_pupper_srv' for CMake module files
[13.640s] Level 1:colcon.colcon_core.environment:checking '/home/ubuntu/ros2_ws/src/install/go_pupper_srv' for CMake config files
[13.644s] Level 1:colcon.colcon_core.environment:checking '/home/ubuntu/ros2_ws/src/install/go_pupper_srv/lib'
[13.645s] Level 1:colcon.colcon_core.environment:checking '/home/ubuntu/ros2_ws/src/install/go_pupper_srv/bin'
[13.646s] Level 1:colcon.colcon_core.environment:checking '/home/ubuntu/ros2_ws/src/install/go_pupper_srv/lib/pkgconfig/go_pupper_srv.pc'
[13.647s] Level 1:colcon.colcon_core.environment:checking '/home/ubuntu/ros2_ws/src/install/go_pupper_srv/lib/python3.10/site-packages'
[13.647s] Level 1:colcon.colcon_core.shell:create_environment_hook('go_pupper_srv', 'pythonpath')
[13.648s] INFO:colcon.colcon_core.shell:Creating environment hook '/home/ubuntu/ros2_ws/src/install/go_pupper_srv/share/go_pupper_srv/hook/pythonpath.ps1'
[13.651s] INFO:colcon.colcon_core.shell:Creating environment descriptor '/home/ubuntu/ros2_ws/src/install/go_pupper_srv/share/go_pupper_srv/hook/pythonpath.dsv'
[13.652s] INFO:colcon.colcon_core.shell:Creating environment hook '/home/ubuntu/ros2_ws/src/install/go_pupper_srv/share/go_pupper_srv/hook/pythonpath.sh'
[13.655s] Level 1:colcon.colcon_core.environment:checking '/home/ubuntu/ros2_ws/src/install/go_pupper_srv/bin'
[13.656s] Level 1:colcon.colcon_core.environment:create_environment_scripts_only(go_pupper_srv)
[13.657s] INFO:colcon.colcon_core.shell:Creating package script '/home/ubuntu/ros2_ws/src/install/go_pupper_srv/share/go_pupper_srv/package.ps1'
[13.661s] INFO:colcon.colcon_core.shell:Creating package descriptor '/home/ubuntu/ros2_ws/src/install/go_pupper_srv/share/go_pupper_srv/package.dsv'
[13.665s] INFO:colcon.colcon_core.shell:Creating package script '/home/ubuntu/ros2_ws/src/install/go_pupper_srv/share/go_pupper_srv/package.sh'
[13.669s] INFO:colcon.colcon_core.shell:Creating package script '/home/ubuntu/ros2_ws/src/install/go_pupper_srv/share/go_pupper_srv/package.bash'
[13.675s] INFO:colcon.colcon_core.shell:Creating package script '/home/ubuntu/ros2_ws/src/install/go_pupper_srv/share/go_pupper_srv/package.zsh'
[13.684s] Level 1:colcon.colcon_core.environment:create_file_with_runtime_dependencies(/home/ubuntu/ros2_ws/src/install/go_pupper_srv/share/colcon-core/packages/go_pupper_srv)
[13.687s] DEBUG:colcon.colcon_parallel_executor.executor.parallel:closing loop
[13.688s] DEBUG:colcon.colcon_parallel_executor.executor.parallel:loop closed
[13.688s] DEBUG:colcon.colcon_parallel_executor.executor.parallel:run_until_complete finished with '0'
[13.689s] DEBUG:colcon.colcon_core.event_reactor:joining thread
[13.745s] INFO:colcon.colcon_core.plugin_system:Skipping extension 'colcon_notification.desktop_notification.terminal_notifier': Not used on non-Darwin systems
[13.745s] INFO:colcon.colcon_core.plugin_system:Skipping extension 'colcon_notification.desktop_notification.win32': Not used on non-Windows systems
[13.745s] INFO:colcon.colcon_notification.desktop_notification:Sending desktop notification using 'notify2'
[13.849s] DEBUG:colcon.colcon_core.event_reactor:joined thread
[13.850s] INFO:colcon.colcon_core.shell:Creating prefix script '/home/ubuntu/ros2_ws/src/install/local_setup.ps1'
[13.856s] INFO:colcon.colcon_core.shell:Creating prefix util module '/home/ubuntu/ros2_ws/src/install/_local_setup_util_ps1.py'
[13.868s] INFO:colcon.colcon_core.shell:Creating prefix chain script '/home/ubuntu/ros2_ws/src/install/setup.ps1'
[13.881s] INFO:colcon.colcon_core.shell:Creating prefix script '/home/ubuntu/ros2_ws/src/install/local_setup.sh'
[13.885s] INFO:colcon.colcon_core.shell:Creating prefix util module '/home/ubuntu/ros2_ws/src/install/_local_setup_util_sh.py'
[13.888s] INFO:colcon.colcon_core.shell:Creating prefix chain script '/home/ubuntu/ros2_ws/src/install/setup.sh'
[13.900s] INFO:colcon.colcon_core.shell:Creating prefix script '/home/ubuntu/ros2_ws/src/install/local_setup.bash'
[13.903s] INFO:colcon.colcon_core.shell:Creating prefix chain script '/home/ubuntu/ros2_ws/src/install/setup.bash'
[13.915s] INFO:colcon.colcon_core.shell:Creating prefix script '/home/ubuntu/ros2_ws/src/install/local_setup.zsh'
[13.919s] INFO:colcon.colcon_core.shell:Creating prefix chain script '/home/ubuntu/ros2_ws/src/install/setup.zsh'
