[2.922s] DEBUG:colcon:Command line arguments: ['/usr/bin/colcon', 'build', '--packages-select', 'go_pupper_srv']
[2.922s] DEBUG:colcon:Parsed command line arguments: Namespace(log_base=None, log_level=None, verb_name='build', build_base='build', install_base='install', merge_install=False, symlink_install=False, test_result_base=None, continue_on_error=False, executor='parallel', parallel_workers=4, event_handlers=None, ignore_user_meta=False, metas=['./colcon.meta'], base_paths=['.'], packages_ignore=None, packages_ignore_regex=None, paths=None, packages_up_to=None, packages_up_to_regex=None, packages_above=None, packages_above_and_dependencies=None, packages_above_depth=None, packages_select_by_dep=None, packages_skip_by_dep=None, packages_skip_up_to=None, packages_select_build_failed=False, packages_skip_build_finished=False, packages_select_test_failures=False, packages_skip_test_passed=False, packages_select=['go_pupper_srv'], packages_skip=None, packages_select_regex=None, packages_skip_regex=None, packages_start=None, packages_end=None, allow_overriding=[], cmake_args=None, cmake_target=None, cmake_target_skip_unavailable=False, cmake_clean_cache=False, cmake_clean_first=False, cmake_force_configure=False, ament_cmake_args=None, catkin_cmake_args=None, catkin_skip_building_tests=False, verb_parser=<colcon_defaults.argument_parser.defaults.DefaultArgumentsDecorator object at 0xffffb652d6f0>, verb_extension=<colcon_core.verb.build.BuildVerb object at 0xffffb66cbee0>, main=<bound method BuildVerb.main of <colcon_core.verb.build.BuildVerb object at 0xffffb66cbee0>>)
[7.114s] Level 1:colcon.colcon_core.package_discovery:discover_packages(colcon_meta) check parameters
[7.116s] Level 1:colcon.colcon_core.package_discovery:discover_packages(recursive) check parameters
[7.117s] Level 1:colcon.colcon_core.package_discovery:discover_packages(ignore) check parameters
[7.117s] Level 1:colcon.colcon_core.package_discovery:discover_packages(path) check parameters
[7.118s] Level 1:colcon.colcon_core.package_discovery:discover_packages(colcon_meta) discover
[7.119s] Level 1:colcon.colcon_core.package_discovery:discover_packages(recursive) discover
[7.121s] INFO:colcon.colcon_core.package_discovery:Crawling recursively for packages in '/home/ubuntu/ros2_ws'
[7.122s] Level 1:colcon.colcon_core.package_identification:_identify(.) by extensions ['ignore', 'ignore_ament_install']
[7.124s] Level 1:colcon.colcon_core.package_identification:_identify(.) by extension 'ignore'
[7.126s] Level 1:colcon.colcon_core.package_identification:_identify(.) by extension 'ignore_ament_install'
[7.127s] Level 1:colcon.colcon_core.package_identification:_identify(.) by extensions ['colcon_pkg']
[7.128s] Level 1:colcon.colcon_core.package_identification:_identify(.) by extension 'colcon_pkg'
[7.129s] Level 1:colcon.colcon_core.package_identification:_identify(.) by extensions ['colcon_meta']
[7.130s] Level 1:colcon.colcon_core.package_identification:_identify(.) by extension 'colcon_meta'
[7.132s] Level 1:colcon.colcon_core.package_identification:_identify(.) by extensions ['ros']
[7.132s] Level 1:colcon.colcon_core.package_identification:_identify(.) by extension 'ros'
[7.332s] Level 1:colcon.colcon_core.package_identification:_identify(.) by extensions ['cmake', 'python']
[7.332s] Level 1:colcon.colcon_core.package_identification:_identify(.) by extension 'cmake'
[7.333s] Level 1:colcon.colcon_core.package_identification:_identify(.) by extension 'python'
[7.334s] Level 1:colcon.colcon_core.package_identification:_identify(.) by extensions ['python_setup_py']
[7.334s] Level 1:colcon.colcon_core.package_identification:_identify(.) by extension 'python_setup_py'
[7.336s] Level 1:colcon.colcon_core.package_identification:_identify(build) by extensions ['ignore', 'ignore_ament_install']
[7.337s] Level 1:colcon.colcon_core.package_identification:_identify(build) by extension 'ignore'
[7.338s] Level 1:colcon.colcon_core.package_identification:_identify(build) ignored
[7.339s] Level 1:colcon.colcon_core.package_identification:_identify(img) by extensions ['ignore', 'ignore_ament_install']
[7.340s] Level 1:colcon.colcon_core.package_identification:_identify(img) by extension 'ignore'
[7.341s] Level 1:colcon.colcon_core.package_identification:_identify(img) by extension 'ignore_ament_install'
[7.342s] Level 1:colcon.colcon_core.package_identification:_identify(img) by extensions ['colcon_pkg']
[7.342s] Level 1:colcon.colcon_core.package_identification:_identify(img) by extension 'colcon_pkg'
[7.343s] Level 1:colcon.colcon_core.package_identification:_identify(img) by extensions ['colcon_meta']
[7.344s] Level 1:colcon.colcon_core.package_identification:_identify(img) by extension 'colcon_meta'
[7.344s] Level 1:colcon.colcon_core.package_identification:_identify(img) by extensions ['ros']
[7.345s] Level 1:colcon.colcon_core.package_identification:_identify(img) by extension 'ros'
[7.346s] Level 1:colcon.colcon_core.package_identification:_identify(img) by extensions ['cmake', 'python']
[7.347s] Level 1:colcon.colcon_core.package_identification:_identify(img) by extension 'cmake'
[7.347s] Level 1:colcon.colcon_core.package_identification:_identify(img) by extension 'python'
[7.348s] Level 1:colcon.colcon_core.package_identification:_identify(img) by extensions ['python_setup_py']
[7.348s] Level 1:colcon.colcon_core.package_identification:_identify(img) by extension 'python_setup_py'
[7.350s] Level 1:colcon.colcon_core.package_identification:_identify(install) by extensions ['ignore', 'ignore_ament_install']
[7.351s] Level 1:colcon.colcon_core.package_identification:_identify(install) by extension 'ignore'
[7.352s] Level 1:colcon.colcon_core.package_identification:_identify(install) ignored
[7.354s] Level 1:colcon.colcon_core.package_identification:_identify(log) by extensions ['ignore', 'ignore_ament_install']
[7.354s] Level 1:colcon.colcon_core.package_identification:_identify(log) by extension 'ignore'
[7.355s] Level 1:colcon.colcon_core.package_identification:_identify(log) ignored
[7.356s] Level 1:colcon.colcon_core.package_identification:_identify(src) by extensions ['ignore', 'ignore_ament_install']
[7.357s] Level 1:colcon.colcon_core.package_identification:_identify(src) by extension 'ignore'
[7.358s] Level 1:colcon.colcon_core.package_identification:_identify(src) by extension 'ignore_ament_install'
[7.359s] Level 1:colcon.colcon_core.package_identification:_identify(src) by extensions ['colcon_pkg']
[7.359s] Level 1:colcon.colcon_core.package_identification:_identify(src) by extension 'colcon_pkg'
[7.360s] Level 1:colcon.colcon_core.package_identification:_identify(src) by extensions ['colcon_meta']
[7.360s] Level 1:colcon.colcon_core.package_identification:_identify(src) by extension 'colcon_meta'
[7.361s] Level 1:colcon.colcon_core.package_identification:_identify(src) by extensions ['ros']
[7.362s] Level 1:colcon.colcon_core.package_identification:_identify(src) by extension 'ros'
[7.364s] Level 1:colcon.colcon_core.package_identification:_identify(src) by extensions ['cmake', 'python']
[7.365s] Level 1:colcon.colcon_core.package_identification:_identify(src) by extension 'cmake'
[7.366s] Level 1:colcon.colcon_core.package_identification:_identify(src) by extension 'python'
[7.368s] Level 1:colcon.colcon_core.package_identification:_identify(src) by extensions ['python_setup_py']
[7.369s] Level 1:colcon.colcon_core.package_identification:_identify(src) by extension 'python_setup_py'
[7.372s] Level 1:colcon.colcon_core.package_identification:_identify(src/build) by extensions ['ignore', 'ignore_ament_install']
[7.374s] Level 1:colcon.colcon_core.package_identification:_identify(src/build) by extension 'ignore'
[7.375s] Level 1:colcon.colcon_core.package_identification:_identify(src/build) ignored
[7.377s] Level 1:colcon.colcon_core.package_identification:_identify(src/champ) by extensions ['ignore', 'ignore_ament_install']
[7.378s] Level 1:colcon.colcon_core.package_identification:_identify(src/champ) by extension 'ignore'
[7.380s] Level 1:colcon.colcon_core.package_identification:_identify(src/champ) by extension 'ignore_ament_install'
[7.382s] Level 1:colcon.colcon_core.package_identification:_identify(src/champ) by extensions ['colcon_pkg']
[7.383s] Level 1:colcon.colcon_core.package_identification:_identify(src/champ) by extension 'colcon_pkg'
[7.384s] Level 1:colcon.colcon_core.package_identification:_identify(src/champ) by extensions ['colcon_meta']
[7.385s] Level 1:colcon.colcon_core.package_identification:_identify(src/champ) by extension 'colcon_meta'
[7.387s] Level 1:colcon.colcon_core.package_identification:_identify(src/champ) by extensions ['ros']
[7.388s] Level 1:colcon.colcon_core.package_identification:_identify(src/champ) by extension 'ros'
[7.390s] Level 1:colcon.colcon_core.package_identification:_identify(src/champ) by extensions ['cmake', 'python']
[7.391s] Level 1:colcon.colcon_core.package_identification:_identify(src/champ) by extension 'cmake'
[7.392s] Level 1:colcon.colcon_core.package_identification:_identify(src/champ) by extension 'python'
[7.394s] Level 1:colcon.colcon_core.package_identification:_identify(src/champ) by extensions ['python_setup_py']
[7.394s] Level 1:colcon.colcon_core.package_identification:_identify(src/champ) by extension 'python_setup_py'
[7.397s] Level 1:colcon.colcon_core.package_identification:_identify(src/champ/champ) by extensions ['ignore', 'ignore_ament_install']
[7.399s] Level 1:colcon.colcon_core.package_identification:_identify(src/champ/champ) by extension 'ignore'
[7.400s] Level 1:colcon.colcon_core.package_identification:_identify(src/champ/champ) by extension 'ignore_ament_install'
[7.402s] Level 1:colcon.colcon_core.package_identification:_identify(src/champ/champ) by extensions ['colcon_pkg']
[7.403s] Level 1:colcon.colcon_core.package_identification:_identify(src/champ/champ) by extension 'colcon_pkg'
[7.404s] Level 1:colcon.colcon_core.package_identification:_identify(src/champ/champ) by extensions ['colcon_meta']
[7.405s] Level 1:colcon.colcon_core.package_identification:_identify(src/champ/champ) by extension 'colcon_meta'
[7.407s] Level 1:colcon.colcon_core.package_identification:_identify(src/champ/champ) by extensions ['ros']
[7.407s] Level 1:colcon.colcon_core.package_identification:_identify(src/champ/champ) by extension 'ros'
[7.410s] Level 1:colcon.colcon_core.package_identification:_identify(src/champ/champ) by extensions ['cmake', 'python']
[7.411s] Level 1:colcon.colcon_core.package_identification:_identify(src/champ/champ) by extension 'cmake'
[7.412s] Level 1:colcon.colcon_core.package_identification:_identify(src/champ/champ) by extension 'python'
[7.413s] Level 1:colcon.colcon_core.package_identification:_identify(src/champ/champ) by extensions ['python_setup_py']
[7.414s] Level 1:colcon.colcon_core.package_identification:_identify(src/champ/champ) by extension 'python_setup_py'
[7.417s] Level 1:colcon.colcon_core.package_identification:_identify(src/champ/champ/champ) by extensions ['ignore', 'ignore_ament_install']
[7.419s] Level 1:colcon.colcon_core.package_identification:_identify(src/champ/champ/champ) by extension 'ignore'
[7.420s] Level 1:colcon.colcon_core.package_identification:_identify(src/champ/champ/champ) by extension 'ignore_ament_install'
[7.422s] Level 1:colcon.colcon_core.package_identification:_identify(src/champ/champ/champ) by extensions ['colcon_pkg']
[7.423s] Level 1:colcon.colcon_core.package_identification:_identify(src/champ/champ/champ) by extension 'colcon_pkg'
[7.424s] Level 1:colcon.colcon_core.package_identification:_identify(src/champ/champ/champ) by extensions ['colcon_meta']
[7.425s] Level 1:colcon.colcon_core.package_identification:_identify(src/champ/champ/champ) by extension 'colcon_meta'
[7.427s] Level 1:colcon.colcon_core.package_identification:_identify(src/champ/champ/champ) by extensions ['ros']
[7.427s] Level 1:colcon.colcon_core.package_identification:_identify(src/champ/champ/champ) by extension 'ros'
[7.462s] DEBUG:colcon.colcon_core.package_identification:Package 'src/champ/champ/champ' with type 'ros.ament_cmake' and name 'champ'
[7.465s] Level 1:colcon.colcon_core.package_identification:_identify(src/champ/champ/champ_base) by extensions ['ignore', 'ignore_ament_install']
[7.467s] Level 1:colcon.colcon_core.package_identification:_identify(src/champ/champ/champ_base) by extension 'ignore'
[7.468s] Level 1:colcon.colcon_core.package_identification:_identify(src/champ/champ/champ_base) by extension 'ignore_ament_install'
[7.470s] Level 1:colcon.colcon_core.package_identification:_identify(src/champ/champ/champ_base) by extensions ['colcon_pkg']
[7.471s] Level 1:colcon.colcon_core.package_identification:_identify(src/champ/champ/champ_base) by extension 'colcon_pkg'
[7.472s] Level 1:colcon.colcon_core.package_identification:_identify(src/champ/champ/champ_base) by extensions ['colcon_meta']
[7.473s] Level 1:colcon.colcon_core.package_identification:_identify(src/champ/champ/champ_base) by extension 'colcon_meta'
[7.475s] Level 1:colcon.colcon_core.package_identification:_identify(src/champ/champ/champ_base) by extensions ['ros']
[7.476s] Level 1:colcon.colcon_core.package_identification:_identify(src/champ/champ/champ_base) by extension 'ros'
[7.495s] DEBUG:colcon.colcon_core.package_identification:Package 'src/champ/champ/champ_base' with type 'ros.ament_cmake' and name 'champ_base'
[7.497s] Level 1:colcon.colcon_core.package_identification:_identify(src/champ/champ/champ_bringup) by extensions ['ignore', 'ignore_ament_install']
[7.499s] Level 1:colcon.colcon_core.package_identification:_identify(src/champ/champ/champ_bringup) by extension 'ignore'
[7.500s] Level 1:colcon.colcon_core.package_identification:_identify(src/champ/champ/champ_bringup) by extension 'ignore_ament_install'
[7.502s] Level 1:colcon.colcon_core.package_identification:_identify(src/champ/champ/champ_bringup) by extensions ['colcon_pkg']
[7.503s] Level 1:colcon.colcon_core.package_identification:_identify(src/champ/champ/champ_bringup) by extension 'colcon_pkg'
[7.504s] Level 1:colcon.colcon_core.package_identification:_identify(src/champ/champ/champ_bringup) by extensions ['colcon_meta']
[7.505s] Level 1:colcon.colcon_core.package_identification:_identify(src/champ/champ/champ_bringup) by extension 'colcon_meta'
[7.507s] Level 1:colcon.colcon_core.package_identification:_identify(src/champ/champ/champ_bringup) by extensions ['ros']
[7.508s] Level 1:colcon.colcon_core.package_identification:_identify(src/champ/champ/champ_bringup) by extension 'ros'
[7.517s] DEBUG:colcon.colcon_core.package_identification:Package 'src/champ/champ/champ_bringup' with type 'ros.ament_cmake' and name 'champ_bringup'
[7.520s] Level 1:colcon.colcon_core.package_identification:_identify(src/champ/champ/champ_config) by extensions ['ignore', 'ignore_ament_install']
[7.521s] Level 1:colcon.colcon_core.package_identification:_identify(src/champ/champ/champ_config) by extension 'ignore'
[7.523s] Level 1:colcon.colcon_core.package_identification:_identify(src/champ/champ/champ_config) by extension 'ignore_ament_install'
[7.525s] Level 1:colcon.colcon_core.package_identification:_identify(src/champ/champ/champ_config) by extensions ['colcon_pkg']
[7.526s] Level 1:colcon.colcon_core.package_identification:_identify(src/champ/champ/champ_config) by extension 'colcon_pkg'
[7.527s] Level 1:colcon.colcon_core.package_identification:_identify(src/champ/champ/champ_config) by extensions ['colcon_meta']
[7.528s] Level 1:colcon.colcon_core.package_identification:_identify(src/champ/champ/champ_config) by extension 'colcon_meta'
[7.530s] Level 1:colcon.colcon_core.package_identification:_identify(src/champ/champ/champ_config) by extensions ['ros']
[7.530s] Level 1:colcon.colcon_core.package_identification:_identify(src/champ/champ/champ_config) by extension 'ros'
[7.538s] DEBUG:colcon.colcon_core.package_identification:Package 'src/champ/champ/champ_config' with type 'ros.ament_cmake' and name 'champ_config'
[7.540s] Level 1:colcon.colcon_core.package_identification:_identify(src/champ/champ/champ_description) by extensions ['ignore', 'ignore_ament_install']
[7.542s] Level 1:colcon.colcon_core.package_identification:_identify(src/champ/champ/champ_description) by extension 'ignore'
[7.543s] Level 1:colcon.colcon_core.package_identification:_identify(src/champ/champ/champ_description) by extension 'ignore_ament_install'
[7.545s] Level 1:colcon.colcon_core.package_identification:_identify(src/champ/champ/champ_description) by extensions ['colcon_pkg']
[7.546s] Level 1:colcon.colcon_core.package_identification:_identify(src/champ/champ/champ_description) by extension 'colcon_pkg'
[7.547s] Level 1:colcon.colcon_core.package_identification:_identify(src/champ/champ/champ_description) by extensions ['colcon_meta']
[7.548s] Level 1:colcon.colcon_core.package_identification:_identify(src/champ/champ/champ_description) by extension 'colcon_meta'
[7.550s] Level 1:colcon.colcon_core.package_identification:_identify(src/champ/champ/champ_description) by extensions ['ros']
[7.551s] Level 1:colcon.colcon_core.package_identification:_identify(src/champ/champ/champ_description) by extension 'ros'
[7.559s] DEBUG:colcon.colcon_core.package_identification:Package 'src/champ/champ/champ_description' with type 'ros.ament_cmake' and name 'champ_description'
[7.562s] Level 1:colcon.colcon_core.package_identification:_identify(src/champ/champ/champ_gazebo) by extensions ['ignore', 'ignore_ament_install']
[7.563s] Level 1:colcon.colcon_core.package_identification:_identify(src/champ/champ/champ_gazebo) by extension 'ignore'
[7.565s] Level 1:colcon.colcon_core.package_identification:_identify(src/champ/champ/champ_gazebo) by extension 'ignore_ament_install'
[7.566s] Level 1:colcon.colcon_core.package_identification:_identify(src/champ/champ/champ_gazebo) by extensions ['colcon_pkg']
[7.567s] Level 1:colcon.colcon_core.package_identification:_identify(src/champ/champ/champ_gazebo) by extension 'colcon_pkg'
[7.569s] Level 1:colcon.colcon_core.package_identification:_identify(src/champ/champ/champ_gazebo) by extensions ['colcon_meta']
[7.570s] Level 1:colcon.colcon_core.package_identification:_identify(src/champ/champ/champ_gazebo) by extension 'colcon_meta'
[7.571s] Level 1:colcon.colcon_core.package_identification:_identify(src/champ/champ/champ_gazebo) by extensions ['ros']
[7.572s] Level 1:colcon.colcon_core.package_identification:_identify(src/champ/champ/champ_gazebo) by extension 'ros'
[7.574s] Level 1:colcon.colcon_core.package_identification:_identify(src/champ/champ/champ_gazebo) ignored
[7.576s] Level 1:colcon.colcon_core.package_identification:_identify(src/champ/champ/champ_msgs) by extensions ['ignore', 'ignore_ament_install']
[7.578s] Level 1:colcon.colcon_core.package_identification:_identify(src/champ/champ/champ_msgs) by extension 'ignore'
[7.579s] Level 1:colcon.colcon_core.package_identification:_identify(src/champ/champ/champ_msgs) by extension 'ignore_ament_install'
[7.581s] Level 1:colcon.colcon_core.package_identification:_identify(src/champ/champ/champ_msgs) by extensions ['colcon_pkg']
[7.582s] Level 1:colcon.colcon_core.package_identification:_identify(src/champ/champ/champ_msgs) by extension 'colcon_pkg'
[7.583s] Level 1:colcon.colcon_core.package_identification:_identify(src/champ/champ/champ_msgs) by extensions ['colcon_meta']
[7.584s] Level 1:colcon.colcon_core.package_identification:_identify(src/champ/champ/champ_msgs) by extension 'colcon_meta'
[7.586s] Level 1:colcon.colcon_core.package_identification:_identify(src/champ/champ/champ_msgs) by extensions ['ros']
[7.587s] Level 1:colcon.colcon_core.package_identification:_identify(src/champ/champ/champ_msgs) by extension 'ros'
[7.597s] DEBUG:colcon.colcon_core.package_identification:Package 'src/champ/champ/champ_msgs' with type 'ros.ament_cmake' and name 'champ_msgs'
[7.599s] Level 1:colcon.colcon_core.package_identification:_identify(src/champ/champ/champ_navigation) by extensions ['ignore', 'ignore_ament_install']
[7.600s] Level 1:colcon.colcon_core.package_identification:_identify(src/champ/champ/champ_navigation) by extension 'ignore'
[7.602s] Level 1:colcon.colcon_core.package_identification:_identify(src/champ/champ/champ_navigation) by extension 'ignore_ament_install'
[7.604s] Level 1:colcon.colcon_core.package_identification:_identify(src/champ/champ/champ_navigation) by extensions ['colcon_pkg']
[7.605s] Level 1:colcon.colcon_core.package_identification:_identify(src/champ/champ/champ_navigation) by extension 'colcon_pkg'
[7.606s] Level 1:colcon.colcon_core.package_identification:_identify(src/champ/champ/champ_navigation) by extensions ['colcon_meta']
[7.607s] Level 1:colcon.colcon_core.package_identification:_identify(src/champ/champ/champ_navigation) by extension 'colcon_meta'
[7.609s] Level 1:colcon.colcon_core.package_identification:_identify(src/champ/champ/champ_navigation) by extensions ['ros']
[7.610s] Level 1:colcon.colcon_core.package_identification:_identify(src/champ/champ/champ_navigation) by extension 'ros'
[7.612s] Level 1:colcon.colcon_core.package_identification:_identify(src/champ/champ/champ_navigation) ignored
[7.614s] Level 1:colcon.colcon_core.package_identification:_identify(src/champ/champ/docs) by extensions ['ignore', 'ignore_ament_install']
[7.616s] Level 1:colcon.colcon_core.package_identification:_identify(src/champ/champ/docs) by extension 'ignore'
[7.617s] Level 1:colcon.colcon_core.package_identification:_identify(src/champ/champ/docs) by extension 'ignore_ament_install'
[7.619s] Level 1:colcon.colcon_core.package_identification:_identify(src/champ/champ/docs) by extensions ['colcon_pkg']
[7.620s] Level 1:colcon.colcon_core.package_identification:_identify(src/champ/champ/docs) by extension 'colcon_pkg'
[7.621s] Level 1:colcon.colcon_core.package_identification:_identify(src/champ/champ/docs) by extensions ['colcon_meta']
[7.622s] Level 1:colcon.colcon_core.package_identification:_identify(src/champ/champ/docs) by extension 'colcon_meta'
[7.624s] Level 1:colcon.colcon_core.package_identification:_identify(src/champ/champ/docs) by extensions ['ros']
[7.625s] Level 1:colcon.colcon_core.package_identification:_identify(src/champ/champ/docs) by extension 'ros'
[7.627s] Level 1:colcon.colcon_core.package_identification:_identify(src/champ/champ/docs) by extensions ['cmake', 'python']
[7.628s] Level 1:colcon.colcon_core.package_identification:_identify(src/champ/champ/docs) by extension 'cmake'
[7.629s] Level 1:colcon.colcon_core.package_identification:_identify(src/champ/champ/docs) by extension 'python'
[7.631s] Level 1:colcon.colcon_core.package_identification:_identify(src/champ/champ/docs) by extensions ['python_setup_py']
[7.632s] Level 1:colcon.colcon_core.package_identification:_identify(src/champ/champ/docs) by extension 'python_setup_py'
[7.635s] Level 1:colcon.colcon_core.package_identification:_identify(src/champ/champ/docs/images) by extensions ['ignore', 'ignore_ament_install']
[7.636s] Level 1:colcon.colcon_core.package_identification:_identify(src/champ/champ/docs/images) by extension 'ignore'
[7.638s] Level 1:colcon.colcon_core.package_identification:_identify(src/champ/champ/docs/images) by extension 'ignore_ament_install'
[7.639s] Level 1:colcon.colcon_core.package_identification:_identify(src/champ/champ/docs/images) by extensions ['colcon_pkg']
[7.640s] Level 1:colcon.colcon_core.package_identification:_identify(src/champ/champ/docs/images) by extension 'colcon_pkg'
[7.641s] Level 1:colcon.colcon_core.package_identification:_identify(src/champ/champ/docs/images) by extensions ['colcon_meta']
[7.642s] Level 1:colcon.colcon_core.package_identification:_identify(src/champ/champ/docs/images) by extension 'colcon_meta'
[7.644s] Level 1:colcon.colcon_core.package_identification:_identify(src/champ/champ/docs/images) by extensions ['ros']
[7.645s] Level 1:colcon.colcon_core.package_identification:_identify(src/champ/champ/docs/images) by extension 'ros'
[7.647s] Level 1:colcon.colcon_core.package_identification:_identify(src/champ/champ/docs/images) by extensions ['cmake', 'python']
[7.655s] Level 1:colcon.colcon_core.package_identification:_identify(src/champ/champ/docs/images) by extension 'cmake'
[7.656s] Level 1:colcon.colcon_core.package_identification:_identify(src/champ/champ/docs/images) by extension 'python'
[7.658s] Level 1:colcon.colcon_core.package_identification:_identify(src/champ/champ/docs/images) by extensions ['python_setup_py']
[7.659s] Level 1:colcon.colcon_core.package_identification:_identify(src/champ/champ/docs/images) by extension 'python_setup_py'
[7.665s] Level 1:colcon.colcon_core.package_identification:_identify(src/champ/champ_teleop) by extensions ['ignore', 'ignore_ament_install']
[7.667s] Level 1:colcon.colcon_core.package_identification:_identify(src/champ/champ_teleop) by extension 'ignore'
[7.668s] Level 1:colcon.colcon_core.package_identification:_identify(src/champ/champ_teleop) by extension 'ignore_ament_install'
[7.670s] Level 1:colcon.colcon_core.package_identification:_identify(src/champ/champ_teleop) by extensions ['colcon_pkg']
[7.670s] Level 1:colcon.colcon_core.package_identification:_identify(src/champ/champ_teleop) by extension 'colcon_pkg'
[7.672s] Level 1:colcon.colcon_core.package_identification:_identify(src/champ/champ_teleop) by extensions ['colcon_meta']
[7.672s] Level 1:colcon.colcon_core.package_identification:_identify(src/champ/champ_teleop) by extension 'colcon_meta'
[7.675s] Level 1:colcon.colcon_core.package_identification:_identify(src/champ/champ_teleop) by extensions ['ros']
[7.676s] Level 1:colcon.colcon_core.package_identification:_identify(src/champ/champ_teleop) by extension 'ros'
[7.685s] DEBUG:colcon.colcon_core.package_identification:Package 'src/champ/champ_teleop' with type 'ros.ament_cmake' and name 'champ_teleop'
[7.687s] Level 1:colcon.colcon_core.package_identification:_identify(src/go_pupper_srv) by extensions ['ignore', 'ignore_ament_install']
[7.689s] Level 1:colcon.colcon_core.package_identification:_identify(src/go_pupper_srv) by extension 'ignore'
[7.690s] Level 1:colcon.colcon_core.package_identification:_identify(src/go_pupper_srv) by extension 'ignore_ament_install'
[7.692s] Level 1:colcon.colcon_core.package_identification:_identify(src/go_pupper_srv) by extensions ['colcon_pkg']
[7.693s] Level 1:colcon.colcon_core.package_identification:_identify(src/go_pupper_srv) by extension 'colcon_pkg'
[7.694s] Level 1:colcon.colcon_core.package_identification:_identify(src/go_pupper_srv) by extensions ['colcon_meta']
[7.695s] Level 1:colcon.colcon_core.package_identification:_identify(src/go_pupper_srv) by extension 'colcon_meta'
[7.697s] Level 1:colcon.colcon_core.package_identification:_identify(src/go_pupper_srv) by extensions ['ros']
[7.698s] Level 1:colcon.colcon_core.package_identification:_identify(src/go_pupper_srv) by extension 'ros'
[7.707s] DEBUG:colcon.colcon_core.package_identification:Package 'src/go_pupper_srv' with type 'ros.ament_python' and name 'go_pupper_srv'
[7.709s] Level 1:colcon.colcon_core.package_identification:_identify(src/install) by extensions ['ignore', 'ignore_ament_install']
[7.711s] Level 1:colcon.colcon_core.package_identification:_identify(src/install) by extension 'ignore'
[7.712s] Level 1:colcon.colcon_core.package_identification:_identify(src/install) ignored
[7.715s] Level 1:colcon.colcon_core.package_identification:_identify(src/ldlidar_stl_ros) by extensions ['ignore', 'ignore_ament_install']
[7.717s] Level 1:colcon.colcon_core.package_identification:_identify(src/ldlidar_stl_ros) by extension 'ignore'
[7.718s] Level 1:colcon.colcon_core.package_identification:_identify(src/ldlidar_stl_ros) by extension 'ignore_ament_install'
[7.720s] Level 1:colcon.colcon_core.package_identification:_identify(src/ldlidar_stl_ros) by extensions ['colcon_pkg']
[7.721s] Level 1:colcon.colcon_core.package_identification:_identify(src/ldlidar_stl_ros) by extension 'colcon_pkg'
[7.722s] Level 1:colcon.colcon_core.package_identification:_identify(src/ldlidar_stl_ros) by extensions ['colcon_meta']
[7.723s] Level 1:colcon.colcon_core.package_identification:_identify(src/ldlidar_stl_ros) by extension 'colcon_meta'
[7.724s] Level 1:colcon.colcon_core.package_identification:_identify(src/ldlidar_stl_ros) by extensions ['ros']
[7.725s] Level 1:colcon.colcon_core.package_identification:_identify(src/ldlidar_stl_ros) by extension 'ros'
[7.737s] DEBUG:colcon.colcon_core.package_identification:Package 'src/ldlidar_stl_ros' with type 'ros.ament_cmake' and name 'ldlidar_stl_ros2'
[7.739s] Level 1:colcon.colcon_core.package_identification:_identify(src/log) by extensions ['ignore', 'ignore_ament_install']
[7.741s] Level 1:colcon.colcon_core.package_identification:_identify(src/log) by extension 'ignore'
[7.742s] Level 1:colcon.colcon_core.package_identification:_identify(src/log) ignored
[7.744s] Level 1:colcon.colcon_core.package_identification:_identify(src/mini_pupper_ros) by extensions ['ignore', 'ignore_ament_install']
[7.746s] Level 1:colcon.colcon_core.package_identification:_identify(src/mini_pupper_ros) by extension 'ignore'
[7.748s] Level 1:colcon.colcon_core.package_identification:_identify(src/mini_pupper_ros) by extension 'ignore_ament_install'
[7.749s] Level 1:colcon.colcon_core.package_identification:_identify(src/mini_pupper_ros) by extensions ['colcon_pkg']
[7.750s] Level 1:colcon.colcon_core.package_identification:_identify(src/mini_pupper_ros) by extension 'colcon_pkg'
[7.752s] Level 1:colcon.colcon_core.package_identification:_identify(src/mini_pupper_ros) by extensions ['colcon_meta']
[7.753s] Level 1:colcon.colcon_core.package_identification:_identify(src/mini_pupper_ros) by extension 'colcon_meta'
[7.754s] Level 1:colcon.colcon_core.package_identification:_identify(src/mini_pupper_ros) by extensions ['ros']
[7.755s] Level 1:colcon.colcon_core.package_identification:_identify(src/mini_pupper_ros) by extension 'ros'
[7.758s] Level 1:colcon.colcon_core.package_identification:_identify(src/mini_pupper_ros) by extensions ['cmake', 'python']
[7.759s] Level 1:colcon.colcon_core.package_identification:_identify(src/mini_pupper_ros) by extension 'cmake'
[7.760s] Level 1:colcon.colcon_core.package_identification:_identify(src/mini_pupper_ros) by extension 'python'
[7.761s] Level 1:colcon.colcon_core.package_identification:_identify(src/mini_pupper_ros) by extensions ['python_setup_py']
[7.762s] Level 1:colcon.colcon_core.package_identification:_identify(src/mini_pupper_ros) by extension 'python_setup_py'
[7.765s] Level 1:colcon.colcon_core.package_identification:_identify(src/mini_pupper_ros/mini_pupper_2_description) by extensions ['ignore', 'ignore_ament_install']
[7.767s] Level 1:colcon.colcon_core.package_identification:_identify(src/mini_pupper_ros/mini_pupper_2_description) by extension 'ignore'
[7.768s] Level 1:colcon.colcon_core.package_identification:_identify(src/mini_pupper_ros/mini_pupper_2_description) by extension 'ignore_ament_install'
[7.770s] Level 1:colcon.colcon_core.package_identification:_identify(src/mini_pupper_ros/mini_pupper_2_description) by extensions ['colcon_pkg']
[7.771s] Level 1:colcon.colcon_core.package_identification:_identify(src/mini_pupper_ros/mini_pupper_2_description) by extension 'colcon_pkg'
[7.772s] Level 1:colcon.colcon_core.package_identification:_identify(src/mini_pupper_ros/mini_pupper_2_description) by extensions ['colcon_meta']
[7.773s] Level 1:colcon.colcon_core.package_identification:_identify(src/mini_pupper_ros/mini_pupper_2_description) by extension 'colcon_meta'
[7.775s] Level 1:colcon.colcon_core.package_identification:_identify(src/mini_pupper_ros/mini_pupper_2_description) by extensions ['ros']
[7.776s] Level 1:colcon.colcon_core.package_identification:_identify(src/mini_pupper_ros/mini_pupper_2_description) by extension 'ros'
[7.784s] DEBUG:colcon.colcon_core.package_identification:Package 'src/mini_pupper_ros/mini_pupper_2_description' with type 'ros.ament_cmake' and name 'mini_pupper_2_description'
[7.786s] Level 1:colcon.colcon_core.package_identification:_identify(src/mini_pupper_ros/mini_pupper_bringup) by extensions ['ignore', 'ignore_ament_install']
[7.788s] Level 1:colcon.colcon_core.package_identification:_identify(src/mini_pupper_ros/mini_pupper_bringup) by extension 'ignore'
[7.789s] Level 1:colcon.colcon_core.package_identification:_identify(src/mini_pupper_ros/mini_pupper_bringup) by extension 'ignore_ament_install'
[7.791s] Level 1:colcon.colcon_core.package_identification:_identify(src/mini_pupper_ros/mini_pupper_bringup) by extensions ['colcon_pkg']
[7.792s] Level 1:colcon.colcon_core.package_identification:_identify(src/mini_pupper_ros/mini_pupper_bringup) by extension 'colcon_pkg'
[7.793s] Level 1:colcon.colcon_core.package_identification:_identify(src/mini_pupper_ros/mini_pupper_bringup) by extensions ['colcon_meta']
[7.794s] Level 1:colcon.colcon_core.package_identification:_identify(src/mini_pupper_ros/mini_pupper_bringup) by extension 'colcon_meta'
[7.796s] Level 1:colcon.colcon_core.package_identification:_identify(src/mini_pupper_ros/mini_pupper_bringup) by extensions ['ros']
[7.797s] Level 1:colcon.colcon_core.package_identification:_identify(src/mini_pupper_ros/mini_pupper_bringup) by extension 'ros'
[7.804s] DEBUG:colcon.colcon_core.package_identification:Package 'src/mini_pupper_ros/mini_pupper_bringup' with type 'ros.ament_cmake' and name 'mini_pupper_bringup'
[7.807s] Level 1:colcon.colcon_core.package_identification:_identify(src/mini_pupper_ros/mini_pupper_dance) by extensions ['ignore', 'ignore_ament_install']
[7.809s] Level 1:colcon.colcon_core.package_identification:_identify(src/mini_pupper_ros/mini_pupper_dance) by extension 'ignore'
[7.810s] Level 1:colcon.colcon_core.package_identification:_identify(src/mini_pupper_ros/mini_pupper_dance) by extension 'ignore_ament_install'
[7.812s] Level 1:colcon.colcon_core.package_identification:_identify(src/mini_pupper_ros/mini_pupper_dance) by extensions ['colcon_pkg']
[7.813s] Level 1:colcon.colcon_core.package_identification:_identify(src/mini_pupper_ros/mini_pupper_dance) by extension 'colcon_pkg'
[7.814s] Level 1:colcon.colcon_core.package_identification:_identify(src/mini_pupper_ros/mini_pupper_dance) by extensions ['colcon_meta']
[7.815s] Level 1:colcon.colcon_core.package_identification:_identify(src/mini_pupper_ros/mini_pupper_dance) by extension 'colcon_meta'
[7.817s] Level 1:colcon.colcon_core.package_identification:_identify(src/mini_pupper_ros/mini_pupper_dance) by extensions ['ros']
[7.818s] Level 1:colcon.colcon_core.package_identification:_identify(src/mini_pupper_ros/mini_pupper_dance) by extension 'ros'
[7.825s] DEBUG:colcon.colcon_core.package_identification:Package 'src/mini_pupper_ros/mini_pupper_dance' with type 'ros.ament_python' and name 'mini_pupper_dance'
[7.828s] Level 1:colcon.colcon_core.package_identification:_identify(src/mini_pupper_ros/mini_pupper_description) by extensions ['ignore', 'ignore_ament_install']
[7.830s] Level 1:colcon.colcon_core.package_identification:_identify(src/mini_pupper_ros/mini_pupper_description) by extension 'ignore'
[7.831s] Level 1:colcon.colcon_core.package_identification:_identify(src/mini_pupper_ros/mini_pupper_description) by extension 'ignore_ament_install'
[7.833s] Level 1:colcon.colcon_core.package_identification:_identify(src/mini_pupper_ros/mini_pupper_description) by extensions ['colcon_pkg']
[7.834s] Level 1:colcon.colcon_core.package_identification:_identify(src/mini_pupper_ros/mini_pupper_description) by extension 'colcon_pkg'
[7.836s] Level 1:colcon.colcon_core.package_identification:_identify(src/mini_pupper_ros/mini_pupper_description) by extensions ['colcon_meta']
[7.837s] Level 1:colcon.colcon_core.package_identification:_identify(src/mini_pupper_ros/mini_pupper_description) by extension 'colcon_meta'
[7.838s] Level 1:colcon.colcon_core.package_identification:_identify(src/mini_pupper_ros/mini_pupper_description) by extensions ['ros']
[7.839s] Level 1:colcon.colcon_core.package_identification:_identify(src/mini_pupper_ros/mini_pupper_description) by extension 'ros'
[7.847s] DEBUG:colcon.colcon_core.package_identification:Package 'src/mini_pupper_ros/mini_pupper_description' with type 'ros.ament_cmake' and name 'mini_pupper_description'
[7.850s] Level 1:colcon.colcon_core.package_identification:_identify(src/mini_pupper_ros/mini_pupper_driver) by extensions ['ignore', 'ignore_ament_install']
[7.852s] Level 1:colcon.colcon_core.package_identification:_identify(src/mini_pupper_ros/mini_pupper_driver) by extension 'ignore'
[7.854s] Level 1:colcon.colcon_core.package_identification:_identify(src/mini_pupper_ros/mini_pupper_driver) by extension 'ignore_ament_install'
[7.855s] Level 1:colcon.colcon_core.package_identification:_identify(src/mini_pupper_ros/mini_pupper_driver) by extensions ['colcon_pkg']
[7.856s] Level 1:colcon.colcon_core.package_identification:_identify(src/mini_pupper_ros/mini_pupper_driver) by extension 'colcon_pkg'
[7.858s] Level 1:colcon.colcon_core.package_identification:_identify(src/mini_pupper_ros/mini_pupper_driver) by extensions ['colcon_meta']
[7.858s] Level 1:colcon.colcon_core.package_identification:_identify(src/mini_pupper_ros/mini_pupper_driver) by extension 'colcon_meta'
[7.860s] Level 1:colcon.colcon_core.package_identification:_identify(src/mini_pupper_ros/mini_pupper_driver) by extensions ['ros']
[7.861s] Level 1:colcon.colcon_core.package_identification:_identify(src/mini_pupper_ros/mini_pupper_driver) by extension 'ros'
[7.872s] DEBUG:colcon.colcon_core.package_identification:Package 'src/mini_pupper_ros/mini_pupper_driver' with type 'ros.ament_python' and name 'mini_pupper_driver'
[7.874s] Level 1:colcon.colcon_core.package_identification:_identify(src/mini_pupper_ros/mini_pupper_gazebo) by extensions ['ignore', 'ignore_ament_install']
[7.878s] Level 1:colcon.colcon_core.package_identification:_identify(src/mini_pupper_ros/mini_pupper_gazebo) by extension 'ignore'
[7.879s] Level 1:colcon.colcon_core.package_identification:_identify(src/mini_pupper_ros/mini_pupper_gazebo) by extension 'ignore_ament_install'
[7.881s] Level 1:colcon.colcon_core.package_identification:_identify(src/mini_pupper_ros/mini_pupper_gazebo) by extensions ['colcon_pkg']
[7.881s] Level 1:colcon.colcon_core.package_identification:_identify(src/mini_pupper_ros/mini_pupper_gazebo) by extension 'colcon_pkg'
[7.883s] Level 1:colcon.colcon_core.package_identification:_identify(src/mini_pupper_ros/mini_pupper_gazebo) by extensions ['colcon_meta']
[7.884s] Level 1:colcon.colcon_core.package_identification:_identify(src/mini_pupper_ros/mini_pupper_gazebo) by extension 'colcon_meta'
[7.885s] Level 1:colcon.colcon_core.package_identification:_identify(src/mini_pupper_ros/mini_pupper_gazebo) by extensions ['ros']
[7.887s] Level 1:colcon.colcon_core.package_identification:_identify(src/mini_pupper_ros/mini_pupper_gazebo) by extension 'ros'
[7.888s] Level 1:colcon.colcon_core.package_identification:_identify(src/mini_pupper_ros/mini_pupper_gazebo) ignored
[7.890s] Level 1:colcon.colcon_core.package_identification:_identify(src/mini_pupper_ros/mini_pupper_interfaces) by extensions ['ignore', 'ignore_ament_install']
[7.892s] Level 1:colcon.colcon_core.package_identification:_identify(src/mini_pupper_ros/mini_pupper_interfaces) by extension 'ignore'
[7.894s] Level 1:colcon.colcon_core.package_identification:_identify(src/mini_pupper_ros/mini_pupper_interfaces) by extension 'ignore_ament_install'
[7.895s] Level 1:colcon.colcon_core.package_identification:_identify(src/mini_pupper_ros/mini_pupper_interfaces) by extensions ['colcon_pkg']
[7.896s] Level 1:colcon.colcon_core.package_identification:_identify(src/mini_pupper_ros/mini_pupper_interfaces) by extension 'colcon_pkg'
[7.898s] Level 1:colcon.colcon_core.package_identification:_identify(src/mini_pupper_ros/mini_pupper_interfaces) by extensions ['colcon_meta']
[7.899s] Level 1:colcon.colcon_core.package_identification:_identify(src/mini_pupper_ros/mini_pupper_interfaces) by extension 'colcon_meta'
[7.900s] Level 1:colcon.colcon_core.package_identification:_identify(src/mini_pupper_ros/mini_pupper_interfaces) by extensions ['ros']
[7.901s] Level 1:colcon.colcon_core.package_identification:_identify(src/mini_pupper_ros/mini_pupper_interfaces) by extension 'ros'
[7.909s] DEBUG:colcon.colcon_core.package_identification:Package 'src/mini_pupper_ros/mini_pupper_interfaces' with type 'ros.ament_cmake' and name 'mini_pupper_interfaces'
[7.912s] Level 1:colcon.colcon_core.package_identification:_identify(src/mini_pupper_ros/mini_pupper_music) by extensions ['ignore', 'ignore_ament_install']
[7.913s] Level 1:colcon.colcon_core.package_identification:_identify(src/mini_pupper_ros/mini_pupper_music) by extension 'ignore'
[7.915s] Level 1:colcon.colcon_core.package_identification:_identify(src/mini_pupper_ros/mini_pupper_music) by extension 'ignore_ament_install'
[7.917s] Level 1:colcon.colcon_core.package_identification:_identify(src/mini_pupper_ros/mini_pupper_music) by extensions ['colcon_pkg']
[7.918s] Level 1:colcon.colcon_core.package_identification:_identify(src/mini_pupper_ros/mini_pupper_music) by extension 'colcon_pkg'
[7.919s] Level 1:colcon.colcon_core.package_identification:_identify(src/mini_pupper_ros/mini_pupper_music) by extensions ['colcon_meta']
[7.920s] Level 1:colcon.colcon_core.package_identification:_identify(src/mini_pupper_ros/mini_pupper_music) by extension 'colcon_meta'
[7.922s] Level 1:colcon.colcon_core.package_identification:_identify(src/mini_pupper_ros/mini_pupper_music) by extensions ['ros']
[7.923s] Level 1:colcon.colcon_core.package_identification:_identify(src/mini_pupper_ros/mini_pupper_music) by extension 'ros'
[7.930s] DEBUG:colcon.colcon_core.package_identification:Package 'src/mini_pupper_ros/mini_pupper_music' with type 'ros.ament_python' and name 'mini_pupper_music'
[7.933s] Level 1:colcon.colcon_core.package_identification:_identify(src/mini_pupper_ros/mini_pupper_navigation) by extensions ['ignore', 'ignore_ament_install']
[7.934s] Level 1:colcon.colcon_core.package_identification:_identify(src/mini_pupper_ros/mini_pupper_navigation) by extension 'ignore'
[7.936s] Level 1:colcon.colcon_core.package_identification:_identify(src/mini_pupper_ros/mini_pupper_navigation) by extension 'ignore_ament_install'
[7.937s] Level 1:colcon.colcon_core.package_identification:_identify(src/mini_pupper_ros/mini_pupper_navigation) by extensions ['colcon_pkg']
[7.938s] Level 1:colcon.colcon_core.package_identification:_identify(src/mini_pupper_ros/mini_pupper_navigation) by extension 'colcon_pkg'
[7.940s] Level 1:colcon.colcon_core.package_identification:_identify(src/mini_pupper_ros/mini_pupper_navigation) by extensions ['colcon_meta']
[7.940s] Level 1:colcon.colcon_core.package_identification:_identify(src/mini_pupper_ros/mini_pupper_navigation) by extension 'colcon_meta'
[7.942s] Level 1:colcon.colcon_core.package_identification:_identify(src/mini_pupper_ros/mini_pupper_navigation) by extensions ['ros']
[7.943s] Level 1:colcon.colcon_core.package_identification:_identify(src/mini_pupper_ros/mini_pupper_navigation) by extension 'ros'
[7.944s] Level 1:colcon.colcon_core.package_identification:_identify(src/mini_pupper_ros/mini_pupper_navigation) ignored
[7.947s] Level 1:colcon.colcon_core.package_identification:_identify(src/pupper_interfaces) by extensions ['ignore', 'ignore_ament_install']
[7.949s] Level 1:colcon.colcon_core.package_identification:_identify(src/pupper_interfaces) by extension 'ignore'
[7.950s] Level 1:colcon.colcon_core.package_identification:_identify(src/pupper_interfaces) by extension 'ignore_ament_install'
[7.952s] Level 1:colcon.colcon_core.package_identification:_identify(src/pupper_interfaces) by extensions ['colcon_pkg']
[7.953s] Level 1:colcon.colcon_core.package_identification:_identify(src/pupper_interfaces) by extension 'colcon_pkg'
[7.954s] Level 1:colcon.colcon_core.package_identification:_identify(src/pupper_interfaces) by extensions ['colcon_meta']
[7.955s] Level 1:colcon.colcon_core.package_identification:_identify(src/pupper_interfaces) by extension 'colcon_meta'
[7.957s] Level 1:colcon.colcon_core.package_identification:_identify(src/pupper_interfaces) by extensions ['ros']
[7.958s] Level 1:colcon.colcon_core.package_identification:_identify(src/pupper_interfaces) by extension 'ros'
[7.966s] DEBUG:colcon.colcon_core.package_identification:Package 'src/pupper_interfaces' with type 'ros.ament_cmake' and name 'pupper_interfaces'
[7.967s] Level 1:colcon.colcon_core.package_discovery:discover_packages(recursive) using defaults
[7.968s] Level 1:colcon.colcon_core.package_discovery:discover_packages(ignore) discover
[7.969s] Level 1:colcon.colcon_core.package_discovery:discover_packages(ignore) using defaults
[7.970s] Level 1:colcon.colcon_core.package_discovery:discover_packages(path) discover
[7.971s] Level 1:colcon.colcon_core.package_discovery:discover_packages(path) using defaults
[8.235s] INFO:colcon.colcon_core.package_selection:Skipping not selected package 'champ' in 'src/champ/champ/champ'
[8.236s] INFO:colcon.colcon_core.package_selection:Skipping not selected package 'champ_config' in 'src/champ/champ/champ_config'
[8.236s] INFO:colcon.colcon_core.package_selection:Skipping not selected package 'champ_description' in 'src/champ/champ/champ_description'
[8.237s] INFO:colcon.colcon_core.package_selection:Skipping not selected package 'champ_msgs' in 'src/champ/champ/champ_msgs'
[8.237s] INFO:colcon.colcon_core.package_selection:Skipping not selected package 'champ_teleop' in 'src/champ/champ_teleop'
[8.237s] INFO:colcon.colcon_core.package_selection:Skipping not selected package 'ldlidar_stl_ros2' in 'src/ldlidar_stl_ros'
[8.238s] INFO:colcon.colcon_core.package_selection:Skipping not selected package 'mini_pupper_2_description' in 'src/mini_pupper_ros/mini_pupper_2_description'
[8.238s] INFO:colcon.colcon_core.package_selection:Skipping not selected package 'mini_pupper_description' in 'src/mini_pupper_ros/mini_pupper_description'
[8.239s] INFO:colcon.colcon_core.package_selection:Skipping not selected package 'mini_pupper_driver' in 'src/mini_pupper_ros/mini_pupper_driver'
[8.239s] INFO:colcon.colcon_core.package_selection:Skipping not selected package 'mini_pupper_interfaces' in 'src/mini_pupper_ros/mini_pupper_interfaces'
[8.240s] INFO:colcon.colcon_core.package_selection:Skipping not selected package 'mini_pupper_music' in 'src/mini_pupper_ros/mini_pupper_music'
[8.240s] INFO:colcon.colcon_core.package_selection:Skipping not selected package 'pupper_interfaces' in 'src/pupper_interfaces'
[8.240s] INFO:colcon.colcon_core.package_selection:Skipping not selected package 'champ_base' in 'src/champ/champ/champ_base'
[8.241s] INFO:colcon.colcon_core.package_selection:Skipping not selected package 'mini_pupper_dance' in 'src/mini_pupper_ros/mini_pupper_dance'
[8.241s] INFO:colcon.colcon_core.package_selection:Skipping not selected package 'champ_bringup' in 'src/champ/champ/champ_bringup'
[8.242s] INFO:colcon.colcon_core.package_selection:Skipping not selected package 'mini_pupper_bringup' in 'src/mini_pupper_ros/mini_pupper_bringup'
[8.245s] Level 1:colcon.colcon_core.package_discovery:discover_packages(prefix_path) check parameters
[8.246s] Level 1:colcon.colcon_core.package_discovery:discover_packages(prefix_path) discover
[8.282s] DEBUG:colcon.colcon_installed_package_information.package_discovery:Found 17 installed packages in /home/ubuntu/ros2_ws/install
[8.295s] DEBUG:colcon.colcon_installed_package_information.package_discovery:Found 275 installed packages in /opt/ros/humble
[8.304s] Level 1:colcon.colcon_core.package_discovery:discover_packages(prefix_path) using defaults
[8.914s] Level 5:colcon.colcon_core.verb:set package 'go_pupper_srv' build argument 'cmake_args' from command line to 'None'
[8.915s] Level 5:colcon.colcon_core.verb:set package 'go_pupper_srv' build argument 'cmake_target' from command line to 'None'
[8.915s] Level 5:colcon.colcon_core.verb:set package 'go_pupper_srv' build argument 'cmake_target_skip_unavailable' from command line to 'False'
[8.916s] Level 5:colcon.colcon_core.verb:set package 'go_pupper_srv' build argument 'cmake_clean_cache' from command line to 'False'
[8.916s] Level 5:colcon.colcon_core.verb:set package 'go_pupper_srv' build argument 'cmake_clean_first' from command line to 'False'
[8.917s] Level 5:colcon.colcon_core.verb:set package 'go_pupper_srv' build argument 'cmake_force_configure' from command line to 'False'
[8.918s] Level 5:colcon.colcon_core.verb:set package 'go_pupper_srv' build argument 'ament_cmake_args' from command line to 'None'
[8.918s] Level 5:colcon.colcon_core.verb:set package 'go_pupper_srv' build argument 'catkin_cmake_args' from command line to 'None'
[8.918s] Level 5:colcon.colcon_core.verb:set package 'go_pupper_srv' build argument 'catkin_skip_building_tests' from command line to 'False'
[8.919s] DEBUG:colcon.colcon_core.verb:Building package 'go_pupper_srv' with the following arguments: {'ament_cmake_args': None, 'build_base': '/home/ubuntu/ros2_ws/build/go_pupper_srv', 'catkin_cmake_args': None, 'catkin_skip_building_tests': False, 'cmake_args': None, 'cmake_clean_cache': False, 'cmake_clean_first': False, 'cmake_force_configure': False, 'cmake_target': None, 'cmake_target_skip_unavailable': False, 'install_base': '/home/ubuntu/ros2_ws/install/go_pupper_srv', 'merge_install': False, 'path': '/home/ubuntu/ros2_ws/src/go_pupper_srv', 'symlink_install': False, 'test_result_base': None}
[8.920s] INFO:colcon.colcon_core.executor:Executing jobs using 'parallel' executor
[8.943s] DEBUG:colcon.colcon_parallel_executor.executor.parallel:run_until_complete
[8.944s] INFO:colcon.colcon_ros.task.ament_python.build:Building ROS package in '/home/ubuntu/ros2_ws/src/go_pupper_srv' with build type 'ament_python'
[8.945s] Level 1:colcon.colcon_core.shell:create_environment_hook('go_pupper_srv', 'ament_prefix_path')
[8.977s] INFO:colcon.colcon_core.plugin_system:Skipping extension 'colcon_core.shell.bat': Not used on non-Windows systems
[8.979s] INFO:colcon.colcon_core.shell:Creating environment hook '/home/ubuntu/ros2_ws/install/go_pupper_srv/share/go_pupper_srv/hook/ament_prefix_path.ps1'
[8.984s] INFO:colcon.colcon_core.shell:Creating environment descriptor '/home/ubuntu/ros2_ws/install/go_pupper_srv/share/go_pupper_srv/hook/ament_prefix_path.dsv'
[8.988s] INFO:colcon.colcon_core.shell:Creating environment hook '/home/ubuntu/ros2_ws/install/go_pupper_srv/share/go_pupper_srv/hook/ament_prefix_path.sh'
[8.994s] INFO:colcon.colcon_core.shell:Skip shell extension 'powershell' for command environment: Not usable outside of PowerShell
[8.994s] DEBUG:colcon.colcon_core.shell:Skip shell extension 'dsv' for command environment
[16.863s] INFO:colcon.colcon_core.task.python.build:Building Python package in '/home/ubuntu/ros2_ws/src/go_pupper_srv'
[16.864s] INFO:colcon.colcon_core.shell:Skip shell extension 'powershell' for command environment: Not usable outside of PowerShell
[16.865s] DEBUG:colcon.colcon_core.shell:Skip shell extension 'dsv' for command environment
[27.957s] DEBUG:colcon.colcon_core.event_handler.log_command:Invoking command in '/home/ubuntu/ros2_ws/src/go_pupper_srv': PYTHONPATH=/home/ubuntu/ros2_ws/build/go_pupper_srv/prefix_override:/home/ubuntu/ros2_ws/install/go_pupper_srv/lib/python3.10/site-packages:${PYTHONPATH} /usr/bin/python3 -W ignore:setup.py install is deprecated setup.py egg_info --egg-base ../../build/go_pupper_srv build --build-base /home/ubuntu/ros2_ws/build/go_pupper_srv/build install --record /home/ubuntu/ros2_ws/build/go_pupper_srv/install.log --single-version-externally-managed install_data
[36.007s] DEBUG:colcon.colcon_core.event_handler.log_command:Invoked command in '/home/ubuntu/ros2_ws/src/go_pupper_srv' returned '0': PYTHONPATH=/home/ubuntu/ros2_ws/build/go_pupper_srv/prefix_override:/home/ubuntu/ros2_ws/install/go_pupper_srv/lib/python3.10/site-packages:${PYTHONPATH} /usr/bin/python3 -W ignore:setup.py install is deprecated setup.py egg_info --egg-base ../../build/go_pupper_srv build --build-base /home/ubuntu/ros2_ws/build/go_pupper_srv/build install --record /home/ubuntu/ros2_ws/build/go_pupper_srv/install.log --single-version-externally-managed install_data
[36.056s] Level 1:colcon.colcon_core.environment:checking '/home/ubuntu/ros2_ws/install/go_pupper_srv' for CMake module files
[36.061s] Level 1:colcon.colcon_core.environment:checking '/home/ubuntu/ros2_ws/install/go_pupper_srv' for CMake config files
[36.074s] Level 1:colcon.colcon_core.environment:checking '/home/ubuntu/ros2_ws/install/go_pupper_srv/lib'
[36.076s] Level 1:colcon.colcon_core.environment:checking '/home/ubuntu/ros2_ws/install/go_pupper_srv/bin'
[36.078s] Level 1:colcon.colcon_core.environment:checking '/home/ubuntu/ros2_ws/install/go_pupper_srv/lib/pkgconfig/go_pupper_srv.pc'
[36.080s] Level 1:colcon.colcon_core.environment:checking '/home/ubuntu/ros2_ws/install/go_pupper_srv/lib/python3.10/site-packages'
[36.081s] Level 1:colcon.colcon_core.shell:create_environment_hook('go_pupper_srv', 'pythonpath')
[36.086s] INFO:colcon.colcon_core.shell:Creating environment hook '/home/ubuntu/ros2_ws/install/go_pupper_srv/share/go_pupper_srv/hook/pythonpath.ps1'
[36.108s] INFO:colcon.colcon_core.shell:Creating environment descriptor '/home/ubuntu/ros2_ws/install/go_pupper_srv/share/go_pupper_srv/hook/pythonpath.dsv'
[36.114s] INFO:colcon.colcon_core.shell:Creating environment hook '/home/ubuntu/ros2_ws/install/go_pupper_srv/share/go_pupper_srv/hook/pythonpath.sh'
[36.121s] Level 1:colcon.colcon_core.environment:checking '/home/ubuntu/ros2_ws/install/go_pupper_srv/bin'
[36.122s] Level 1:colcon.colcon_core.environment:create_environment_scripts_only(go_pupper_srv)
[36.127s] INFO:colcon.colcon_core.shell:Creating package script '/home/ubuntu/ros2_ws/install/go_pupper_srv/share/go_pupper_srv/package.ps1'
[36.135s] INFO:colcon.colcon_core.shell:Creating package descriptor '/home/ubuntu/ros2_ws/install/go_pupper_srv/share/go_pupper_srv/package.dsv'
[36.141s] INFO:colcon.colcon_core.shell:Creating package script '/home/ubuntu/ros2_ws/install/go_pupper_srv/share/go_pupper_srv/package.sh'
[36.149s] INFO:colcon.colcon_core.shell:Creating package script '/home/ubuntu/ros2_ws/install/go_pupper_srv/share/go_pupper_srv/package.bash'
[36.156s] INFO:colcon.colcon_core.shell:Creating package script '/home/ubuntu/ros2_ws/install/go_pupper_srv/share/go_pupper_srv/package.zsh'
[36.162s] Level 1:colcon.colcon_core.environment:create_file_with_runtime_dependencies(/home/ubuntu/ros2_ws/install/go_pupper_srv/share/colcon-core/packages/go_pupper_srv)
[36.172s] DEBUG:colcon.colcon_parallel_executor.executor.parallel:closing loop
[36.176s] DEBUG:colcon.colcon_parallel_executor.executor.parallel:loop closed
[36.177s] DEBUG:colcon.colcon_parallel_executor.executor.parallel:run_until_complete finished with '0'
[36.178s] DEBUG:colcon.colcon_core.event_reactor:joining thread
[36.225s] INFO:colcon.colcon_core.plugin_system:Skipping extension 'colcon_notification.desktop_notification.terminal_notifier': Not used on non-Darwin systems
[36.226s] INFO:colcon.colcon_core.plugin_system:Skipping extension 'colcon_notification.desktop_notification.win32': Not used on non-Windows systems
[36.227s] INFO:colcon.colcon_notification.desktop_notification:Sending desktop notification using 'notify2'
[36.427s] DEBUG:colcon.colcon_core.event_reactor:joined thread
[36.429s] INFO:colcon.colcon_core.shell:Creating prefix script '/home/ubuntu/ros2_ws/install/local_setup.ps1'
[36.442s] INFO:colcon.colcon_core.shell:Creating prefix util module '/home/ubuntu/ros2_ws/install/_local_setup_util_ps1.py'
[36.498s] INFO:colcon.colcon_core.shell:Creating prefix chain script '/home/ubuntu/ros2_ws/install/setup.ps1'
[36.563s] INFO:colcon.colcon_core.shell:Creating prefix script '/home/ubuntu/ros2_ws/install/local_setup.sh'
[36.583s] INFO:colcon.colcon_core.shell:Creating prefix util module '/home/ubuntu/ros2_ws/install/_local_setup_util_sh.py'
[36.598s] INFO:colcon.colcon_core.shell:Creating prefix chain script '/home/ubuntu/ros2_ws/install/setup.sh'
[36.654s] INFO:colcon.colcon_core.shell:Creating prefix script '/home/ubuntu/ros2_ws/install/local_setup.bash'
[36.668s] INFO:colcon.colcon_core.shell:Creating prefix chain script '/home/ubuntu/ros2_ws/install/setup.bash'
[36.737s] INFO:colcon.colcon_core.shell:Creating prefix script '/home/ubuntu/ros2_ws/install/local_setup.zsh'
[36.752s] INFO:colcon.colcon_core.shell:Creating prefix chain script '/home/ubuntu/ros2_ws/install/setup.zsh'
