[0.346s] Invoking command in '/home/ubuntu/ros2_ws/build/champ': CMAKE_PREFIX_PATH=${CMAKE_PREFIX_PATH}:/home/ubuntu/ros2_ws/install/go_pupper_srv:/home/ubuntu/ros2_ws/install/mini_pupper_music:/home/ubuntu/ros2_ws/install/mini_pupper_dance:/home/ubuntu/ros2_ws/install/mini_pupper_driver:/opt/ros/humble /usr/bin/cmake --build /home/ubuntu/ros2_ws/build/champ -- -j4 -l4
[1.062s] Invoked command in '/home/ubuntu/ros2_ws/build/champ' returned '0': CMAKE_PREFIX_PATH=${CMAKE_PREFIX_PATH}:/home/ubuntu/ros2_ws/install/go_pupper_srv:/home/ubuntu/ros2_ws/install/mini_pupper_music:/home/ubuntu/ros2_ws/install/mini_pupper_dance:/home/ubuntu/ros2_ws/install/mini_pupper_driver:/opt/ros/humble /usr/bin/cmake --build /home/ubuntu/ros2_ws/build/champ -- -j4 -l4
[1.669s] Invoking command in '/home/ubuntu/ros2_ws/build/champ': CMAKE_PREFIX_PATH=${CMAKE_PREFIX_PATH}:/home/ubuntu/ros2_ws/install/go_pupper_srv:/home/ubuntu/ros2_ws/install/mini_pupper_music:/home/ubuntu/ros2_ws/install/mini_pupper_dance:/home/ubuntu/ros2_ws/install/mini_pupper_driver:/opt/ros/humble /usr/bin/cmake --install /home/ubuntu/ros2_ws/build/champ
[1.837s] -- Install configuration: ""
[1.849s] -- Execute custom install script
[1.868s] -- Up-to-date symlink: /home/ubuntu/ros2_ws/install/champ/include/champ/.git
[1.879s] -- Up-to-date symlink: /home/ubuntu/ros2_ws/install/champ/include/champ/LICENSE
[1.880s] -- Up-to-date symlink: /home/ubuntu/ros2_ws/install/champ/include/champ/README.md
[1.881s] -- Up-to-date symlink: /home/ubuntu/ros2_ws/install/champ/include/champ/bla/basic_linear_algebra.h
[1.894s] -- Up-to-date symlink: /home/ubuntu/ros2_ws/install/champ/include/champ/bla/memory_delegate.h
[1.896s] -- Up-to-date symlink: /home/ubuntu/ros2_ws/install/champ/include/champ/body_controller/body_controller.h
[1.899s] -- Up-to-date symlink: /home/ubuntu/ros2_ws/install/champ/include/champ/geometry/geometry.h
[1.924s] -- Up-to-date symlink: /home/ubuntu/ros2_ws/install/champ/include/champ/kinematics/kinematics.h
[1.947s] -- Up-to-date symlink: /home/ubuntu/ros2_ws/install/champ/include/champ/leg_controller/leg_controller.h
[1.954s] -- Up-to-date symlink: /home/ubuntu/ros2_ws/install/champ/include/champ/leg_controller/phase_generator.h
[2.002s] -- Up-to-date symlink: /home/ubuntu/ros2_ws/install/champ/include/champ/leg_controller/trajectory_planner.h
[2.009s] -- Up-to-date symlink: /home/ubuntu/ros2_ws/install/champ/include/champ/macros/macros.h
[2.016s] -- Up-to-date symlink: /home/ubuntu/ros2_ws/install/champ/include/champ/odometry/odometry.h
[2.051s] -- Up-to-date symlink: /home/ubuntu/ros2_ws/install/champ/include/champ/quadruped_base/quadruped_base.h
[2.051s] -- Up-to-date symlink: /home/ubuntu/ros2_ws/install/champ/include/champ/quadruped_base/quadruped_components.h
[2.052s] -- Up-to-date symlink: /home/ubuntu/ros2_ws/install/champ/include/champ/quadruped_base/quadruped_joint.h
[2.053s] -- Up-to-date symlink: /home/ubuntu/ros2_ws/install/champ/include/champ/quadruped_base/quadruped_leg.h
[2.053s] -- Up-to-date symlink: /home/ubuntu/ros2_ws/install/champ/include/champ/utils/urdf_loader.h
[2.054s] -- Up-to-date symlink: /home/ubuntu/ros2_ws/install/champ/include/champ/utils/xmlrpc_helpers.h
[2.055s] -- Up-to-date symlink: /home/ubuntu/ros2_ws/install/champ/share/ament_index/resource_index/package_run_dependencies/champ
[2.056s] -- Up-to-date symlink: /home/ubuntu/ros2_ws/install/champ/share/ament_index/resource_index/parent_prefix_path/champ
[2.057s] -- Up-to-date symlink: /home/ubuntu/ros2_ws/install/champ/share/champ/environment/ament_prefix_path.sh
[2.058s] -- Up-to-date symlink: /home/ubuntu/ros2_ws/install/champ/share/champ/environment/ament_prefix_path.dsv
[2.075s] -- Up-to-date symlink: /home/ubuntu/ros2_ws/install/champ/share/champ/environment/path.sh
[2.076s] -- Up-to-date symlink: /home/ubuntu/ros2_ws/install/champ/share/champ/environment/path.dsv
[2.077s] -- Up-to-date symlink: /home/ubuntu/ros2_ws/install/champ/share/champ/local_setup.bash
[2.081s] -- Up-to-date symlink: /home/ubuntu/ros2_ws/install/champ/share/champ/local_setup.sh
[2.081s] -- Up-to-date symlink: /home/ubuntu/ros2_ws/install/champ/share/champ/local_setup.zsh
[2.082s] -- Up-to-date symlink: /home/ubuntu/ros2_ws/install/champ/share/champ/local_setup.dsv
[2.109s] -- Symlinking: /home/ubuntu/ros2_ws/install/champ/share/champ/package.dsv
[2.277s] -- Up-to-date symlink: /home/ubuntu/ros2_ws/install/champ/share/ament_index/resource_index/packages/champ
[2.279s] -- Up-to-date symlink: /home/ubuntu/ros2_ws/install/champ/share/champ/cmake/ament_cmake_export_include_directories-extras.cmake
[2.280s] -- Up-to-date symlink: /home/ubuntu/ros2_ws/install/champ/share/champ/cmake/champConfig.cmake
[2.282s] -- Up-to-date symlink: /home/ubuntu/ros2_ws/install/champ/share/champ/cmake/champConfig-version.cmake
[2.283s] -- Up-to-date symlink: /home/ubuntu/ros2_ws/install/champ/share/champ/package.xml
[2.301s] Invoked command in '/home/ubuntu/ros2_ws/build/champ' returned '0': CMAKE_PREFIX_PATH=${CMAKE_PREFIX_PATH}:/home/ubuntu/ros2_ws/install/go_pupper_srv:/home/ubuntu/ros2_ws/install/mini_pupper_music:/home/ubuntu/ros2_ws/install/mini_pupper_dance:/home/ubuntu/ros2_ws/install/mini_pupper_driver:/opt/ros/humble /usr/bin/cmake --install /home/ubuntu/ros2_ws/build/champ
