[12.419s] Invoking command in '/home/ubuntu/ros2_ws/src/mini_pupper_ros/mini_pupper_driver': PYTHONPATH=/home/ubuntu/ros2_ws/build/mini_pupper_driver/prefix_override:/home/ubuntu/ros2_ws/install/mini_pupper_driver/lib/python3.10/site-packages:${PYTHONPATH} /usr/bin/python3 -W ignore:setup.py install is deprecated setup.py egg_info --egg-base ../../../build/mini_pupper_driver build --build-base /home/ubuntu/ros2_ws/build/mini_pupper_driver/build install --record /home/ubuntu/ros2_ws/build/mini_pupper_driver/install.log --single-version-externally-managed install_data
[16.606s] running egg_info
[16.910s] writing ../../../build/mini_pupper_driver/mini_pupper_driver.egg-info/PKG-INFO
[16.915s] writing dependency_links to ../../../build/mini_pupper_driver/mini_pupper_driver.egg-info/dependency_links.txt
[16.918s] writing entry points to ../../../build/mini_pupper_driver/mini_pupper_driver.egg-info/entry_points.txt
[16.921s] writing requirements to ../../../build/mini_pupper_driver/mini_pupper_driver.egg-info/requires.txt
[16.923s] writing top-level names to ../../../build/mini_pupper_driver/mini_pupper_driver.egg-info/top_level.txt
[17.382s] reading manifest file '../../../build/mini_pupper_driver/mini_pupper_driver.egg-info/SOURCES.txt'
[17.389s] writing manifest file '../../../build/mini_pupper_driver/mini_pupper_driver.egg-info/SOURCES.txt'
[17.393s] running build
[17.394s] running build_py
[17.395s] copying mini_pupper_driver/__init__.py -> /home/ubuntu/ros2_ws/build/mini_pupper_driver/build/lib/mini_pupper_driver
[17.397s] copying mini_pupper_driver/imu_interface.py -> /home/ubuntu/ros2_ws/build/mini_pupper_driver/build/lib/mini_pupper_driver
[17.406s] copying mini_pupper_driver/display_interface.py -> /home/ubuntu/ros2_ws/build/mini_pupper_driver/build/lib/mini_pupper_driver
[17.414s] copying mini_pupper_driver/servo_interface.py -> /home/ubuntu/ros2_ws/build/mini_pupper_driver/build/lib/mini_pupper_driver
[17.419s] running install
[17.475s] running install_lib
[17.768s] running install_data
[17.769s] copying resource/mini_pupper_driver -> /home/ubuntu/ros2_ws/install/mini_pupper_driver/share/ament_index/resource_index/packages
[17.771s] copying package.xml -> /home/ubuntu/ros2_ws/install/mini_pupper_driver/share/mini_pupper_driver
[17.772s] copying launch/imu_interface.launch.py -> /home/ubuntu/ros2_ws/install/mini_pupper_driver/share/mini_pupper_driver/launch
[17.776s] copying launch/display_interface.launch.py -> /home/ubuntu/ros2_ws/install/mini_pupper_driver/share/mini_pupper_driver/launch
[17.797s] copying launch/servo_interface.launch.py -> /home/ubuntu/ros2_ws/install/mini_pupper_driver/share/mini_pupper_driver/launch
[17.807s] running install_egg_info
[18.090s] removing '/home/ubuntu/ros2_ws/install/mini_pupper_driver/lib/python3.10/site-packages/mini_pupper_driver-0.0.1-py3.10.egg-info' (and everything under it)
[18.096s] Copying ../../../build/mini_pupper_driver/mini_pupper_driver.egg-info to /home/ubuntu/ros2_ws/install/mini_pupper_driver/lib/python3.10/site-packages/mini_pupper_driver-0.0.1-py3.10.egg-info
[18.139s] running install_scripts
[20.172s] Installing display_interface script to /home/ubuntu/ros2_ws/install/mini_pupper_driver/lib/mini_pupper_driver
[20.175s] Installing imu_interface script to /home/ubuntu/ros2_ws/install/mini_pupper_driver/lib/mini_pupper_driver
[20.177s] Installing servo_interface script to /home/ubuntu/ros2_ws/install/mini_pupper_driver/lib/mini_pupper_driver
[20.179s] writing list of installed files to '/home/ubuntu/ros2_ws/build/mini_pupper_driver/install.log'
[20.459s] Invoked command in '/home/ubuntu/ros2_ws/src/mini_pupper_ros/mini_pupper_driver' returned '0': PYTHONPATH=/home/ubuntu/ros2_ws/build/mini_pupper_driver/prefix_override:/home/ubuntu/ros2_ws/install/mini_pupper_driver/lib/python3.10/site-packages:${PYTHONPATH} /usr/bin/python3 -W ignore:setup.py install is deprecated setup.py egg_info --egg-base ../../../build/mini_pupper_driver build --build-base /home/ubuntu/ros2_ws/build/mini_pupper_driver/build install --record /home/ubuntu/ros2_ws/build/mini_pupper_driver/install.log --single-version-externally-managed install_data
