[0.103s] Invoking command in '/home/ubuntu/ros2_ws/src/build/pupper_interfaces': CMAKE_PREFIX_PATH=${CMAKE_PREFIX_PATH}:/home/ubuntu/ros2_ws/install/go_pupper_srv:/home/ubuntu/ros2_ws/install/mini_pupper_music:/home/ubuntu/ros2_ws/install/mini_pupper_dance:/home/ubuntu/ros2_ws/install/mini_pupper_driver:/opt/ros/humble /usr/bin/cmake --build /home/ubuntu/ros2_ws/src/build/pupper_interfaces -- -j4 -l4
[0.786s] [35m[1mConsolidate compiler generated dependencies of target pupper_interfaces__rosidl_generator_c[0m
[0.826s] [  2%] Built target pupper_interfaces__cpp
[0.935s] [ 12%] Built target pupper_interfaces__rosidl_generator_c
[0.977s] [35m[1mConsolidate compiler generated dependencies of target pupper_interfaces__rosidl_typesupport_cpp[0m
[0.989s] [35m[1mConsolidate compiler generated dependencies of target pupper_interfaces__rosidl_typesupport_fastrtps_cpp[0m
[1.022s] [ 12%] Built target ament_cmake_python_copy_pupper_interfaces
[1.079s] [35m[1mConsolidate compiler generated dependencies of target pupper_interfaces__rosidl_typesupport_introspection_cpp[0m
[1.148s] [35m[1mConsolidate compiler generated dependencies of target pupper_interfaces__rosidl_typesupport_fastrtps_c[0m
[1.182s] [ 23%] Built target pupper_interfaces__rosidl_typesupport_cpp
[1.218s] [ 33%] Built target pupper_interfaces__rosidl_typesupport_fastrtps_cpp
[1.227s] [ 43%] Built target pupper_interfaces__rosidl_typesupport_introspection_cpp
[1.286s] [ 53%] Built target pupper_interfaces__rosidl_typesupport_fastrtps_c
[1.296s] [35m[1mConsolidate compiler generated dependencies of target pupper_interfaces__rosidl_typesupport_introspection_c[0m
[1.344s] [35m[1mConsolidate compiler generated dependencies of target pupper_interfaces__rosidl_typesupport_c[0m
[1.386s] [ 64%] Built target pupper_interfaces__rosidl_typesupport_introspection_c
[1.495s] [ 74%] Built target pupper_interfaces__rosidl_typesupport_c
[1.670s] [ 74%] Built target pupper_interfaces
[1.884s] [ 76%] Built target pupper_interfaces__py
[1.991s] [35m[1mConsolidate compiler generated dependencies of target pupper_interfaces__rosidl_generator_py[0m
[2.163s] [ 84%] Built target pupper_interfaces__rosidl_generator_py
[2.325s] [35m[1mConsolidate compiler generated dependencies of target pupper_interfaces__rosidl_typesupport_introspection_c__pyext[0m
[2.342s] [35m[1mConsolidate compiler generated dependencies of target pupper_interfaces__rosidl_typesupport_fastrtps_c__pyext[0m
[2.348s] [35m[1mConsolidate compiler generated dependencies of target pupper_interfaces__rosidl_typesupport_c__pyext[0m
[2.501s] [ 89%] Built target pupper_interfaces__rosidl_typesupport_c__pyext
[2.503s] [ 94%] Built target pupper_interfaces__rosidl_typesupport_introspection_c__pyext
[2.536s] [100%] Built target pupper_interfaces__rosidl_typesupport_fastrtps_c__pyext
[3.143s] running egg_info
[3.262s] writing pupper_interfaces.egg-info/PKG-INFO
[3.265s] writing dependency_links to pupper_interfaces.egg-info/dependency_links.txt
[3.267s] writing top-level names to pupper_interfaces.egg-info/top_level.txt
[3.631s] reading manifest file 'pupper_interfaces.egg-info/SOURCES.txt'
[3.635s] writing manifest file 'pupper_interfaces.egg-info/SOURCES.txt'
[3.848s] [100%] Built target ament_cmake_python_build_pupper_interfaces_egg
[3.918s] Invoked command in '/home/ubuntu/ros2_ws/src/build/pupper_interfaces' returned '0': CMAKE_PREFIX_PATH=${CMAKE_PREFIX_PATH}:/home/ubuntu/ros2_ws/install/go_pupper_srv:/home/ubuntu/ros2_ws/install/mini_pupper_music:/home/ubuntu/ros2_ws/install/mini_pupper_dance:/home/ubuntu/ros2_ws/install/mini_pupper_driver:/opt/ros/humble /usr/bin/cmake --build /home/ubuntu/ros2_ws/src/build/pupper_interfaces -- -j4 -l4
[4.773s] Invoking command in '/home/ubuntu/ros2_ws/src/build/pupper_interfaces': CMAKE_PREFIX_PATH=${CMAKE_PREFIX_PATH}:/home/ubuntu/ros2_ws/install/go_pupper_srv:/home/ubuntu/ros2_ws/install/mini_pupper_music:/home/ubuntu/ros2_ws/install/mini_pupper_dance:/home/ubuntu/ros2_ws/install/mini_pupper_driver:/opt/ros/humble /usr/bin/cmake --install /home/ubuntu/ros2_ws/src/build/pupper_interfaces
[4.852s] -- Install configuration: ""
[4.855s] -- Up-to-date: /home/ubuntu/ros2_ws/src/install/pupper_interfaces/share/ament_index/resource_index/rosidl_interfaces/pupper_interfaces
[4.855s] -- Up-to-date: /home/ubuntu/ros2_ws/src/install/pupper_interfaces/include/pupper_interfaces/pupper_interfaces
[4.856s] -- Up-to-date: /home/ubuntu/ros2_ws/src/install/pupper_interfaces/include/pupper_interfaces/pupper_interfaces/srv
[4.858s] -- Up-to-date: /home/ubuntu/ros2_ws/src/install/pupper_interfaces/include/pupper_interfaces/pupper_interfaces/srv/go_pupper.h
[4.858s] -- Up-to-date: /home/ubuntu/ros2_ws/src/install/pupper_interfaces/include/pupper_interfaces/pupper_interfaces/srv/detail
[4.860s] -- Up-to-date: /home/ubuntu/ros2_ws/src/install/pupper_interfaces/include/pupper_interfaces/pupper_interfaces/srv/detail/go_pupper__functions.h
[4.861s] -- Up-to-date: /home/ubuntu/ros2_ws/src/install/pupper_interfaces/include/pupper_interfaces/pupper_interfaces/srv/detail/go_pupper__functions.c
[4.862s] -- Up-to-date: /home/ubuntu/ros2_ws/src/install/pupper_interfaces/include/pupper_interfaces/pupper_interfaces/srv/detail/go_pupper__type_support.h
[4.863s] -- Up-to-date: /home/ubuntu/ros2_ws/src/install/pupper_interfaces/include/pupper_interfaces/pupper_interfaces/srv/detail/go_pupper__struct.h
[4.863s] -- Up-to-date: /home/ubuntu/ros2_ws/src/install/pupper_interfaces/include/pupper_interfaces/pupper_interfaces/msg
[4.864s] -- Up-to-date: /home/ubuntu/ros2_ws/src/install/pupper_interfaces/include/pupper_interfaces/pupper_interfaces/msg/command.h
[4.865s] -- Up-to-date: /home/ubuntu/ros2_ws/src/install/pupper_interfaces/include/pupper_interfaces/pupper_interfaces/msg/detail
[4.866s] -- Up-to-date: /home/ubuntu/ros2_ws/src/install/pupper_interfaces/include/pupper_interfaces/pupper_interfaces/msg/detail/command__struct.h
[4.866s] -- Up-to-date: /home/ubuntu/ros2_ws/src/install/pupper_interfaces/include/pupper_interfaces/pupper_interfaces/msg/detail/command__functions.c
[4.867s] -- Up-to-date: /home/ubuntu/ros2_ws/src/install/pupper_interfaces/include/pupper_interfaces/pupper_interfaces/msg/detail/command__functions.h
[4.868s] -- Up-to-date: /home/ubuntu/ros2_ws/src/install/pupper_interfaces/include/pupper_interfaces/pupper_interfaces/msg/detail/command__type_support.h
[4.869s] -- Up-to-date: /home/ubuntu/ros2_ws/src/install/pupper_interfaces/include/pupper_interfaces/pupper_interfaces/msg/rosidl_generator_c__visibility_control.h
[4.871s] -- Up-to-date: /home/ubuntu/ros2_ws/src/install/pupper_interfaces/share/pupper_interfaces/environment/library_path.sh
[4.873s] -- Up-to-date: /home/ubuntu/ros2_ws/src/install/pupper_interfaces/share/pupper_interfaces/environment/library_path.dsv
[4.874s] -- Up-to-date: /home/ubuntu/ros2_ws/src/install/pupper_interfaces/lib/libpupper_interfaces__rosidl_generator_c.so
[4.875s] -- Up-to-date: /home/ubuntu/ros2_ws/src/install/pupper_interfaces/include/pupper_interfaces/pupper_interfaces
[4.877s] -- Up-to-date: /home/ubuntu/ros2_ws/src/install/pupper_interfaces/include/pupper_interfaces/pupper_interfaces/srv
[4.883s] -- Up-to-date: /home/ubuntu/ros2_ws/src/install/pupper_interfaces/include/pupper_interfaces/pupper_interfaces/srv/detail
[4.885s] -- Up-to-date: /home/ubuntu/ros2_ws/src/install/pupper_interfaces/include/pupper_interfaces/pupper_interfaces/srv/detail/go_pupper__rosidl_typesupport_fastrtps_c.h
[4.887s] -- Up-to-date: /home/ubuntu/ros2_ws/src/install/pupper_interfaces/include/pupper_interfaces/pupper_interfaces/msg
[4.887s] -- Up-to-date: /home/ubuntu/ros2_ws/src/install/pupper_interfaces/include/pupper_interfaces/pupper_interfaces/msg/rosidl_typesupport_fastrtps_c__visibility_control.h
[4.888s] -- Up-to-date: /home/ubuntu/ros2_ws/src/install/pupper_interfaces/include/pupper_interfaces/pupper_interfaces/msg/detail
[4.888s] -- Up-to-date: /home/ubuntu/ros2_ws/src/install/pupper_interfaces/include/pupper_interfaces/pupper_interfaces/msg/detail/command__rosidl_typesupport_fastrtps_c.h
[4.889s] -- Up-to-date: /home/ubuntu/ros2_ws/src/install/pupper_interfaces/lib/libpupper_interfaces__rosidl_typesupport_fastrtps_c.so
[4.890s] -- Up-to-date: /home/ubuntu/ros2_ws/src/install/pupper_interfaces/include/pupper_interfaces/pupper_interfaces
[4.890s] -- Up-to-date: /home/ubuntu/ros2_ws/src/install/pupper_interfaces/include/pupper_interfaces/pupper_interfaces/srv
[4.891s] -- Up-to-date: /home/ubuntu/ros2_ws/src/install/pupper_interfaces/include/pupper_interfaces/pupper_interfaces/srv/detail
[4.891s] -- Up-to-date: /home/ubuntu/ros2_ws/src/install/pupper_interfaces/include/pupper_interfaces/pupper_interfaces/srv/detail/go_pupper__type_support.c
[4.892s] -- Up-to-date: /home/ubuntu/ros2_ws/src/install/pupper_interfaces/include/pupper_interfaces/pupper_interfaces/srv/detail/go_pupper__rosidl_typesupport_introspection_c.h
[4.892s] -- Up-to-date: /home/ubuntu/ros2_ws/src/install/pupper_interfaces/include/pupper_interfaces/pupper_interfaces/msg
[4.892s] -- Up-to-date: /home/ubuntu/ros2_ws/src/install/pupper_interfaces/include/pupper_interfaces/pupper_interfaces/msg/detail
[4.893s] -- Up-to-date: /home/ubuntu/ros2_ws/src/install/pupper_interfaces/include/pupper_interfaces/pupper_interfaces/msg/detail/command__rosidl_typesupport_introspection_c.h
[4.894s] -- Up-to-date: /home/ubuntu/ros2_ws/src/install/pupper_interfaces/include/pupper_interfaces/pupper_interfaces/msg/detail/command__type_support.c
[4.895s] -- Up-to-date: /home/ubuntu/ros2_ws/src/install/pupper_interfaces/include/pupper_interfaces/pupper_interfaces/msg/rosidl_typesupport_introspection_c__visibility_control.h
[4.896s] -- Up-to-date: /home/ubuntu/ros2_ws/src/install/pupper_interfaces/lib/libpupper_interfaces__rosidl_typesupport_introspection_c.so
[4.897s] -- Up-to-date: /home/ubuntu/ros2_ws/src/install/pupper_interfaces/lib/libpupper_interfaces__rosidl_typesupport_c.so
[4.898s] -- Up-to-date: /home/ubuntu/ros2_ws/src/install/pupper_interfaces/include/pupper_interfaces/pupper_interfaces
[4.899s] -- Up-to-date: /home/ubuntu/ros2_ws/src/install/pupper_interfaces/include/pupper_interfaces/pupper_interfaces/srv
[4.900s] -- Up-to-date: /home/ubuntu/ros2_ws/src/install/pupper_interfaces/include/pupper_interfaces/pupper_interfaces/srv/detail
[4.901s] -- Up-to-date: /home/ubuntu/ros2_ws/src/install/pupper_interfaces/include/pupper_interfaces/pupper_interfaces/srv/detail/go_pupper__builder.hpp
[4.902s] -- Up-to-date: /home/ubuntu/ros2_ws/src/install/pupper_interfaces/include/pupper_interfaces/pupper_interfaces/srv/detail/go_pupper__struct.hpp
[4.903s] -- Up-to-date: /home/ubuntu/ros2_ws/src/install/pupper_interfaces/include/pupper_interfaces/pupper_interfaces/srv/detail/go_pupper__traits.hpp
[4.904s] -- Up-to-date: /home/ubuntu/ros2_ws/src/install/pupper_interfaces/include/pupper_interfaces/pupper_interfaces/srv/go_pupper.hpp
[4.905s] -- Up-to-date: /home/ubuntu/ros2_ws/src/install/pupper_interfaces/include/pupper_interfaces/pupper_interfaces/msg
[4.905s] -- Up-to-date: /home/ubuntu/ros2_ws/src/install/pupper_interfaces/include/pupper_interfaces/pupper_interfaces/msg/command.hpp
[4.906s] -- Up-to-date: /home/ubuntu/ros2_ws/src/install/pupper_interfaces/include/pupper_interfaces/pupper_interfaces/msg/detail
[4.906s] -- Up-to-date: /home/ubuntu/ros2_ws/src/install/pupper_interfaces/include/pupper_interfaces/pupper_interfaces/msg/detail/command__builder.hpp
[4.907s] -- Up-to-date: /home/ubuntu/ros2_ws/src/install/pupper_interfaces/include/pupper_interfaces/pupper_interfaces/msg/detail/command__struct.hpp
[4.907s] -- Up-to-date: /home/ubuntu/ros2_ws/src/install/pupper_interfaces/include/pupper_interfaces/pupper_interfaces/msg/detail/command__traits.hpp
[4.907s] -- Up-to-date: /home/ubuntu/ros2_ws/src/install/pupper_interfaces/include/pupper_interfaces/pupper_interfaces
[4.908s] -- Up-to-date: /home/ubuntu/ros2_ws/src/install/pupper_interfaces/include/pupper_interfaces/pupper_interfaces/srv
[4.908s] -- Up-to-date: /home/ubuntu/ros2_ws/src/install/pupper_interfaces/include/pupper_interfaces/pupper_interfaces/srv/detail
[4.909s] -- Up-to-date: /home/ubuntu/ros2_ws/src/install/pupper_interfaces/include/pupper_interfaces/pupper_interfaces/srv/detail/dds_fastrtps
[4.909s] -- Up-to-date: /home/ubuntu/ros2_ws/src/install/pupper_interfaces/include/pupper_interfaces/pupper_interfaces/srv/detail/go_pupper__rosidl_typesupport_fastrtps_cpp.hpp
[4.909s] -- Up-to-date: /home/ubuntu/ros2_ws/src/install/pupper_interfaces/include/pupper_interfaces/pupper_interfaces/msg
[4.910s] -- Up-to-date: /home/ubuntu/ros2_ws/src/install/pupper_interfaces/include/pupper_interfaces/pupper_interfaces/msg/rosidl_typesupport_fastrtps_cpp__visibility_control.h
[4.910s] -- Up-to-date: /home/ubuntu/ros2_ws/src/install/pupper_interfaces/include/pupper_interfaces/pupper_interfaces/msg/detail
[4.911s] -- Up-to-date: /home/ubuntu/ros2_ws/src/install/pupper_interfaces/include/pupper_interfaces/pupper_interfaces/msg/detail/command__rosidl_typesupport_fastrtps_cpp.hpp
[4.911s] -- Up-to-date: /home/ubuntu/ros2_ws/src/install/pupper_interfaces/include/pupper_interfaces/pupper_interfaces/msg/detail/dds_fastrtps
[4.919s] -- Up-to-date: /home/ubuntu/ros2_ws/src/install/pupper_interfaces/lib/libpupper_interfaces__rosidl_typesupport_fastrtps_cpp.so
[4.919s] -- Up-to-date: /home/ubuntu/ros2_ws/src/install/pupper_interfaces/include/pupper_interfaces/pupper_interfaces
[4.920s] -- Up-to-date: /home/ubuntu/ros2_ws/src/install/pupper_interfaces/include/pupper_interfaces/pupper_interfaces/srv
[4.920s] -- Up-to-date: /home/ubuntu/ros2_ws/src/install/pupper_interfaces/include/pupper_interfaces/pupper_interfaces/srv/detail
[4.921s] -- Up-to-date: /home/ubuntu/ros2_ws/src/install/pupper_interfaces/include/pupper_interfaces/pupper_interfaces/srv/detail/go_pupper__type_support.cpp
[4.922s] -- Up-to-date: /home/ubuntu/ros2_ws/src/install/pupper_interfaces/include/pupper_interfaces/pupper_interfaces/srv/detail/go_pupper__rosidl_typesupport_introspection_cpp.hpp
[4.922s] -- Up-to-date: /home/ubuntu/ros2_ws/src/install/pupper_interfaces/include/pupper_interfaces/pupper_interfaces/msg
[4.923s] -- Up-to-date: /home/ubuntu/ros2_ws/src/install/pupper_interfaces/include/pupper_interfaces/pupper_interfaces/msg/detail
[4.923s] -- Up-to-date: /home/ubuntu/ros2_ws/src/install/pupper_interfaces/include/pupper_interfaces/pupper_interfaces/msg/detail/command__rosidl_typesupport_introspection_cpp.hpp
[4.923s] -- Up-to-date: /home/ubuntu/ros2_ws/src/install/pupper_interfaces/include/pupper_interfaces/pupper_interfaces/msg/detail/command__type_support.cpp
[4.926s] -- Up-to-date: /home/ubuntu/ros2_ws/src/install/pupper_interfaces/lib/libpupper_interfaces__rosidl_typesupport_introspection_cpp.so
[4.930s] -- Up-to-date: /home/ubuntu/ros2_ws/src/install/pupper_interfaces/lib/libpupper_interfaces__rosidl_typesupport_cpp.so
[4.931s] -- Up-to-date: /home/ubuntu/ros2_ws/src/install/pupper_interfaces/share/pupper_interfaces/environment/pythonpath.sh
[4.932s] -- Up-to-date: /home/ubuntu/ros2_ws/src/install/pupper_interfaces/share/pupper_interfaces/environment/pythonpath.dsv
[4.932s] -- Up-to-date: /home/ubuntu/ros2_ws/src/install/pupper_interfaces/local/lib/python3.10/dist-packages/pupper_interfaces-0.0.0-py3.10.egg-info
[4.933s] -- Installing: /home/ubuntu/ros2_ws/src/install/pupper_interfaces/local/lib/python3.10/dist-packages/pupper_interfaces-0.0.0-py3.10.egg-info/SOURCES.txt
[4.934s] -- Installing: /home/ubuntu/ros2_ws/src/install/pupper_interfaces/local/lib/python3.10/dist-packages/pupper_interfaces-0.0.0-py3.10.egg-info/dependency_links.txt
[4.936s] -- Installing: /home/ubuntu/ros2_ws/src/install/pupper_interfaces/local/lib/python3.10/dist-packages/pupper_interfaces-0.0.0-py3.10.egg-info/PKG-INFO
[4.937s] -- Installing: /home/ubuntu/ros2_ws/src/install/pupper_interfaces/local/lib/python3.10/dist-packages/pupper_interfaces-0.0.0-py3.10.egg-info/top_level.txt
[4.939s] -- Up-to-date: /home/ubuntu/ros2_ws/src/install/pupper_interfaces/local/lib/python3.10/dist-packages/pupper_interfaces
[4.939s] -- Up-to-date: /home/ubuntu/ros2_ws/src/install/pupper_interfaces/local/lib/python3.10/dist-packages/pupper_interfaces/__init__.py
[4.940s] -- Up-to-date: /home/ubuntu/ros2_ws/src/install/pupper_interfaces/local/lib/python3.10/dist-packages/pupper_interfaces/_pupper_interfaces_s.ep.rosidl_typesupport_fastrtps_c.c
[4.940s] -- Up-to-date: /home/ubuntu/ros2_ws/src/install/pupper_interfaces/local/lib/python3.10/dist-packages/pupper_interfaces/_pupper_interfaces_s.ep.rosidl_typesupport_c.c
[4.941s] -- Up-to-date: /home/ubuntu/ros2_ws/src/install/pupper_interfaces/local/lib/python3.10/dist-packages/pupper_interfaces/_pupper_interfaces_s.ep.rosidl_typesupport_introspection_c.c
[4.941s] -- Up-to-date: /home/ubuntu/ros2_ws/src/install/pupper_interfaces/local/lib/python3.10/dist-packages/pupper_interfaces/libpupper_interfaces__rosidl_generator_py.so
[4.942s] -- Up-to-date: /home/ubuntu/ros2_ws/src/install/pupper_interfaces/local/lib/python3.10/dist-packages/pupper_interfaces/pupper_interfaces_s__rosidl_typesupport_introspection_c.cpython-310-aarch64-linux-gnu.so
[4.942s] -- Up-to-date: /home/ubuntu/ros2_ws/src/install/pupper_interfaces/local/lib/python3.10/dist-packages/pupper_interfaces/srv
[4.943s] -- Up-to-date: /home/ubuntu/ros2_ws/src/install/pupper_interfaces/local/lib/python3.10/dist-packages/pupper_interfaces/srv/__init__.py
[4.943s] -- Up-to-date: /home/ubuntu/ros2_ws/src/install/pupper_interfaces/local/lib/python3.10/dist-packages/pupper_interfaces/srv/_go_pupper.py
[4.944s] -- Up-to-date: /home/ubuntu/ros2_ws/src/install/pupper_interfaces/local/lib/python3.10/dist-packages/pupper_interfaces/srv/_go_pupper_s.c
[4.944s] -- Up-to-date: /home/ubuntu/ros2_ws/src/install/pupper_interfaces/local/lib/python3.10/dist-packages/pupper_interfaces/pupper_interfaces_s__rosidl_typesupport_c.cpython-310-aarch64-linux-gnu.so
[4.944s] -- Up-to-date: /home/ubuntu/ros2_ws/src/install/pupper_interfaces/local/lib/python3.10/dist-packages/pupper_interfaces/pupper_interfaces_s__rosidl_typesupport_fastrtps_c.cpython-310-aarch64-linux-gnu.so
[4.945s] -- Up-to-date: /home/ubuntu/ros2_ws/src/install/pupper_interfaces/local/lib/python3.10/dist-packages/pupper_interfaces/msg
[4.945s] -- Up-to-date: /home/ubuntu/ros2_ws/src/install/pupper_interfaces/local/lib/python3.10/dist-packages/pupper_interfaces/msg/__init__.py
[4.946s] -- Up-to-date: /home/ubuntu/ros2_ws/src/install/pupper_interfaces/local/lib/python3.10/dist-packages/pupper_interfaces/msg/_command.py
[4.946s] -- Up-to-date: /home/ubuntu/ros2_ws/src/install/pupper_interfaces/local/lib/python3.10/dist-packages/pupper_interfaces/msg/_command_s.c
[5.231s] Listing '/home/ubuntu/ros2_ws/src/install/pupper_interfaces/local/lib/python3.10/dist-packages/pupper_interfaces'...
[5.233s] Listing '/home/ubuntu/ros2_ws/src/install/pupper_interfaces/local/lib/python3.10/dist-packages/pupper_interfaces/msg'...
[5.234s] Listing '/home/ubuntu/ros2_ws/src/install/pupper_interfaces/local/lib/python3.10/dist-packages/pupper_interfaces/srv'...
[5.260s] -- Up-to-date: /home/ubuntu/ros2_ws/src/install/pupper_interfaces/local/lib/python3.10/dist-packages/pupper_interfaces/pupper_interfaces_s__rosidl_typesupport_fastrtps_c.cpython-310-aarch64-linux-gnu.so
[5.264s] -- Up-to-date: /home/ubuntu/ros2_ws/src/install/pupper_interfaces/local/lib/python3.10/dist-packages/pupper_interfaces/pupper_interfaces_s__rosidl_typesupport_introspection_c.cpython-310-aarch64-linux-gnu.so
[5.268s] -- Up-to-date: /home/ubuntu/ros2_ws/src/install/pupper_interfaces/local/lib/python3.10/dist-packages/pupper_interfaces/pupper_interfaces_s__rosidl_typesupport_c.cpython-310-aarch64-linux-gnu.so
[5.273s] -- Up-to-date: /home/ubuntu/ros2_ws/src/install/pupper_interfaces/lib/libpupper_interfaces__rosidl_generator_py.so
[5.274s] -- Up-to-date: /home/ubuntu/ros2_ws/src/install/pupper_interfaces/share/pupper_interfaces/msg/Command.idl
[5.275s] -- Up-to-date: /home/ubuntu/ros2_ws/src/install/pupper_interfaces/share/pupper_interfaces/srv/GoPupper.idl
[5.279s] -- Up-to-date: /home/ubuntu/ros2_ws/src/install/pupper_interfaces/share/pupper_interfaces/msg/Command.msg
[5.280s] -- Up-to-date: /home/ubuntu/ros2_ws/src/install/pupper_interfaces/share/pupper_interfaces/srv/GoPupper.srv
[5.282s] -- Up-to-date: /home/ubuntu/ros2_ws/src/install/pupper_interfaces/share/pupper_interfaces/srv/GoPupper_Request.msg
[5.283s] -- Up-to-date: /home/ubuntu/ros2_ws/src/install/pupper_interfaces/share/pupper_interfaces/srv/GoPupper_Response.msg
[5.287s] -- Up-to-date: /home/ubuntu/ros2_ws/src/install/pupper_interfaces/share/ament_index/resource_index/package_run_dependencies/pupper_interfaces
[5.291s] -- Up-to-date: /home/ubuntu/ros2_ws/src/install/pupper_interfaces/share/ament_index/resource_index/parent_prefix_path/pupper_interfaces
[5.295s] -- Up-to-date: /home/ubuntu/ros2_ws/src/install/pupper_interfaces/share/pupper_interfaces/environment/ament_prefix_path.sh
[5.296s] -- Up-to-date: /home/ubuntu/ros2_ws/src/install/pupper_interfaces/share/pupper_interfaces/environment/ament_prefix_path.dsv
[5.297s] -- Up-to-date: /home/ubuntu/ros2_ws/src/install/pupper_interfaces/share/pupper_interfaces/environment/path.sh
[5.298s] -- Up-to-date: /home/ubuntu/ros2_ws/src/install/pupper_interfaces/share/pupper_interfaces/environment/path.dsv
[5.299s] -- Up-to-date: /home/ubuntu/ros2_ws/src/install/pupper_interfaces/share/pupper_interfaces/local_setup.bash
[5.300s] -- Up-to-date: /home/ubuntu/ros2_ws/src/install/pupper_interfaces/share/pupper_interfaces/local_setup.sh
[5.301s] -- Up-to-date: /home/ubuntu/ros2_ws/src/install/pupper_interfaces/share/pupper_interfaces/local_setup.zsh
[5.302s] -- Up-to-date: /home/ubuntu/ros2_ws/src/install/pupper_interfaces/share/pupper_interfaces/local_setup.dsv
[5.303s] -- Installing: /home/ubuntu/ros2_ws/src/install/pupper_interfaces/share/pupper_interfaces/package.dsv
[5.304s] -- Up-to-date: /home/ubuntu/ros2_ws/src/install/pupper_interfaces/share/ament_index/resource_index/packages/pupper_interfaces
[5.306s] -- Up-to-date: /home/ubuntu/ros2_ws/src/install/pupper_interfaces/share/pupper_interfaces/cmake/export_pupper_interfaces__rosidl_generator_cExport.cmake
[5.308s] -- Up-to-date: /home/ubuntu/ros2_ws/src/install/pupper_interfaces/share/pupper_interfaces/cmake/export_pupper_interfaces__rosidl_generator_cExport-noconfig.cmake
[5.316s] -- Up-to-date: /home/ubuntu/ros2_ws/src/install/pupper_interfaces/share/pupper_interfaces/cmake/export_pupper_interfaces__rosidl_typesupport_fastrtps_cExport.cmake
[5.317s] -- Up-to-date: /home/ubuntu/ros2_ws/src/install/pupper_interfaces/share/pupper_interfaces/cmake/export_pupper_interfaces__rosidl_typesupport_fastrtps_cExport-noconfig.cmake
[5.323s] -- Up-to-date: /home/ubuntu/ros2_ws/src/install/pupper_interfaces/share/pupper_interfaces/cmake/pupper_interfaces__rosidl_typesupport_introspection_cExport.cmake
[5.323s] -- Up-to-date: /home/ubuntu/ros2_ws/src/install/pupper_interfaces/share/pupper_interfaces/cmake/pupper_interfaces__rosidl_typesupport_introspection_cExport-noconfig.cmake
[5.326s] -- Up-to-date: /home/ubuntu/ros2_ws/src/install/pupper_interfaces/share/pupper_interfaces/cmake/pupper_interfaces__rosidl_typesupport_cExport.cmake
[5.326s] -- Up-to-date: /home/ubuntu/ros2_ws/src/install/pupper_interfaces/share/pupper_interfaces/cmake/pupper_interfaces__rosidl_typesupport_cExport-noconfig.cmake
[5.328s] -- Up-to-date: /home/ubuntu/ros2_ws/src/install/pupper_interfaces/share/pupper_interfaces/cmake/export_pupper_interfaces__rosidl_generator_cppExport.cmake
[5.330s] -- Up-to-date: /home/ubuntu/ros2_ws/src/install/pupper_interfaces/share/pupper_interfaces/cmake/export_pupper_interfaces__rosidl_typesupport_fastrtps_cppExport.cmake
[5.331s] -- Up-to-date: /home/ubuntu/ros2_ws/src/install/pupper_interfaces/share/pupper_interfaces/cmake/export_pupper_interfaces__rosidl_typesupport_fastrtps_cppExport-noconfig.cmake
[5.333s] -- Up-to-date: /home/ubuntu/ros2_ws/src/install/pupper_interfaces/share/pupper_interfaces/cmake/pupper_interfaces__rosidl_typesupport_introspection_cppExport.cmake
[5.334s] -- Up-to-date: /home/ubuntu/ros2_ws/src/install/pupper_interfaces/share/pupper_interfaces/cmake/pupper_interfaces__rosidl_typesupport_introspection_cppExport-noconfig.cmake
[5.336s] -- Up-to-date: /home/ubuntu/ros2_ws/src/install/pupper_interfaces/share/pupper_interfaces/cmake/pupper_interfaces__rosidl_typesupport_cppExport.cmake
[5.337s] -- Up-to-date: /home/ubuntu/ros2_ws/src/install/pupper_interfaces/share/pupper_interfaces/cmake/pupper_interfaces__rosidl_typesupport_cppExport-noconfig.cmake
[5.339s] -- Up-to-date: /home/ubuntu/ros2_ws/src/install/pupper_interfaces/share/pupper_interfaces/cmake/export_pupper_interfaces__rosidl_generator_pyExport.cmake
[5.339s] -- Up-to-date: /home/ubuntu/ros2_ws/src/install/pupper_interfaces/share/pupper_interfaces/cmake/export_pupper_interfaces__rosidl_generator_pyExport-noconfig.cmake
[5.340s] -- Up-to-date: /home/ubuntu/ros2_ws/src/install/pupper_interfaces/share/pupper_interfaces/cmake/rosidl_cmake-extras.cmake
[5.341s] -- Up-to-date: /home/ubuntu/ros2_ws/src/install/pupper_interfaces/share/pupper_interfaces/cmake/ament_cmake_export_dependencies-extras.cmake
[5.341s] -- Up-to-date: /home/ubuntu/ros2_ws/src/install/pupper_interfaces/share/pupper_interfaces/cmake/ament_cmake_export_include_directories-extras.cmake
[5.342s] -- Up-to-date: /home/ubuntu/ros2_ws/src/install/pupper_interfaces/share/pupper_interfaces/cmake/ament_cmake_export_libraries-extras.cmake
[5.343s] -- Up-to-date: /home/ubuntu/ros2_ws/src/install/pupper_interfaces/share/pupper_interfaces/cmake/ament_cmake_export_targets-extras.cmake
[5.344s] -- Up-to-date: /home/ubuntu/ros2_ws/src/install/pupper_interfaces/share/pupper_interfaces/cmake/rosidl_cmake_export_typesupport_targets-extras.cmake
[5.344s] -- Up-to-date: /home/ubuntu/ros2_ws/src/install/pupper_interfaces/share/pupper_interfaces/cmake/rosidl_cmake_export_typesupport_libraries-extras.cmake
[5.345s] -- Up-to-date: /home/ubuntu/ros2_ws/src/install/pupper_interfaces/share/pupper_interfaces/cmake/pupper_interfacesConfig.cmake
[5.345s] -- Up-to-date: /home/ubuntu/ros2_ws/src/install/pupper_interfaces/share/pupper_interfaces/cmake/pupper_interfacesConfig-version.cmake
[5.346s] -- Up-to-date: /home/ubuntu/ros2_ws/src/install/pupper_interfaces/share/pupper_interfaces/package.xml
[5.354s] Invoked command in '/home/ubuntu/ros2_ws/src/build/pupper_interfaces' returned '0': CMAKE_PREFIX_PATH=${CMAKE_PREFIX_PATH}:/home/ubuntu/ros2_ws/install/go_pupper_srv:/home/ubuntu/ros2_ws/install/mini_pupper_music:/home/ubuntu/ros2_ws/install/mini_pupper_dance:/home/ubuntu/ros2_ws/install/mini_pupper_driver:/opt/ros/humble /usr/bin/cmake --install /home/ubuntu/ros2_ws/src/build/pupper_interfaces
