[9.864s] Invoking command in '/home/ubuntu/ros2_ws/build/mini_pupper_music': PYTHONPATH=/home/ubuntu/ros2_ws/build/mini_pupper_music/prefix_override:/home/ubuntu/ros2_ws/install/mini_pupper_music/lib/python3.10/site-packages:${PYTHONPATH} /usr/bin/python3 -W ignore:setup.py install is deprecated setup.py develop --uninstall --editable --build-directory /home/ubuntu/ros2_ws/build/mini_pupper_music/build
[13.981s] running develop
[16.812s] Removing /home/ubuntu/ros2_ws/install/mini_pupper_music/lib/python3.10/site-packages/mini-pupper-music.egg-link (link to .)
[18.404s] Invoked command in '/home/ubuntu/ros2_ws/build/mini_pupper_music' returned '0': PYTHONPATH=/home/ubuntu/ros2_ws/build/mini_pupper_music/prefix_override:/home/ubuntu/ros2_ws/install/mini_pupper_music/lib/python3.10/site-packages:${PYTHONPATH} /usr/bin/python3 -W ignore:setup.py install is deprecated setup.py develop --uninstall --editable --build-directory /home/ubuntu/ros2_ws/build/mini_pupper_music/build
[18.410s] Invoking command in '/home/ubuntu/ros2_ws/src/mini_pupper_ros/mini_pupper_music': PYTHONPATH=/home/ubuntu/ros2_ws/build/mini_pupper_music/prefix_override:/home/ubuntu/ros2_ws/install/mini_pupper_music/lib/python3.10/site-packages:${PYTHONPATH} /usr/bin/python3 -W ignore:setup.py install is deprecated setup.py egg_info --egg-base ../../../build/mini_pupper_music build --build-base /home/ubuntu/ros2_ws/build/mini_pupper_music/build install --record /home/ubuntu/ros2_ws/build/mini_pupper_music/install.log --single-version-externally-managed install_data --force
[21.087s] running egg_info
[21.092s] writing ../../../build/mini_pupper_music/mini_pupper_music.egg-info/PKG-INFO
[21.095s] writing dependency_links to ../../../build/mini_pupper_music/mini_pupper_music.egg-info/dependency_links.txt
[21.097s] writing entry points to ../../../build/mini_pupper_music/mini_pupper_music.egg-info/entry_points.txt
[21.098s] writing requirements to ../../../build/mini_pupper_music/mini_pupper_music.egg-info/requires.txt
[21.099s] writing top-level names to ../../../build/mini_pupper_music/mini_pupper_music.egg-info/top_level.txt
[21.112s] reading manifest file '../../../build/mini_pupper_music/mini_pupper_music.egg-info/SOURCES.txt'
[21.125s] writing manifest file '../../../build/mini_pupper_music/mini_pupper_music.egg-info/SOURCES.txt'
[21.126s] running build
[21.127s] running build_py
[21.128s] creating /home/ubuntu/ros2_ws/build/mini_pupper_music/build
[21.128s] creating /home/ubuntu/ros2_ws/build/mini_pupper_music/build/lib
[21.129s] creating /home/ubuntu/ros2_ws/build/mini_pupper_music/build/lib/mini_pupper_music
[21.129s] copying mini_pupper_music/__init__.py -> /home/ubuntu/ros2_ws/build/mini_pupper_music/build/lib/mini_pupper_music
[21.147s] copying mini_pupper_music/music_player.py -> /home/ubuntu/ros2_ws/build/mini_pupper_music/build/lib/mini_pupper_music
[21.147s] copying mini_pupper_music/music_server.py -> /home/ubuntu/ros2_ws/build/mini_pupper_music/build/lib/mini_pupper_music
[21.148s] running install
[21.148s] running install_lib
[21.150s] creating /home/ubuntu/ros2_ws/install/mini_pupper_music/lib/python3.10/site-packages/mini_pupper_music
[21.152s] copying /home/ubuntu/ros2_ws/build/mini_pupper_music/build/lib/mini_pupper_music/__init__.py -> /home/ubuntu/ros2_ws/install/mini_pupper_music/lib/python3.10/site-packages/mini_pupper_music
[21.159s] copying /home/ubuntu/ros2_ws/build/mini_pupper_music/build/lib/mini_pupper_music/music_player.py -> /home/ubuntu/ros2_ws/install/mini_pupper_music/lib/python3.10/site-packages/mini_pupper_music
[21.160s] copying /home/ubuntu/ros2_ws/build/mini_pupper_music/build/lib/mini_pupper_music/music_server.py -> /home/ubuntu/ros2_ws/install/mini_pupper_music/lib/python3.10/site-packages/mini_pupper_music
[21.161s] byte-compiling /home/ubuntu/ros2_ws/install/mini_pupper_music/lib/python3.10/site-packages/mini_pupper_music/__init__.py to __init__.cpython-310.pyc
[21.163s] byte-compiling /home/ubuntu/ros2_ws/install/mini_pupper_music/lib/python3.10/site-packages/mini_pupper_music/music_player.py to music_player.cpython-310.pyc
[21.167s] byte-compiling /home/ubuntu/ros2_ws/install/mini_pupper_music/lib/python3.10/site-packages/mini_pupper_music/music_server.py to music_server.cpython-310.pyc
[21.170s] running install_data
[21.171s] copying resource/mini_pupper_music -> /home/ubuntu/ros2_ws/install/mini_pupper_music/share/ament_index/resource_index/packages
[21.174s] copying package.xml -> /home/ubuntu/ros2_ws/install/mini_pupper_music/share/mini_pupper_music
[21.175s] copying resource/mini_pupper_music -> /home/ubuntu/ros2_ws/install/mini_pupper_music/share/mini_pupper_music/resource
[21.178s] copying resource/robot1.wav -> /home/ubuntu/ros2_ws/install/mini_pupper_music/share/mini_pupper_music/resource
[21.302s] copying resource/robot1.mp3 -> /home/ubuntu/ros2_ws/install/mini_pupper_music/share/mini_pupper_music/resource
[21.331s] copying launch/music.launch.py -> /home/ubuntu/ros2_ws/install/mini_pupper_music/share/mini_pupper_music
[21.338s] running install_egg_info
[21.365s] Copying ../../../build/mini_pupper_music/mini_pupper_music.egg-info to /home/ubuntu/ros2_ws/install/mini_pupper_music/lib/python3.10/site-packages/mini_pupper_music-1.0.0-py3.10.egg-info
[21.391s] running install_scripts
[21.604s] Installing service script to /home/ubuntu/ros2_ws/install/mini_pupper_music/lib/mini_pupper_music
[21.607s] writing list of installed files to '/home/ubuntu/ros2_ws/build/mini_pupper_music/install.log'
[21.948s] Invoked command in '/home/ubuntu/ros2_ws/src/mini_pupper_ros/mini_pupper_music' returned '0': PYTHONPATH=/home/ubuntu/ros2_ws/build/mini_pupper_music/prefix_override:/home/ubuntu/ros2_ws/install/mini_pupper_music/lib/python3.10/site-packages:${PYTHONPATH} /usr/bin/python3 -W ignore:setup.py install is deprecated setup.py egg_info --egg-base ../../../build/mini_pupper_music build --build-base /home/ubuntu/ros2_ws/build/mini_pupper_music/build install --record /home/ubuntu/ros2_ws/build/mini_pupper_music/install.log --single-version-externally-managed install_data --force
