[18.176s] Invoking command in '/home/ubuntu/ros2_ws/src/go_pupper_srv': PYTHONPATH=/home/ubuntu/ros2_ws/build/go_pupper_srv/prefix_override:/home/ubuntu/ros2_ws/install/go_pupper_srv/lib/python3.10/site-packages:${PYTHONPATH} /usr/bin/python3 -W ignore:setup.py install is deprecated setup.py egg_info --egg-base ../../build/go_pupper_srv build --build-base /home/ubuntu/ros2_ws/build/go_pupper_srv/build install --record /home/ubuntu/ros2_ws/build/go_pupper_srv/install.log --single-version-externally-managed install_data
[25.844s] running egg_info
[25.871s] writing ../../build/go_pupper_srv/go_pupper_srv.egg-info/PKG-INFO
[25.875s] writing dependency_links to ../../build/go_pupper_srv/go_pupper_srv.egg-info/dependency_links.txt
[25.880s] writing entry points to ../../build/go_pupper_srv/go_pupper_srv.egg-info/entry_points.txt
[25.899s] writing requirements to ../../build/go_pupper_srv/go_pupper_srv.egg-info/requires.txt
[25.900s] writing top-level names to ../../build/go_pupper_srv/go_pupper_srv.egg-info/top_level.txt
[25.910s] reading manifest file '../../build/go_pupper_srv/go_pupper_srv.egg-info/SOURCES.txt'
[25.925s] adding license file 'LICENSE'
[25.929s] writing manifest file '../../build/go_pupper_srv/go_pupper_srv.egg-info/SOURCES.txt'
[25.930s] running build
[25.934s] running build_py
[25.939s] copying go_pupper_srv/task2.py -> /home/ubuntu/ros2_ws/build/go_pupper_srv/build/lib/go_pupper_srv
[25.951s] running install
[25.958s] running install_lib
[25.959s] copying /home/ubuntu/ros2_ws/build/go_pupper_srv/build/lib/go_pupper_srv/task2.py -> /home/ubuntu/ros2_ws/install/go_pupper_srv/lib/python3.10/site-packages/go_pupper_srv
[25.977s] byte-compiling /home/ubuntu/ros2_ws/install/go_pupper_srv/lib/python3.10/site-packages/go_pupper_srv/task2.py to task2.cpython-310.pyc
[26.008s] running install_data
[26.009s] running install_egg_info
[26.019s] removing '/home/ubuntu/ros2_ws/install/go_pupper_srv/lib/python3.10/site-packages/go_pupper_srv-0.0.0-py3.10.egg-info' (and everything under it)
[26.026s] Copying ../../build/go_pupper_srv/go_pupper_srv.egg-info to /home/ubuntu/ros2_ws/install/go_pupper_srv/lib/python3.10/site-packages/go_pupper_srv-0.0.0-py3.10.egg-info
[26.032s] running install_scripts
[26.303s] Installing audio script to /home/ubuntu/ros2_ws/install/go_pupper_srv/lib/go_pupper_srv
[26.305s] Installing client script to /home/ubuntu/ros2_ws/install/go_pupper_srv/lib/go_pupper_srv
[26.309s] Installing salsa script to /home/ubuntu/ros2_ws/install/go_pupper_srv/lib/go_pupper_srv
[26.311s] Installing service script to /home/ubuntu/ros2_ws/install/go_pupper_srv/lib/go_pupper_srv
[26.314s] Installing task2 script to /home/ubuntu/ros2_ws/install/go_pupper_srv/lib/go_pupper_srv
[26.320s] writing list of installed files to '/home/ubuntu/ros2_ws/build/go_pupper_srv/install.log'
[26.771s] Invoked command in '/home/ubuntu/ros2_ws/src/go_pupper_srv' returned '0': PYTHONPATH=/home/ubuntu/ros2_ws/build/go_pupper_srv/prefix_override:/home/ubuntu/ros2_ws/install/go_pupper_srv/lib/python3.10/site-packages:${PYTHONPATH} /usr/bin/python3 -W ignore:setup.py install is deprecated setup.py egg_info --egg-base ../../build/go_pupper_srv build --build-base /home/ubuntu/ros2_ws/build/go_pupper_srv/build install --record /home/ubuntu/ros2_ws/build/go_pupper_srv/install.log --single-version-externally-managed install_data
