[0.174s] Invoking command in '/home/ubuntu/ros2_ws/build/champ_description': CMAKE_PREFIX_PATH=${CMAKE_PREFIX_PATH}:/home/ubuntu/ros2_ws/install/go_pupper_srv:/home/ubuntu/ros2_ws/install/mini_pupper_music:/home/ubuntu/ros2_ws/install/mini_pupper_dance:/home/ubuntu/ros2_ws/install/mini_pupper_driver:/opt/ros/humble /usr/bin/cmake --build /home/ubuntu/ros2_ws/build/champ_description -- -j4 -l4
[0.567s] Invoked command in '/home/ubuntu/ros2_ws/build/champ_description' returned '0': CMAKE_PREFIX_PATH=${CMAKE_PREFIX_PATH}:/home/ubuntu/ros2_ws/install/go_pupper_srv:/home/ubuntu/ros2_ws/install/mini_pupper_music:/home/ubuntu/ros2_ws/install/mini_pupper_dance:/home/ubuntu/ros2_ws/install/mini_pupper_driver:/opt/ros/humble /usr/bin/cmake --build /home/ubuntu/ros2_ws/build/champ_description -- -j4 -l4
[1.331s] Invoking command in '/home/ubuntu/ros2_ws/build/champ_description': CMAKE_PREFIX_PATH=${CMAKE_PREFIX_PATH}:/home/ubuntu/ros2_ws/install/go_pupper_srv:/home/ubuntu/ros2_ws/install/mini_pupper_music:/home/ubuntu/ros2_ws/install/mini_pupper_dance:/home/ubuntu/ros2_ws/install/mini_pupper_driver:/opt/ros/humble /usr/bin/cmake --install /home/ubuntu/ros2_ws/build/champ_description
[1.455s] -- Install configuration: ""
[1.464s] -- Execute custom install script
[1.485s] -- Up-to-date symlink: /home/ubuntu/ros2_ws/install/champ_description/share/champ_description/launch/description.launch
[1.486s] -- Up-to-date symlink: /home/ubuntu/ros2_ws/install/champ_description/share/champ_description/launch/description.launch.py
[1.487s] -- Up-to-date symlink: /home/ubuntu/ros2_ws/install/champ_description/share/champ_description/launch/view_urdf.launch
[1.489s] -- Up-to-date symlink: /home/ubuntu/ros2_ws/install/champ_description/share/champ_description/rviz/urdf_viewer.rviz
[1.493s] -- Up-to-date symlink: /home/ubuntu/ros2_ws/install/champ_description/share/champ_description/meshes/arm/base.stl
[1.495s] -- Up-to-date symlink: /home/ubuntu/ros2_ws/install/champ_description/share/champ_description/meshes/arm/lower_arm.stl
[1.496s] -- Up-to-date symlink: /home/ubuntu/ros2_ws/install/champ_description/share/champ_description/meshes/arm/upper_arm.stl
[1.497s] -- Up-to-date symlink: /home/ubuntu/ros2_ws/install/champ_description/share/champ_description/meshes/arm/wrist1.stl
[1.508s] -- Up-to-date symlink: /home/ubuntu/ros2_ws/install/champ_description/share/champ_description/meshes/arm/wrist2.stl
[1.508s] -- Up-to-date symlink: /home/ubuntu/ros2_ws/install/champ_description/share/champ_description/meshes/asus_camera_simple.dae
[1.510s] -- Up-to-date symlink: /home/ubuntu/ros2_ws/install/champ_description/share/champ_description/meshes/base.stl
[1.521s] -- Up-to-date symlink: /home/ubuntu/ros2_ws/install/champ_description/share/champ_description/meshes/base_simple.stl
[1.523s] -- Up-to-date symlink: /home/ubuntu/ros2_ws/install/champ_description/share/champ_description/meshes/hip.stl
[1.523s] -- Up-to-date symlink: /home/ubuntu/ros2_ws/install/champ_description/share/champ_description/meshes/hokuyo_utm_30lx.dae
[1.546s] -- Up-to-date symlink: /home/ubuntu/ros2_ws/install/champ_description/share/champ_description/meshes/lower_leg.stl
[1.546s] -- Up-to-date symlink: /home/ubuntu/ros2_ws/install/champ_description/share/champ_description/meshes/lower_leg_simple.stl
[1.547s] -- Up-to-date symlink: /home/ubuntu/ros2_ws/install/champ_description/share/champ_description/meshes/upper_leg.stl
[1.548s] -- Up-to-date symlink: /home/ubuntu/ros2_ws/install/champ_description/share/champ_description/meshes/upper_leg_simple.stl
[1.564s] -- Up-to-date symlink: /home/ubuntu/ros2_ws/install/champ_description/share/champ_description/urdf/accessories.urdf.xacro
[1.581s] -- Up-to-date symlink: /home/ubuntu/ros2_ws/install/champ_description/share/champ_description/urdf/asus_camera.urdf.xacro
[1.586s] -- Up-to-date symlink: /home/ubuntu/ros2_ws/install/champ_description/share/champ_description/urdf/champ.urdf
[1.590s] -- Up-to-date symlink: /home/ubuntu/ros2_ws/install/champ_description/share/champ_description/urdf/champ.urdf.xacro
[1.594s] -- Up-to-date symlink: /home/ubuntu/ros2_ws/install/champ_description/share/champ_description/urdf/champ_arm.urdf
[1.599s] -- Up-to-date symlink: /home/ubuntu/ros2_ws/install/champ_description/share/champ_description/urdf/champ_velodyne.urdf
[1.645s] -- Up-to-date symlink: /home/ubuntu/ros2_ws/install/champ_description/share/champ_description/urdf/gen_urdf
[1.660s] -- Up-to-date symlink: /home/ubuntu/ros2_ws/install/champ_description/share/champ_description/urdf/hokuyo_utm30lx.urdf.xacro
[1.662s] -- Up-to-date symlink: /home/ubuntu/ros2_ws/install/champ_description/share/champ_description/urdf/leg.urdf.xacro
[1.672s] -- Up-to-date symlink: /home/ubuntu/ros2_ws/install/champ_description/share/champ_description/urdf/properties.urdf.xacro
[1.673s] -- Up-to-date symlink: /home/ubuntu/ros2_ws/install/champ_description/share/ament_index/resource_index/package_run_dependencies/champ_description
[1.673s] -- Up-to-date symlink: /home/ubuntu/ros2_ws/install/champ_description/share/ament_index/resource_index/parent_prefix_path/champ_description
[1.721s] -- Up-to-date symlink: /home/ubuntu/ros2_ws/install/champ_description/share/champ_description/environment/ament_prefix_path.sh
[1.738s] -- Up-to-date symlink: /home/ubuntu/ros2_ws/install/champ_description/share/champ_description/environment/ament_prefix_path.dsv
[1.739s] -- Up-to-date symlink: /home/ubuntu/ros2_ws/install/champ_description/share/champ_description/environment/path.sh
[1.745s] -- Up-to-date symlink: /home/ubuntu/ros2_ws/install/champ_description/share/champ_description/environment/path.dsv
[1.747s] -- Up-to-date symlink: /home/ubuntu/ros2_ws/install/champ_description/share/champ_description/local_setup.bash
[1.748s] -- Up-to-date symlink: /home/ubuntu/ros2_ws/install/champ_description/share/champ_description/local_setup.sh
[1.749s] -- Up-to-date symlink: /home/ubuntu/ros2_ws/install/champ_description/share/champ_description/local_setup.zsh
[1.752s] -- Up-to-date symlink: /home/ubuntu/ros2_ws/install/champ_description/share/champ_description/local_setup.dsv
[1.753s] -- Symlinking: /home/ubuntu/ros2_ws/install/champ_description/share/champ_description/package.dsv
[1.909s] -- Up-to-date symlink: /home/ubuntu/ros2_ws/install/champ_description/share/ament_index/resource_index/packages/champ_description
[1.912s] -- Up-to-date symlink: /home/ubuntu/ros2_ws/install/champ_description/share/champ_description/cmake/champ_descriptionConfig.cmake
[1.915s] -- Up-to-date symlink: /home/ubuntu/ros2_ws/install/champ_description/share/champ_description/cmake/champ_descriptionConfig-version.cmake
[1.918s] -- Up-to-date symlink: /home/ubuntu/ros2_ws/install/champ_description/share/champ_description/package.xml
[2.026s] Invoked command in '/home/ubuntu/ros2_ws/build/champ_description' returned '0': CMAKE_PREFIX_PATH=${CMAKE_PREFIX_PATH}:/home/ubuntu/ros2_ws/install/go_pupper_srv:/home/ubuntu/ros2_ws/install/mini_pupper_music:/home/ubuntu/ros2_ws/install/mini_pupper_dance:/home/ubuntu/ros2_ws/install/mini_pupper_driver:/opt/ros/humble /usr/bin/cmake --install /home/ubuntu/ros2_ws/build/champ_description
