[7.051s] Invoking command in '/home/ubuntu/ros2_ws/src/mini_pupper_ros/mini_pupper_music': PYTHONPATH=/home/ubuntu/ros2_ws/build/mini_pupper_music/prefix_override:/home/ubuntu/ros2_ws/install/mini_pupper_music/lib/python3.10/site-packages:${PYTHONPATH} /usr/bin/python3 -W ignore:setup.py install is deprecated setup.py egg_info --egg-base ../../../build/mini_pupper_music build --build-base /home/ubuntu/ros2_ws/build/mini_pupper_music/build install --record /home/ubuntu/ros2_ws/build/mini_pupper_music/install.log --single-version-externally-managed install_data
[10.137s] running egg_info
[10.141s] writing ../../../build/mini_pupper_music/mini_pupper_music.egg-info/PKG-INFO
[10.143s] writing dependency_links to ../../../build/mini_pupper_music/mini_pupper_music.egg-info/dependency_links.txt
[10.145s] writing entry points to ../../../build/mini_pupper_music/mini_pupper_music.egg-info/entry_points.txt
[10.147s] writing requirements to ../../../build/mini_pupper_music/mini_pupper_music.egg-info/requires.txt
[10.149s] writing top-level names to ../../../build/mini_pupper_music/mini_pupper_music.egg-info/top_level.txt
[10.169s] reading manifest file '../../../build/mini_pupper_music/mini_pupper_music.egg-info/SOURCES.txt'
[10.188s] writing manifest file '../../../build/mini_pupper_music/mini_pupper_music.egg-info/SOURCES.txt'
[10.190s] running build
[10.197s] running build_py
[10.198s] running install
[10.199s] running install_lib
[10.215s] running install_data
[10.216s] running install_egg_info
[10.223s] removing '/home/ubuntu/ros2_ws/install/mini_pupper_music/lib/python3.10/site-packages/mini_pupper_music-1.0.0-py3.10.egg-info' (and everything under it)
[10.224s] Copying ../../../build/mini_pupper_music/mini_pupper_music.egg-info to /home/ubuntu/ros2_ws/install/mini_pupper_music/lib/python3.10/site-packages/mini_pupper_music-1.0.0-py3.10.egg-info
[10.236s] running install_scripts
[10.410s] Installing service script to /home/ubuntu/ros2_ws/install/mini_pupper_music/lib/mini_pupper_music
[10.412s] writing list of installed files to '/home/ubuntu/ros2_ws/build/mini_pupper_music/install.log'
[12.656s] Invoked command in '/home/ubuntu/ros2_ws/src/mini_pupper_ros/mini_pupper_music' returned '0': PYTHONPATH=/home/ubuntu/ros2_ws/build/mini_pupper_music/prefix_override:/home/ubuntu/ros2_ws/install/mini_pupper_music/lib/python3.10/site-packages:${PYTHONPATH} /usr/bin/python3 -W ignore:setup.py install is deprecated setup.py egg_info --egg-base ../../../build/mini_pupper_music build --build-base /home/ubuntu/ros2_ws/build/mini_pupper_music/build install --record /home/ubuntu/ros2_ws/build/mini_pupper_music/install.log --single-version-externally-managed install_data
