[0.184s] Invoking command in '/home/ubuntu/ros2_ws/src/build/champ_teleop': CMAKE_PREFIX_PATH=${CMAKE_PREFIX_PATH}:/home/ubuntu/ros2_ws/install/go_pupper_srv:/home/ubuntu/ros2_ws/install/mini_pupper_music:/home/ubuntu/ros2_ws/install/mini_pupper_dance:/home/ubuntu/ros2_ws/install/mini_pupper_driver:/opt/ros/humble /usr/bin/cmake /home/ubuntu/ros2_ws/src/champ/champ_teleop -DCMAKE_INSTALL_PREFIX=/home/ubuntu/ros2_ws/src/install/champ_teleop
[1.184s] -- The C compiler identification is GNU 11.4.0
[2.017s] -- The CXX compiler identification is GNU 11.4.0
[2.116s] -- Detecting C compiler ABI info
[2.943s] -- Detecting C compiler ABI info - done
[3.017s] -- Check for working C compiler: /usr/bin/cc - skipped
[3.029s] -- Detecting C compile features
[3.046s] -- Detecting C compile features - done
[3.055s] -- Detecting CXX compiler ABI info
[3.805s] -- Detecting CXX compiler ABI info - done
[3.857s] -- Check for working CXX compiler: /usr/bin/c++ - skipped
[3.863s] -- Detecting CXX compile features
[3.866s] -- Detecting CXX compile features - done
[3.918s] -- Found ament_cmake: 1.3.8 (/opt/ros/humble/share/ament_cmake/cmake)
[6.043s] -- Found Python3: /usr/bin/python3 (found version "3.10.12") found components: Interpreter 
[9.388s] -- Configuring done
[9.439s] -- Generating done
[9.447s] -- Build files have been written to: /home/ubuntu/ros2_ws/src/build/champ_teleop
[9.488s] Invoked command in '/home/ubuntu/ros2_ws/src/build/champ_teleop' returned '0': CMAKE_PREFIX_PATH=${CMAKE_PREFIX_PATH}:/home/ubuntu/ros2_ws/install/go_pupper_srv:/home/ubuntu/ros2_ws/install/mini_pupper_music:/home/ubuntu/ros2_ws/install/mini_pupper_dance:/home/ubuntu/ros2_ws/install/mini_pupper_driver:/opt/ros/humble /usr/bin/cmake /home/ubuntu/ros2_ws/src/champ/champ_teleop -DCMAKE_INSTALL_PREFIX=/home/ubuntu/ros2_ws/src/install/champ_teleop
[9.491s] Invoking command in '/home/ubuntu/ros2_ws/src/build/champ_teleop': CMAKE_PREFIX_PATH=${CMAKE_PREFIX_PATH}:/home/ubuntu/ros2_ws/install/go_pupper_srv:/home/ubuntu/ros2_ws/install/mini_pupper_music:/home/ubuntu/ros2_ws/install/mini_pupper_dance:/home/ubuntu/ros2_ws/install/mini_pupper_driver:/opt/ros/humble /usr/bin/cmake --build /home/ubuntu/ros2_ws/src/build/champ_teleop -- -j4 -l4
[9.946s] Invoked command in '/home/ubuntu/ros2_ws/src/build/champ_teleop' returned '0': CMAKE_PREFIX_PATH=${CMAKE_PREFIX_PATH}:/home/ubuntu/ros2_ws/install/go_pupper_srv:/home/ubuntu/ros2_ws/install/mini_pupper_music:/home/ubuntu/ros2_ws/install/mini_pupper_dance:/home/ubuntu/ros2_ws/install/mini_pupper_driver:/opt/ros/humble /usr/bin/cmake --build /home/ubuntu/ros2_ws/src/build/champ_teleop -- -j4 -l4
[10.383s] Invoking command in '/home/ubuntu/ros2_ws/src/build/champ_teleop': CMAKE_PREFIX_PATH=${CMAKE_PREFIX_PATH}:/home/ubuntu/ros2_ws/install/go_pupper_srv:/home/ubuntu/ros2_ws/install/mini_pupper_music:/home/ubuntu/ros2_ws/install/mini_pupper_dance:/home/ubuntu/ros2_ws/install/mini_pupper_driver:/opt/ros/humble /usr/bin/cmake --install /home/ubuntu/ros2_ws/src/build/champ_teleop
[10.502s] -- Install configuration: ""
[10.503s] -- Installing: /home/ubuntu/ros2_ws/src/install/champ_teleop/share/champ_teleop/launch
[10.507s] -- Installing: /home/ubuntu/ros2_ws/src/install/champ_teleop/share/champ_teleop/launch/teleop.launch.py
[10.512s] -- Installing: /home/ubuntu/ros2_ws/src/install/champ_teleop/lib/champ_teleop/champ_teleop.py
[10.533s] -- Installing: /home/ubuntu/ros2_ws/src/install/champ_teleop/share/ament_index/resource_index/package_run_dependencies/champ_teleop
[10.536s] -- Installing: /home/ubuntu/ros2_ws/src/install/champ_teleop/share/ament_index/resource_index/parent_prefix_path/champ_teleop
[10.550s] -- Installing: /home/ubuntu/ros2_ws/src/install/champ_teleop/share/champ_teleop/environment/ament_prefix_path.sh
[10.557s] -- Installing: /home/ubuntu/ros2_ws/src/install/champ_teleop/share/champ_teleop/environment/ament_prefix_path.dsv
[10.559s] -- Installing: /home/ubuntu/ros2_ws/src/install/champ_teleop/share/champ_teleop/environment/path.sh
[10.561s] -- Installing: /home/ubuntu/ros2_ws/src/install/champ_teleop/share/champ_teleop/environment/path.dsv
[10.572s] -- Installing: /home/ubuntu/ros2_ws/src/install/champ_teleop/share/champ_teleop/local_setup.bash
[10.574s] -- Installing: /home/ubuntu/ros2_ws/src/install/champ_teleop/share/champ_teleop/local_setup.sh
[10.577s] -- Installing: /home/ubuntu/ros2_ws/src/install/champ_teleop/share/champ_teleop/local_setup.zsh
[10.579s] -- Installing: /home/ubuntu/ros2_ws/src/install/champ_teleop/share/champ_teleop/local_setup.dsv
[10.585s] -- Installing: /home/ubuntu/ros2_ws/src/install/champ_teleop/share/champ_teleop/package.dsv
[10.598s] -- Installing: /home/ubuntu/ros2_ws/src/install/champ_teleop/share/ament_index/resource_index/packages/champ_teleop
[10.610s] -- Installing: /home/ubuntu/ros2_ws/src/install/champ_teleop/share/champ_teleop/cmake/champ_teleopConfig.cmake
[10.615s] -- Installing: /home/ubuntu/ros2_ws/src/install/champ_teleop/share/champ_teleop/cmake/champ_teleopConfig-version.cmake
[10.622s] -- Installing: /home/ubuntu/ros2_ws/src/install/champ_teleop/share/champ_teleop/package.xml
[10.655s] Invoked command in '/home/ubuntu/ros2_ws/src/build/champ_teleop' returned '0': CMAKE_PREFIX_PATH=${CMAKE_PREFIX_PATH}:/home/ubuntu/ros2_ws/install/go_pupper_srv:/home/ubuntu/ros2_ws/install/mini_pupper_music:/home/ubuntu/ros2_ws/install/mini_pupper_dance:/home/ubuntu/ros2_ws/install/mini_pupper_driver:/opt/ros/humble /usr/bin/cmake --install /home/ubuntu/ros2_ws/src/build/champ_teleop
