/home/ubuntu/ros2_ws/install/go_pupper_srv/lib/python3.10/site-packages/go_pupper_srv/__init__.py
/home/ubuntu/ros2_ws/install/go_pupper_srv/lib/python3.10/site-packages/go_pupper_srv/sample_controller.py
/home/ubuntu/ros2_ws/install/go_pupper_srv/lib/python3.10/site-packages/go_pupper_srv/client_go_pupper.py
/home/ubuntu/ros2_ws/install/go_pupper_srv/lib/python3.10/site-packages/go_pupper_srv/service_go_pupper.py
/home/ubuntu/ros2_ws/install/go_pupper_srv/lib/python3.10/site-packages/go_pupper_srv/__pycache__/__init__.cpython-310.pyc
/home/ubuntu/ros2_ws/install/go_pupper_srv/lib/python3.10/site-packages/go_pupper_srv/__pycache__/sample_controller.cpython-310.pyc
/home/ubuntu/ros2_ws/install/go_pupper_srv/lib/python3.10/site-packages/go_pupper_srv/__pycache__/client_go_pupper.cpython-310.pyc
/home/ubuntu/ros2_ws/install/go_pupper_srv/lib/python3.10/site-packages/go_pupper_srv/__pycache__/service_go_pupper.cpython-310.pyc
/home/ubuntu/ros2_ws/install/go_pupper_srv/share/ament_index/resource_index/packages/go_pupper_srv
/home/ubuntu/ros2_ws/install/go_pupper_srv/share/go_pupper_srv/package.xml
/home/ubuntu/ros2_ws/install/go_pupper_srv/lib/python3.10/site-packages/go_pupper_srv-0.0.0-py3.10.egg-info/SOURCES.txt
/home/ubuntu/ros2_ws/install/go_pupper_srv/lib/python3.10/site-packages/go_pupper_srv-0.0.0-py3.10.egg-info/dependency_links.txt
/home/ubuntu/ros2_ws/install/go_pupper_srv/lib/python3.10/site-packages/go_pupper_srv-0.0.0-py3.10.egg-info/PKG-INFO
/home/ubuntu/ros2_ws/install/go_pupper_srv/lib/python3.10/site-packages/go_pupper_srv-0.0.0-py3.10.egg-info/requires.txt
/home/ubuntu/ros2_ws/install/go_pupper_srv/lib/python3.10/site-packages/go_pupper_srv-0.0.0-py3.10.egg-info/entry_points.txt
/home/ubuntu/ros2_ws/install/go_pupper_srv/lib/python3.10/site-packages/go_pupper_srv-0.0.0-py3.10.egg-info/zip-safe
/home/ubuntu/ros2_ws/install/go_pupper_srv/lib/python3.10/site-packages/go_pupper_srv-0.0.0-py3.10.egg-info/top_level.txt
/home/ubuntu/ros2_ws/install/go_pupper_srv/lib/go_pupper_srv/client
/home/ubuntu/ros2_ws/install/go_pupper_srv/lib/go_pupper_srv/salsa
/home/ubuntu/ros2_ws/install/go_pupper_srv/lib/go_pupper_srv/service
