[0.254s] Invoking command in '/home/ubuntu/ros2_ws/build/champ_bringup': CMAKE_PREFIX_PATH=/home/ubuntu/ros2_ws/install/champ_base:/home/ubuntu/ros2_ws/install/champ_msgs:/home/ubuntu/ros2_ws/install/champ_description:/home/ubuntu/ros2_ws/install/champ:/home/ubuntu/ros2_ws/install/pupper_interfaces:/home/ubuntu/ros2_ws/install/mini_pupper_interfaces:/home/ubuntu/ros2_ws/install/mini_pupper_description:/home/ubuntu/ros2_ws/install/mini_pupper_bringup:/home/ubuntu/ros2_ws/install/mini_pupper_2_description:/home/ubuntu/ros2_ws/install/ldlidar_stl_ros2:/home/ubuntu/ros2_ws/install/champ_teleop:/home/ubuntu/ros2_ws/install/champ_bringup:/home/ubuntu/ros2_ws/install/champ_config:/home/ubuntu/ros2_ws/install/go_pupper_srv:/home/ubuntu/ros2_ws/install/mini_pupper_music:/home/ubuntu/ros2_ws/install/mini_pupper_dance:/home/ubuntu/ros2_ws/install/mini_pupper_driver:/opt/ros/humble LD_LIBRARY_PATH=/home/ubuntu/ros2_ws/install/champ_base/lib:/home/ubuntu/ros2_ws/install/champ_msgs/lib:/home/ubuntu/ros2_ws/install/pupper_interfaces/lib:/home/ubuntu/ros2_ws/install/mini_pupper_interfaces/lib:/opt/ros/humble/opt/rviz_ogre_vendor/lib:/opt/ros/humble/lib/aarch64-linux-gnu:/opt/ros/humble/lib /usr/bin/cmake --build /home/ubuntu/ros2_ws/build/champ_bringup -- -j4 -l4
[0.870s] Built target ament_cmake_python_symlink_champ_bringup
[4.177s] running egg_info
[4.188s] writing champ_bringup.egg-info/PKG-INFO
[4.191s] writing dependency_links to champ_bringup.egg-info/dependency_links.txt
[4.193s] writing top-level names to champ_bringup.egg-info/top_level.txt
[4.253s] reading manifest file 'champ_bringup.egg-info/SOURCES.txt'
[4.268s] writing manifest file 'champ_bringup.egg-info/SOURCES.txt'
[4.605s] Built target ament_cmake_python_build_champ_bringup_egg
[4.687s] Invoked command in '/home/ubuntu/ros2_ws/build/champ_bringup' returned '0': CMAKE_PREFIX_PATH=/home/ubuntu/ros2_ws/install/champ_base:/home/ubuntu/ros2_ws/install/champ_msgs:/home/ubuntu/ros2_ws/install/champ_description:/home/ubuntu/ros2_ws/install/champ:/home/ubuntu/ros2_ws/install/pupper_interfaces:/home/ubuntu/ros2_ws/install/mini_pupper_interfaces:/home/ubuntu/ros2_ws/install/mini_pupper_description:/home/ubuntu/ros2_ws/install/mini_pupper_bringup:/home/ubuntu/ros2_ws/install/mini_pupper_2_description:/home/ubuntu/ros2_ws/install/ldlidar_stl_ros2:/home/ubuntu/ros2_ws/install/champ_teleop:/home/ubuntu/ros2_ws/install/champ_bringup:/home/ubuntu/ros2_ws/install/champ_config:/home/ubuntu/ros2_ws/install/go_pupper_srv:/home/ubuntu/ros2_ws/install/mini_pupper_music:/home/ubuntu/ros2_ws/install/mini_pupper_dance:/home/ubuntu/ros2_ws/install/mini_pupper_driver:/opt/ros/humble LD_LIBRARY_PATH=/home/ubuntu/ros2_ws/install/champ_base/lib:/home/ubuntu/ros2_ws/install/champ_msgs/lib:/home/ubuntu/ros2_ws/install/pupper_interfaces/lib:/home/ubuntu/ros2_ws/install/mini_pupper_interfaces/lib:/opt/ros/humble/opt/rviz_ogre_vendor/lib:/opt/ros/humble/lib/aarch64-linux-gnu:/opt/ros/humble/lib /usr/bin/cmake --build /home/ubuntu/ros2_ws/build/champ_bringup -- -j4 -l4
[4.970s] Invoking command in '/home/ubuntu/ros2_ws/build/champ_bringup': CMAKE_PREFIX_PATH=/home/ubuntu/ros2_ws/install/champ_base:/home/ubuntu/ros2_ws/install/champ_msgs:/home/ubuntu/ros2_ws/install/champ_description:/home/ubuntu/ros2_ws/install/champ:/home/ubuntu/ros2_ws/install/pupper_interfaces:/home/ubuntu/ros2_ws/install/mini_pupper_interfaces:/home/ubuntu/ros2_ws/install/mini_pupper_description:/home/ubuntu/ros2_ws/install/mini_pupper_bringup:/home/ubuntu/ros2_ws/install/mini_pupper_2_description:/home/ubuntu/ros2_ws/install/ldlidar_stl_ros2:/home/ubuntu/ros2_ws/install/champ_teleop:/home/ubuntu/ros2_ws/install/champ_bringup:/home/ubuntu/ros2_ws/install/champ_config:/home/ubuntu/ros2_ws/install/go_pupper_srv:/home/ubuntu/ros2_ws/install/mini_pupper_music:/home/ubuntu/ros2_ws/install/mini_pupper_dance:/home/ubuntu/ros2_ws/install/mini_pupper_driver:/opt/ros/humble LD_LIBRARY_PATH=/home/ubuntu/ros2_ws/install/champ_base/lib:/home/ubuntu/ros2_ws/install/champ_msgs/lib:/home/ubuntu/ros2_ws/install/pupper_interfaces/lib:/home/ubuntu/ros2_ws/install/mini_pupper_interfaces/lib:/opt/ros/humble/opt/rviz_ogre_vendor/lib:/opt/ros/humble/lib/aarch64-linux-gnu:/opt/ros/humble/lib /usr/bin/cmake --install /home/ubuntu/ros2_ws/build/champ_bringup
[5.013s] -- Install configuration: ""
[5.016s] -- Execute custom install script
[5.021s] -- Up-to-date symlink: /home/ubuntu/ros2_ws/install/champ_bringup/share/champ_bringup/launch/bringup.launch
[5.027s] -- Up-to-date symlink: /home/ubuntu/ros2_ws/install/champ_bringup/share/champ_bringup/launch/bringup.launch.py
[5.027s] -- Up-to-date symlink: /home/ubuntu/ros2_ws/install/champ_bringup/share/champ_bringup/launch/include/laser/d435.launch
[5.028s] -- Up-to-date symlink: /home/ubuntu/ros2_ws/install/champ_bringup/share/champ_bringup/launch/include/laser/hokuyo.launch
[5.049s] -- Up-to-date symlink: /home/ubuntu/ros2_ws/install/champ_bringup/share/champ_bringup/launch/include/laser/kinect.launch
[5.049s] -- Up-to-date symlink: /home/ubuntu/ros2_ws/install/champ_bringup/share/champ_bringup/launch/include/laser/lms1xx.launch
[5.051s] -- Up-to-date symlink: /home/ubuntu/ros2_ws/install/champ_bringup/share/champ_bringup/launch/include/laser/realsense.launch
[5.054s] -- Up-to-date symlink: /home/ubuntu/ros2_ws/install/champ_bringup/share/champ_bringup/launch/include/laser/rplidar.launch
[5.055s] -- Up-to-date symlink: /home/ubuntu/ros2_ws/install/champ_bringup/share/champ_bringup/launch/include/laser/sim.launch
[5.056s] -- Up-to-date symlink: /home/ubuntu/ros2_ws/install/champ_bringup/share/champ_bringup/launch/include/laser/sweep.launch
[5.057s] -- Up-to-date symlink: /home/ubuntu/ros2_ws/install/champ_bringup/share/champ_bringup/launch/include/laser/xv11.launch
[5.057s] -- Up-to-date symlink: /home/ubuntu/ros2_ws/install/champ_bringup/share/champ_bringup/launch/include/laser/ydlidar.launch
[5.057s] -- Up-to-date symlink: /home/ubuntu/ros2_ws/install/champ_bringup/share/champ_bringup/launch/include/velocity_smoother.launch
[5.058s] -- Up-to-date symlink: /home/ubuntu/ros2_ws/install/champ_bringup/share/champ_bringup/launch/joints_gui.launch
[5.058s] -- Up-to-date symlink: /home/ubuntu/ros2_ws/install/champ_bringup/share/champ_bringup/launch/joints_gui.launch.py
[5.059s] -- Up-to-date symlink: /home/ubuntu/ros2_ws/install/champ_bringup/share/champ_bringup/environment/pythonpath.sh
[5.060s] -- Up-to-date symlink: /home/ubuntu/ros2_ws/install/champ_bringup/share/champ_bringup/environment/pythonpath.dsv
[5.060s] -- Up-to-date symlink: /home/ubuntu/ros2_ws/install/champ_bringup/local/lib/python3.10/dist-packages/champ_bringup-0.1.0-py3.10.egg-info/PKG-INFO
[5.061s] -- Up-to-date symlink: /home/ubuntu/ros2_ws/install/champ_bringup/local/lib/python3.10/dist-packages/champ_bringup-0.1.0-py3.10.egg-info/SOURCES.txt
[5.061s] -- Up-to-date symlink: /home/ubuntu/ros2_ws/install/champ_bringup/local/lib/python3.10/dist-packages/champ_bringup-0.1.0-py3.10.egg-info/dependency_links.txt
[5.062s] -- Up-to-date symlink: /home/ubuntu/ros2_ws/install/champ_bringup/local/lib/python3.10/dist-packages/champ_bringup-0.1.0-py3.10.egg-info/top_level.txt
[5.062s] -- Up-to-date symlink: /home/ubuntu/ros2_ws/install/champ_bringup/local/lib/python3.10/dist-packages/champ_bringup/__init__.py
[5.063s] -- Up-to-date symlink: /home/ubuntu/ros2_ws/install/champ_bringup/local/lib/python3.10/dist-packages/champ_bringup/joint_calibrator_relay.py
[5.063s] -- Up-to-date symlink: /home/ubuntu/ros2_ws/install/champ_bringup/lib/champ_bringup/joint_calibrator_relay.py
[5.064s] -- Up-to-date symlink: /home/ubuntu/ros2_ws/install/champ_bringup/share/ament_index/resource_index/package_run_dependencies/champ_bringup
[5.066s] -- Up-to-date symlink: /home/ubuntu/ros2_ws/install/champ_bringup/share/ament_index/resource_index/parent_prefix_path/champ_bringup
[5.067s] -- Up-to-date symlink: /home/ubuntu/ros2_ws/install/champ_bringup/share/champ_bringup/environment/ament_prefix_path.sh
[5.068s] -- Up-to-date symlink: /home/ubuntu/ros2_ws/install/champ_bringup/share/champ_bringup/environment/ament_prefix_path.dsv
[5.070s] -- Up-to-date symlink: /home/ubuntu/ros2_ws/install/champ_bringup/share/champ_bringup/environment/path.sh
[5.073s] -- Up-to-date symlink: /home/ubuntu/ros2_ws/install/champ_bringup/share/champ_bringup/environment/path.dsv
[5.074s] -- Up-to-date symlink: /home/ubuntu/ros2_ws/install/champ_bringup/share/champ_bringup/local_setup.bash
[5.076s] -- Up-to-date symlink: /home/ubuntu/ros2_ws/install/champ_bringup/share/champ_bringup/local_setup.sh
[5.079s] -- Up-to-date symlink: /home/ubuntu/ros2_ws/install/champ_bringup/share/champ_bringup/local_setup.zsh
[5.082s] -- Up-to-date symlink: /home/ubuntu/ros2_ws/install/champ_bringup/share/champ_bringup/local_setup.dsv
[5.084s] -- Symlinking: /home/ubuntu/ros2_ws/install/champ_bringup/share/champ_bringup/package.dsv
[5.178s] -- Up-to-date symlink: /home/ubuntu/ros2_ws/install/champ_bringup/share/ament_index/resource_index/packages/champ_bringup
[5.180s] -- Up-to-date symlink: /home/ubuntu/ros2_ws/install/champ_bringup/share/champ_bringup/cmake/champ_bringupConfig.cmake
[5.181s] -- Up-to-date symlink: /home/ubuntu/ros2_ws/install/champ_bringup/share/champ_bringup/cmake/champ_bringupConfig-version.cmake
[5.182s] -- Up-to-date symlink: /home/ubuntu/ros2_ws/install/champ_bringup/share/champ_bringup/package.xml
[5.473s] Listing '/home/ubuntu/ros2_ws/install/champ_bringup/local/lib/python3.10/dist-packages/champ_bringup'...
[5.512s] Invoked command in '/home/ubuntu/ros2_ws/build/champ_bringup' returned '0': CMAKE_PREFIX_PATH=/home/ubuntu/ros2_ws/install/champ_base:/home/ubuntu/ros2_ws/install/champ_msgs:/home/ubuntu/ros2_ws/install/champ_description:/home/ubuntu/ros2_ws/install/champ:/home/ubuntu/ros2_ws/install/pupper_interfaces:/home/ubuntu/ros2_ws/install/mini_pupper_interfaces:/home/ubuntu/ros2_ws/install/mini_pupper_description:/home/ubuntu/ros2_ws/install/mini_pupper_bringup:/home/ubuntu/ros2_ws/install/mini_pupper_2_description:/home/ubuntu/ros2_ws/install/ldlidar_stl_ros2:/home/ubuntu/ros2_ws/install/champ_teleop:/home/ubuntu/ros2_ws/install/champ_bringup:/home/ubuntu/ros2_ws/install/champ_config:/home/ubuntu/ros2_ws/install/go_pupper_srv:/home/ubuntu/ros2_ws/install/mini_pupper_music:/home/ubuntu/ros2_ws/install/mini_pupper_dance:/home/ubuntu/ros2_ws/install/mini_pupper_driver:/opt/ros/humble LD_LIBRARY_PATH=/home/ubuntu/ros2_ws/install/champ_base/lib:/home/ubuntu/ros2_ws/install/champ_msgs/lib:/home/ubuntu/ros2_ws/install/pupper_interfaces/lib:/home/ubuntu/ros2_ws/install/mini_pupper_interfaces/lib:/opt/ros/humble/opt/rviz_ogre_vendor/lib:/opt/ros/humble/lib/aarch64-linux-gnu:/opt/ros/humble/lib /usr/bin/cmake --install /home/ubuntu/ros2_ws/build/champ_bringup
