[0.106s] Invoking command in '/home/ubuntu/ros2_ws/build/pupper_interfaces': CMAKE_PREFIX_PATH=${CMAKE_PREFIX_PATH}:/home/ubuntu/ros2_ws/install/mini_pupper_music:/home/ubuntu/ros2_ws/install/mini_pupper_dance:/home/ubuntu/ros2_ws/install/mini_pupper_driver:/opt/ros/humble /usr/bin/cmake /home/ubuntu/ros2_ws/src/pupper_interfaces -DCMAKE_INSTALL_PREFIX=/home/ubuntu/ros2_ws/install/pupper_interfaces
[1.614s] -- The C compiler identification is GNU 11.4.0
[2.459s] -- The CXX compiler identification is GNU 11.4.0
[2.521s] -- Detecting C compiler ABI info
[3.013s] -- Detecting C compiler ABI info - done
[3.048s] -- Check for working C compiler: /usr/bin/cc - skipped
[3.050s] -- Detecting C compile features
[3.053s] -- Detecting C compile features - done
[3.070s] -- Detecting CXX compiler ABI info
[3.548s] -- Detecting CXX compiler ABI info - done
[3.594s] -- Check for working CXX compiler: /usr/bin/c++ - skipped
[3.595s] -- Detecting CXX compile features
[3.595s] -- Detecting CXX compile features - done
[3.682s] -- Found ament_cmake: 1.3.8 (/opt/ros/humble/share/ament_cmake/cmake)
[5.227s] -- Found Python3: /usr/bin/python3 (found version "3.10.12") found components: Interpreter 
[6.684s] -- Found rosidl_default_generators: 1.2.0 (/opt/ros/humble/share/rosidl_default_generators/cmake)
[6.780s] -- Using all available rosidl_typesupport_c: rosidl_typesupport_fastrtps_c;rosidl_typesupport_introspection_c
[6.936s] -- Found rosidl_adapter: 3.1.5 (/opt/ros/humble/share/rosidl_adapter/cmake)
[7.724s] -- Using all available rosidl_typesupport_cpp: rosidl_typesupport_fastrtps_cpp;rosidl_typesupport_introspection_cpp
[8.207s] -- Found geometry_msgs: 4.2.3 (/opt/ros/humble/share/geometry_msgs/cmake)
[11.290s] -- Found ament_cmake_ros: 0.10.0 (/opt/ros/humble/share/ament_cmake_ros/cmake)
[13.581s] -- Using all available rosidl_typesupport_c: rosidl_typesupport_fastrtps_c;rosidl_typesupport_introspection_c
[15.866s] -- Using all available rosidl_typesupport_cpp: rosidl_typesupport_fastrtps_cpp;rosidl_typesupport_introspection_cpp
[16.030s] -- Found PythonInterp: /usr/bin/python3 (found suitable version "3.10.12", minimum required is "3.6") 
[16.076s] -- Found python_cmake_module: 0.10.0 (/opt/ros/humble/share/python_cmake_module/cmake)
[16.279s] -- Found PythonLibs: /usr/lib/aarch64-linux-gnu/libpython3.10.so (found suitable version "3.10.12", minimum required is "3.5") 
[16.280s] -- Using PYTHON_EXECUTABLE: /usr/bin/python3
[16.280s] -- Using PYTHON_INCLUDE_DIRS: /usr/include/python3.10
[16.280s] -- Using PYTHON_LIBRARIES: /usr/lib/aarch64-linux-gnu/libpython3.10.so
[16.431s] -- Found PythonExtra: .so  
[16.940s] -- Found ament_lint_auto: 0.12.10 (/opt/ros/humble/share/ament_lint_auto/cmake)
[17.333s] -- Added test 'lint_cmake' to check CMake code style
[17.352s] -- Added test 'xmllint' to check XML markup files
[17.388s] -- Configuring done
[17.675s] -- Generating done
[17.695s] -- Build files have been written to: /home/ubuntu/ros2_ws/build/pupper_interfaces
[17.743s] Invoked command in '/home/ubuntu/ros2_ws/build/pupper_interfaces' returned '0': CMAKE_PREFIX_PATH=${CMAKE_PREFIX_PATH}:/home/ubuntu/ros2_ws/install/mini_pupper_music:/home/ubuntu/ros2_ws/install/mini_pupper_dance:/home/ubuntu/ros2_ws/install/mini_pupper_driver:/opt/ros/humble /usr/bin/cmake /home/ubuntu/ros2_ws/src/pupper_interfaces -DCMAKE_INSTALL_PREFIX=/home/ubuntu/ros2_ws/install/pupper_interfaces
[17.754s] Invoking command in '/home/ubuntu/ros2_ws/build/pupper_interfaces': CMAKE_PREFIX_PATH=${CMAKE_PREFIX_PATH}:/home/ubuntu/ros2_ws/install/mini_pupper_music:/home/ubuntu/ros2_ws/install/mini_pupper_dance:/home/ubuntu/ros2_ws/install/mini_pupper_driver:/opt/ros/humble /usr/bin/cmake --build /home/ubuntu/ros2_ws/build/pupper_interfaces -- -j4 -l4
[18.043s] [  2%] [34m[1mGenerating C code for ROS interfaces[0m
[18.098s] [  5%] [34m[1mGenerating C++ code for ROS interfaces[0m
[18.148s] [  5%] Built target ament_cmake_python_copy_pupper_interfaces
[20.751s] [  5%] Built target pupper_interfaces__cpp
[20.867s] [  7%] [34m[1mGenerating C++ type support dispatch for ROS interfaces[0m
[20.988s] [ 10%] [34m[1mGenerating C++ type support for eProsima Fast-RTPS[0m
[21.082s] [ 12%] [32mBuilding C object CMakeFiles/pupper_interfaces__rosidl_generator_c.dir/rosidl_generator_c/pupper_interfaces/msg/detail/command__functions.c.o[0m
[21.775s] running egg_info
[21.778s] creating pupper_interfaces.egg-info
[21.780s] writing pupper_interfaces.egg-info/PKG-INFO
[21.782s] writing dependency_links to pupper_interfaces.egg-info/dependency_links.txt
[21.784s] writing top-level names to pupper_interfaces.egg-info/top_level.txt
[21.785s] writing manifest file 'pupper_interfaces.egg-info/SOURCES.txt'
[21.826s] reading manifest file 'pupper_interfaces.egg-info/SOURCES.txt'
[21.835s] writing manifest file 'pupper_interfaces.egg-info/SOURCES.txt'
[21.980s] [ 15%] [32mBuilding C object CMakeFiles/pupper_interfaces__rosidl_generator_c.dir/rosidl_generator_c/pupper_interfaces/srv/detail/go_pupper__functions.c.o[0m
[22.123s] [ 15%] Built target ament_cmake_python_build_pupper_interfaces_egg
[22.226s] [ 17%] [34m[1mGenerating C++ introspection for ROS interfaces[0m
[22.605s] [ 20%] [32m[1mLinking C shared library libpupper_interfaces__rosidl_generator_c.so[0m
[22.909s] [ 20%] Built target pupper_interfaces__rosidl_generator_c
[23.097s] [ 23%] [34m[1mGenerating C type support for eProsima Fast-RTPS[0m
[23.794s] [ 25%] [32mBuilding CXX object CMakeFiles/pupper_interfaces__rosidl_typesupport_cpp.dir/rosidl_typesupport_cpp/pupper_interfaces/msg/command__type_support.cpp.o[0m
[24.190s] [ 28%] [32mBuilding CXX object CMakeFiles/pupper_interfaces__rosidl_typesupport_fastrtps_cpp.dir/rosidl_typesupport_fastrtps_cpp/pupper_interfaces/msg/detail/dds_fastrtps/command__type_support.cpp.o[0m
[25.363s] [ 30%] [32mBuilding CXX object CMakeFiles/pupper_interfaces__rosidl_typesupport_introspection_cpp.dir/rosidl_typesupport_introspection_cpp/pupper_interfaces/msg/detail/command__type_support.cpp.o[0m
[26.266s] [ 33%] [32mBuilding CXX object CMakeFiles/pupper_interfaces__rosidl_typesupport_fastrtps_c.dir/rosidl_typesupport_fastrtps_c/pupper_interfaces/msg/detail/command__type_support_c.cpp.o[0m
[27.692s] [ 35%] [32mBuilding CXX object CMakeFiles/pupper_interfaces__rosidl_typesupport_cpp.dir/rosidl_typesupport_cpp/pupper_interfaces/srv/go_pupper__type_support.cpp.o[0m
[29.035s] [ 38%] [32mBuilding CXX object CMakeFiles/pupper_interfaces__rosidl_typesupport_fastrtps_cpp.dir/rosidl_typesupport_fastrtps_cpp/pupper_interfaces/srv/detail/dds_fastrtps/go_pupper__type_support.cpp.o[0m
[29.914s] [ 41%] [32mBuilding CXX object CMakeFiles/pupper_interfaces__rosidl_typesupport_introspection_cpp.dir/rosidl_typesupport_introspection_cpp/pupper_interfaces/srv/detail/go_pupper__type_support.cpp.o[0m
[30.387s] [ 43%] [32mBuilding CXX object CMakeFiles/pupper_interfaces__rosidl_typesupport_fastrtps_c.dir/rosidl_typesupport_fastrtps_c/pupper_interfaces/srv/detail/go_pupper__type_support_c.cpp.o[0m
[31.052s] [ 46%] [32m[1mLinking CXX shared library libpupper_interfaces__rosidl_typesupport_cpp.so[0m
[31.436s] [ 46%] Built target pupper_interfaces__rosidl_typesupport_cpp
[31.580s] [ 48%] [34m[1mGenerating C introspection for ROS interfaces[0m
[34.291s] [ 51%] [32m[1mLinking CXX shared library libpupper_interfaces__rosidl_typesupport_fastrtps_cpp.so[0m
[34.406s] [ 53%] [32m[1mLinking CXX shared library libpupper_interfaces__rosidl_typesupport_introspection_cpp.so[0m
[34.512s] [ 56%] [32m[1mLinking CXX shared library libpupper_interfaces__rosidl_typesupport_fastrtps_c.so[0m
[34.925s] [ 56%] Built target pupper_interfaces__rosidl_typesupport_fastrtps_cpp
[35.022s] [ 58%] [34m[1mGenerating C type support dispatch for ROS interfaces[0m
[35.238s] [ 58%] Built target pupper_interfaces__rosidl_typesupport_introspection_cpp
[35.515s] [ 61%] [32mBuilding C object CMakeFiles/pupper_interfaces__rosidl_typesupport_introspection_c.dir/rosidl_typesupport_introspection_c/pupper_interfaces/msg/detail/command__type_support.c.o[0m
[35.537s] [ 61%] Built target pupper_interfaces__rosidl_typesupport_fastrtps_c
[35.542s] [ 64%] [32mBuilding C object CMakeFiles/pupper_interfaces__rosidl_typesupport_introspection_c.dir/rosidl_typesupport_introspection_c/pupper_interfaces/srv/detail/go_pupper__type_support.c.o[0m
[35.907s] [ 66%] [32m[1mLinking C shared library libpupper_interfaces__rosidl_typesupport_introspection_c.so[0m
[36.120s] [ 66%] Built target pupper_interfaces__rosidl_typesupport_introspection_c
[36.886s] [ 69%] [32mBuilding CXX object CMakeFiles/pupper_interfaces__rosidl_typesupport_c.dir/rosidl_typesupport_c/pupper_interfaces/msg/command__type_support.cpp.o[0m
[36.901s] [ 71%] [32mBuilding CXX object CMakeFiles/pupper_interfaces__rosidl_typesupport_c.dir/rosidl_typesupport_c/pupper_interfaces/srv/go_pupper__type_support.cpp.o[0m
[37.126s] [ 74%] [32m[1mLinking CXX shared library libpupper_interfaces__rosidl_typesupport_c.so[0m
[37.347s] [ 74%] Built target pupper_interfaces__rosidl_typesupport_c
[37.491s] [ 74%] Built target pupper_interfaces
[37.624s] [ 76%] [34m[1mGenerating Python code for ROS interfaces[0m
[40.113s] [ 76%] Built target pupper_interfaces__py
[40.240s] [ 79%] [32mBuilding C object CMakeFiles/pupper_interfaces__rosidl_generator_py.dir/rosidl_generator_py/pupper_interfaces/msg/_command_s.c.o[0m
[40.244s] [ 82%] [32mBuilding C object CMakeFiles/pupper_interfaces__rosidl_generator_py.dir/rosidl_generator_py/pupper_interfaces/srv/_go_pupper_s.c.o[0m
[41.085s] [ 84%] [32m[1mLinking C shared library rosidl_generator_py/pupper_interfaces/libpupper_interfaces__rosidl_generator_py.so[0m
[41.363s] [ 84%] Built target pupper_interfaces__rosidl_generator_py
[41.504s] [ 87%] [32mBuilding C object CMakeFiles/pupper_interfaces__rosidl_typesupport_fastrtps_c__pyext.dir/rosidl_generator_py/pupper_interfaces/_pupper_interfaces_s.ep.rosidl_typesupport_fastrtps_c.c.o[0m
[41.510s] [ 89%] [32mBuilding C object CMakeFiles/pupper_interfaces__rosidl_typesupport_introspection_c__pyext.dir/rosidl_generator_py/pupper_interfaces/_pupper_interfaces_s.ep.rosidl_typesupport_introspection_c.c.o[0m
[42.229s] [ 92%] [32m[1mLinking C shared library rosidl_generator_py/pupper_interfaces/pupper_interfaces_s__rosidl_typesupport_fastrtps_c.cpython-310-aarch64-linux-gnu.so[0m
[42.505s] [ 94%] [32m[1mLinking C shared library rosidl_generator_py/pupper_interfaces/pupper_interfaces_s__rosidl_typesupport_introspection_c.cpython-310-aarch64-linux-gnu.so[0m
[42.582s] [ 94%] Built target pupper_interfaces__rosidl_typesupport_fastrtps_c__pyext
[42.770s] [ 97%] [32mBuilding C object CMakeFiles/pupper_interfaces__rosidl_typesupport_c__pyext.dir/rosidl_generator_py/pupper_interfaces/_pupper_interfaces_s.ep.rosidl_typesupport_c.c.o[0m
[42.876s] [ 97%] Built target pupper_interfaces__rosidl_typesupport_introspection_c__pyext
[43.522s] [100%] [32m[1mLinking C shared library rosidl_generator_py/pupper_interfaces/pupper_interfaces_s__rosidl_typesupport_c.cpython-310-aarch64-linux-gnu.so[0m
[43.808s] [100%] Built target pupper_interfaces__rosidl_typesupport_c__pyext
[43.873s] Invoked command in '/home/ubuntu/ros2_ws/build/pupper_interfaces' returned '0': CMAKE_PREFIX_PATH=${CMAKE_PREFIX_PATH}:/home/ubuntu/ros2_ws/install/mini_pupper_music:/home/ubuntu/ros2_ws/install/mini_pupper_dance:/home/ubuntu/ros2_ws/install/mini_pupper_driver:/opt/ros/humble /usr/bin/cmake --build /home/ubuntu/ros2_ws/build/pupper_interfaces -- -j4 -l4
[44.657s] Invoking command in '/home/ubuntu/ros2_ws/build/pupper_interfaces': CMAKE_PREFIX_PATH=${CMAKE_PREFIX_PATH}:/home/ubuntu/ros2_ws/install/mini_pupper_music:/home/ubuntu/ros2_ws/install/mini_pupper_dance:/home/ubuntu/ros2_ws/install/mini_pupper_driver:/opt/ros/humble /usr/bin/cmake --install /home/ubuntu/ros2_ws/build/pupper_interfaces
[44.695s] -- Install configuration: ""
[44.696s] -- Installing: /home/ubuntu/ros2_ws/install/pupper_interfaces/share/ament_index/resource_index/rosidl_interfaces/pupper_interfaces
[44.699s] -- Installing: /home/ubuntu/ros2_ws/install/pupper_interfaces/include/pupper_interfaces/pupper_interfaces
[44.700s] -- Installing: /home/ubuntu/ros2_ws/install/pupper_interfaces/include/pupper_interfaces/pupper_interfaces/srv
[44.700s] -- Installing: /home/ubuntu/ros2_ws/install/pupper_interfaces/include/pupper_interfaces/pupper_interfaces/srv/go_pupper.h
[44.702s] -- Installing: /home/ubuntu/ros2_ws/install/pupper_interfaces/include/pupper_interfaces/pupper_interfaces/srv/detail
[44.703s] -- Installing: /home/ubuntu/ros2_ws/install/pupper_interfaces/include/pupper_interfaces/pupper_interfaces/srv/detail/go_pupper__functions.h
[44.705s] -- Installing: /home/ubuntu/ros2_ws/install/pupper_interfaces/include/pupper_interfaces/pupper_interfaces/srv/detail/go_pupper__functions.c
[44.707s] -- Installing: /home/ubuntu/ros2_ws/install/pupper_interfaces/include/pupper_interfaces/pupper_interfaces/srv/detail/go_pupper__type_support.h
[44.709s] -- Installing: /home/ubuntu/ros2_ws/install/pupper_interfaces/include/pupper_interfaces/pupper_interfaces/srv/detail/go_pupper__struct.h
[44.710s] -- Installing: /home/ubuntu/ros2_ws/install/pupper_interfaces/include/pupper_interfaces/pupper_interfaces/msg
[44.711s] -- Installing: /home/ubuntu/ros2_ws/install/pupper_interfaces/include/pupper_interfaces/pupper_interfaces/msg/command.h
[44.714s] -- Installing: /home/ubuntu/ros2_ws/install/pupper_interfaces/include/pupper_interfaces/pupper_interfaces/msg/detail
[44.715s] -- Installing: /home/ubuntu/ros2_ws/install/pupper_interfaces/include/pupper_interfaces/pupper_interfaces/msg/detail/command__struct.h
[44.715s] -- Installing: /home/ubuntu/ros2_ws/install/pupper_interfaces/include/pupper_interfaces/pupper_interfaces/msg/detail/command__functions.c
[44.717s] -- Installing: /home/ubuntu/ros2_ws/install/pupper_interfaces/include/pupper_interfaces/pupper_interfaces/msg/detail/command__functions.h
[44.718s] -- Installing: /home/ubuntu/ros2_ws/install/pupper_interfaces/include/pupper_interfaces/pupper_interfaces/msg/detail/command__type_support.h
[44.721s] -- Installing: /home/ubuntu/ros2_ws/install/pupper_interfaces/include/pupper_interfaces/pupper_interfaces/msg/rosidl_generator_c__visibility_control.h
[44.722s] -- Installing: /home/ubuntu/ros2_ws/install/pupper_interfaces/share/pupper_interfaces/environment/library_path.sh
[44.725s] -- Installing: /home/ubuntu/ros2_ws/install/pupper_interfaces/share/pupper_interfaces/environment/library_path.dsv
[44.727s] -- Installing: /home/ubuntu/ros2_ws/install/pupper_interfaces/lib/libpupper_interfaces__rosidl_generator_c.so
[44.732s] -- Set runtime path of "/home/ubuntu/ros2_ws/install/pupper_interfaces/lib/libpupper_interfaces__rosidl_generator_c.so" to ""
[44.733s] -- Up-to-date: /home/ubuntu/ros2_ws/install/pupper_interfaces/include/pupper_interfaces/pupper_interfaces
[44.733s] -- Up-to-date: /home/ubuntu/ros2_ws/install/pupper_interfaces/include/pupper_interfaces/pupper_interfaces/srv
[44.734s] -- Up-to-date: /home/ubuntu/ros2_ws/install/pupper_interfaces/include/pupper_interfaces/pupper_interfaces/srv/detail
[44.735s] -- Installing: /home/ubuntu/ros2_ws/install/pupper_interfaces/include/pupper_interfaces/pupper_interfaces/srv/detail/go_pupper__rosidl_typesupport_fastrtps_c.h
[44.737s] -- Up-to-date: /home/ubuntu/ros2_ws/install/pupper_interfaces/include/pupper_interfaces/pupper_interfaces/msg
[44.737s] -- Installing: /home/ubuntu/ros2_ws/install/pupper_interfaces/include/pupper_interfaces/pupper_interfaces/msg/rosidl_typesupport_fastrtps_c__visibility_control.h
[44.738s] -- Up-to-date: /home/ubuntu/ros2_ws/install/pupper_interfaces/include/pupper_interfaces/pupper_interfaces/msg/detail
[44.739s] -- Installing: /home/ubuntu/ros2_ws/install/pupper_interfaces/include/pupper_interfaces/pupper_interfaces/msg/detail/command__rosidl_typesupport_fastrtps_c.h
[44.742s] -- Installing: /home/ubuntu/ros2_ws/install/pupper_interfaces/lib/libpupper_interfaces__rosidl_typesupport_fastrtps_c.so
[44.761s] -- Set runtime path of "/home/ubuntu/ros2_ws/install/pupper_interfaces/lib/libpupper_interfaces__rosidl_typesupport_fastrtps_c.so" to ""
[44.763s] -- Up-to-date: /home/ubuntu/ros2_ws/install/pupper_interfaces/include/pupper_interfaces/pupper_interfaces
[44.766s] -- Up-to-date: /home/ubuntu/ros2_ws/install/pupper_interfaces/include/pupper_interfaces/pupper_interfaces/srv
[44.767s] -- Up-to-date: /home/ubuntu/ros2_ws/install/pupper_interfaces/include/pupper_interfaces/pupper_interfaces/srv/detail
[44.767s] -- Installing: /home/ubuntu/ros2_ws/install/pupper_interfaces/include/pupper_interfaces/pupper_interfaces/srv/detail/go_pupper__type_support.c
[44.768s] -- Installing: /home/ubuntu/ros2_ws/install/pupper_interfaces/include/pupper_interfaces/pupper_interfaces/srv/detail/go_pupper__rosidl_typesupport_introspection_c.h
[44.775s] -- Up-to-date: /home/ubuntu/ros2_ws/install/pupper_interfaces/include/pupper_interfaces/pupper_interfaces/msg
[44.778s] -- Up-to-date: /home/ubuntu/ros2_ws/install/pupper_interfaces/include/pupper_interfaces/pupper_interfaces/msg/detail
[44.778s] -- Installing: /home/ubuntu/ros2_ws/install/pupper_interfaces/include/pupper_interfaces/pupper_interfaces/msg/detail/command__rosidl_typesupport_introspection_c.h
[44.779s] -- Installing: /home/ubuntu/ros2_ws/install/pupper_interfaces/include/pupper_interfaces/pupper_interfaces/msg/detail/command__type_support.c
[44.780s] -- Installing: /home/ubuntu/ros2_ws/install/pupper_interfaces/include/pupper_interfaces/pupper_interfaces/msg/rosidl_typesupport_introspection_c__visibility_control.h
[44.780s] -- Installing: /home/ubuntu/ros2_ws/install/pupper_interfaces/lib/libpupper_interfaces__rosidl_typesupport_introspection_c.so
[44.781s] -- Set runtime path of "/home/ubuntu/ros2_ws/install/pupper_interfaces/lib/libpupper_interfaces__rosidl_typesupport_introspection_c.so" to ""
[44.781s] -- Installing: /home/ubuntu/ros2_ws/install/pupper_interfaces/lib/libpupper_interfaces__rosidl_typesupport_c.so
[44.781s] -- Set runtime path of "/home/ubuntu/ros2_ws/install/pupper_interfaces/lib/libpupper_interfaces__rosidl_typesupport_c.so" to ""
[44.782s] -- Up-to-date: /home/ubuntu/ros2_ws/install/pupper_interfaces/include/pupper_interfaces/pupper_interfaces
[44.782s] -- Up-to-date: /home/ubuntu/ros2_ws/install/pupper_interfaces/include/pupper_interfaces/pupper_interfaces/srv
[44.783s] -- Up-to-date: /home/ubuntu/ros2_ws/install/pupper_interfaces/include/pupper_interfaces/pupper_interfaces/srv/detail
[44.783s] -- Installing: /home/ubuntu/ros2_ws/install/pupper_interfaces/include/pupper_interfaces/pupper_interfaces/srv/detail/go_pupper__builder.hpp
[44.784s] -- Installing: /home/ubuntu/ros2_ws/install/pupper_interfaces/include/pupper_interfaces/pupper_interfaces/srv/detail/go_pupper__struct.hpp
[44.784s] -- Installing: /home/ubuntu/ros2_ws/install/pupper_interfaces/include/pupper_interfaces/pupper_interfaces/srv/detail/go_pupper__traits.hpp
[44.784s] -- Installing: /home/ubuntu/ros2_ws/install/pupper_interfaces/include/pupper_interfaces/pupper_interfaces/srv/go_pupper.hpp
[44.785s] -- Up-to-date: /home/ubuntu/ros2_ws/install/pupper_interfaces/include/pupper_interfaces/pupper_interfaces/msg
[44.785s] -- Installing: /home/ubuntu/ros2_ws/install/pupper_interfaces/include/pupper_interfaces/pupper_interfaces/msg/command.hpp
[44.786s] -- Up-to-date: /home/ubuntu/ros2_ws/install/pupper_interfaces/include/pupper_interfaces/pupper_interfaces/msg/detail
[44.786s] -- Installing: /home/ubuntu/ros2_ws/install/pupper_interfaces/include/pupper_interfaces/pupper_interfaces/msg/detail/command__builder.hpp
[44.787s] -- Installing: /home/ubuntu/ros2_ws/install/pupper_interfaces/include/pupper_interfaces/pupper_interfaces/msg/detail/command__struct.hpp
[44.787s] -- Installing: /home/ubuntu/ros2_ws/install/pupper_interfaces/include/pupper_interfaces/pupper_interfaces/msg/detail/command__traits.hpp
[44.788s] -- Up-to-date: /home/ubuntu/ros2_ws/install/pupper_interfaces/include/pupper_interfaces/pupper_interfaces
[44.788s] -- Up-to-date: /home/ubuntu/ros2_ws/install/pupper_interfaces/include/pupper_interfaces/pupper_interfaces/srv
[44.789s] -- Up-to-date: /home/ubuntu/ros2_ws/install/pupper_interfaces/include/pupper_interfaces/pupper_interfaces/srv/detail
[44.789s] -- Installing: /home/ubuntu/ros2_ws/install/pupper_interfaces/include/pupper_interfaces/pupper_interfaces/srv/detail/dds_fastrtps
[44.790s] -- Installing: /home/ubuntu/ros2_ws/install/pupper_interfaces/include/pupper_interfaces/pupper_interfaces/srv/detail/go_pupper__rosidl_typesupport_fastrtps_cpp.hpp
[44.791s] -- Up-to-date: /home/ubuntu/ros2_ws/install/pupper_interfaces/include/pupper_interfaces/pupper_interfaces/msg
[44.792s] -- Installing: /home/ubuntu/ros2_ws/install/pupper_interfaces/include/pupper_interfaces/pupper_interfaces/msg/rosidl_typesupport_fastrtps_cpp__visibility_control.h
[44.793s] -- Up-to-date: /home/ubuntu/ros2_ws/install/pupper_interfaces/include/pupper_interfaces/pupper_interfaces/msg/detail
[44.794s] -- Installing: /home/ubuntu/ros2_ws/install/pupper_interfaces/include/pupper_interfaces/pupper_interfaces/msg/detail/command__rosidl_typesupport_fastrtps_cpp.hpp
[44.795s] -- Installing: /home/ubuntu/ros2_ws/install/pupper_interfaces/include/pupper_interfaces/pupper_interfaces/msg/detail/dds_fastrtps
[44.797s] -- Installing: /home/ubuntu/ros2_ws/install/pupper_interfaces/lib/libpupper_interfaces__rosidl_typesupport_fastrtps_cpp.so
[44.800s] -- Set runtime path of "/home/ubuntu/ros2_ws/install/pupper_interfaces/lib/libpupper_interfaces__rosidl_typesupport_fastrtps_cpp.so" to ""
[44.801s] -- Up-to-date: /home/ubuntu/ros2_ws/install/pupper_interfaces/include/pupper_interfaces/pupper_interfaces
[44.802s] -- Up-to-date: /home/ubuntu/ros2_ws/install/pupper_interfaces/include/pupper_interfaces/pupper_interfaces/srv
[44.802s] -- Up-to-date: /home/ubuntu/ros2_ws/install/pupper_interfaces/include/pupper_interfaces/pupper_interfaces/srv/detail
[44.802s] -- Installing: /home/ubuntu/ros2_ws/install/pupper_interfaces/include/pupper_interfaces/pupper_interfaces/srv/detail/go_pupper__type_support.cpp
[44.804s] -- Installing: /home/ubuntu/ros2_ws/install/pupper_interfaces/include/pupper_interfaces/pupper_interfaces/srv/detail/go_pupper__rosidl_typesupport_introspection_cpp.hpp
[44.806s] -- Up-to-date: /home/ubuntu/ros2_ws/install/pupper_interfaces/include/pupper_interfaces/pupper_interfaces/msg
[44.806s] -- Up-to-date: /home/ubuntu/ros2_ws/install/pupper_interfaces/include/pupper_interfaces/pupper_interfaces/msg/detail
[44.807s] -- Installing: /home/ubuntu/ros2_ws/install/pupper_interfaces/include/pupper_interfaces/pupper_interfaces/msg/detail/command__rosidl_typesupport_introspection_cpp.hpp
[44.809s] -- Installing: /home/ubuntu/ros2_ws/install/pupper_interfaces/include/pupper_interfaces/pupper_interfaces/msg/detail/command__type_support.cpp
[44.811s] -- Installing: /home/ubuntu/ros2_ws/install/pupper_interfaces/lib/libpupper_interfaces__rosidl_typesupport_introspection_cpp.so
[44.814s] -- Set runtime path of "/home/ubuntu/ros2_ws/install/pupper_interfaces/lib/libpupper_interfaces__rosidl_typesupport_introspection_cpp.so" to ""
[44.815s] -- Installing: /home/ubuntu/ros2_ws/install/pupper_interfaces/lib/libpupper_interfaces__rosidl_typesupport_cpp.so
[44.818s] -- Set runtime path of "/home/ubuntu/ros2_ws/install/pupper_interfaces/lib/libpupper_interfaces__rosidl_typesupport_cpp.so" to ""
[44.818s] -- Installing: /home/ubuntu/ros2_ws/install/pupper_interfaces/share/pupper_interfaces/environment/pythonpath.sh
[44.820s] -- Installing: /home/ubuntu/ros2_ws/install/pupper_interfaces/share/pupper_interfaces/environment/pythonpath.dsv
[44.822s] -- Installing: /home/ubuntu/ros2_ws/install/pupper_interfaces/local/lib/python3.10/dist-packages/pupper_interfaces-0.0.0-py3.10.egg-info
[44.827s] -- Installing: /home/ubuntu/ros2_ws/install/pupper_interfaces/local/lib/python3.10/dist-packages/pupper_interfaces-0.0.0-py3.10.egg-info/SOURCES.txt
[44.829s] -- Installing: /home/ubuntu/ros2_ws/install/pupper_interfaces/local/lib/python3.10/dist-packages/pupper_interfaces-0.0.0-py3.10.egg-info/dependency_links.txt
[44.832s] -- Installing: /home/ubuntu/ros2_ws/install/pupper_interfaces/local/lib/python3.10/dist-packages/pupper_interfaces-0.0.0-py3.10.egg-info/PKG-INFO
[44.835s] -- Installing: /home/ubuntu/ros2_ws/install/pupper_interfaces/local/lib/python3.10/dist-packages/pupper_interfaces-0.0.0-py3.10.egg-info/top_level.txt
[44.838s] -- Installing: /home/ubuntu/ros2_ws/install/pupper_interfaces/local/lib/python3.10/dist-packages/pupper_interfaces
[44.853s] -- Installing: /home/ubuntu/ros2_ws/install/pupper_interfaces/local/lib/python3.10/dist-packages/pupper_interfaces/__init__.py
[44.854s] -- Installing: /home/ubuntu/ros2_ws/install/pupper_interfaces/local/lib/python3.10/dist-packages/pupper_interfaces/_pupper_interfaces_s.ep.rosidl_typesupport_fastrtps_c.c
[44.855s] -- Installing: /home/ubuntu/ros2_ws/install/pupper_interfaces/local/lib/python3.10/dist-packages/pupper_interfaces/_pupper_interfaces_s.ep.rosidl_typesupport_c.c
[44.855s] -- Installing: /home/ubuntu/ros2_ws/install/pupper_interfaces/local/lib/python3.10/dist-packages/pupper_interfaces/_pupper_interfaces_s.ep.rosidl_typesupport_introspection_c.c
[44.856s] -- Installing: /home/ubuntu/ros2_ws/install/pupper_interfaces/local/lib/python3.10/dist-packages/pupper_interfaces/libpupper_interfaces__rosidl_generator_py.so
[44.856s] -- Installing: /home/ubuntu/ros2_ws/install/pupper_interfaces/local/lib/python3.10/dist-packages/pupper_interfaces/pupper_interfaces_s__rosidl_typesupport_introspection_c.cpython-310-aarch64-linux-gnu.so
[44.861s] -- Installing: /home/ubuntu/ros2_ws/install/pupper_interfaces/local/lib/python3.10/dist-packages/pupper_interfaces/srv
[44.862s] -- Installing: /home/ubuntu/ros2_ws/install/pupper_interfaces/local/lib/python3.10/dist-packages/pupper_interfaces/srv/__init__.py
[44.864s] -- Installing: /home/ubuntu/ros2_ws/install/pupper_interfaces/local/lib/python3.10/dist-packages/pupper_interfaces/srv/_go_pupper.py
[44.865s] -- Installing: /home/ubuntu/ros2_ws/install/pupper_interfaces/local/lib/python3.10/dist-packages/pupper_interfaces/srv/_go_pupper_s.c
[44.866s] -- Installing: /home/ubuntu/ros2_ws/install/pupper_interfaces/local/lib/python3.10/dist-packages/pupper_interfaces/pupper_interfaces_s__rosidl_typesupport_c.cpython-310-aarch64-linux-gnu.so
[44.867s] -- Installing: /home/ubuntu/ros2_ws/install/pupper_interfaces/local/lib/python3.10/dist-packages/pupper_interfaces/pupper_interfaces_s__rosidl_typesupport_fastrtps_c.cpython-310-aarch64-linux-gnu.so
[44.868s] -- Installing: /home/ubuntu/ros2_ws/install/pupper_interfaces/local/lib/python3.10/dist-packages/pupper_interfaces/msg
[44.869s] -- Installing: /home/ubuntu/ros2_ws/install/pupper_interfaces/local/lib/python3.10/dist-packages/pupper_interfaces/msg/__init__.py
[44.870s] -- Installing: /home/ubuntu/ros2_ws/install/pupper_interfaces/local/lib/python3.10/dist-packages/pupper_interfaces/msg/_command.py
[44.871s] -- Installing: /home/ubuntu/ros2_ws/install/pupper_interfaces/local/lib/python3.10/dist-packages/pupper_interfaces/msg/_command_s.c
[45.118s] Listing '/home/ubuntu/ros2_ws/install/pupper_interfaces/local/lib/python3.10/dist-packages/pupper_interfaces'...
[45.119s] Compiling '/home/ubuntu/ros2_ws/install/pupper_interfaces/local/lib/python3.10/dist-packages/pupper_interfaces/__init__.py'...
[45.120s] Listing '/home/ubuntu/ros2_ws/install/pupper_interfaces/local/lib/python3.10/dist-packages/pupper_interfaces/msg'...
[45.121s] Compiling '/home/ubuntu/ros2_ws/install/pupper_interfaces/local/lib/python3.10/dist-packages/pupper_interfaces/msg/__init__.py'...
[45.123s] Compiling '/home/ubuntu/ros2_ws/install/pupper_interfaces/local/lib/python3.10/dist-packages/pupper_interfaces/msg/_command.py'...
[45.124s] Listing '/home/ubuntu/ros2_ws/install/pupper_interfaces/local/lib/python3.10/dist-packages/pupper_interfaces/srv'...
[45.126s] Compiling '/home/ubuntu/ros2_ws/install/pupper_interfaces/local/lib/python3.10/dist-packages/pupper_interfaces/srv/__init__.py'...
[45.127s] Compiling '/home/ubuntu/ros2_ws/install/pupper_interfaces/local/lib/python3.10/dist-packages/pupper_interfaces/srv/_go_pupper.py'...
[45.165s] -- Installing: /home/ubuntu/ros2_ws/install/pupper_interfaces/local/lib/python3.10/dist-packages/pupper_interfaces/pupper_interfaces_s__rosidl_typesupport_fastrtps_c.cpython-310-aarch64-linux-gnu.so
[45.166s] -- Set runtime path of "/home/ubuntu/ros2_ws/install/pupper_interfaces/local/lib/python3.10/dist-packages/pupper_interfaces/pupper_interfaces_s__rosidl_typesupport_fastrtps_c.cpython-310-aarch64-linux-gnu.so" to ""
[45.166s] -- Installing: /home/ubuntu/ros2_ws/install/pupper_interfaces/local/lib/python3.10/dist-packages/pupper_interfaces/pupper_interfaces_s__rosidl_typesupport_introspection_c.cpython-310-aarch64-linux-gnu.so
[45.173s] -- Set runtime path of "/home/ubuntu/ros2_ws/install/pupper_interfaces/local/lib/python3.10/dist-packages/pupper_interfaces/pupper_interfaces_s__rosidl_typesupport_introspection_c.cpython-310-aarch64-linux-gnu.so" to ""
[45.178s] -- Installing: /home/ubuntu/ros2_ws/install/pupper_interfaces/local/lib/python3.10/dist-packages/pupper_interfaces/pupper_interfaces_s__rosidl_typesupport_c.cpython-310-aarch64-linux-gnu.so
[45.182s] -- Set runtime path of "/home/ubuntu/ros2_ws/install/pupper_interfaces/local/lib/python3.10/dist-packages/pupper_interfaces/pupper_interfaces_s__rosidl_typesupport_c.cpython-310-aarch64-linux-gnu.so" to ""
[45.183s] -- Installing: /home/ubuntu/ros2_ws/install/pupper_interfaces/lib/libpupper_interfaces__rosidl_generator_py.so
[45.185s] -- Set runtime path of "/home/ubuntu/ros2_ws/install/pupper_interfaces/lib/libpupper_interfaces__rosidl_generator_py.so" to ""
[45.186s] -- Installing: /home/ubuntu/ros2_ws/install/pupper_interfaces/share/pupper_interfaces/msg/Command.idl
[45.188s] -- Installing: /home/ubuntu/ros2_ws/install/pupper_interfaces/share/pupper_interfaces/srv/GoPupper.idl
[45.189s] -- Installing: /home/ubuntu/ros2_ws/install/pupper_interfaces/share/pupper_interfaces/msg/Command.msg
[45.191s] -- Installing: /home/ubuntu/ros2_ws/install/pupper_interfaces/share/pupper_interfaces/srv/GoPupper.srv
[45.192s] -- Installing: /home/ubuntu/ros2_ws/install/pupper_interfaces/share/pupper_interfaces/srv/GoPupper_Request.msg
[45.194s] -- Installing: /home/ubuntu/ros2_ws/install/pupper_interfaces/share/pupper_interfaces/srv/GoPupper_Response.msg
[45.196s] -- Installing: /home/ubuntu/ros2_ws/install/pupper_interfaces/share/ament_index/resource_index/package_run_dependencies/pupper_interfaces
[45.199s] -- Installing: /home/ubuntu/ros2_ws/install/pupper_interfaces/share/ament_index/resource_index/parent_prefix_path/pupper_interfaces
[45.201s] -- Installing: /home/ubuntu/ros2_ws/install/pupper_interfaces/share/pupper_interfaces/environment/ament_prefix_path.sh
[45.203s] -- Installing: /home/ubuntu/ros2_ws/install/pupper_interfaces/share/pupper_interfaces/environment/ament_prefix_path.dsv
[45.205s] -- Installing: /home/ubuntu/ros2_ws/install/pupper_interfaces/share/pupper_interfaces/environment/path.sh
[45.207s] -- Installing: /home/ubuntu/ros2_ws/install/pupper_interfaces/share/pupper_interfaces/environment/path.dsv
[45.209s] -- Installing: /home/ubuntu/ros2_ws/install/pupper_interfaces/share/pupper_interfaces/local_setup.bash
[45.211s] -- Installing: /home/ubuntu/ros2_ws/install/pupper_interfaces/share/pupper_interfaces/local_setup.sh
[45.213s] -- Installing: /home/ubuntu/ros2_ws/install/pupper_interfaces/share/pupper_interfaces/local_setup.zsh
[45.215s] -- Installing: /home/ubuntu/ros2_ws/install/pupper_interfaces/share/pupper_interfaces/local_setup.dsv
[45.216s] -- Installing: /home/ubuntu/ros2_ws/install/pupper_interfaces/share/pupper_interfaces/package.dsv
[45.219s] -- Installing: /home/ubuntu/ros2_ws/install/pupper_interfaces/share/ament_index/resource_index/packages/pupper_interfaces
[45.220s] -- Installing: /home/ubuntu/ros2_ws/install/pupper_interfaces/share/pupper_interfaces/cmake/export_pupper_interfaces__rosidl_generator_cExport.cmake
[45.223s] -- Installing: /home/ubuntu/ros2_ws/install/pupper_interfaces/share/pupper_interfaces/cmake/export_pupper_interfaces__rosidl_generator_cExport-noconfig.cmake
[45.226s] -- Installing: /home/ubuntu/ros2_ws/install/pupper_interfaces/share/pupper_interfaces/cmake/export_pupper_interfaces__rosidl_typesupport_fastrtps_cExport.cmake
[45.228s] -- Installing: /home/ubuntu/ros2_ws/install/pupper_interfaces/share/pupper_interfaces/cmake/export_pupper_interfaces__rosidl_typesupport_fastrtps_cExport-noconfig.cmake
[45.231s] -- Installing: /home/ubuntu/ros2_ws/install/pupper_interfaces/share/pupper_interfaces/cmake/pupper_interfaces__rosidl_typesupport_introspection_cExport.cmake
[45.234s] -- Installing: /home/ubuntu/ros2_ws/install/pupper_interfaces/share/pupper_interfaces/cmake/pupper_interfaces__rosidl_typesupport_introspection_cExport-noconfig.cmake
[45.238s] -- Installing: /home/ubuntu/ros2_ws/install/pupper_interfaces/share/pupper_interfaces/cmake/pupper_interfaces__rosidl_typesupport_cExport.cmake
[45.240s] -- Installing: /home/ubuntu/ros2_ws/install/pupper_interfaces/share/pupper_interfaces/cmake/pupper_interfaces__rosidl_typesupport_cExport-noconfig.cmake
[45.245s] -- Installing: /home/ubuntu/ros2_ws/install/pupper_interfaces/share/pupper_interfaces/cmake/export_pupper_interfaces__rosidl_generator_cppExport.cmake
[45.250s] -- Installing: /home/ubuntu/ros2_ws/install/pupper_interfaces/share/pupper_interfaces/cmake/export_pupper_interfaces__rosidl_typesupport_fastrtps_cppExport.cmake
[45.252s] -- Installing: /home/ubuntu/ros2_ws/install/pupper_interfaces/share/pupper_interfaces/cmake/export_pupper_interfaces__rosidl_typesupport_fastrtps_cppExport-noconfig.cmake
[45.255s] -- Installing: /home/ubuntu/ros2_ws/install/pupper_interfaces/share/pupper_interfaces/cmake/pupper_interfaces__rosidl_typesupport_introspection_cppExport.cmake
[45.257s] -- Installing: /home/ubuntu/ros2_ws/install/pupper_interfaces/share/pupper_interfaces/cmake/pupper_interfaces__rosidl_typesupport_introspection_cppExport-noconfig.cmake
[45.259s] -- Installing: /home/ubuntu/ros2_ws/install/pupper_interfaces/share/pupper_interfaces/cmake/pupper_interfaces__rosidl_typesupport_cppExport.cmake
[45.262s] -- Installing: /home/ubuntu/ros2_ws/install/pupper_interfaces/share/pupper_interfaces/cmake/pupper_interfaces__rosidl_typesupport_cppExport-noconfig.cmake
[45.264s] -- Installing: /home/ubuntu/ros2_ws/install/pupper_interfaces/share/pupper_interfaces/cmake/export_pupper_interfaces__rosidl_generator_pyExport.cmake
[45.267s] -- Installing: /home/ubuntu/ros2_ws/install/pupper_interfaces/share/pupper_interfaces/cmake/export_pupper_interfaces__rosidl_generator_pyExport-noconfig.cmake
[45.269s] -- Installing: /home/ubuntu/ros2_ws/install/pupper_interfaces/share/pupper_interfaces/cmake/rosidl_cmake-extras.cmake
[45.271s] -- Installing: /home/ubuntu/ros2_ws/install/pupper_interfaces/share/pupper_interfaces/cmake/ament_cmake_export_dependencies-extras.cmake
[45.274s] -- Installing: /home/ubuntu/ros2_ws/install/pupper_interfaces/share/pupper_interfaces/cmake/ament_cmake_export_include_directories-extras.cmake
[45.277s] -- Installing: /home/ubuntu/ros2_ws/install/pupper_interfaces/share/pupper_interfaces/cmake/ament_cmake_export_libraries-extras.cmake
[45.280s] -- Installing: /home/ubuntu/ros2_ws/install/pupper_interfaces/share/pupper_interfaces/cmake/ament_cmake_export_targets-extras.cmake
[45.285s] -- Installing: /home/ubuntu/ros2_ws/install/pupper_interfaces/share/pupper_interfaces/cmake/rosidl_cmake_export_typesupport_targets-extras.cmake
[45.287s] -- Installing: /home/ubuntu/ros2_ws/install/pupper_interfaces/share/pupper_interfaces/cmake/rosidl_cmake_export_typesupport_libraries-extras.cmake
[45.289s] -- Installing: /home/ubuntu/ros2_ws/install/pupper_interfaces/share/pupper_interfaces/cmake/pupper_interfacesConfig.cmake
[45.290s] -- Installing: /home/ubuntu/ros2_ws/install/pupper_interfaces/share/pupper_interfaces/cmake/pupper_interfacesConfig-version.cmake
[45.292s] -- Installing: /home/ubuntu/ros2_ws/install/pupper_interfaces/share/pupper_interfaces/package.xml
[45.303s] Invoked command in '/home/ubuntu/ros2_ws/build/pupper_interfaces' returned '0': CMAKE_PREFIX_PATH=${CMAKE_PREFIX_PATH}:/home/ubuntu/ros2_ws/install/mini_pupper_music:/home/ubuntu/ros2_ws/install/mini_pupper_dance:/home/ubuntu/ros2_ws/install/mini_pupper_driver:/opt/ros/humble /usr/bin/cmake --install /home/ubuntu/ros2_ws/build/pupper_interfaces
