[0.112s] Invoking command in '/home/ubuntu/ros2_ws/src/build/champ_config': CMAKE_PREFIX_PATH=${CMAKE_PREFIX_PATH}:/home/ubuntu/ros2_ws/install/go_pupper_srv:/home/ubuntu/ros2_ws/install/mini_pupper_music:/home/ubuntu/ros2_ws/install/mini_pupper_dance:/home/ubuntu/ros2_ws/install/mini_pupper_driver:/opt/ros/humble /usr/bin/cmake /home/ubuntu/ros2_ws/src/champ/champ/champ_config -DCMAKE_INSTALL_PREFIX=/home/ubuntu/ros2_ws/src/install/champ_config
[0.886s] -- The C compiler identification is GNU 11.4.0
[1.404s] -- The CXX compiler identification is GNU 11.4.0
[1.519s] -- Detecting C compiler ABI info
[2.283s] -- Detecting C compiler ABI info - done
[2.387s] -- Check for working C compiler: /usr/bin/cc - skipped
[2.390s] -- Detecting C compile features
[2.393s] -- Detecting C compile features - done
[2.422s] -- Detecting CXX compiler ABI info
[4.322s] -- Detecting CXX compiler ABI info - done
[4.475s] -- Check for working CXX compiler: /usr/bin/c++ - skipped
[4.477s] -- Detecting CXX compile features
[4.479s] -- Detecting CXX compile features - done
[4.746s] -- Found ament_cmake: 1.3.8 (/opt/ros/humble/share/ament_cmake/cmake)
[9.684s] -- Found Python3: /usr/bin/python3 (found version "3.10.12") found components: Interpreter 
[13.181s] -- Configuring done
[13.290s] -- Generating done
[13.323s] -- Build files have been written to: /home/ubuntu/ros2_ws/src/build/champ_config
[13.368s] Invoked command in '/home/ubuntu/ros2_ws/src/build/champ_config' returned '0': CMAKE_PREFIX_PATH=${CMAKE_PREFIX_PATH}:/home/ubuntu/ros2_ws/install/go_pupper_srv:/home/ubuntu/ros2_ws/install/mini_pupper_music:/home/ubuntu/ros2_ws/install/mini_pupper_dance:/home/ubuntu/ros2_ws/install/mini_pupper_driver:/opt/ros/humble /usr/bin/cmake /home/ubuntu/ros2_ws/src/champ/champ/champ_config -DCMAKE_INSTALL_PREFIX=/home/ubuntu/ros2_ws/src/install/champ_config
[13.372s] Invoking command in '/home/ubuntu/ros2_ws/src/build/champ_config': CMAKE_PREFIX_PATH=${CMAKE_PREFIX_PATH}:/home/ubuntu/ros2_ws/install/go_pupper_srv:/home/ubuntu/ros2_ws/install/mini_pupper_music:/home/ubuntu/ros2_ws/install/mini_pupper_dance:/home/ubuntu/ros2_ws/install/mini_pupper_driver:/opt/ros/humble /usr/bin/cmake --build /home/ubuntu/ros2_ws/src/build/champ_config -- -j4 -l4
[14.186s] Invoked command in '/home/ubuntu/ros2_ws/src/build/champ_config' returned '0': CMAKE_PREFIX_PATH=${CMAKE_PREFIX_PATH}:/home/ubuntu/ros2_ws/install/go_pupper_srv:/home/ubuntu/ros2_ws/install/mini_pupper_music:/home/ubuntu/ros2_ws/install/mini_pupper_dance:/home/ubuntu/ros2_ws/install/mini_pupper_driver:/opt/ros/humble /usr/bin/cmake --build /home/ubuntu/ros2_ws/src/build/champ_config -- -j4 -l4
[14.727s] Invoking command in '/home/ubuntu/ros2_ws/src/build/champ_config': CMAKE_PREFIX_PATH=${CMAKE_PREFIX_PATH}:/home/ubuntu/ros2_ws/install/go_pupper_srv:/home/ubuntu/ros2_ws/install/mini_pupper_music:/home/ubuntu/ros2_ws/install/mini_pupper_dance:/home/ubuntu/ros2_ws/install/mini_pupper_driver:/opt/ros/humble /usr/bin/cmake --install /home/ubuntu/ros2_ws/src/build/champ_config
[14.802s] -- Install configuration: ""
[14.803s] -- Installing: /home/ubuntu/ros2_ws/src/install/champ_config/share/champ_config/launch
[14.809s] -- Installing: /home/ubuntu/ros2_ws/src/install/champ_config/share/champ_config/launch/bringup.launch.py
[14.811s] -- Installing: /home/ubuntu/ros2_ws/src/install/champ_config/share/champ_config/launch/navigate.launch.py
[14.814s] -- Installing: /home/ubuntu/ros2_ws/src/install/champ_config/share/champ_config/launch/slam.launch.py
[14.819s] -- Installing: /home/ubuntu/ros2_ws/src/install/champ_config/share/champ_config/launch/gazebo.launch.py
[14.824s] -- Installing: /home/ubuntu/ros2_ws/src/install/champ_config/share/champ_config/config
[14.826s] -- Installing: /home/ubuntu/ros2_ws/src/install/champ_config/share/champ_config/config/joints
[14.827s] -- Installing: /home/ubuntu/ros2_ws/src/install/champ_config/share/champ_config/config/joints/joints.yaml
[14.834s] -- Installing: /home/ubuntu/ros2_ws/src/install/champ_config/share/champ_config/config/autonomy
[14.836s] -- Installing: /home/ubuntu/ros2_ws/src/install/champ_config/share/champ_config/config/autonomy/slam.yaml
[14.839s] -- Installing: /home/ubuntu/ros2_ws/src/install/champ_config/share/champ_config/config/autonomy/navigation.yaml
[14.841s] -- Installing: /home/ubuntu/ros2_ws/src/install/champ_config/share/champ_config/config/links
[14.843s] -- Installing: /home/ubuntu/ros2_ws/src/install/champ_config/share/champ_config/config/links/links.yaml
[14.850s] -- Installing: /home/ubuntu/ros2_ws/src/install/champ_config/share/champ_config/config/gait
[14.852s] -- Installing: /home/ubuntu/ros2_ws/src/install/champ_config/share/champ_config/config/gait/gait.yaml
[14.855s] -- Installing: /home/ubuntu/ros2_ws/src/install/champ_config/share/champ_config/maps
[14.856s] -- Installing: /home/ubuntu/ros2_ws/src/install/champ_config/share/champ_config/maps/playground.yaml
[14.858s] -- Installing: /home/ubuntu/ros2_ws/src/install/champ_config/share/champ_config/maps/playground.pgm
[14.871s] -- Installing: /home/ubuntu/ros2_ws/src/install/champ_config/share/champ_config/maps/map.pgm
[14.988s] -- Installing: /home/ubuntu/ros2_ws/src/install/champ_config/share/champ_config/maps/map.yaml
[14.998s] -- Installing: /home/ubuntu/ros2_ws/src/install/champ_config/share/champ_config/worlds
[15.000s] -- Installing: /home/ubuntu/ros2_ws/src/install/champ_config/share/champ_config/worlds/outdoor.world
[15.005s] -- Installing: /home/ubuntu/ros2_ws/src/install/champ_config/share/champ_config/worlds/default.world
[15.008s] -- Installing: /home/ubuntu/ros2_ws/src/install/champ_config/share/champ_config/worlds/playground.world
[15.014s] -- Installing: /home/ubuntu/ros2_ws/src/install/champ_config/share/ament_index/resource_index/package_run_dependencies/champ_config
[15.028s] -- Installing: /home/ubuntu/ros2_ws/src/install/champ_config/share/ament_index/resource_index/parent_prefix_path/champ_config
[15.030s] -- Installing: /home/ubuntu/ros2_ws/src/install/champ_config/share/champ_config/environment/ament_prefix_path.sh
[15.032s] -- Installing: /home/ubuntu/ros2_ws/src/install/champ_config/share/champ_config/environment/ament_prefix_path.dsv
[15.034s] -- Installing: /home/ubuntu/ros2_ws/src/install/champ_config/share/champ_config/environment/path.sh
[15.036s] -- Installing: /home/ubuntu/ros2_ws/src/install/champ_config/share/champ_config/environment/path.dsv
[15.044s] -- Installing: /home/ubuntu/ros2_ws/src/install/champ_config/share/champ_config/local_setup.bash
[15.057s] -- Installing: /home/ubuntu/ros2_ws/src/install/champ_config/share/champ_config/local_setup.sh
[15.069s] -- Installing: /home/ubuntu/ros2_ws/src/install/champ_config/share/champ_config/local_setup.zsh
[15.074s] -- Installing: /home/ubuntu/ros2_ws/src/install/champ_config/share/champ_config/local_setup.dsv
[15.079s] -- Installing: /home/ubuntu/ros2_ws/src/install/champ_config/share/champ_config/package.dsv
[15.086s] -- Installing: /home/ubuntu/ros2_ws/src/install/champ_config/share/ament_index/resource_index/packages/champ_config
[15.092s] -- Installing: /home/ubuntu/ros2_ws/src/install/champ_config/share/champ_config/cmake/champ_configConfig.cmake
[15.096s] -- Installing: /home/ubuntu/ros2_ws/src/install/champ_config/share/champ_config/cmake/champ_configConfig-version.cmake
[15.100s] -- Installing: /home/ubuntu/ros2_ws/src/install/champ_config/share/champ_config/package.xml
[15.118s] Invoked command in '/home/ubuntu/ros2_ws/src/build/champ_config' returned '0': CMAKE_PREFIX_PATH=${CMAKE_PREFIX_PATH}:/home/ubuntu/ros2_ws/install/go_pupper_srv:/home/ubuntu/ros2_ws/install/mini_pupper_music:/home/ubuntu/ros2_ws/install/mini_pupper_dance:/home/ubuntu/ros2_ws/install/mini_pupper_driver:/opt/ros/humble /usr/bin/cmake --install /home/ubuntu/ros2_ws/src/build/champ_config
