/home/ubuntu/ros2_ws/install/mini_pupper_music/lib/python3.10/site-packages/mini_pupper_music/__init__.py
/home/ubuntu/ros2_ws/install/mini_pupper_music/lib/python3.10/site-packages/mini_pupper_music/music_player.py
/home/ubuntu/ros2_ws/install/mini_pupper_music/lib/python3.10/site-packages/mini_pupper_music/music_server.py
/home/ubuntu/ros2_ws/install/mini_pupper_music/lib/python3.10/site-packages/mini_pupper_music/__pycache__/__init__.cpython-310.pyc
/home/ubuntu/ros2_ws/install/mini_pupper_music/lib/python3.10/site-packages/mini_pupper_music/__pycache__/music_player.cpython-310.pyc
/home/ubuntu/ros2_ws/install/mini_pupper_music/lib/python3.10/site-packages/mini_pupper_music/__pycache__/music_server.cpython-310.pyc
/home/ubuntu/ros2_ws/install/mini_pupper_music/share/ament_index/resource_index/packages/mini_pupper_music
/home/ubuntu/ros2_ws/install/mini_pupper_music/share/mini_pupper_music/package.xml
/home/ubuntu/ros2_ws/install/mini_pupper_music/share/mini_pupper_music/resource/mini_pupper_music
/home/ubuntu/ros2_ws/install/mini_pupper_music/share/mini_pupper_music/resource/robot1.wav
/home/ubuntu/ros2_ws/install/mini_pupper_music/share/mini_pupper_music/resource/robot1.mp3
/home/ubuntu/ros2_ws/install/mini_pupper_music/share/mini_pupper_music/music.launch.py
/home/ubuntu/ros2_ws/install/mini_pupper_music/lib/python3.10/site-packages/mini_pupper_music-1.0.0-py3.10.egg-info/SOURCES.txt
/home/ubuntu/ros2_ws/install/mini_pupper_music/lib/python3.10/site-packages/mini_pupper_music-1.0.0-py3.10.egg-info/dependency_links.txt
/home/ubuntu/ros2_ws/install/mini_pupper_music/lib/python3.10/site-packages/mini_pupper_music-1.0.0-py3.10.egg-info/PKG-INFO
/home/ubuntu/ros2_ws/install/mini_pupper_music/lib/python3.10/site-packages/mini_pupper_music-1.0.0-py3.10.egg-info/requires.txt
/home/ubuntu/ros2_ws/install/mini_pupper_music/lib/python3.10/site-packages/mini_pupper_music-1.0.0-py3.10.egg-info/entry_points.txt
/home/ubuntu/ros2_ws/install/mini_pupper_music/lib/python3.10/site-packages/mini_pupper_music-1.0.0-py3.10.egg-info/zip-safe
/home/ubuntu/ros2_ws/install/mini_pupper_music/lib/python3.10/site-packages/mini_pupper_music-1.0.0-py3.10.egg-info/top_level.txt
/home/ubuntu/ros2_ws/install/mini_pupper_music/lib/mini_pupper_music/service
