[22.256s] Invoking command in '/home/ubuntu/ros2_ws/src/go_pupper_srv': PYTHONPATH=/home/ubuntu/ros2_ws/build/go_pupper_srv/prefix_override:/home/ubuntu/ros2_ws/install/go_pupper_srv/lib/python3.10/site-packages:${PYTHONPATH} /usr/bin/python3 -W ignore:setup.py install is deprecated setup.py egg_info --egg-base ../../build/go_pupper_srv build --build-base /home/ubuntu/ros2_ws/build/go_pupper_srv/build install --record /home/ubuntu/ros2_ws/build/go_pupper_srv/install.log --single-version-externally-managed install_data
[30.534s] running egg_info
[30.963s] writing ../../build/go_pupper_srv/go_pupper_srv.egg-info/PKG-INFO
[30.970s] writing dependency_links to ../../build/go_pupper_srv/go_pupper_srv.egg-info/dependency_links.txt
[30.979s] writing entry points to ../../build/go_pupper_srv/go_pupper_srv.egg-info/entry_points.txt
[30.982s] writing requirements to ../../build/go_pupper_srv/go_pupper_srv.egg-info/requires.txt
[30.986s] writing top-level names to ../../build/go_pupper_srv/go_pupper_srv.egg-info/top_level.txt
[32.004s] reading manifest file '../../build/go_pupper_srv/go_pupper_srv.egg-info/SOURCES.txt'
[32.006s] adding license file 'LICENSE'
[32.011s] writing manifest file '../../build/go_pupper_srv/go_pupper_srv.egg-info/SOURCES.txt'
[32.012s] running build
[32.013s] running build_py
[32.015s] copying go_pupper_srv/task2.py -> /home/ubuntu/ros2_ws/build/go_pupper_srv/build/lib/go_pupper_srv
[32.022s] copying go_pupper_srv/task3.py -> /home/ubuntu/ros2_ws/build/go_pupper_srv/build/lib/go_pupper_srv
[32.030s] copying go_pupper_srv/task1.py -> /home/ubuntu/ros2_ws/build/go_pupper_srv/build/lib/go_pupper_srv
[32.048s] copying go_pupper_srv/audio.py -> /home/ubuntu/ros2_ws/build/go_pupper_srv/build/lib/go_pupper_srv
[32.058s] copying go_pupper_srv/client_go_pupper.py -> /home/ubuntu/ros2_ws/build/go_pupper_srv/build/lib/go_pupper_srv
[32.065s] copying go_pupper_srv/energy1.py -> /home/ubuntu/ros2_ws/build/go_pupper_srv/build/lib/go_pupper_srv
[32.076s] copying go_pupper_srv/service_go_pupper.py -> /home/ubuntu/ros2_ws/build/go_pupper_srv/build/lib/go_pupper_srv
[32.091s] running install
[32.152s] running install_lib
[32.889s] running install_data
[32.890s] running install_egg_info
[33.440s] removing '/home/ubuntu/ros2_ws/install/go_pupper_srv/lib/python3.10/site-packages/go_pupper_srv-0.0.0-py3.10.egg-info' (and everything under it)
[33.444s] Copying ../../build/go_pupper_srv/go_pupper_srv.egg-info to /home/ubuntu/ros2_ws/install/go_pupper_srv/lib/python3.10/site-packages/go_pupper_srv-0.0.0-py3.10.egg-info
[33.481s] running install_scripts
[39.218s] Installing audio script to /home/ubuntu/ros2_ws/install/go_pupper_srv/lib/go_pupper_srv
[39.230s] Installing client script to /home/ubuntu/ros2_ws/install/go_pupper_srv/lib/go_pupper_srv
[39.233s] Installing salsa script to /home/ubuntu/ros2_ws/install/go_pupper_srv/lib/go_pupper_srv
[39.241s] Installing service script to /home/ubuntu/ros2_ws/install/go_pupper_srv/lib/go_pupper_srv
[39.246s] Installing task1 script to /home/ubuntu/ros2_ws/install/go_pupper_srv/lib/go_pupper_srv
[39.252s] Installing task2 script to /home/ubuntu/ros2_ws/install/go_pupper_srv/lib/go_pupper_srv
[39.260s] Installing task3 script to /home/ubuntu/ros2_ws/install/go_pupper_srv/lib/go_pupper_srv
[39.266s] writing list of installed files to '/home/ubuntu/ros2_ws/build/go_pupper_srv/install.log'
[39.549s] Invoked command in '/home/ubuntu/ros2_ws/src/go_pupper_srv' returned '0': PYTHONPATH=/home/ubuntu/ros2_ws/build/go_pupper_srv/prefix_override:/home/ubuntu/ros2_ws/install/go_pupper_srv/lib/python3.10/site-packages:${PYTHONPATH} /usr/bin/python3 -W ignore:setup.py install is deprecated setup.py egg_info --egg-base ../../build/go_pupper_srv build --build-base /home/ubuntu/ros2_ws/build/go_pupper_srv/build install --record /home/ubuntu/ros2_ws/build/go_pupper_srv/install.log --single-version-externally-managed install_data
