[1.114s] DEBUG:colcon:Command line arguments: ['/usr/bin/colcon', 'build', '--packages-select', 'pupper_interfaces']
[1.115s] DEBUG:colcon:Parsed command line arguments: Namespace(log_base=None, log_level=None, verb_name='build', build_base='build', install_base='install', merge_install=False, symlink_install=False, test_result_base=None, continue_on_error=False, executor='parallel', parallel_workers=4, event_handlers=None, ignore_user_meta=False, metas=['./colcon.meta'], base_paths=['.'], packages_ignore=None, packages_ignore_regex=None, paths=None, packages_up_to=None, packages_up_to_regex=None, packages_above=None, packages_above_and_dependencies=None, packages_above_depth=None, packages_select_by_dep=None, packages_skip_by_dep=None, packages_skip_up_to=None, packages_select_build_failed=False, packages_skip_build_finished=False, packages_select_test_failures=False, packages_skip_test_passed=False, packages_select=['pupper_interfaces'], packages_skip=None, packages_select_regex=None, packages_skip_regex=None, packages_start=None, packages_end=None, allow_overriding=[], cmake_args=None, cmake_target=None, cmake_target_skip_unavailable=False, cmake_clean_cache=False, cmake_clean_first=False, cmake_force_configure=False, ament_cmake_args=None, catkin_cmake_args=None, catkin_skip_building_tests=False, verb_parser=<colcon_defaults.argument_parser.defaults.DefaultArgumentsDecorator object at 0xffff8e931e10>, verb_extension=<colcon_core.verb.build.BuildVerb object at 0xffff8e8e4640>, main=<bound method BuildVerb.main of <colcon_core.verb.build.BuildVerb object at 0xffff8e8e4640>>)
[1.448s] Level 1:colcon.colcon_core.package_discovery:discover_packages(colcon_meta) check parameters
[1.448s] Level 1:colcon.colcon_core.package_discovery:discover_packages(recursive) check parameters
[1.449s] Level 1:colcon.colcon_core.package_discovery:discover_packages(ignore) check parameters
[1.449s] Level 1:colcon.colcon_core.package_discovery:discover_packages(path) check parameters
[1.449s] Level 1:colcon.colcon_core.package_discovery:discover_packages(colcon_meta) discover
[1.449s] Level 1:colcon.colcon_core.package_discovery:discover_packages(recursive) discover
[1.449s] INFO:colcon.colcon_core.package_discovery:Crawling recursively for packages in '/home/ubuntu/ros2_ws/src'
[1.450s] Level 1:colcon.colcon_core.package_identification:_identify(.) by extensions ['ignore', 'ignore_ament_install']
[1.451s] Level 1:colcon.colcon_core.package_identification:_identify(.) by extension 'ignore'
[1.451s] Level 1:colcon.colcon_core.package_identification:_identify(.) by extension 'ignore_ament_install'
[1.451s] Level 1:colcon.colcon_core.package_identification:_identify(.) by extensions ['colcon_pkg']
[1.452s] Level 1:colcon.colcon_core.package_identification:_identify(.) by extension 'colcon_pkg'
[1.452s] Level 1:colcon.colcon_core.package_identification:_identify(.) by extensions ['colcon_meta']
[1.452s] Level 1:colcon.colcon_core.package_identification:_identify(.) by extension 'colcon_meta'
[1.452s] Level 1:colcon.colcon_core.package_identification:_identify(.) by extensions ['ros']
[1.452s] Level 1:colcon.colcon_core.package_identification:_identify(.) by extension 'ros'
[1.530s] Level 1:colcon.colcon_core.package_identification:_identify(.) by extensions ['cmake', 'python']
[1.530s] Level 1:colcon.colcon_core.package_identification:_identify(.) by extension 'cmake'
[1.530s] Level 1:colcon.colcon_core.package_identification:_identify(.) by extension 'python'
[1.531s] Level 1:colcon.colcon_core.package_identification:_identify(.) by extensions ['python_setup_py']
[1.531s] Level 1:colcon.colcon_core.package_identification:_identify(.) by extension 'python_setup_py'
[1.532s] Level 1:colcon.colcon_core.package_identification:_identify(build) by extensions ['ignore', 'ignore_ament_install']
[1.532s] Level 1:colcon.colcon_core.package_identification:_identify(build) by extension 'ignore'
[1.532s] Level 1:colcon.colcon_core.package_identification:_identify(build) ignored
[1.533s] Level 1:colcon.colcon_core.package_identification:_identify(champ) by extensions ['ignore', 'ignore_ament_install']
[1.533s] Level 1:colcon.colcon_core.package_identification:_identify(champ) by extension 'ignore'
[1.534s] Level 1:colcon.colcon_core.package_identification:_identify(champ) by extension 'ignore_ament_install'
[1.534s] Level 1:colcon.colcon_core.package_identification:_identify(champ) by extensions ['colcon_pkg']
[1.534s] Level 1:colcon.colcon_core.package_identification:_identify(champ) by extension 'colcon_pkg'
[1.534s] Level 1:colcon.colcon_core.package_identification:_identify(champ) by extensions ['colcon_meta']
[1.534s] Level 1:colcon.colcon_core.package_identification:_identify(champ) by extension 'colcon_meta'
[1.535s] Level 1:colcon.colcon_core.package_identification:_identify(champ) by extensions ['ros']
[1.535s] Level 1:colcon.colcon_core.package_identification:_identify(champ) by extension 'ros'
[1.535s] Level 1:colcon.colcon_core.package_identification:_identify(champ) by extensions ['cmake', 'python']
[1.535s] Level 1:colcon.colcon_core.package_identification:_identify(champ) by extension 'cmake'
[1.536s] Level 1:colcon.colcon_core.package_identification:_identify(champ) by extension 'python'
[1.536s] Level 1:colcon.colcon_core.package_identification:_identify(champ) by extensions ['python_setup_py']
[1.536s] Level 1:colcon.colcon_core.package_identification:_identify(champ) by extension 'python_setup_py'
[1.537s] Level 1:colcon.colcon_core.package_identification:_identify(champ/champ) by extensions ['ignore', 'ignore_ament_install']
[1.537s] Level 1:colcon.colcon_core.package_identification:_identify(champ/champ) by extension 'ignore'
[1.537s] Level 1:colcon.colcon_core.package_identification:_identify(champ/champ) by extension 'ignore_ament_install'
[1.538s] Level 1:colcon.colcon_core.package_identification:_identify(champ/champ) by extensions ['colcon_pkg']
[1.538s] Level 1:colcon.colcon_core.package_identification:_identify(champ/champ) by extension 'colcon_pkg'
[1.538s] Level 1:colcon.colcon_core.package_identification:_identify(champ/champ) by extensions ['colcon_meta']
[1.538s] Level 1:colcon.colcon_core.package_identification:_identify(champ/champ) by extension 'colcon_meta'
[1.539s] Level 1:colcon.colcon_core.package_identification:_identify(champ/champ) by extensions ['ros']
[1.539s] Level 1:colcon.colcon_core.package_identification:_identify(champ/champ) by extension 'ros'
[1.539s] Level 1:colcon.colcon_core.package_identification:_identify(champ/champ) by extensions ['cmake', 'python']
[1.539s] Level 1:colcon.colcon_core.package_identification:_identify(champ/champ) by extension 'cmake'
[1.539s] Level 1:colcon.colcon_core.package_identification:_identify(champ/champ) by extension 'python'
[1.540s] Level 1:colcon.colcon_core.package_identification:_identify(champ/champ) by extensions ['python_setup_py']
[1.540s] Level 1:colcon.colcon_core.package_identification:_identify(champ/champ) by extension 'python_setup_py'
[1.540s] Level 1:colcon.colcon_core.package_identification:_identify(champ/champ/champ) by extensions ['ignore', 'ignore_ament_install']
[1.541s] Level 1:colcon.colcon_core.package_identification:_identify(champ/champ/champ) by extension 'ignore'
[1.541s] Level 1:colcon.colcon_core.package_identification:_identify(champ/champ/champ) by extension 'ignore_ament_install'
[1.541s] Level 1:colcon.colcon_core.package_identification:_identify(champ/champ/champ) by extensions ['colcon_pkg']
[1.542s] Level 1:colcon.colcon_core.package_identification:_identify(champ/champ/champ) by extension 'colcon_pkg'
[1.542s] Level 1:colcon.colcon_core.package_identification:_identify(champ/champ/champ) by extensions ['colcon_meta']
[1.542s] Level 1:colcon.colcon_core.package_identification:_identify(champ/champ/champ) by extension 'colcon_meta'
[1.542s] Level 1:colcon.colcon_core.package_identification:_identify(champ/champ/champ) by extensions ['ros']
[1.542s] Level 1:colcon.colcon_core.package_identification:_identify(champ/champ/champ) by extension 'ros'
[1.556s] DEBUG:colcon.colcon_core.package_identification:Package 'champ/champ/champ' with type 'ros.ament_cmake' and name 'champ'
[1.557s] Level 1:colcon.colcon_core.package_identification:_identify(champ/champ/champ_base) by extensions ['ignore', 'ignore_ament_install']
[1.557s] Level 1:colcon.colcon_core.package_identification:_identify(champ/champ/champ_base) by extension 'ignore'
[1.557s] Level 1:colcon.colcon_core.package_identification:_identify(champ/champ/champ_base) by extension 'ignore_ament_install'
[1.558s] Level 1:colcon.colcon_core.package_identification:_identify(champ/champ/champ_base) by extensions ['colcon_pkg']
[1.558s] Level 1:colcon.colcon_core.package_identification:_identify(champ/champ/champ_base) by extension 'colcon_pkg'
[1.558s] Level 1:colcon.colcon_core.package_identification:_identify(champ/champ/champ_base) by extensions ['colcon_meta']
[1.558s] Level 1:colcon.colcon_core.package_identification:_identify(champ/champ/champ_base) by extension 'colcon_meta'
[1.558s] Level 1:colcon.colcon_core.package_identification:_identify(champ/champ/champ_base) by extensions ['ros']
[1.559s] Level 1:colcon.colcon_core.package_identification:_identify(champ/champ/champ_base) by extension 'ros'
[1.566s] DEBUG:colcon.colcon_core.package_identification:Package 'champ/champ/champ_base' with type 'ros.ament_cmake' and name 'champ_base'
[1.567s] Level 1:colcon.colcon_core.package_identification:_identify(champ/champ/champ_bringup) by extensions ['ignore', 'ignore_ament_install']
[1.567s] Level 1:colcon.colcon_core.package_identification:_identify(champ/champ/champ_bringup) by extension 'ignore'
[1.567s] Level 1:colcon.colcon_core.package_identification:_identify(champ/champ/champ_bringup) by extension 'ignore_ament_install'
[1.568s] Level 1:colcon.colcon_core.package_identification:_identify(champ/champ/champ_bringup) by extensions ['colcon_pkg']
[1.568s] Level 1:colcon.colcon_core.package_identification:_identify(champ/champ/champ_bringup) by extension 'colcon_pkg'
[1.568s] Level 1:colcon.colcon_core.package_identification:_identify(champ/champ/champ_bringup) by extensions ['colcon_meta']
[1.568s] Level 1:colcon.colcon_core.package_identification:_identify(champ/champ/champ_bringup) by extension 'colcon_meta'
[1.569s] Level 1:colcon.colcon_core.package_identification:_identify(champ/champ/champ_bringup) by extensions ['ros']
[1.569s] Level 1:colcon.colcon_core.package_identification:_identify(champ/champ/champ_bringup) by extension 'ros'
[1.572s] DEBUG:colcon.colcon_core.package_identification:Package 'champ/champ/champ_bringup' with type 'ros.ament_cmake' and name 'champ_bringup'
[1.573s] Level 1:colcon.colcon_core.package_identification:_identify(champ/champ/champ_config) by extensions ['ignore', 'ignore_ament_install']
[1.573s] Level 1:colcon.colcon_core.package_identification:_identify(champ/champ/champ_config) by extension 'ignore'
[1.574s] Level 1:colcon.colcon_core.package_identification:_identify(champ/champ/champ_config) by extension 'ignore_ament_install'
[1.574s] Level 1:colcon.colcon_core.package_identification:_identify(champ/champ/champ_config) by extensions ['colcon_pkg']
[1.574s] Level 1:colcon.colcon_core.package_identification:_identify(champ/champ/champ_config) by extension 'colcon_pkg'
[1.574s] Level 1:colcon.colcon_core.package_identification:_identify(champ/champ/champ_config) by extensions ['colcon_meta']
[1.575s] Level 1:colcon.colcon_core.package_identification:_identify(champ/champ/champ_config) by extension 'colcon_meta'
[1.575s] Level 1:colcon.colcon_core.package_identification:_identify(champ/champ/champ_config) by extensions ['ros']
[1.575s] Level 1:colcon.colcon_core.package_identification:_identify(champ/champ/champ_config) by extension 'ros'
[1.578s] DEBUG:colcon.colcon_core.package_identification:Package 'champ/champ/champ_config' with type 'ros.ament_cmake' and name 'champ_config'
[1.579s] Level 1:colcon.colcon_core.package_identification:_identify(champ/champ/champ_description) by extensions ['ignore', 'ignore_ament_install']
[1.579s] Level 1:colcon.colcon_core.package_identification:_identify(champ/champ/champ_description) by extension 'ignore'
[1.579s] Level 1:colcon.colcon_core.package_identification:_identify(champ/champ/champ_description) by extension 'ignore_ament_install'
[1.580s] Level 1:colcon.colcon_core.package_identification:_identify(champ/champ/champ_description) by extensions ['colcon_pkg']
[1.580s] Level 1:colcon.colcon_core.package_identification:_identify(champ/champ/champ_description) by extension 'colcon_pkg'
[1.580s] Level 1:colcon.colcon_core.package_identification:_identify(champ/champ/champ_description) by extensions ['colcon_meta']
[1.580s] Level 1:colcon.colcon_core.package_identification:_identify(champ/champ/champ_description) by extension 'colcon_meta'
[1.581s] Level 1:colcon.colcon_core.package_identification:_identify(champ/champ/champ_description) by extensions ['ros']
[1.581s] Level 1:colcon.colcon_core.package_identification:_identify(champ/champ/champ_description) by extension 'ros'
[1.584s] DEBUG:colcon.colcon_core.package_identification:Package 'champ/champ/champ_description' with type 'ros.ament_cmake' and name 'champ_description'
[1.585s] Level 1:colcon.colcon_core.package_identification:_identify(champ/champ/champ_gazebo) by extensions ['ignore', 'ignore_ament_install']
[1.585s] Level 1:colcon.colcon_core.package_identification:_identify(champ/champ/champ_gazebo) by extension 'ignore'
[1.586s] Level 1:colcon.colcon_core.package_identification:_identify(champ/champ/champ_gazebo) by extension 'ignore_ament_install'
[1.586s] Level 1:colcon.colcon_core.package_identification:_identify(champ/champ/champ_gazebo) by extensions ['colcon_pkg']
[1.586s] Level 1:colcon.colcon_core.package_identification:_identify(champ/champ/champ_gazebo) by extension 'colcon_pkg'
[1.586s] Level 1:colcon.colcon_core.package_identification:_identify(champ/champ/champ_gazebo) by extensions ['colcon_meta']
[1.587s] Level 1:colcon.colcon_core.package_identification:_identify(champ/champ/champ_gazebo) by extension 'colcon_meta'
[1.587s] Level 1:colcon.colcon_core.package_identification:_identify(champ/champ/champ_gazebo) by extensions ['ros']
[1.587s] Level 1:colcon.colcon_core.package_identification:_identify(champ/champ/champ_gazebo) by extension 'ros'
[1.587s] Level 1:colcon.colcon_core.package_identification:_identify(champ/champ/champ_gazebo) ignored
[1.588s] Level 1:colcon.colcon_core.package_identification:_identify(champ/champ/champ_msgs) by extensions ['ignore', 'ignore_ament_install']
[1.588s] Level 1:colcon.colcon_core.package_identification:_identify(champ/champ/champ_msgs) by extension 'ignore'
[1.589s] Level 1:colcon.colcon_core.package_identification:_identify(champ/champ/champ_msgs) by extension 'ignore_ament_install'
[1.589s] Level 1:colcon.colcon_core.package_identification:_identify(champ/champ/champ_msgs) by extensions ['colcon_pkg']
[1.589s] Level 1:colcon.colcon_core.package_identification:_identify(champ/champ/champ_msgs) by extension 'colcon_pkg'
[1.589s] Level 1:colcon.colcon_core.package_identification:_identify(champ/champ/champ_msgs) by extensions ['colcon_meta']
[1.589s] Level 1:colcon.colcon_core.package_identification:_identify(champ/champ/champ_msgs) by extension 'colcon_meta'
[1.590s] Level 1:colcon.colcon_core.package_identification:_identify(champ/champ/champ_msgs) by extensions ['ros']
[1.590s] Level 1:colcon.colcon_core.package_identification:_identify(champ/champ/champ_msgs) by extension 'ros'
[1.594s] DEBUG:colcon.colcon_core.package_identification:Package 'champ/champ/champ_msgs' with type 'ros.ament_cmake' and name 'champ_msgs'
[1.595s] Level 1:colcon.colcon_core.package_identification:_identify(champ/champ/champ_navigation) by extensions ['ignore', 'ignore_ament_install']
[1.595s] Level 1:colcon.colcon_core.package_identification:_identify(champ/champ/champ_navigation) by extension 'ignore'
[1.595s] Level 1:colcon.colcon_core.package_identification:_identify(champ/champ/champ_navigation) by extension 'ignore_ament_install'
[1.596s] Level 1:colcon.colcon_core.package_identification:_identify(champ/champ/champ_navigation) by extensions ['colcon_pkg']
[1.596s] Level 1:colcon.colcon_core.package_identification:_identify(champ/champ/champ_navigation) by extension 'colcon_pkg'
[1.596s] Level 1:colcon.colcon_core.package_identification:_identify(champ/champ/champ_navigation) by extensions ['colcon_meta']
[1.596s] Level 1:colcon.colcon_core.package_identification:_identify(champ/champ/champ_navigation) by extension 'colcon_meta'
[1.597s] Level 1:colcon.colcon_core.package_identification:_identify(champ/champ/champ_navigation) by extensions ['ros']
[1.597s] Level 1:colcon.colcon_core.package_identification:_identify(champ/champ/champ_navigation) by extension 'ros'
[1.597s] Level 1:colcon.colcon_core.package_identification:_identify(champ/champ/champ_navigation) ignored
[1.597s] Level 1:colcon.colcon_core.package_identification:_identify(champ/champ/docs) by extensions ['ignore', 'ignore_ament_install']
[1.598s] Level 1:colcon.colcon_core.package_identification:_identify(champ/champ/docs) by extension 'ignore'
[1.598s] Level 1:colcon.colcon_core.package_identification:_identify(champ/champ/docs) by extension 'ignore_ament_install'
[1.598s] Level 1:colcon.colcon_core.package_identification:_identify(champ/champ/docs) by extensions ['colcon_pkg']
[1.599s] Level 1:colcon.colcon_core.package_identification:_identify(champ/champ/docs) by extension 'colcon_pkg'
[1.599s] Level 1:colcon.colcon_core.package_identification:_identify(champ/champ/docs) by extensions ['colcon_meta']
[1.599s] Level 1:colcon.colcon_core.package_identification:_identify(champ/champ/docs) by extension 'colcon_meta'
[1.599s] Level 1:colcon.colcon_core.package_identification:_identify(champ/champ/docs) by extensions ['ros']
[1.599s] Level 1:colcon.colcon_core.package_identification:_identify(champ/champ/docs) by extension 'ros'
[1.600s] Level 1:colcon.colcon_core.package_identification:_identify(champ/champ/docs) by extensions ['cmake', 'python']
[1.600s] Level 1:colcon.colcon_core.package_identification:_identify(champ/champ/docs) by extension 'cmake'
[1.600s] Level 1:colcon.colcon_core.package_identification:_identify(champ/champ/docs) by extension 'python'
[1.600s] Level 1:colcon.colcon_core.package_identification:_identify(champ/champ/docs) by extensions ['python_setup_py']
[1.601s] Level 1:colcon.colcon_core.package_identification:_identify(champ/champ/docs) by extension 'python_setup_py'
[1.601s] Level 1:colcon.colcon_core.package_identification:_identify(champ/champ/docs/images) by extensions ['ignore', 'ignore_ament_install']
[1.602s] Level 1:colcon.colcon_core.package_identification:_identify(champ/champ/docs/images) by extension 'ignore'
[1.602s] Level 1:colcon.colcon_core.package_identification:_identify(champ/champ/docs/images) by extension 'ignore_ament_install'
[1.602s] Level 1:colcon.colcon_core.package_identification:_identify(champ/champ/docs/images) by extensions ['colcon_pkg']
[1.602s] Level 1:colcon.colcon_core.package_identification:_identify(champ/champ/docs/images) by extension 'colcon_pkg'
[1.603s] Level 1:colcon.colcon_core.package_identification:_identify(champ/champ/docs/images) by extensions ['colcon_meta']
[1.603s] Level 1:colcon.colcon_core.package_identification:_identify(champ/champ/docs/images) by extension 'colcon_meta'
[1.603s] Level 1:colcon.colcon_core.package_identification:_identify(champ/champ/docs/images) by extensions ['ros']
[1.603s] Level 1:colcon.colcon_core.package_identification:_identify(champ/champ/docs/images) by extension 'ros'
[1.604s] Level 1:colcon.colcon_core.package_identification:_identify(champ/champ/docs/images) by extensions ['cmake', 'python']
[1.604s] Level 1:colcon.colcon_core.package_identification:_identify(champ/champ/docs/images) by extension 'cmake'
[1.604s] Level 1:colcon.colcon_core.package_identification:_identify(champ/champ/docs/images) by extension 'python'
[1.604s] Level 1:colcon.colcon_core.package_identification:_identify(champ/champ/docs/images) by extensions ['python_setup_py']
[1.604s] Level 1:colcon.colcon_core.package_identification:_identify(champ/champ/docs/images) by extension 'python_setup_py'
[1.605s] Level 1:colcon.colcon_core.package_identification:_identify(champ/champ_teleop) by extensions ['ignore', 'ignore_ament_install']
[1.605s] Level 1:colcon.colcon_core.package_identification:_identify(champ/champ_teleop) by extension 'ignore'
[1.606s] Level 1:colcon.colcon_core.package_identification:_identify(champ/champ_teleop) by extension 'ignore_ament_install'
[1.606s] Level 1:colcon.colcon_core.package_identification:_identify(champ/champ_teleop) by extensions ['colcon_pkg']
[1.606s] Level 1:colcon.colcon_core.package_identification:_identify(champ/champ_teleop) by extension 'colcon_pkg'
[1.606s] Level 1:colcon.colcon_core.package_identification:_identify(champ/champ_teleop) by extensions ['colcon_meta']
[1.607s] Level 1:colcon.colcon_core.package_identification:_identify(champ/champ_teleop) by extension 'colcon_meta'
[1.607s] Level 1:colcon.colcon_core.package_identification:_identify(champ/champ_teleop) by extensions ['ros']
[1.607s] Level 1:colcon.colcon_core.package_identification:_identify(champ/champ_teleop) by extension 'ros'
[1.611s] DEBUG:colcon.colcon_core.package_identification:Package 'champ/champ_teleop' with type 'ros.ament_cmake' and name 'champ_teleop'
[1.612s] Level 1:colcon.colcon_core.package_identification:_identify(go_pupper_srv) by extensions ['ignore', 'ignore_ament_install']
[1.612s] Level 1:colcon.colcon_core.package_identification:_identify(go_pupper_srv) by extension 'ignore'
[1.612s] Level 1:colcon.colcon_core.package_identification:_identify(go_pupper_srv) by extension 'ignore_ament_install'
[1.613s] Level 1:colcon.colcon_core.package_identification:_identify(go_pupper_srv) by extensions ['colcon_pkg']
[1.613s] Level 1:colcon.colcon_core.package_identification:_identify(go_pupper_srv) by extension 'colcon_pkg'
[1.613s] Level 1:colcon.colcon_core.package_identification:_identify(go_pupper_srv) by extensions ['colcon_meta']
[1.613s] Level 1:colcon.colcon_core.package_identification:_identify(go_pupper_srv) by extension 'colcon_meta'
[1.613s] Level 1:colcon.colcon_core.package_identification:_identify(go_pupper_srv) by extensions ['ros']
[1.614s] Level 1:colcon.colcon_core.package_identification:_identify(go_pupper_srv) by extension 'ros'
[1.617s] DEBUG:colcon.colcon_core.package_identification:Package 'go_pupper_srv' with type 'ros.ament_python' and name 'go_pupper_srv'
[1.618s] Level 1:colcon.colcon_core.package_identification:_identify(install) by extensions ['ignore', 'ignore_ament_install']
[1.618s] Level 1:colcon.colcon_core.package_identification:_identify(install) by extension 'ignore'
[1.619s] Level 1:colcon.colcon_core.package_identification:_identify(install) ignored
[1.619s] Level 1:colcon.colcon_core.package_identification:_identify(ldlidar_stl_ros) by extensions ['ignore', 'ignore_ament_install']
[1.620s] Level 1:colcon.colcon_core.package_identification:_identify(ldlidar_stl_ros) by extension 'ignore'
[1.620s] Level 1:colcon.colcon_core.package_identification:_identify(ldlidar_stl_ros) by extension 'ignore_ament_install'
[1.620s] Level 1:colcon.colcon_core.package_identification:_identify(ldlidar_stl_ros) by extensions ['colcon_pkg']
[1.620s] Level 1:colcon.colcon_core.package_identification:_identify(ldlidar_stl_ros) by extension 'colcon_pkg'
[1.621s] Level 1:colcon.colcon_core.package_identification:_identify(ldlidar_stl_ros) by extensions ['colcon_meta']
[1.621s] Level 1:colcon.colcon_core.package_identification:_identify(ldlidar_stl_ros) by extension 'colcon_meta'
[1.621s] Level 1:colcon.colcon_core.package_identification:_identify(ldlidar_stl_ros) by extensions ['ros']
[1.621s] Level 1:colcon.colcon_core.package_identification:_identify(ldlidar_stl_ros) by extension 'ros'
[1.625s] DEBUG:colcon.colcon_core.package_identification:Package 'ldlidar_stl_ros' with type 'ros.ament_cmake' and name 'ldlidar_stl_ros2'
[1.625s] Level 1:colcon.colcon_core.package_identification:_identify(log) by extensions ['ignore', 'ignore_ament_install']
[1.626s] Level 1:colcon.colcon_core.package_identification:_identify(log) by extension 'ignore'
[1.626s] Level 1:colcon.colcon_core.package_identification:_identify(log) ignored
[1.627s] Level 1:colcon.colcon_core.package_identification:_identify(mini_pupper_ros) by extensions ['ignore', 'ignore_ament_install']
[1.627s] Level 1:colcon.colcon_core.package_identification:_identify(mini_pupper_ros) by extension 'ignore'
[1.627s] Level 1:colcon.colcon_core.package_identification:_identify(mini_pupper_ros) by extension 'ignore_ament_install'
[1.628s] Level 1:colcon.colcon_core.package_identification:_identify(mini_pupper_ros) by extensions ['colcon_pkg']
[1.628s] Level 1:colcon.colcon_core.package_identification:_identify(mini_pupper_ros) by extension 'colcon_pkg'
[1.628s] Level 1:colcon.colcon_core.package_identification:_identify(mini_pupper_ros) by extensions ['colcon_meta']
[1.628s] Level 1:colcon.colcon_core.package_identification:_identify(mini_pupper_ros) by extension 'colcon_meta'
[1.629s] Level 1:colcon.colcon_core.package_identification:_identify(mini_pupper_ros) by extensions ['ros']
[1.629s] Level 1:colcon.colcon_core.package_identification:_identify(mini_pupper_ros) by extension 'ros'
[1.629s] Level 1:colcon.colcon_core.package_identification:_identify(mini_pupper_ros) by extensions ['cmake', 'python']
[1.629s] Level 1:colcon.colcon_core.package_identification:_identify(mini_pupper_ros) by extension 'cmake'
[1.630s] Level 1:colcon.colcon_core.package_identification:_identify(mini_pupper_ros) by extension 'python'
[1.630s] Level 1:colcon.colcon_core.package_identification:_identify(mini_pupper_ros) by extensions ['python_setup_py']
[1.630s] Level 1:colcon.colcon_core.package_identification:_identify(mini_pupper_ros) by extension 'python_setup_py'
[1.631s] Level 1:colcon.colcon_core.package_identification:_identify(mini_pupper_ros/mini_pupper_2_description) by extensions ['ignore', 'ignore_ament_install']
[1.631s] Level 1:colcon.colcon_core.package_identification:_identify(mini_pupper_ros/mini_pupper_2_description) by extension 'ignore'
[1.631s] Level 1:colcon.colcon_core.package_identification:_identify(mini_pupper_ros/mini_pupper_2_description) by extension 'ignore_ament_install'
[1.632s] Level 1:colcon.colcon_core.package_identification:_identify(mini_pupper_ros/mini_pupper_2_description) by extensions ['colcon_pkg']
[1.632s] Level 1:colcon.colcon_core.package_identification:_identify(mini_pupper_ros/mini_pupper_2_description) by extension 'colcon_pkg'
[1.632s] Level 1:colcon.colcon_core.package_identification:_identify(mini_pupper_ros/mini_pupper_2_description) by extensions ['colcon_meta']
[1.632s] Level 1:colcon.colcon_core.package_identification:_identify(mini_pupper_ros/mini_pupper_2_description) by extension 'colcon_meta'
[1.632s] Level 1:colcon.colcon_core.package_identification:_identify(mini_pupper_ros/mini_pupper_2_description) by extensions ['ros']
[1.633s] Level 1:colcon.colcon_core.package_identification:_identify(mini_pupper_ros/mini_pupper_2_description) by extension 'ros'
[1.636s] DEBUG:colcon.colcon_core.package_identification:Package 'mini_pupper_ros/mini_pupper_2_description' with type 'ros.ament_cmake' and name 'mini_pupper_2_description'
[1.637s] Level 1:colcon.colcon_core.package_identification:_identify(mini_pupper_ros/mini_pupper_bringup) by extensions ['ignore', 'ignore_ament_install']
[1.637s] Level 1:colcon.colcon_core.package_identification:_identify(mini_pupper_ros/mini_pupper_bringup) by extension 'ignore'
[1.637s] Level 1:colcon.colcon_core.package_identification:_identify(mini_pupper_ros/mini_pupper_bringup) by extension 'ignore_ament_install'
[1.638s] Level 1:colcon.colcon_core.package_identification:_identify(mini_pupper_ros/mini_pupper_bringup) by extensions ['colcon_pkg']
[1.638s] Level 1:colcon.colcon_core.package_identification:_identify(mini_pupper_ros/mini_pupper_bringup) by extension 'colcon_pkg'
[1.638s] Level 1:colcon.colcon_core.package_identification:_identify(mini_pupper_ros/mini_pupper_bringup) by extensions ['colcon_meta']
[1.638s] Level 1:colcon.colcon_core.package_identification:_identify(mini_pupper_ros/mini_pupper_bringup) by extension 'colcon_meta'
[1.638s] Level 1:colcon.colcon_core.package_identification:_identify(mini_pupper_ros/mini_pupper_bringup) by extensions ['ros']
[1.638s] Level 1:colcon.colcon_core.package_identification:_identify(mini_pupper_ros/mini_pupper_bringup) by extension 'ros'
[1.642s] DEBUG:colcon.colcon_core.package_identification:Package 'mini_pupper_ros/mini_pupper_bringup' with type 'ros.ament_cmake' and name 'mini_pupper_bringup'
[1.642s] Level 1:colcon.colcon_core.package_identification:_identify(mini_pupper_ros/mini_pupper_dance) by extensions ['ignore', 'ignore_ament_install']
[1.643s] Level 1:colcon.colcon_core.package_identification:_identify(mini_pupper_ros/mini_pupper_dance) by extension 'ignore'
[1.643s] Level 1:colcon.colcon_core.package_identification:_identify(mini_pupper_ros/mini_pupper_dance) by extension 'ignore_ament_install'
[1.643s] Level 1:colcon.colcon_core.package_identification:_identify(mini_pupper_ros/mini_pupper_dance) by extensions ['colcon_pkg']
[1.644s] Level 1:colcon.colcon_core.package_identification:_identify(mini_pupper_ros/mini_pupper_dance) by extension 'colcon_pkg'
[1.644s] Level 1:colcon.colcon_core.package_identification:_identify(mini_pupper_ros/mini_pupper_dance) by extensions ['colcon_meta']
[1.644s] Level 1:colcon.colcon_core.package_identification:_identify(mini_pupper_ros/mini_pupper_dance) by extension 'colcon_meta'
[1.644s] Level 1:colcon.colcon_core.package_identification:_identify(mini_pupper_ros/mini_pupper_dance) by extensions ['ros']
[1.644s] Level 1:colcon.colcon_core.package_identification:_identify(mini_pupper_ros/mini_pupper_dance) by extension 'ros'
[1.647s] DEBUG:colcon.colcon_core.package_identification:Package 'mini_pupper_ros/mini_pupper_dance' with type 'ros.ament_python' and name 'mini_pupper_dance'
[1.648s] Level 1:colcon.colcon_core.package_identification:_identify(mini_pupper_ros/mini_pupper_description) by extensions ['ignore', 'ignore_ament_install']
[1.649s] Level 1:colcon.colcon_core.package_identification:_identify(mini_pupper_ros/mini_pupper_description) by extension 'ignore'
[1.649s] Level 1:colcon.colcon_core.package_identification:_identify(mini_pupper_ros/mini_pupper_description) by extension 'ignore_ament_install'
[1.649s] Level 1:colcon.colcon_core.package_identification:_identify(mini_pupper_ros/mini_pupper_description) by extensions ['colcon_pkg']
[1.649s] Level 1:colcon.colcon_core.package_identification:_identify(mini_pupper_ros/mini_pupper_description) by extension 'colcon_pkg'
[1.650s] Level 1:colcon.colcon_core.package_identification:_identify(mini_pupper_ros/mini_pupper_description) by extensions ['colcon_meta']
[1.650s] Level 1:colcon.colcon_core.package_identification:_identify(mini_pupper_ros/mini_pupper_description) by extension 'colcon_meta'
[1.650s] Level 1:colcon.colcon_core.package_identification:_identify(mini_pupper_ros/mini_pupper_description) by extensions ['ros']
[1.650s] Level 1:colcon.colcon_core.package_identification:_identify(mini_pupper_ros/mini_pupper_description) by extension 'ros'
[1.654s] DEBUG:colcon.colcon_core.package_identification:Package 'mini_pupper_ros/mini_pupper_description' with type 'ros.ament_cmake' and name 'mini_pupper_description'
[1.654s] Level 1:colcon.colcon_core.package_identification:_identify(mini_pupper_ros/mini_pupper_driver) by extensions ['ignore', 'ignore_ament_install']
[1.655s] Level 1:colcon.colcon_core.package_identification:_identify(mini_pupper_ros/mini_pupper_driver) by extension 'ignore'
[1.655s] Level 1:colcon.colcon_core.package_identification:_identify(mini_pupper_ros/mini_pupper_driver) by extension 'ignore_ament_install'
[1.655s] Level 1:colcon.colcon_core.package_identification:_identify(mini_pupper_ros/mini_pupper_driver) by extensions ['colcon_pkg']
[1.655s] Level 1:colcon.colcon_core.package_identification:_identify(mini_pupper_ros/mini_pupper_driver) by extension 'colcon_pkg'
[1.656s] Level 1:colcon.colcon_core.package_identification:_identify(mini_pupper_ros/mini_pupper_driver) by extensions ['colcon_meta']
[1.656s] Level 1:colcon.colcon_core.package_identification:_identify(mini_pupper_ros/mini_pupper_driver) by extension 'colcon_meta'
[1.656s] Level 1:colcon.colcon_core.package_identification:_identify(mini_pupper_ros/mini_pupper_driver) by extensions ['ros']
[1.656s] Level 1:colcon.colcon_core.package_identification:_identify(mini_pupper_ros/mini_pupper_driver) by extension 'ros'
[1.661s] DEBUG:colcon.colcon_core.package_identification:Package 'mini_pupper_ros/mini_pupper_driver' with type 'ros.ament_python' and name 'mini_pupper_driver'
[1.662s] Level 1:colcon.colcon_core.package_identification:_identify(mini_pupper_ros/mini_pupper_gazebo) by extensions ['ignore', 'ignore_ament_install']
[1.662s] Level 1:colcon.colcon_core.package_identification:_identify(mini_pupper_ros/mini_pupper_gazebo) by extension 'ignore'
[1.662s] Level 1:colcon.colcon_core.package_identification:_identify(mini_pupper_ros/mini_pupper_gazebo) by extension 'ignore_ament_install'
[1.663s] Level 1:colcon.colcon_core.package_identification:_identify(mini_pupper_ros/mini_pupper_gazebo) by extensions ['colcon_pkg']
[1.663s] Level 1:colcon.colcon_core.package_identification:_identify(mini_pupper_ros/mini_pupper_gazebo) by extension 'colcon_pkg'
[1.663s] Level 1:colcon.colcon_core.package_identification:_identify(mini_pupper_ros/mini_pupper_gazebo) by extensions ['colcon_meta']
[1.663s] Level 1:colcon.colcon_core.package_identification:_identify(mini_pupper_ros/mini_pupper_gazebo) by extension 'colcon_meta'
[1.664s] Level 1:colcon.colcon_core.package_identification:_identify(mini_pupper_ros/mini_pupper_gazebo) by extensions ['ros']
[1.664s] Level 1:colcon.colcon_core.package_identification:_identify(mini_pupper_ros/mini_pupper_gazebo) by extension 'ros'
[1.664s] Level 1:colcon.colcon_core.package_identification:_identify(mini_pupper_ros/mini_pupper_gazebo) ignored
[1.665s] Level 1:colcon.colcon_core.package_identification:_identify(mini_pupper_ros/mini_pupper_interfaces) by extensions ['ignore', 'ignore_ament_install']
[1.665s] Level 1:colcon.colcon_core.package_identification:_identify(mini_pupper_ros/mini_pupper_interfaces) by extension 'ignore'
[1.665s] Level 1:colcon.colcon_core.package_identification:_identify(mini_pupper_ros/mini_pupper_interfaces) by extension 'ignore_ament_install'
[1.666s] Level 1:colcon.colcon_core.package_identification:_identify(mini_pupper_ros/mini_pupper_interfaces) by extensions ['colcon_pkg']
[1.666s] Level 1:colcon.colcon_core.package_identification:_identify(mini_pupper_ros/mini_pupper_interfaces) by extension 'colcon_pkg'
[1.666s] Level 1:colcon.colcon_core.package_identification:_identify(mini_pupper_ros/mini_pupper_interfaces) by extensions ['colcon_meta']
[1.666s] Level 1:colcon.colcon_core.package_identification:_identify(mini_pupper_ros/mini_pupper_interfaces) by extension 'colcon_meta'
[1.666s] Level 1:colcon.colcon_core.package_identification:_identify(mini_pupper_ros/mini_pupper_interfaces) by extensions ['ros']
[1.667s] Level 1:colcon.colcon_core.package_identification:_identify(mini_pupper_ros/mini_pupper_interfaces) by extension 'ros'
[1.670s] DEBUG:colcon.colcon_core.package_identification:Package 'mini_pupper_ros/mini_pupper_interfaces' with type 'ros.ament_cmake' and name 'mini_pupper_interfaces'
[1.671s] Level 1:colcon.colcon_core.package_identification:_identify(mini_pupper_ros/mini_pupper_music) by extensions ['ignore', 'ignore_ament_install']
[1.671s] Level 1:colcon.colcon_core.package_identification:_identify(mini_pupper_ros/mini_pupper_music) by extension 'ignore'
[1.671s] Level 1:colcon.colcon_core.package_identification:_identify(mini_pupper_ros/mini_pupper_music) by extension 'ignore_ament_install'
[1.672s] Level 1:colcon.colcon_core.package_identification:_identify(mini_pupper_ros/mini_pupper_music) by extensions ['colcon_pkg']
[1.672s] Level 1:colcon.colcon_core.package_identification:_identify(mini_pupper_ros/mini_pupper_music) by extension 'colcon_pkg'
[1.672s] Level 1:colcon.colcon_core.package_identification:_identify(mini_pupper_ros/mini_pupper_music) by extensions ['colcon_meta']
[1.672s] Level 1:colcon.colcon_core.package_identification:_identify(mini_pupper_ros/mini_pupper_music) by extension 'colcon_meta'
[1.672s] Level 1:colcon.colcon_core.package_identification:_identify(mini_pupper_ros/mini_pupper_music) by extensions ['ros']
[1.673s] Level 1:colcon.colcon_core.package_identification:_identify(mini_pupper_ros/mini_pupper_music) by extension 'ros'
[1.675s] DEBUG:colcon.colcon_core.package_identification:Package 'mini_pupper_ros/mini_pupper_music' with type 'ros.ament_python' and name 'mini_pupper_music'
[1.676s] Level 1:colcon.colcon_core.package_identification:_identify(mini_pupper_ros/mini_pupper_navigation) by extensions ['ignore', 'ignore_ament_install']
[1.677s] Level 1:colcon.colcon_core.package_identification:_identify(mini_pupper_ros/mini_pupper_navigation) by extension 'ignore'
[1.677s] Level 1:colcon.colcon_core.package_identification:_identify(mini_pupper_ros/mini_pupper_navigation) by extension 'ignore_ament_install'
[1.677s] Level 1:colcon.colcon_core.package_identification:_identify(mini_pupper_ros/mini_pupper_navigation) by extensions ['colcon_pkg']
[1.677s] Level 1:colcon.colcon_core.package_identification:_identify(mini_pupper_ros/mini_pupper_navigation) by extension 'colcon_pkg'
[1.678s] Level 1:colcon.colcon_core.package_identification:_identify(mini_pupper_ros/mini_pupper_navigation) by extensions ['colcon_meta']
[1.678s] Level 1:colcon.colcon_core.package_identification:_identify(mini_pupper_ros/mini_pupper_navigation) by extension 'colcon_meta'
[1.678s] Level 1:colcon.colcon_core.package_identification:_identify(mini_pupper_ros/mini_pupper_navigation) by extensions ['ros']
[1.678s] Level 1:colcon.colcon_core.package_identification:_identify(mini_pupper_ros/mini_pupper_navigation) by extension 'ros'
[1.678s] Level 1:colcon.colcon_core.package_identification:_identify(mini_pupper_ros/mini_pupper_navigation) ignored
[1.679s] Level 1:colcon.colcon_core.package_identification:_identify(pupper_interfaces) by extensions ['ignore', 'ignore_ament_install']
[1.679s] Level 1:colcon.colcon_core.package_identification:_identify(pupper_interfaces) by extension 'ignore'
[1.680s] Level 1:colcon.colcon_core.package_identification:_identify(pupper_interfaces) by extension 'ignore_ament_install'
[1.680s] Level 1:colcon.colcon_core.package_identification:_identify(pupper_interfaces) by extensions ['colcon_pkg']
[1.680s] Level 1:colcon.colcon_core.package_identification:_identify(pupper_interfaces) by extension 'colcon_pkg'
[1.680s] Level 1:colcon.colcon_core.package_identification:_identify(pupper_interfaces) by extensions ['colcon_meta']
[1.681s] Level 1:colcon.colcon_core.package_identification:_identify(pupper_interfaces) by extension 'colcon_meta'
[1.681s] Level 1:colcon.colcon_core.package_identification:_identify(pupper_interfaces) by extensions ['ros']
[1.681s] Level 1:colcon.colcon_core.package_identification:_identify(pupper_interfaces) by extension 'ros'
[1.684s] DEBUG:colcon.colcon_core.package_identification:Package 'pupper_interfaces' with type 'ros.ament_cmake' and name 'pupper_interfaces'
[1.684s] Level 1:colcon.colcon_core.package_discovery:discover_packages(recursive) using defaults
[1.685s] Level 1:colcon.colcon_core.package_discovery:discover_packages(ignore) discover
[1.685s] Level 1:colcon.colcon_core.package_discovery:discover_packages(ignore) using defaults
[1.685s] Level 1:colcon.colcon_core.package_discovery:discover_packages(path) discover
[1.685s] Level 1:colcon.colcon_core.package_discovery:discover_packages(path) using defaults
[1.822s] INFO:colcon.colcon_core.package_selection:Skipping not selected package 'champ' in 'champ/champ/champ'
[1.822s] INFO:colcon.colcon_core.package_selection:Skipping not selected package 'champ_config' in 'champ/champ/champ_config'
[1.823s] INFO:colcon.colcon_core.package_selection:Skipping not selected package 'champ_description' in 'champ/champ/champ_description'
[1.823s] INFO:colcon.colcon_core.package_selection:Skipping not selected package 'champ_msgs' in 'champ/champ/champ_msgs'
[1.823s] INFO:colcon.colcon_core.package_selection:Skipping not selected package 'champ_teleop' in 'champ/champ_teleop'
[1.823s] INFO:colcon.colcon_core.package_selection:Skipping not selected package 'ldlidar_stl_ros2' in 'ldlidar_stl_ros'
[1.823s] INFO:colcon.colcon_core.package_selection:Skipping not selected package 'mini_pupper_2_description' in 'mini_pupper_ros/mini_pupper_2_description'
[1.823s] INFO:colcon.colcon_core.package_selection:Skipping not selected package 'mini_pupper_description' in 'mini_pupper_ros/mini_pupper_description'
[1.823s] INFO:colcon.colcon_core.package_selection:Skipping not selected package 'mini_pupper_driver' in 'mini_pupper_ros/mini_pupper_driver'
[1.823s] INFO:colcon.colcon_core.package_selection:Skipping not selected package 'mini_pupper_interfaces' in 'mini_pupper_ros/mini_pupper_interfaces'
[1.824s] INFO:colcon.colcon_core.package_selection:Skipping not selected package 'mini_pupper_music' in 'mini_pupper_ros/mini_pupper_music'
[1.824s] INFO:colcon.colcon_core.package_selection:Skipping not selected package 'champ_base' in 'champ/champ/champ_base'
[1.824s] INFO:colcon.colcon_core.package_selection:Skipping not selected package 'go_pupper_srv' in 'go_pupper_srv'
[1.824s] INFO:colcon.colcon_core.package_selection:Skipping not selected package 'mini_pupper_dance' in 'mini_pupper_ros/mini_pupper_dance'
[1.824s] INFO:colcon.colcon_core.package_selection:Skipping not selected package 'champ_bringup' in 'champ/champ/champ_bringup'
[1.824s] INFO:colcon.colcon_core.package_selection:Skipping not selected package 'mini_pupper_bringup' in 'mini_pupper_ros/mini_pupper_bringup'
[1.827s] Level 1:colcon.colcon_core.package_discovery:discover_packages(prefix_path) check parameters
[1.828s] Level 1:colcon.colcon_core.package_discovery:discover_packages(prefix_path) discover
[1.852s] DEBUG:colcon.colcon_installed_package_information.package_discovery:Found 17 installed packages in /home/ubuntu/ros2_ws/install
[1.863s] DEBUG:colcon.colcon_installed_package_information.package_discovery:Found 275 installed packages in /opt/ros/humble
[1.871s] Level 1:colcon.colcon_core.package_discovery:discover_packages(prefix_path) using defaults
[2.090s] WARNING:colcon.colcon_core.package_selection:Some selected packages are already built in one or more underlay workspaces:
	'pupper_interfaces' is in: /home/ubuntu/ros2_ws/install/pupper_interfaces
If a package in a merged underlay workspace is overridden and it installs headers, then all packages in the overlay must sort their include directories by workspace order. Failure to do so may result in build failures or undefined behavior at run time.
If the overridden package is used by another package in any underlay, then the overriding package in the overlay must be API and ABI compatible or undefined behavior at run time may occur.

If you understand the risks and want to override a package anyways, add the following to the command line:
	--allow-overriding pupper_interfaces

This may be promoted to an error in a future release of colcon-override-check.
[2.095s] Level 5:colcon.colcon_core.verb:set package 'pupper_interfaces' build argument 'cmake_args' from command line to 'None'
[2.095s] Level 5:colcon.colcon_core.verb:set package 'pupper_interfaces' build argument 'cmake_target' from command line to 'None'
[2.095s] Level 5:colcon.colcon_core.verb:set package 'pupper_interfaces' build argument 'cmake_target_skip_unavailable' from command line to 'False'
[2.095s] Level 5:colcon.colcon_core.verb:set package 'pupper_interfaces' build argument 'cmake_clean_cache' from command line to 'False'
[2.096s] Level 5:colcon.colcon_core.verb:set package 'pupper_interfaces' build argument 'cmake_clean_first' from command line to 'False'
[2.096s] Level 5:colcon.colcon_core.verb:set package 'pupper_interfaces' build argument 'cmake_force_configure' from command line to 'False'
[2.096s] Level 5:colcon.colcon_core.verb:set package 'pupper_interfaces' build argument 'ament_cmake_args' from command line to 'None'
[2.096s] Level 5:colcon.colcon_core.verb:set package 'pupper_interfaces' build argument 'catkin_cmake_args' from command line to 'None'
[2.096s] Level 5:colcon.colcon_core.verb:set package 'pupper_interfaces' build argument 'catkin_skip_building_tests' from command line to 'False'
[2.097s] DEBUG:colcon.colcon_core.verb:Building package 'pupper_interfaces' with the following arguments: {'ament_cmake_args': None, 'build_base': '/home/ubuntu/ros2_ws/src/build/pupper_interfaces', 'catkin_cmake_args': None, 'catkin_skip_building_tests': False, 'cmake_args': None, 'cmake_clean_cache': False, 'cmake_clean_first': False, 'cmake_force_configure': False, 'cmake_target': None, 'cmake_target_skip_unavailable': False, 'install_base': '/home/ubuntu/ros2_ws/src/install/pupper_interfaces', 'merge_install': False, 'path': '/home/ubuntu/ros2_ws/src/pupper_interfaces', 'symlink_install': False, 'test_result_base': None}
[2.098s] INFO:colcon.colcon_core.executor:Executing jobs using 'parallel' executor
[2.102s] DEBUG:colcon.colcon_parallel_executor.executor.parallel:run_until_complete
[2.103s] INFO:colcon.colcon_ros.task.ament_cmake.build:Building ROS package in '/home/ubuntu/ros2_ws/src/pupper_interfaces' with build type 'ament_cmake'
[2.104s] INFO:colcon.colcon_cmake.task.cmake.build:Building CMake package in '/home/ubuntu/ros2_ws/src/pupper_interfaces'
[2.138s] INFO:colcon.colcon_core.plugin_system:Skipping extension 'colcon_core.shell.bat': Not used on non-Windows systems
[2.139s] INFO:colcon.colcon_core.shell:Skip shell extension 'powershell' for command environment: Not usable outside of PowerShell
[2.139s] DEBUG:colcon.colcon_core.shell:Skip shell extension 'dsv' for command environment
[2.214s] DEBUG:colcon.colcon_core.event_handler.log_command:Invoking command in '/home/ubuntu/ros2_ws/src/build/pupper_interfaces': CMAKE_PREFIX_PATH=${CMAKE_PREFIX_PATH}:/home/ubuntu/ros2_ws/install/go_pupper_srv:/home/ubuntu/ros2_ws/install/mini_pupper_music:/home/ubuntu/ros2_ws/install/mini_pupper_dance:/home/ubuntu/ros2_ws/install/mini_pupper_driver:/opt/ros/humble /usr/bin/cmake --build /home/ubuntu/ros2_ws/src/build/pupper_interfaces -- -j4 -l4
[6.030s] DEBUG:colcon.colcon_core.event_handler.log_command:Invoked command in '/home/ubuntu/ros2_ws/src/build/pupper_interfaces' returned '0': CMAKE_PREFIX_PATH=${CMAKE_PREFIX_PATH}:/home/ubuntu/ros2_ws/install/go_pupper_srv:/home/ubuntu/ros2_ws/install/mini_pupper_music:/home/ubuntu/ros2_ws/install/mini_pupper_dance:/home/ubuntu/ros2_ws/install/mini_pupper_driver:/opt/ros/humble /usr/bin/cmake --build /home/ubuntu/ros2_ws/src/build/pupper_interfaces -- -j4 -l4
[6.884s] DEBUG:colcon.colcon_core.event_handler.log_command:Invoking command in '/home/ubuntu/ros2_ws/src/build/pupper_interfaces': CMAKE_PREFIX_PATH=${CMAKE_PREFIX_PATH}:/home/ubuntu/ros2_ws/install/go_pupper_srv:/home/ubuntu/ros2_ws/install/mini_pupper_music:/home/ubuntu/ros2_ws/install/mini_pupper_dance:/home/ubuntu/ros2_ws/install/mini_pupper_driver:/opt/ros/humble /usr/bin/cmake --install /home/ubuntu/ros2_ws/src/build/pupper_interfaces
[7.463s] Level 1:colcon.colcon_core.environment:create_environment_scripts_only(pupper_interfaces)
[7.465s] DEBUG:colcon.colcon_core.event_handler.log_command:Invoked command in '/home/ubuntu/ros2_ws/src/build/pupper_interfaces' returned '0': CMAKE_PREFIX_PATH=${CMAKE_PREFIX_PATH}:/home/ubuntu/ros2_ws/install/go_pupper_srv:/home/ubuntu/ros2_ws/install/mini_pupper_music:/home/ubuntu/ros2_ws/install/mini_pupper_dance:/home/ubuntu/ros2_ws/install/mini_pupper_driver:/opt/ros/humble /usr/bin/cmake --install /home/ubuntu/ros2_ws/src/build/pupper_interfaces
[7.561s] Level 1:colcon.colcon_core.environment:checking '/home/ubuntu/ros2_ws/src/install/pupper_interfaces' for CMake module files
[7.567s] Level 1:colcon.colcon_core.environment:checking '/home/ubuntu/ros2_ws/src/install/pupper_interfaces' for CMake config files
[7.571s] Level 1:colcon.colcon_core.shell:create_environment_hook('pupper_interfaces', 'cmake_prefix_path')
[7.573s] INFO:colcon.colcon_core.shell:Creating environment hook '/home/ubuntu/ros2_ws/src/install/pupper_interfaces/share/pupper_interfaces/hook/cmake_prefix_path.ps1'
[7.577s] INFO:colcon.colcon_core.shell:Creating environment descriptor '/home/ubuntu/ros2_ws/src/install/pupper_interfaces/share/pupper_interfaces/hook/cmake_prefix_path.dsv'
[7.580s] INFO:colcon.colcon_core.shell:Creating environment hook '/home/ubuntu/ros2_ws/src/install/pupper_interfaces/share/pupper_interfaces/hook/cmake_prefix_path.sh'
[7.586s] Level 1:colcon.colcon_core.environment:checking '/home/ubuntu/ros2_ws/src/install/pupper_interfaces/lib'
[7.586s] Level 1:colcon.colcon_core.shell:create_environment_hook('pupper_interfaces', 'ld_library_path_lib')
[7.588s] INFO:colcon.colcon_core.shell:Creating environment hook '/home/ubuntu/ros2_ws/src/install/pupper_interfaces/share/pupper_interfaces/hook/ld_library_path_lib.ps1'
[7.590s] INFO:colcon.colcon_core.shell:Creating environment descriptor '/home/ubuntu/ros2_ws/src/install/pupper_interfaces/share/pupper_interfaces/hook/ld_library_path_lib.dsv'
[7.592s] INFO:colcon.colcon_core.shell:Creating environment hook '/home/ubuntu/ros2_ws/src/install/pupper_interfaces/share/pupper_interfaces/hook/ld_library_path_lib.sh'
[7.595s] Level 1:colcon.colcon_core.environment:checking '/home/ubuntu/ros2_ws/src/install/pupper_interfaces/bin'
[7.595s] Level 1:colcon.colcon_core.environment:checking '/home/ubuntu/ros2_ws/src/install/pupper_interfaces/lib/pkgconfig/pupper_interfaces.pc'
[7.597s] Level 1:colcon.colcon_core.environment:checking '/home/ubuntu/ros2_ws/src/install/pupper_interfaces/lib/python3.10/site-packages'
[7.598s] Level 1:colcon.colcon_core.environment:checking '/home/ubuntu/ros2_ws/src/install/pupper_interfaces/bin'
[7.601s] INFO:colcon.colcon_core.shell:Creating package script '/home/ubuntu/ros2_ws/src/install/pupper_interfaces/share/pupper_interfaces/package.ps1'
[7.608s] INFO:colcon.colcon_core.shell:Creating package descriptor '/home/ubuntu/ros2_ws/src/install/pupper_interfaces/share/pupper_interfaces/package.dsv'
[7.618s] INFO:colcon.colcon_core.shell:Creating package script '/home/ubuntu/ros2_ws/src/install/pupper_interfaces/share/pupper_interfaces/package.sh'
[7.623s] INFO:colcon.colcon_core.shell:Creating package script '/home/ubuntu/ros2_ws/src/install/pupper_interfaces/share/pupper_interfaces/package.bash'
[7.640s] INFO:colcon.colcon_core.shell:Creating package script '/home/ubuntu/ros2_ws/src/install/pupper_interfaces/share/pupper_interfaces/package.zsh'
[7.649s] Level 1:colcon.colcon_core.environment:create_file_with_runtime_dependencies(/home/ubuntu/ros2_ws/src/install/pupper_interfaces/share/colcon-core/packages/pupper_interfaces)
[8.466s] Level 1:colcon.colcon_core.environment:create_environment_scripts_only(pupper_interfaces)
[8.467s] Level 1:colcon.colcon_core.environment:checking '/home/ubuntu/ros2_ws/src/install/pupper_interfaces' for CMake module files
[8.472s] Level 1:colcon.colcon_core.environment:checking '/home/ubuntu/ros2_ws/src/install/pupper_interfaces' for CMake config files
[8.477s] Level 1:colcon.colcon_core.shell:create_environment_hook('pupper_interfaces', 'cmake_prefix_path')
[8.478s] INFO:colcon.colcon_core.shell:Creating environment hook '/home/ubuntu/ros2_ws/src/install/pupper_interfaces/share/pupper_interfaces/hook/cmake_prefix_path.ps1'
[8.480s] INFO:colcon.colcon_core.shell:Creating environment descriptor '/home/ubuntu/ros2_ws/src/install/pupper_interfaces/share/pupper_interfaces/hook/cmake_prefix_path.dsv'
[8.482s] INFO:colcon.colcon_core.shell:Creating environment hook '/home/ubuntu/ros2_ws/src/install/pupper_interfaces/share/pupper_interfaces/hook/cmake_prefix_path.sh'
[8.485s] Level 1:colcon.colcon_core.environment:checking '/home/ubuntu/ros2_ws/src/install/pupper_interfaces/lib'
[8.485s] Level 1:colcon.colcon_core.shell:create_environment_hook('pupper_interfaces', 'ld_library_path_lib')
[8.487s] INFO:colcon.colcon_core.shell:Creating environment hook '/home/ubuntu/ros2_ws/src/install/pupper_interfaces/share/pupper_interfaces/hook/ld_library_path_lib.ps1'
[8.489s] INFO:colcon.colcon_core.shell:Creating environment descriptor '/home/ubuntu/ros2_ws/src/install/pupper_interfaces/share/pupper_interfaces/hook/ld_library_path_lib.dsv'
[8.490s] INFO:colcon.colcon_core.shell:Creating environment hook '/home/ubuntu/ros2_ws/src/install/pupper_interfaces/share/pupper_interfaces/hook/ld_library_path_lib.sh'
[8.492s] Level 1:colcon.colcon_core.environment:checking '/home/ubuntu/ros2_ws/src/install/pupper_interfaces/bin'
[8.493s] Level 1:colcon.colcon_core.environment:checking '/home/ubuntu/ros2_ws/src/install/pupper_interfaces/lib/pkgconfig/pupper_interfaces.pc'
[8.494s] Level 1:colcon.colcon_core.environment:checking '/home/ubuntu/ros2_ws/src/install/pupper_interfaces/lib/python3.10/site-packages'
[8.495s] Level 1:colcon.colcon_core.environment:checking '/home/ubuntu/ros2_ws/src/install/pupper_interfaces/bin'
[8.496s] INFO:colcon.colcon_core.shell:Creating package script '/home/ubuntu/ros2_ws/src/install/pupper_interfaces/share/pupper_interfaces/package.ps1'
[8.500s] INFO:colcon.colcon_core.shell:Creating package descriptor '/home/ubuntu/ros2_ws/src/install/pupper_interfaces/share/pupper_interfaces/package.dsv'
[8.503s] INFO:colcon.colcon_core.shell:Creating package script '/home/ubuntu/ros2_ws/src/install/pupper_interfaces/share/pupper_interfaces/package.sh'
[8.506s] INFO:colcon.colcon_core.shell:Creating package script '/home/ubuntu/ros2_ws/src/install/pupper_interfaces/share/pupper_interfaces/package.bash'
[8.508s] INFO:colcon.colcon_core.shell:Creating package script '/home/ubuntu/ros2_ws/src/install/pupper_interfaces/share/pupper_interfaces/package.zsh'
[8.512s] Level 1:colcon.colcon_core.environment:create_file_with_runtime_dependencies(/home/ubuntu/ros2_ws/src/install/pupper_interfaces/share/colcon-core/packages/pupper_interfaces)
[8.515s] DEBUG:colcon.colcon_parallel_executor.executor.parallel:closing loop
[8.522s] DEBUG:colcon.colcon_parallel_executor.executor.parallel:loop closed
[8.523s] DEBUG:colcon.colcon_parallel_executor.executor.parallel:run_until_complete finished with '0'
[8.523s] DEBUG:colcon.colcon_core.event_reactor:joining thread
[8.602s] INFO:colcon.colcon_core.plugin_system:Skipping extension 'colcon_notification.desktop_notification.terminal_notifier': Not used on non-Darwin systems
[8.604s] INFO:colcon.colcon_core.plugin_system:Skipping extension 'colcon_notification.desktop_notification.win32': Not used on non-Windows systems
[8.606s] INFO:colcon.colcon_notification.desktop_notification:Sending desktop notification using 'notify2'
[8.751s] DEBUG:colcon.colcon_core.event_reactor:joined thread
[8.753s] INFO:colcon.colcon_core.shell:Creating prefix script '/home/ubuntu/ros2_ws/src/install/local_setup.ps1'
[8.758s] INFO:colcon.colcon_core.shell:Creating prefix util module '/home/ubuntu/ros2_ws/src/install/_local_setup_util_ps1.py'
[8.768s] INFO:colcon.colcon_core.shell:Creating prefix chain script '/home/ubuntu/ros2_ws/src/install/setup.ps1'
[8.792s] INFO:colcon.colcon_core.shell:Creating prefix script '/home/ubuntu/ros2_ws/src/install/local_setup.sh'
[8.798s] INFO:colcon.colcon_core.shell:Creating prefix util module '/home/ubuntu/ros2_ws/src/install/_local_setup_util_sh.py'
[8.802s] INFO:colcon.colcon_core.shell:Creating prefix chain script '/home/ubuntu/ros2_ws/src/install/setup.sh'
[8.825s] INFO:colcon.colcon_core.shell:Creating prefix script '/home/ubuntu/ros2_ws/src/install/local_setup.bash'
[8.830s] INFO:colcon.colcon_core.shell:Creating prefix chain script '/home/ubuntu/ros2_ws/src/install/setup.bash'
[8.843s] INFO:colcon.colcon_core.shell:Creating prefix script '/home/ubuntu/ros2_ws/src/install/local_setup.zsh'
[8.847s] INFO:colcon.colcon_core.shell:Creating prefix chain script '/home/ubuntu/ros2_ws/src/install/setup.zsh'
