[0.202s] Invoking command in '/home/ubuntu/ros2_ws/src/build/champ_msgs': CMAKE_PREFIX_PATH=${CMAKE_PREFIX_PATH}:/home/ubuntu/ros2_ws/install/go_pupper_srv:/home/ubuntu/ros2_ws/install/mini_pupper_music:/home/ubuntu/ros2_ws/install/mini_pupper_dance:/home/ubuntu/ros2_ws/install/mini_pupper_driver:/opt/ros/humble /usr/bin/cmake /home/ubuntu/ros2_ws/src/champ/champ/champ_msgs -DCMAKE_INSTALL_PREFIX=/home/ubuntu/ros2_ws/src/install/champ_msgs
[1.633s] -- The C compiler identification is GNU 11.4.0
[2.608s] -- The CXX compiler identification is GNU 11.4.0
[2.690s] -- Detecting C compiler ABI info
[3.505s] -- Detecting C compiler ABI info - done
[3.603s] -- Check for working C compiler: /usr/bin/cc - skipped
[3.606s] -- Detecting C compile features
[3.611s] -- Detecting C compile features - done
[3.662s] -- Detecting CXX compiler ABI info
[4.681s] -- Detecting CXX compiler ABI info - done
[4.721s] -- Check for working CXX compiler: /usr/bin/c++ - skipped
[4.722s] -- Detecting CXX compile features
[4.725s] -- Detecting CXX compile features - done
[4.778s] -- Found ament_cmake: 1.3.8 (/opt/ros/humble/share/ament_cmake/cmake)
[7.079s] -- Found Python3: /usr/bin/python3 (found version "3.10.12") found components: Interpreter 
[9.126s] -- Found rosidl_default_generators: 1.2.0 (/opt/ros/humble/share/rosidl_default_generators/cmake)
[9.267s] -- Using all available rosidl_typesupport_c: rosidl_typesupport_fastrtps_c;rosidl_typesupport_introspection_c
[9.531s] -- Found rosidl_adapter: 3.1.5 (/opt/ros/humble/share/rosidl_adapter/cmake)
[10.559s] -- Using all available rosidl_typesupport_cpp: rosidl_typesupport_fastrtps_cpp;rosidl_typesupport_introspection_cpp
[11.291s] -- Found std_msgs: 4.2.3 (/opt/ros/humble/share/std_msgs/cmake)
[12.373s] -- Found geometry_msgs: 4.2.3 (/opt/ros/humble/share/geometry_msgs/cmake)
[16.842s] -- Found ament_cmake_ros: 0.10.0 (/opt/ros/humble/share/ament_cmake_ros/cmake)
[20.389s] -- Using all available rosidl_typesupport_c: rosidl_typesupport_fastrtps_c;rosidl_typesupport_introspection_c
[24.283s] -- Using all available rosidl_typesupport_cpp: rosidl_typesupport_fastrtps_cpp;rosidl_typesupport_introspection_cpp
[24.547s] -- Found PythonInterp: /usr/bin/python3 (found suitable version "3.10.12", minimum required is "3.6") 
[24.621s] -- Found python_cmake_module: 0.10.0 (/opt/ros/humble/share/python_cmake_module/cmake)
[24.910s] -- Found PythonLibs: /usr/lib/aarch64-linux-gnu/libpython3.10.so (found suitable version "3.10.12", minimum required is "3.5") 
[24.910s] -- Using PYTHON_EXECUTABLE: /usr/bin/python3
[24.911s] -- Using PYTHON_INCLUDE_DIRS: /usr/include/python3.10
[24.911s] -- Using PYTHON_LIBRARIES: /usr/lib/aarch64-linux-gnu/libpython3.10.so
[25.130s] -- Found PythonExtra: .so  
[25.961s] -- Found ament_lint_auto: 0.12.10 (/opt/ros/humble/share/ament_lint_auto/cmake)
[26.080s] -- Configuring done
[26.720s] -- Generating done
[26.783s] -- Build files have been written to: /home/ubuntu/ros2_ws/src/build/champ_msgs
[26.845s] Invoked command in '/home/ubuntu/ros2_ws/src/build/champ_msgs' returned '0': CMAKE_PREFIX_PATH=${CMAKE_PREFIX_PATH}:/home/ubuntu/ros2_ws/install/go_pupper_srv:/home/ubuntu/ros2_ws/install/mini_pupper_music:/home/ubuntu/ros2_ws/install/mini_pupper_dance:/home/ubuntu/ros2_ws/install/mini_pupper_driver:/opt/ros/humble /usr/bin/cmake /home/ubuntu/ros2_ws/src/champ/champ/champ_msgs -DCMAKE_INSTALL_PREFIX=/home/ubuntu/ros2_ws/src/install/champ_msgs
[26.848s] Invoking command in '/home/ubuntu/ros2_ws/src/build/champ_msgs': CMAKE_PREFIX_PATH=${CMAKE_PREFIX_PATH}:/home/ubuntu/ros2_ws/install/go_pupper_srv:/home/ubuntu/ros2_ws/install/mini_pupper_music:/home/ubuntu/ros2_ws/install/mini_pupper_dance:/home/ubuntu/ros2_ws/install/mini_pupper_driver:/opt/ros/humble /usr/bin/cmake --build /home/ubuntu/ros2_ws/src/build/champ_msgs -- -j4 -l4
[27.354s] [  1%] [34m[1mGenerating C code for ROS interfaces[0m
[27.510s] [  1%] Built target ament_cmake_python_copy_champ_msgs
[27.524s] [  2%] [34m[1mGenerating C++ code for ROS interfaces[0m
[34.660s] running egg_info
[34.664s] creating champ_msgs.egg-info
[34.665s] writing champ_msgs.egg-info/PKG-INFO
[34.666s] writing dependency_links to champ_msgs.egg-info/dependency_links.txt
[34.667s] writing top-level names to champ_msgs.egg-info/top_level.txt
[34.669s] writing manifest file 'champ_msgs.egg-info/SOURCES.txt'
[34.723s] reading manifest file 'champ_msgs.egg-info/SOURCES.txt'
[34.739s] writing manifest file 'champ_msgs.egg-info/SOURCES.txt'
[35.467s] [  2%] Built target ament_cmake_python_build_champ_msgs_egg
[43.091s] [  2%] Built target champ_msgs__cpp
[44.258s] [  3%] [32mBuilding C object CMakeFiles/champ_msgs__rosidl_generator_c.dir/rosidl_generator_c/champ_msgs/msg/detail/velocities__functions.c.o[0m
[44.981s] [  4%] [32mBuilding C object CMakeFiles/champ_msgs__rosidl_generator_c.dir/rosidl_generator_c/champ_msgs/msg/detail/pid__functions.c.o[0m
[45.708s] [  5%] [32mBuilding C object CMakeFiles/champ_msgs__rosidl_generator_c.dir/rosidl_generator_c/champ_msgs/msg/detail/imu__functions.c.o[0m
[46.338s] [  6%] [32mBuilding C object CMakeFiles/champ_msgs__rosidl_generator_c.dir/rosidl_generator_c/champ_msgs/msg/detail/point__functions.c.o[0m
[46.885s] [  7%] [32mBuilding C object CMakeFiles/champ_msgs__rosidl_generator_c.dir/rosidl_generator_c/champ_msgs/msg/detail/point_array__functions.c.o[0m
[47.771s] [  8%] [32mBuilding C object CMakeFiles/champ_msgs__rosidl_generator_c.dir/rosidl_generator_c/champ_msgs/msg/detail/joints__functions.c.o[0m
[48.319s] [  9%] [32mBuilding C object CMakeFiles/champ_msgs__rosidl_generator_c.dir/rosidl_generator_c/champ_msgs/msg/detail/contacts__functions.c.o[0m
[48.854s] [ 10%] [32mBuilding C object CMakeFiles/champ_msgs__rosidl_generator_c.dir/rosidl_generator_c/champ_msgs/msg/detail/contacts_stamped__functions.c.o[0m
[49.526s] [ 11%] [32mBuilding C object CMakeFiles/champ_msgs__rosidl_generator_c.dir/rosidl_generator_c/champ_msgs/msg/detail/pose__functions.c.o[0m
[50.222s] [ 12%] [32m[1mLinking C shared library libchamp_msgs__rosidl_generator_c.so[0m
[50.761s] [ 12%] Built target champ_msgs__rosidl_generator_c
[50.892s] [ 13%] [34m[1mGenerating C++ introspection for ROS interfaces[0m
[57.686s] [ 14%] [32mBuilding CXX object CMakeFiles/champ_msgs__rosidl_typesupport_introspection_cpp.dir/rosidl_typesupport_introspection_cpp/champ_msgs/msg/detail/velocities__type_support.cpp.o[0m
[62.595s] [ 15%] [32mBuilding CXX object CMakeFiles/champ_msgs__rosidl_typesupport_introspection_cpp.dir/rosidl_typesupport_introspection_cpp/champ_msgs/msg/detail/pid__type_support.cpp.o[0m
[67.573s] [ 16%] [32mBuilding CXX object CMakeFiles/champ_msgs__rosidl_typesupport_introspection_cpp.dir/rosidl_typesupport_introspection_cpp/champ_msgs/msg/detail/imu__type_support.cpp.o[0m
[72.265s] [ 17%] [32mBuilding CXX object CMakeFiles/champ_msgs__rosidl_typesupport_introspection_cpp.dir/rosidl_typesupport_introspection_cpp/champ_msgs/msg/detail/point__type_support.cpp.o[0m
[76.568s] [ 18%] [32mBuilding CXX object CMakeFiles/champ_msgs__rosidl_typesupport_introspection_cpp.dir/rosidl_typesupport_introspection_cpp/champ_msgs/msg/detail/point_array__type_support.cpp.o[0m
[81.971s] [ 20%] [32mBuilding CXX object CMakeFiles/champ_msgs__rosidl_typesupport_introspection_cpp.dir/rosidl_typesupport_introspection_cpp/champ_msgs/msg/detail/joints__type_support.cpp.o[0m
[87.893s] [ 21%] [32mBuilding CXX object CMakeFiles/champ_msgs__rosidl_typesupport_introspection_cpp.dir/rosidl_typesupport_introspection_cpp/champ_msgs/msg/detail/contacts__type_support.cpp.o[0m
[93.713s] [ 22%] [32mBuilding CXX object CMakeFiles/champ_msgs__rosidl_typesupport_introspection_cpp.dir/rosidl_typesupport_introspection_cpp/champ_msgs/msg/detail/contacts_stamped__type_support.cpp.o[0m
[98.788s] [ 23%] [32mBuilding CXX object CMakeFiles/champ_msgs__rosidl_typesupport_introspection_cpp.dir/rosidl_typesupport_introspection_cpp/champ_msgs/msg/detail/pose__type_support.cpp.o[0m
[103.379s] [ 24%] [32m[1mLinking CXX shared library libchamp_msgs__rosidl_typesupport_introspection_cpp.so[0m
[104.481s] [ 24%] Built target champ_msgs__rosidl_typesupport_introspection_cpp
[104.693s] [ 25%] [34m[1mGenerating C type support for eProsima Fast-RTPS[0m
[111.804s] [ 26%] [32mBuilding CXX object CMakeFiles/champ_msgs__rosidl_typesupport_fastrtps_c.dir/rosidl_typesupport_fastrtps_c/champ_msgs/msg/detail/velocities__type_support_c.cpp.o[0m
[115.847s] [ 27%] [32mBuilding CXX object CMakeFiles/champ_msgs__rosidl_typesupport_fastrtps_c.dir/rosidl_typesupport_fastrtps_c/champ_msgs/msg/detail/pid__type_support_c.cpp.o[0m
[120.197s] [ 28%] [32mBuilding CXX object CMakeFiles/champ_msgs__rosidl_typesupport_fastrtps_c.dir/rosidl_typesupport_fastrtps_c/champ_msgs/msg/detail/imu__type_support_c.cpp.o[0m
[125.061s] [ 29%] [32mBuilding CXX object CMakeFiles/champ_msgs__rosidl_typesupport_fastrtps_c.dir/rosidl_typesupport_fastrtps_c/champ_msgs/msg/detail/point__type_support_c.cpp.o[0m
[129.842s] [ 30%] [32mBuilding CXX object CMakeFiles/champ_msgs__rosidl_typesupport_fastrtps_c.dir/rosidl_typesupport_fastrtps_c/champ_msgs/msg/detail/point_array__type_support_c.cpp.o[0m
[134.404s] [ 31%] [32mBuilding CXX object CMakeFiles/champ_msgs__rosidl_typesupport_fastrtps_c.dir/rosidl_typesupport_fastrtps_c/champ_msgs/msg/detail/joints__type_support_c.cpp.o[0m
[138.459s] [ 32%] [32mBuilding CXX object CMakeFiles/champ_msgs__rosidl_typesupport_fastrtps_c.dir/rosidl_typesupport_fastrtps_c/champ_msgs/msg/detail/contacts__type_support_c.cpp.o[0m
[142.684s] [ 33%] [32mBuilding CXX object CMakeFiles/champ_msgs__rosidl_typesupport_fastrtps_c.dir/rosidl_typesupport_fastrtps_c/champ_msgs/msg/detail/contacts_stamped__type_support_c.cpp.o[0m
[146.457s] [ 34%] [32mBuilding CXX object CMakeFiles/champ_msgs__rosidl_typesupport_fastrtps_c.dir/rosidl_typesupport_fastrtps_c/champ_msgs/msg/detail/pose__type_support_c.cpp.o[0m
[150.782s] [ 35%] [32m[1mLinking CXX shared library libchamp_msgs__rosidl_typesupport_fastrtps_c.so[0m
[151.639s] [ 35%] Built target champ_msgs__rosidl_typesupport_fastrtps_c
[151.762s] [ 36%] [34m[1mGenerating C introspection for ROS interfaces[0m
[158.371s] [ 37%] [32mBuilding C object CMakeFiles/champ_msgs__rosidl_typesupport_introspection_c.dir/rosidl_typesupport_introspection_c/champ_msgs/msg/detail/velocities__type_support.c.o[0m
[158.872s] [ 38%] [32mBuilding C object CMakeFiles/champ_msgs__rosidl_typesupport_introspection_c.dir/rosidl_typesupport_introspection_c/champ_msgs/msg/detail/pid__type_support.c.o[0m
[159.356s] [ 40%] [32mBuilding C object CMakeFiles/champ_msgs__rosidl_typesupport_introspection_c.dir/rosidl_typesupport_introspection_c/champ_msgs/msg/detail/imu__type_support.c.o[0m
[159.796s] [ 41%] [32mBuilding C object CMakeFiles/champ_msgs__rosidl_typesupport_introspection_c.dir/rosidl_typesupport_introspection_c/champ_msgs/msg/detail/point__type_support.c.o[0m
[160.339s] [ 42%] [32mBuilding C object CMakeFiles/champ_msgs__rosidl_typesupport_introspection_c.dir/rosidl_typesupport_introspection_c/champ_msgs/msg/detail/point_array__type_support.c.o[0m
[160.669s] [ 43%] [32mBuilding C object CMakeFiles/champ_msgs__rosidl_typesupport_introspection_c.dir/rosidl_typesupport_introspection_c/champ_msgs/msg/detail/joints__type_support.c.o[0m
[161.184s] [ 44%] [32mBuilding C object CMakeFiles/champ_msgs__rosidl_typesupport_introspection_c.dir/rosidl_typesupport_introspection_c/champ_msgs/msg/detail/contacts__type_support.c.o[0m
[161.507s] [ 45%] [32mBuilding C object CMakeFiles/champ_msgs__rosidl_typesupport_introspection_c.dir/rosidl_typesupport_introspection_c/champ_msgs/msg/detail/contacts_stamped__type_support.c.o[0m
[161.997s] [ 46%] [32mBuilding C object CMakeFiles/champ_msgs__rosidl_typesupport_introspection_c.dir/rosidl_typesupport_introspection_c/champ_msgs/msg/detail/pose__type_support.c.o[0m
[162.441s] [ 47%] [32m[1mLinking C shared library libchamp_msgs__rosidl_typesupport_introspection_c.so[0m
[162.927s] [ 47%] Built target champ_msgs__rosidl_typesupport_introspection_c
[163.075s] [ 48%] [34m[1mGenerating C type support dispatch for ROS interfaces[0m
[167.460s] [ 49%] [32mBuilding CXX object CMakeFiles/champ_msgs__rosidl_typesupport_c.dir/rosidl_typesupport_c/champ_msgs/msg/velocities__type_support.cpp.o[0m
[167.801s] [ 50%] [32mBuilding CXX object CMakeFiles/champ_msgs__rosidl_typesupport_c.dir/rosidl_typesupport_c/champ_msgs/msg/pid__type_support.cpp.o[0m
[168.062s] [ 51%] [32mBuilding CXX object CMakeFiles/champ_msgs__rosidl_typesupport_c.dir/rosidl_typesupport_c/champ_msgs/msg/imu__type_support.cpp.o[0m
[168.404s] [ 52%] [32mBuilding CXX object CMakeFiles/champ_msgs__rosidl_typesupport_c.dir/rosidl_typesupport_c/champ_msgs/msg/point__type_support.cpp.o[0m
[168.735s] [ 53%] [32mBuilding CXX object CMakeFiles/champ_msgs__rosidl_typesupport_c.dir/rosidl_typesupport_c/champ_msgs/msg/point_array__type_support.cpp.o[0m
[169.146s] [ 54%] [32mBuilding CXX object CMakeFiles/champ_msgs__rosidl_typesupport_c.dir/rosidl_typesupport_c/champ_msgs/msg/joints__type_support.cpp.o[0m
[169.501s] [ 55%] [32mBuilding CXX object CMakeFiles/champ_msgs__rosidl_typesupport_c.dir/rosidl_typesupport_c/champ_msgs/msg/contacts__type_support.cpp.o[0m
[169.916s] [ 56%] [32mBuilding CXX object CMakeFiles/champ_msgs__rosidl_typesupport_c.dir/rosidl_typesupport_c/champ_msgs/msg/contacts_stamped__type_support.cpp.o[0m
[170.316s] [ 57%] [32mBuilding CXX object CMakeFiles/champ_msgs__rosidl_typesupport_c.dir/rosidl_typesupport_c/champ_msgs/msg/pose__type_support.cpp.o[0m
[170.548s] [ 58%] [32m[1mLinking CXX shared library libchamp_msgs__rosidl_typesupport_c.so[0m
[170.899s] [ 58%] Built target champ_msgs__rosidl_typesupport_c
[171.059s] [ 60%] [34m[1mGenerating C++ type support for eProsima Fast-RTPS[0m
[177.164s] [ 61%] [32mBuilding CXX object CMakeFiles/champ_msgs__rosidl_typesupport_fastrtps_cpp.dir/rosidl_typesupport_fastrtps_cpp/champ_msgs/msg/detail/dds_fastrtps/velocities__type_support.cpp.o[0m
[182.143s] [ 62%] [32mBuilding CXX object CMakeFiles/champ_msgs__rosidl_typesupport_fastrtps_cpp.dir/rosidl_typesupport_fastrtps_cpp/champ_msgs/msg/detail/dds_fastrtps/imu__type_support.cpp.o[0m
[185.841s] [ 63%] [32mBuilding CXX object CMakeFiles/champ_msgs__rosidl_typesupport_fastrtps_cpp.dir/rosidl_typesupport_fastrtps_cpp/champ_msgs/msg/detail/dds_fastrtps/point__type_support.cpp.o[0m
[190.895s] [ 64%] [32mBuilding CXX object CMakeFiles/champ_msgs__rosidl_typesupport_fastrtps_cpp.dir/rosidl_typesupport_fastrtps_cpp/champ_msgs/msg/detail/dds_fastrtps/point_array__type_support.cpp.o[0m
[195.925s] [ 65%] [32mBuilding CXX object CMakeFiles/champ_msgs__rosidl_typesupport_fastrtps_cpp.dir/rosidl_typesupport_fastrtps_cpp/champ_msgs/msg/detail/dds_fastrtps/joints__type_support.cpp.o[0m
[201.329s] [ 66%] [32mBuilding CXX object CMakeFiles/champ_msgs__rosidl_typesupport_fastrtps_cpp.dir/rosidl_typesupport_fastrtps_cpp/champ_msgs/msg/detail/dds_fastrtps/contacts__type_support.cpp.o[0m
[205.023s] [ 67%] [32mBuilding CXX object CMakeFiles/champ_msgs__rosidl_typesupport_fastrtps_cpp.dir/rosidl_typesupport_fastrtps_cpp/champ_msgs/msg/detail/dds_fastrtps/contacts_stamped__type_support.cpp.o[0m
[207.385s] [ 68%] [32mBuilding CXX object CMakeFiles/champ_msgs__rosidl_typesupport_fastrtps_cpp.dir/rosidl_typesupport_fastrtps_cpp/champ_msgs/msg/detail/dds_fastrtps/pose__type_support.cpp.o[0m
[209.737s] [ 69%] [32mBuilding CXX object CMakeFiles/champ_msgs__rosidl_typesupport_fastrtps_cpp.dir/rosidl_typesupport_fastrtps_cpp/champ_msgs/msg/detail/dds_fastrtps/pid__type_support.cpp.o[0m
[212.108s] [ 70%] [32m[1mLinking CXX shared library libchamp_msgs__rosidl_typesupport_fastrtps_cpp.so[0m
[212.662s] [ 70%] Built target champ_msgs__rosidl_typesupport_fastrtps_cpp
[212.765s] [ 71%] [34m[1mGenerating C++ type support dispatch for ROS interfaces[0m
[215.714s] [ 72%] [32mBuilding CXX object CMakeFiles/champ_msgs__rosidl_typesupport_cpp.dir/rosidl_typesupport_cpp/champ_msgs/msg/velocities__type_support.cpp.o[0m
[217.855s] [ 73%] [32mBuilding CXX object CMakeFiles/champ_msgs__rosidl_typesupport_cpp.dir/rosidl_typesupport_cpp/champ_msgs/msg/point__type_support.cpp.o[0m
[219.442s] [ 74%] [32mBuilding CXX object CMakeFiles/champ_msgs__rosidl_typesupport_cpp.dir/rosidl_typesupport_cpp/champ_msgs/msg/point_array__type_support.cpp.o[0m
[221.039s] [ 75%] [32mBuilding CXX object CMakeFiles/champ_msgs__rosidl_typesupport_cpp.dir/rosidl_typesupport_cpp/champ_msgs/msg/joints__type_support.cpp.o[0m
[222.615s] [ 76%] [32mBuilding CXX object CMakeFiles/champ_msgs__rosidl_typesupport_cpp.dir/rosidl_typesupport_cpp/champ_msgs/msg/contacts__type_support.cpp.o[0m
[224.204s] [ 77%] [32mBuilding CXX object CMakeFiles/champ_msgs__rosidl_typesupport_cpp.dir/rosidl_typesupport_cpp/champ_msgs/msg/contacts_stamped__type_support.cpp.o[0m
[226.109s] [ 78%] [32mBuilding CXX object CMakeFiles/champ_msgs__rosidl_typesupport_cpp.dir/rosidl_typesupport_cpp/champ_msgs/msg/pose__type_support.cpp.o[0m
[227.969s] [ 80%] [32mBuilding CXX object CMakeFiles/champ_msgs__rosidl_typesupport_cpp.dir/rosidl_typesupport_cpp/champ_msgs/msg/imu__type_support.cpp.o[0m
[230.425s] [ 81%] [32mBuilding CXX object CMakeFiles/champ_msgs__rosidl_typesupport_cpp.dir/rosidl_typesupport_cpp/champ_msgs/msg/pid__type_support.cpp.o[0m
[232.520s] [ 82%] [32m[1mLinking CXX shared library libchamp_msgs__rosidl_typesupport_cpp.so[0m
[232.784s] [ 82%] Built target champ_msgs__rosidl_typesupport_cpp
[232.928s] [ 82%] Built target champ_msgs
[233.082s] [ 83%] [34m[1mGenerating Python code for ROS interfaces[0m
[239.628s] [ 83%] Built target champ_msgs__py
[239.780s] [ 84%] [32mBuilding C object CMakeFiles/champ_msgs__rosidl_generator_py.dir/rosidl_generator_py/champ_msgs/msg/_velocities_s.c.o[0m
[240.423s] [ 85%] [32mBuilding C object CMakeFiles/champ_msgs__rosidl_generator_py.dir/rosidl_generator_py/champ_msgs/msg/_point_s.c.o[0m
[241.067s] [ 86%] [32mBuilding C object CMakeFiles/champ_msgs__rosidl_generator_py.dir/rosidl_generator_py/champ_msgs/msg/_point_array_s.c.o[0m
[241.722s] [ 87%] [32mBuilding C object CMakeFiles/champ_msgs__rosidl_generator_py.dir/rosidl_generator_py/champ_msgs/msg/_joints_s.c.o[0m
[242.465s] [ 88%] [32mBuilding C object CMakeFiles/champ_msgs__rosidl_generator_py.dir/rosidl_generator_py/champ_msgs/msg/_contacts_s.c.o[0m
[243.153s] [ 89%] [32mBuilding C object CMakeFiles/champ_msgs__rosidl_generator_py.dir/rosidl_generator_py/champ_msgs/msg/_contacts_stamped_s.c.o[0m
[244.075s] [ 90%] [32mBuilding C object CMakeFiles/champ_msgs__rosidl_generator_py.dir/rosidl_generator_py/champ_msgs/msg/_pose_s.c.o[0m
[245.110s] [ 91%] [32mBuilding C object CMakeFiles/champ_msgs__rosidl_generator_py.dir/rosidl_generator_py/champ_msgs/msg/_imu_s.c.o[0m
[245.955s] [ 92%] [32mBuilding C object CMakeFiles/champ_msgs__rosidl_generator_py.dir/rosidl_generator_py/champ_msgs/msg/_pid_s.c.o[0m
[246.540s] [ 93%] [32m[1mLinking C shared library rosidl_generator_py/champ_msgs/libchamp_msgs__rosidl_generator_py.so[0m
[246.815s] [ 93%] Built target champ_msgs__rosidl_generator_py
[246.950s] [ 94%] [32mBuilding C object CMakeFiles/champ_msgs__rosidl_typesupport_fastrtps_c__pyext.dir/rosidl_generator_py/champ_msgs/_champ_msgs_s.ep.rosidl_typesupport_fastrtps_c.c.o[0m
[248.062s] [ 95%] [32m[1mLinking C shared library rosidl_generator_py/champ_msgs/champ_msgs_s__rosidl_typesupport_fastrtps_c.cpython-310-aarch64-linux-gnu.so[0m
[248.579s] [ 95%] Built target champ_msgs__rosidl_typesupport_fastrtps_c__pyext
[248.850s] [ 96%] [32mBuilding C object CMakeFiles/champ_msgs__rosidl_typesupport_c__pyext.dir/rosidl_generator_py/champ_msgs/_champ_msgs_s.ep.rosidl_typesupport_c.c.o[0m
[250.069s] [ 97%] [32m[1mLinking C shared library rosidl_generator_py/champ_msgs/champ_msgs_s__rosidl_typesupport_c.cpython-310-aarch64-linux-gnu.so[0m
[250.447s] [ 97%] Built target champ_msgs__rosidl_typesupport_c__pyext
[250.594s] [ 98%] [32mBuilding C object CMakeFiles/champ_msgs__rosidl_typesupport_introspection_c__pyext.dir/rosidl_generator_py/champ_msgs/_champ_msgs_s.ep.rosidl_typesupport_introspection_c.c.o[0m
[251.685s] [100%] [32m[1mLinking C shared library rosidl_generator_py/champ_msgs/champ_msgs_s__rosidl_typesupport_introspection_c.cpython-310-aarch64-linux-gnu.so[0m
[251.984s] [100%] Built target champ_msgs__rosidl_typesupport_introspection_c__pyext
[252.070s] Invoked command in '/home/ubuntu/ros2_ws/src/build/champ_msgs' returned '0': CMAKE_PREFIX_PATH=${CMAKE_PREFIX_PATH}:/home/ubuntu/ros2_ws/install/go_pupper_srv:/home/ubuntu/ros2_ws/install/mini_pupper_music:/home/ubuntu/ros2_ws/install/mini_pupper_dance:/home/ubuntu/ros2_ws/install/mini_pupper_driver:/opt/ros/humble /usr/bin/cmake --build /home/ubuntu/ros2_ws/src/build/champ_msgs -- -j4 -l4
[254.138s] Invoking command in '/home/ubuntu/ros2_ws/src/build/champ_msgs': CMAKE_PREFIX_PATH=${CMAKE_PREFIX_PATH}:/home/ubuntu/ros2_ws/install/go_pupper_srv:/home/ubuntu/ros2_ws/install/mini_pupper_music:/home/ubuntu/ros2_ws/install/mini_pupper_dance:/home/ubuntu/ros2_ws/install/mini_pupper_driver:/opt/ros/humble /usr/bin/cmake --install /home/ubuntu/ros2_ws/src/build/champ_msgs
[254.252s] -- Install configuration: ""
[254.264s] -- Installing: /home/ubuntu/ros2_ws/src/install/champ_msgs/share/ament_index/resource_index/rosidl_interfaces/champ_msgs
[254.266s] -- Installing: /home/ubuntu/ros2_ws/src/install/champ_msgs/include/champ_msgs/champ_msgs
[254.268s] -- Installing: /home/ubuntu/ros2_ws/src/install/champ_msgs/include/champ_msgs/champ_msgs/msg
[254.269s] -- Installing: /home/ubuntu/ros2_ws/src/install/champ_msgs/include/champ_msgs/champ_msgs/msg/pid.h
[254.271s] -- Installing: /home/ubuntu/ros2_ws/src/install/champ_msgs/include/champ_msgs/champ_msgs/msg/pose.h
[254.273s] -- Installing: /home/ubuntu/ros2_ws/src/install/champ_msgs/include/champ_msgs/champ_msgs/msg/contacts.h
[254.276s] -- Installing: /home/ubuntu/ros2_ws/src/install/champ_msgs/include/champ_msgs/champ_msgs/msg/point_array.h
[254.278s] -- Installing: /home/ubuntu/ros2_ws/src/install/champ_msgs/include/champ_msgs/champ_msgs/msg/imu.h
[254.279s] -- Installing: /home/ubuntu/ros2_ws/src/install/champ_msgs/include/champ_msgs/champ_msgs/msg/point.h
[254.281s] -- Installing: /home/ubuntu/ros2_ws/src/install/champ_msgs/include/champ_msgs/champ_msgs/msg/contacts_stamped.h
[254.282s] -- Installing: /home/ubuntu/ros2_ws/src/install/champ_msgs/include/champ_msgs/champ_msgs/msg/velocities.h
[254.284s] -- Installing: /home/ubuntu/ros2_ws/src/install/champ_msgs/include/champ_msgs/champ_msgs/msg/detail
[254.285s] -- Installing: /home/ubuntu/ros2_ws/src/install/champ_msgs/include/champ_msgs/champ_msgs/msg/detail/contacts_stamped__struct.h
[254.287s] -- Installing: /home/ubuntu/ros2_ws/src/install/champ_msgs/include/champ_msgs/champ_msgs/msg/detail/pid__type_support.h
[254.288s] -- Installing: /home/ubuntu/ros2_ws/src/install/champ_msgs/include/champ_msgs/champ_msgs/msg/detail/point_array__struct.h
[254.289s] -- Installing: /home/ubuntu/ros2_ws/src/install/champ_msgs/include/champ_msgs/champ_msgs/msg/detail/imu__type_support.h
[254.290s] -- Installing: /home/ubuntu/ros2_ws/src/install/champ_msgs/include/champ_msgs/champ_msgs/msg/detail/velocities__functions.c
[254.292s] -- Installing: /home/ubuntu/ros2_ws/src/install/champ_msgs/include/champ_msgs/champ_msgs/msg/detail/contacts__struct.h
[254.294s] -- Installing: /home/ubuntu/ros2_ws/src/install/champ_msgs/include/champ_msgs/champ_msgs/msg/detail/velocities__functions.h
[254.295s] -- Installing: /home/ubuntu/ros2_ws/src/install/champ_msgs/include/champ_msgs/champ_msgs/msg/detail/contacts__type_support.h
[254.296s] -- Installing: /home/ubuntu/ros2_ws/src/install/champ_msgs/include/champ_msgs/champ_msgs/msg/detail/pose__type_support.h
[254.297s] -- Installing: /home/ubuntu/ros2_ws/src/install/champ_msgs/include/champ_msgs/champ_msgs/msg/detail/point_array__functions.c
[254.300s] -- Installing: /home/ubuntu/ros2_ws/src/install/champ_msgs/include/champ_msgs/champ_msgs/msg/detail/pid__functions.h
[254.301s] -- Installing: /home/ubuntu/ros2_ws/src/install/champ_msgs/include/champ_msgs/champ_msgs/msg/detail/joints__functions.c
[254.303s] -- Installing: /home/ubuntu/ros2_ws/src/install/champ_msgs/include/champ_msgs/champ_msgs/msg/detail/contacts_stamped__functions.h
[254.304s] -- Installing: /home/ubuntu/ros2_ws/src/install/champ_msgs/include/champ_msgs/champ_msgs/msg/detail/joints__functions.h
[254.305s] -- Installing: /home/ubuntu/ros2_ws/src/install/champ_msgs/include/champ_msgs/champ_msgs/msg/detail/pid__struct.h
[254.307s] -- Installing: /home/ubuntu/ros2_ws/src/install/champ_msgs/include/champ_msgs/champ_msgs/msg/detail/pose__functions.h
[254.308s] -- Installing: /home/ubuntu/ros2_ws/src/install/champ_msgs/include/champ_msgs/champ_msgs/msg/detail/contacts_stamped__functions.c
[254.310s] -- Installing: /home/ubuntu/ros2_ws/src/install/champ_msgs/include/champ_msgs/champ_msgs/msg/detail/point__type_support.h
[254.311s] -- Installing: /home/ubuntu/ros2_ws/src/install/champ_msgs/include/champ_msgs/champ_msgs/msg/detail/point_array__functions.h
[254.313s] -- Installing: /home/ubuntu/ros2_ws/src/install/champ_msgs/include/champ_msgs/champ_msgs/msg/detail/velocities__struct.h
[254.315s] -- Installing: /home/ubuntu/ros2_ws/src/install/champ_msgs/include/champ_msgs/champ_msgs/msg/detail/joints__struct.h
[254.316s] -- Installing: /home/ubuntu/ros2_ws/src/install/champ_msgs/include/champ_msgs/champ_msgs/msg/detail/imu__functions.c
[254.318s] -- Installing: /home/ubuntu/ros2_ws/src/install/champ_msgs/include/champ_msgs/champ_msgs/msg/detail/joints__type_support.h
[254.320s] -- Installing: /home/ubuntu/ros2_ws/src/install/champ_msgs/include/champ_msgs/champ_msgs/msg/detail/pose__functions.c
[254.322s] -- Installing: /home/ubuntu/ros2_ws/src/install/champ_msgs/include/champ_msgs/champ_msgs/msg/detail/contacts__functions.h
[254.323s] -- Installing: /home/ubuntu/ros2_ws/src/install/champ_msgs/include/champ_msgs/champ_msgs/msg/detail/pid__functions.c
[254.327s] -- Installing: /home/ubuntu/ros2_ws/src/install/champ_msgs/include/champ_msgs/champ_msgs/msg/detail/point__functions.c
[254.329s] -- Installing: /home/ubuntu/ros2_ws/src/install/champ_msgs/include/champ_msgs/champ_msgs/msg/detail/contacts__functions.c
[254.335s] -- Installing: /home/ubuntu/ros2_ws/src/install/champ_msgs/include/champ_msgs/champ_msgs/msg/detail/point__struct.h
[254.336s] -- Installing: /home/ubuntu/ros2_ws/src/install/champ_msgs/include/champ_msgs/champ_msgs/msg/detail/point_array__type_support.h
[254.336s] -- Installing: /home/ubuntu/ros2_ws/src/install/champ_msgs/include/champ_msgs/champ_msgs/msg/detail/imu__struct.h
[254.338s] -- Installing: /home/ubuntu/ros2_ws/src/install/champ_msgs/include/champ_msgs/champ_msgs/msg/detail/contacts_stamped__type_support.h
[254.340s] -- Installing: /home/ubuntu/ros2_ws/src/install/champ_msgs/include/champ_msgs/champ_msgs/msg/detail/velocities__type_support.h
[254.341s] -- Installing: /home/ubuntu/ros2_ws/src/install/champ_msgs/include/champ_msgs/champ_msgs/msg/detail/pose__struct.h
[254.343s] -- Installing: /home/ubuntu/ros2_ws/src/install/champ_msgs/include/champ_msgs/champ_msgs/msg/detail/point__functions.h
[254.344s] -- Installing: /home/ubuntu/ros2_ws/src/install/champ_msgs/include/champ_msgs/champ_msgs/msg/detail/imu__functions.h
[254.346s] -- Installing: /home/ubuntu/ros2_ws/src/install/champ_msgs/include/champ_msgs/champ_msgs/msg/rosidl_generator_c__visibility_control.h
[254.347s] -- Installing: /home/ubuntu/ros2_ws/src/install/champ_msgs/include/champ_msgs/champ_msgs/msg/joints.h
[254.351s] -- Installing: /home/ubuntu/ros2_ws/src/install/champ_msgs/share/champ_msgs/environment/library_path.sh
[254.354s] -- Installing: /home/ubuntu/ros2_ws/src/install/champ_msgs/share/champ_msgs/environment/library_path.dsv
[254.357s] -- Installing: /home/ubuntu/ros2_ws/src/install/champ_msgs/lib/libchamp_msgs__rosidl_generator_c.so
[254.362s] -- Set runtime path of "/home/ubuntu/ros2_ws/src/install/champ_msgs/lib/libchamp_msgs__rosidl_generator_c.so" to ""
[254.364s] -- Up-to-date: /home/ubuntu/ros2_ws/src/install/champ_msgs/include/champ_msgs/champ_msgs
[254.365s] -- Up-to-date: /home/ubuntu/ros2_ws/src/install/champ_msgs/include/champ_msgs/champ_msgs/msg
[254.367s] -- Installing: /home/ubuntu/ros2_ws/src/install/champ_msgs/include/champ_msgs/champ_msgs/msg/rosidl_typesupport_fastrtps_c__visibility_control.h
[254.368s] -- Up-to-date: /home/ubuntu/ros2_ws/src/install/champ_msgs/include/champ_msgs/champ_msgs/msg/detail
[254.369s] -- Installing: /home/ubuntu/ros2_ws/src/install/champ_msgs/include/champ_msgs/champ_msgs/msg/detail/pose__rosidl_typesupport_fastrtps_c.h
[254.373s] -- Installing: /home/ubuntu/ros2_ws/src/install/champ_msgs/include/champ_msgs/champ_msgs/msg/detail/point__rosidl_typesupport_fastrtps_c.h
[254.377s] -- Installing: /home/ubuntu/ros2_ws/src/install/champ_msgs/include/champ_msgs/champ_msgs/msg/detail/pid__rosidl_typesupport_fastrtps_c.h
[254.378s] -- Installing: /home/ubuntu/ros2_ws/src/install/champ_msgs/include/champ_msgs/champ_msgs/msg/detail/joints__rosidl_typesupport_fastrtps_c.h
[254.379s] -- Installing: /home/ubuntu/ros2_ws/src/install/champ_msgs/include/champ_msgs/champ_msgs/msg/detail/contacts_stamped__rosidl_typesupport_fastrtps_c.h
[254.380s] -- Installing: /home/ubuntu/ros2_ws/src/install/champ_msgs/include/champ_msgs/champ_msgs/msg/detail/contacts__rosidl_typesupport_fastrtps_c.h
[254.381s] -- Installing: /home/ubuntu/ros2_ws/src/install/champ_msgs/include/champ_msgs/champ_msgs/msg/detail/point_array__rosidl_typesupport_fastrtps_c.h
[254.383s] -- Installing: /home/ubuntu/ros2_ws/src/install/champ_msgs/include/champ_msgs/champ_msgs/msg/detail/imu__rosidl_typesupport_fastrtps_c.h
[254.385s] -- Installing: /home/ubuntu/ros2_ws/src/install/champ_msgs/include/champ_msgs/champ_msgs/msg/detail/velocities__rosidl_typesupport_fastrtps_c.h
[254.387s] -- Installing: /home/ubuntu/ros2_ws/src/install/champ_msgs/lib/libchamp_msgs__rosidl_typesupport_fastrtps_c.so
[254.391s] -- Set runtime path of "/home/ubuntu/ros2_ws/src/install/champ_msgs/lib/libchamp_msgs__rosidl_typesupport_fastrtps_c.so" to ""
[254.392s] -- Up-to-date: /home/ubuntu/ros2_ws/src/install/champ_msgs/include/champ_msgs/champ_msgs
[254.393s] -- Up-to-date: /home/ubuntu/ros2_ws/src/install/champ_msgs/include/champ_msgs/champ_msgs/msg
[254.394s] -- Up-to-date: /home/ubuntu/ros2_ws/src/install/champ_msgs/include/champ_msgs/champ_msgs/msg/detail
[254.395s] -- Installing: /home/ubuntu/ros2_ws/src/install/champ_msgs/include/champ_msgs/champ_msgs/msg/detail/imu__rosidl_typesupport_introspection_c.h
[254.396s] -- Installing: /home/ubuntu/ros2_ws/src/install/champ_msgs/include/champ_msgs/champ_msgs/msg/detail/pose__rosidl_typesupport_introspection_c.h
[254.397s] -- Installing: /home/ubuntu/ros2_ws/src/install/champ_msgs/include/champ_msgs/champ_msgs/msg/detail/imu__type_support.c
[254.399s] -- Installing: /home/ubuntu/ros2_ws/src/install/champ_msgs/include/champ_msgs/champ_msgs/msg/detail/joints__type_support.c
[254.401s] -- Installing: /home/ubuntu/ros2_ws/src/install/champ_msgs/include/champ_msgs/champ_msgs/msg/detail/pid__rosidl_typesupport_introspection_c.h
[254.402s] -- Installing: /home/ubuntu/ros2_ws/src/install/champ_msgs/include/champ_msgs/champ_msgs/msg/detail/contacts_stamped__type_support.c
[254.403s] -- Installing: /home/ubuntu/ros2_ws/src/install/champ_msgs/include/champ_msgs/champ_msgs/msg/detail/point__type_support.c
[254.404s] -- Installing: /home/ubuntu/ros2_ws/src/install/champ_msgs/include/champ_msgs/champ_msgs/msg/detail/point_array__rosidl_typesupport_introspection_c.h
[254.405s] -- Installing: /home/ubuntu/ros2_ws/src/install/champ_msgs/include/champ_msgs/champ_msgs/msg/detail/pid__type_support.c
[254.406s] -- Installing: /home/ubuntu/ros2_ws/src/install/champ_msgs/include/champ_msgs/champ_msgs/msg/detail/contacts_stamped__rosidl_typesupport_introspection_c.h
[254.407s] -- Installing: /home/ubuntu/ros2_ws/src/install/champ_msgs/include/champ_msgs/champ_msgs/msg/detail/joints__rosidl_typesupport_introspection_c.h
[254.408s] -- Installing: /home/ubuntu/ros2_ws/src/install/champ_msgs/include/champ_msgs/champ_msgs/msg/detail/point__rosidl_typesupport_introspection_c.h
[254.409s] -- Installing: /home/ubuntu/ros2_ws/src/install/champ_msgs/include/champ_msgs/champ_msgs/msg/detail/contacts__type_support.c
[254.410s] -- Installing: /home/ubuntu/ros2_ws/src/install/champ_msgs/include/champ_msgs/champ_msgs/msg/detail/velocities__rosidl_typesupport_introspection_c.h
[254.412s] -- Installing: /home/ubuntu/ros2_ws/src/install/champ_msgs/include/champ_msgs/champ_msgs/msg/detail/contacts__rosidl_typesupport_introspection_c.h
[254.413s] -- Installing: /home/ubuntu/ros2_ws/src/install/champ_msgs/include/champ_msgs/champ_msgs/msg/detail/velocities__type_support.c
[254.417s] -- Installing: /home/ubuntu/ros2_ws/src/install/champ_msgs/include/champ_msgs/champ_msgs/msg/detail/pose__type_support.c
[254.418s] -- Installing: /home/ubuntu/ros2_ws/src/install/champ_msgs/include/champ_msgs/champ_msgs/msg/detail/point_array__type_support.c
[254.419s] -- Installing: /home/ubuntu/ros2_ws/src/install/champ_msgs/include/champ_msgs/champ_msgs/msg/rosidl_typesupport_introspection_c__visibility_control.h
[254.420s] -- Installing: /home/ubuntu/ros2_ws/src/install/champ_msgs/lib/libchamp_msgs__rosidl_typesupport_introspection_c.so
[254.423s] -- Set runtime path of "/home/ubuntu/ros2_ws/src/install/champ_msgs/lib/libchamp_msgs__rosidl_typesupport_introspection_c.so" to ""
[254.423s] -- Installing: /home/ubuntu/ros2_ws/src/install/champ_msgs/lib/libchamp_msgs__rosidl_typesupport_c.so
[254.428s] -- Set runtime path of "/home/ubuntu/ros2_ws/src/install/champ_msgs/lib/libchamp_msgs__rosidl_typesupport_c.so" to ""
[254.429s] -- Up-to-date: /home/ubuntu/ros2_ws/src/install/champ_msgs/include/champ_msgs/champ_msgs
[254.429s] -- Up-to-date: /home/ubuntu/ros2_ws/src/install/champ_msgs/include/champ_msgs/champ_msgs/msg
[254.430s] -- Installing: /home/ubuntu/ros2_ws/src/install/champ_msgs/include/champ_msgs/champ_msgs/msg/point.hpp
[254.432s] -- Installing: /home/ubuntu/ros2_ws/src/install/champ_msgs/include/champ_msgs/champ_msgs/msg/contacts.hpp
[254.437s] -- Installing: /home/ubuntu/ros2_ws/src/install/champ_msgs/include/champ_msgs/champ_msgs/msg/contacts_stamped.hpp
[254.439s] -- Installing: /home/ubuntu/ros2_ws/src/install/champ_msgs/include/champ_msgs/champ_msgs/msg/joints.hpp
[254.442s] -- Installing: /home/ubuntu/ros2_ws/src/install/champ_msgs/include/champ_msgs/champ_msgs/msg/pose.hpp
[254.445s] -- Installing: /home/ubuntu/ros2_ws/src/install/champ_msgs/include/champ_msgs/champ_msgs/msg/pid.hpp
[254.447s] -- Installing: /home/ubuntu/ros2_ws/src/install/champ_msgs/include/champ_msgs/champ_msgs/msg/point_array.hpp
[254.449s] -- Installing: /home/ubuntu/ros2_ws/src/install/champ_msgs/include/champ_msgs/champ_msgs/msg/velocities.hpp
[254.452s] -- Up-to-date: /home/ubuntu/ros2_ws/src/install/champ_msgs/include/champ_msgs/champ_msgs/msg/detail
[254.453s] -- Installing: /home/ubuntu/ros2_ws/src/install/champ_msgs/include/champ_msgs/champ_msgs/msg/detail/contacts__builder.hpp
[254.456s] -- Installing: /home/ubuntu/ros2_ws/src/install/champ_msgs/include/champ_msgs/champ_msgs/msg/detail/pid__struct.hpp
[254.458s] -- Installing: /home/ubuntu/ros2_ws/src/install/champ_msgs/include/champ_msgs/champ_msgs/msg/detail/velocities__traits.hpp
[254.461s] -- Installing: /home/ubuntu/ros2_ws/src/install/champ_msgs/include/champ_msgs/champ_msgs/msg/detail/contacts_stamped__traits.hpp
[254.463s] -- Installing: /home/ubuntu/ros2_ws/src/install/champ_msgs/include/champ_msgs/champ_msgs/msg/detail/joints__builder.hpp
[254.465s] -- Installing: /home/ubuntu/ros2_ws/src/install/champ_msgs/include/champ_msgs/champ_msgs/msg/detail/contacts__struct.hpp
[254.467s] -- Installing: /home/ubuntu/ros2_ws/src/install/champ_msgs/include/champ_msgs/champ_msgs/msg/detail/point_array__builder.hpp
[254.472s] -- Installing: /home/ubuntu/ros2_ws/src/install/champ_msgs/include/champ_msgs/champ_msgs/msg/detail/point__traits.hpp
[254.476s] -- Installing: /home/ubuntu/ros2_ws/src/install/champ_msgs/include/champ_msgs/champ_msgs/msg/detail/point__builder.hpp
[254.477s] -- Installing: /home/ubuntu/ros2_ws/src/install/champ_msgs/include/champ_msgs/champ_msgs/msg/detail/pose__traits.hpp
[254.478s] -- Installing: /home/ubuntu/ros2_ws/src/install/champ_msgs/include/champ_msgs/champ_msgs/msg/detail/imu__traits.hpp
[254.480s] -- Installing: /home/ubuntu/ros2_ws/src/install/champ_msgs/include/champ_msgs/champ_msgs/msg/detail/velocities__struct.hpp
[254.481s] -- Installing: /home/ubuntu/ros2_ws/src/install/champ_msgs/include/champ_msgs/champ_msgs/msg/detail/point__struct.hpp
[254.482s] -- Installing: /home/ubuntu/ros2_ws/src/install/champ_msgs/include/champ_msgs/champ_msgs/msg/detail/imu__struct.hpp
[254.483s] -- Installing: /home/ubuntu/ros2_ws/src/install/champ_msgs/include/champ_msgs/champ_msgs/msg/detail/velocities__builder.hpp
[254.486s] -- Installing: /home/ubuntu/ros2_ws/src/install/champ_msgs/include/champ_msgs/champ_msgs/msg/detail/contacts_stamped__builder.hpp
[254.488s] -- Installing: /home/ubuntu/ros2_ws/src/install/champ_msgs/include/champ_msgs/champ_msgs/msg/detail/pid__traits.hpp
[254.490s] -- Installing: /home/ubuntu/ros2_ws/src/install/champ_msgs/include/champ_msgs/champ_msgs/msg/detail/imu__builder.hpp
[254.491s] -- Installing: /home/ubuntu/ros2_ws/src/install/champ_msgs/include/champ_msgs/champ_msgs/msg/detail/point_array__traits.hpp
[254.493s] -- Installing: /home/ubuntu/ros2_ws/src/install/champ_msgs/include/champ_msgs/champ_msgs/msg/detail/joints__traits.hpp
[254.494s] -- Installing: /home/ubuntu/ros2_ws/src/install/champ_msgs/include/champ_msgs/champ_msgs/msg/detail/pose__builder.hpp
[254.496s] -- Installing: /home/ubuntu/ros2_ws/src/install/champ_msgs/include/champ_msgs/champ_msgs/msg/detail/contacts_stamped__struct.hpp
[254.497s] -- Installing: /home/ubuntu/ros2_ws/src/install/champ_msgs/include/champ_msgs/champ_msgs/msg/detail/joints__struct.hpp
[254.499s] -- Installing: /home/ubuntu/ros2_ws/src/install/champ_msgs/include/champ_msgs/champ_msgs/msg/detail/pid__builder.hpp
[254.501s] -- Installing: /home/ubuntu/ros2_ws/src/install/champ_msgs/include/champ_msgs/champ_msgs/msg/detail/point_array__struct.hpp
[254.502s] -- Installing: /home/ubuntu/ros2_ws/src/install/champ_msgs/include/champ_msgs/champ_msgs/msg/detail/pose__struct.hpp
[254.503s] -- Installing: /home/ubuntu/ros2_ws/src/install/champ_msgs/include/champ_msgs/champ_msgs/msg/detail/contacts__traits.hpp
[254.505s] -- Installing: /home/ubuntu/ros2_ws/src/install/champ_msgs/include/champ_msgs/champ_msgs/msg/imu.hpp
[254.507s] -- Up-to-date: /home/ubuntu/ros2_ws/src/install/champ_msgs/include/champ_msgs/champ_msgs
[254.508s] -- Up-to-date: /home/ubuntu/ros2_ws/src/install/champ_msgs/include/champ_msgs/champ_msgs/msg
[254.508s] -- Installing: /home/ubuntu/ros2_ws/src/install/champ_msgs/include/champ_msgs/champ_msgs/msg/rosidl_typesupport_fastrtps_cpp__visibility_control.h
[254.509s] -- Up-to-date: /home/ubuntu/ros2_ws/src/install/champ_msgs/include/champ_msgs/champ_msgs/msg/detail
[254.510s] -- Installing: /home/ubuntu/ros2_ws/src/install/champ_msgs/include/champ_msgs/champ_msgs/msg/detail/contacts__rosidl_typesupport_fastrtps_cpp.hpp
[254.511s] -- Installing: /home/ubuntu/ros2_ws/src/install/champ_msgs/include/champ_msgs/champ_msgs/msg/detail/imu__rosidl_typesupport_fastrtps_cpp.hpp
[254.513s] -- Installing: /home/ubuntu/ros2_ws/src/install/champ_msgs/include/champ_msgs/champ_msgs/msg/detail/velocities__rosidl_typesupport_fastrtps_cpp.hpp
[254.514s] -- Installing: /home/ubuntu/ros2_ws/src/install/champ_msgs/include/champ_msgs/champ_msgs/msg/detail/pose__rosidl_typesupport_fastrtps_cpp.hpp
[254.517s] -- Installing: /home/ubuntu/ros2_ws/src/install/champ_msgs/include/champ_msgs/champ_msgs/msg/detail/contacts_stamped__rosidl_typesupport_fastrtps_cpp.hpp
[254.518s] -- Installing: /home/ubuntu/ros2_ws/src/install/champ_msgs/include/champ_msgs/champ_msgs/msg/detail/point__rosidl_typesupport_fastrtps_cpp.hpp
[254.519s] -- Installing: /home/ubuntu/ros2_ws/src/install/champ_msgs/include/champ_msgs/champ_msgs/msg/detail/dds_fastrtps
[254.520s] -- Installing: /home/ubuntu/ros2_ws/src/install/champ_msgs/include/champ_msgs/champ_msgs/msg/detail/joints__rosidl_typesupport_fastrtps_cpp.hpp
[254.522s] -- Installing: /home/ubuntu/ros2_ws/src/install/champ_msgs/include/champ_msgs/champ_msgs/msg/detail/point_array__rosidl_typesupport_fastrtps_cpp.hpp
[254.524s] -- Installing: /home/ubuntu/ros2_ws/src/install/champ_msgs/include/champ_msgs/champ_msgs/msg/detail/pid__rosidl_typesupport_fastrtps_cpp.hpp
[254.526s] -- Installing: /home/ubuntu/ros2_ws/src/install/champ_msgs/lib/libchamp_msgs__rosidl_typesupport_fastrtps_cpp.so
[254.532s] -- Set runtime path of "/home/ubuntu/ros2_ws/src/install/champ_msgs/lib/libchamp_msgs__rosidl_typesupport_fastrtps_cpp.so" to ""
[254.535s] -- Up-to-date: /home/ubuntu/ros2_ws/src/install/champ_msgs/include/champ_msgs/champ_msgs
[254.536s] -- Up-to-date: /home/ubuntu/ros2_ws/src/install/champ_msgs/include/champ_msgs/champ_msgs/msg
[254.537s] -- Up-to-date: /home/ubuntu/ros2_ws/src/install/champ_msgs/include/champ_msgs/champ_msgs/msg/detail
[254.538s] -- Installing: /home/ubuntu/ros2_ws/src/install/champ_msgs/include/champ_msgs/champ_msgs/msg/detail/point_array__rosidl_typesupport_introspection_cpp.hpp
[254.551s] -- Installing: /home/ubuntu/ros2_ws/src/install/champ_msgs/include/champ_msgs/champ_msgs/msg/detail/joints__type_support.cpp
[254.552s] -- Installing: /home/ubuntu/ros2_ws/src/install/champ_msgs/include/champ_msgs/champ_msgs/msg/detail/point__rosidl_typesupport_introspection_cpp.hpp
[254.552s] -- Installing: /home/ubuntu/ros2_ws/src/install/champ_msgs/include/champ_msgs/champ_msgs/msg/detail/velocities__type_support.cpp
[254.553s] -- Installing: /home/ubuntu/ros2_ws/src/install/champ_msgs/include/champ_msgs/champ_msgs/msg/detail/point__type_support.cpp
[254.553s] -- Installing: /home/ubuntu/ros2_ws/src/install/champ_msgs/include/champ_msgs/champ_msgs/msg/detail/velocities__rosidl_typesupport_introspection_cpp.hpp
[254.559s] -- Installing: /home/ubuntu/ros2_ws/src/install/champ_msgs/include/champ_msgs/champ_msgs/msg/detail/pid__rosidl_typesupport_introspection_cpp.hpp
[254.560s] -- Installing: /home/ubuntu/ros2_ws/src/install/champ_msgs/include/champ_msgs/champ_msgs/msg/detail/contacts__type_support.cpp
[254.563s] -- Installing: /home/ubuntu/ros2_ws/src/install/champ_msgs/include/champ_msgs/champ_msgs/msg/detail/pose__type_support.cpp
[254.569s] -- Installing: /home/ubuntu/ros2_ws/src/install/champ_msgs/include/champ_msgs/champ_msgs/msg/detail/joints__rosidl_typesupport_introspection_cpp.hpp
[254.572s] -- Installing: /home/ubuntu/ros2_ws/src/install/champ_msgs/include/champ_msgs/champ_msgs/msg/detail/imu__type_support.cpp
[254.575s] -- Installing: /home/ubuntu/ros2_ws/src/install/champ_msgs/include/champ_msgs/champ_msgs/msg/detail/pose__rosidl_typesupport_introspection_cpp.hpp
[254.577s] -- Installing: /home/ubuntu/ros2_ws/src/install/champ_msgs/include/champ_msgs/champ_msgs/msg/detail/contacts_stamped__rosidl_typesupport_introspection_cpp.hpp
[254.579s] -- Installing: /home/ubuntu/ros2_ws/src/install/champ_msgs/include/champ_msgs/champ_msgs/msg/detail/contacts__rosidl_typesupport_introspection_cpp.hpp
[254.581s] -- Installing: /home/ubuntu/ros2_ws/src/install/champ_msgs/include/champ_msgs/champ_msgs/msg/detail/point_array__type_support.cpp
[254.583s] -- Installing: /home/ubuntu/ros2_ws/src/install/champ_msgs/include/champ_msgs/champ_msgs/msg/detail/imu__rosidl_typesupport_introspection_cpp.hpp
[254.585s] -- Installing: /home/ubuntu/ros2_ws/src/install/champ_msgs/include/champ_msgs/champ_msgs/msg/detail/contacts_stamped__type_support.cpp
[254.587s] -- Installing: /home/ubuntu/ros2_ws/src/install/champ_msgs/include/champ_msgs/champ_msgs/msg/detail/pid__type_support.cpp
[254.589s] -- Installing: /home/ubuntu/ros2_ws/src/install/champ_msgs/lib/libchamp_msgs__rosidl_typesupport_introspection_cpp.so
[254.597s] -- Set runtime path of "/home/ubuntu/ros2_ws/src/install/champ_msgs/lib/libchamp_msgs__rosidl_typesupport_introspection_cpp.so" to ""
[254.597s] -- Installing: /home/ubuntu/ros2_ws/src/install/champ_msgs/lib/libchamp_msgs__rosidl_typesupport_cpp.so
[254.601s] -- Set runtime path of "/home/ubuntu/ros2_ws/src/install/champ_msgs/lib/libchamp_msgs__rosidl_typesupport_cpp.so" to ""
[254.601s] -- Installing: /home/ubuntu/ros2_ws/src/install/champ_msgs/share/champ_msgs/environment/pythonpath.sh
[254.603s] -- Installing: /home/ubuntu/ros2_ws/src/install/champ_msgs/share/champ_msgs/environment/pythonpath.dsv
[254.606s] -- Installing: /home/ubuntu/ros2_ws/src/install/champ_msgs/local/lib/python3.10/dist-packages/champ_msgs-0.1.0-py3.10.egg-info
[254.607s] -- Installing: /home/ubuntu/ros2_ws/src/install/champ_msgs/local/lib/python3.10/dist-packages/champ_msgs-0.1.0-py3.10.egg-info/SOURCES.txt
[254.609s] -- Installing: /home/ubuntu/ros2_ws/src/install/champ_msgs/local/lib/python3.10/dist-packages/champ_msgs-0.1.0-py3.10.egg-info/dependency_links.txt
[254.611s] -- Installing: /home/ubuntu/ros2_ws/src/install/champ_msgs/local/lib/python3.10/dist-packages/champ_msgs-0.1.0-py3.10.egg-info/PKG-INFO
[254.613s] -- Installing: /home/ubuntu/ros2_ws/src/install/champ_msgs/local/lib/python3.10/dist-packages/champ_msgs-0.1.0-py3.10.egg-info/top_level.txt
[254.617s] -- Installing: /home/ubuntu/ros2_ws/src/install/champ_msgs/local/lib/python3.10/dist-packages/champ_msgs
[254.617s] -- Installing: /home/ubuntu/ros2_ws/src/install/champ_msgs/local/lib/python3.10/dist-packages/champ_msgs/__init__.py
[254.618s] -- Installing: /home/ubuntu/ros2_ws/src/install/champ_msgs/local/lib/python3.10/dist-packages/champ_msgs/champ_msgs_s__rosidl_typesupport_introspection_c.cpython-310-aarch64-linux-gnu.so
[254.619s] -- Installing: /home/ubuntu/ros2_ws/src/install/champ_msgs/local/lib/python3.10/dist-packages/champ_msgs/_champ_msgs_s.ep.rosidl_typesupport_c.c
[254.622s] -- Installing: /home/ubuntu/ros2_ws/src/install/champ_msgs/local/lib/python3.10/dist-packages/champ_msgs/champ_msgs_s__rosidl_typesupport_fastrtps_c.cpython-310-aarch64-linux-gnu.so
[254.624s] -- Installing: /home/ubuntu/ros2_ws/src/install/champ_msgs/local/lib/python3.10/dist-packages/champ_msgs/_champ_msgs_s.ep.rosidl_typesupport_introspection_c.c
[254.628s] -- Installing: /home/ubuntu/ros2_ws/src/install/champ_msgs/local/lib/python3.10/dist-packages/champ_msgs/_champ_msgs_s.ep.rosidl_typesupport_fastrtps_c.c
[254.629s] -- Installing: /home/ubuntu/ros2_ws/src/install/champ_msgs/local/lib/python3.10/dist-packages/champ_msgs/libchamp_msgs__rosidl_generator_py.so
[254.632s] -- Installing: /home/ubuntu/ros2_ws/src/install/champ_msgs/local/lib/python3.10/dist-packages/champ_msgs/champ_msgs_s__rosidl_typesupport_c.cpython-310-aarch64-linux-gnu.so
[254.635s] -- Installing: /home/ubuntu/ros2_ws/src/install/champ_msgs/local/lib/python3.10/dist-packages/champ_msgs/msg
[254.636s] -- Installing: /home/ubuntu/ros2_ws/src/install/champ_msgs/local/lib/python3.10/dist-packages/champ_msgs/msg/__init__.py
[254.637s] -- Installing: /home/ubuntu/ros2_ws/src/install/champ_msgs/local/lib/python3.10/dist-packages/champ_msgs/msg/_pose_s.c
[254.639s] -- Installing: /home/ubuntu/ros2_ws/src/install/champ_msgs/local/lib/python3.10/dist-packages/champ_msgs/msg/_velocities.py
[254.656s] -- Installing: /home/ubuntu/ros2_ws/src/install/champ_msgs/local/lib/python3.10/dist-packages/champ_msgs/msg/_point_array_s.c
[254.657s] -- Installing: /home/ubuntu/ros2_ws/src/install/champ_msgs/local/lib/python3.10/dist-packages/champ_msgs/msg/_contacts_s.c
[254.657s] -- Installing: /home/ubuntu/ros2_ws/src/install/champ_msgs/local/lib/python3.10/dist-packages/champ_msgs/msg/_imu.py
[254.660s] -- Installing: /home/ubuntu/ros2_ws/src/install/champ_msgs/local/lib/python3.10/dist-packages/champ_msgs/msg/_pid.py
[254.661s] -- Installing: /home/ubuntu/ros2_ws/src/install/champ_msgs/local/lib/python3.10/dist-packages/champ_msgs/msg/_velocities_s.c
[254.662s] -- Installing: /home/ubuntu/ros2_ws/src/install/champ_msgs/local/lib/python3.10/dist-packages/champ_msgs/msg/_contacts_stamped.py
[254.662s] -- Installing: /home/ubuntu/ros2_ws/src/install/champ_msgs/local/lib/python3.10/dist-packages/champ_msgs/msg/_contacts.py
[254.663s] -- Installing: /home/ubuntu/ros2_ws/src/install/champ_msgs/local/lib/python3.10/dist-packages/champ_msgs/msg/_point.py
[254.663s] -- Installing: /home/ubuntu/ros2_ws/src/install/champ_msgs/local/lib/python3.10/dist-packages/champ_msgs/msg/_point_array.py
[254.669s] -- Installing: /home/ubuntu/ros2_ws/src/install/champ_msgs/local/lib/python3.10/dist-packages/champ_msgs/msg/_point_s.c
[254.669s] -- Installing: /home/ubuntu/ros2_ws/src/install/champ_msgs/local/lib/python3.10/dist-packages/champ_msgs/msg/_joints_s.c
[254.670s] -- Installing: /home/ubuntu/ros2_ws/src/install/champ_msgs/local/lib/python3.10/dist-packages/champ_msgs/msg/_joints.py
[254.670s] -- Installing: /home/ubuntu/ros2_ws/src/install/champ_msgs/local/lib/python3.10/dist-packages/champ_msgs/msg/_pose.py
[254.670s] -- Installing: /home/ubuntu/ros2_ws/src/install/champ_msgs/local/lib/python3.10/dist-packages/champ_msgs/msg/_imu_s.c
[254.671s] -- Installing: /home/ubuntu/ros2_ws/src/install/champ_msgs/local/lib/python3.10/dist-packages/champ_msgs/msg/_pid_s.c
[254.671s] -- Installing: /home/ubuntu/ros2_ws/src/install/champ_msgs/local/lib/python3.10/dist-packages/champ_msgs/msg/_contacts_stamped_s.c
[255.009s] Listing '/home/ubuntu/ros2_ws/src/install/champ_msgs/local/lib/python3.10/dist-packages/champ_msgs'...
[255.010s] Compiling '/home/ubuntu/ros2_ws/src/install/champ_msgs/local/lib/python3.10/dist-packages/champ_msgs/__init__.py'...
[255.011s] Listing '/home/ubuntu/ros2_ws/src/install/champ_msgs/local/lib/python3.10/dist-packages/champ_msgs/msg'...
[255.012s] Compiling '/home/ubuntu/ros2_ws/src/install/champ_msgs/local/lib/python3.10/dist-packages/champ_msgs/msg/__init__.py'...
[255.013s] Compiling '/home/ubuntu/ros2_ws/src/install/champ_msgs/local/lib/python3.10/dist-packages/champ_msgs/msg/_contacts.py'...
[255.014s] Compiling '/home/ubuntu/ros2_ws/src/install/champ_msgs/local/lib/python3.10/dist-packages/champ_msgs/msg/_contacts_stamped.py'...
[255.015s] Compiling '/home/ubuntu/ros2_ws/src/install/champ_msgs/local/lib/python3.10/dist-packages/champ_msgs/msg/_imu.py'...
[255.016s] Compiling '/home/ubuntu/ros2_ws/src/install/champ_msgs/local/lib/python3.10/dist-packages/champ_msgs/msg/_joints.py'...
[255.016s] Compiling '/home/ubuntu/ros2_ws/src/install/champ_msgs/local/lib/python3.10/dist-packages/champ_msgs/msg/_pid.py'...
[255.018s] Compiling '/home/ubuntu/ros2_ws/src/install/champ_msgs/local/lib/python3.10/dist-packages/champ_msgs/msg/_point.py'...
[255.019s] Compiling '/home/ubuntu/ros2_ws/src/install/champ_msgs/local/lib/python3.10/dist-packages/champ_msgs/msg/_point_array.py'...
[255.020s] Compiling '/home/ubuntu/ros2_ws/src/install/champ_msgs/local/lib/python3.10/dist-packages/champ_msgs/msg/_pose.py'...
[255.022s] Compiling '/home/ubuntu/ros2_ws/src/install/champ_msgs/local/lib/python3.10/dist-packages/champ_msgs/msg/_velocities.py'...
[255.054s] -- Installing: /home/ubuntu/ros2_ws/src/install/champ_msgs/local/lib/python3.10/dist-packages/champ_msgs/champ_msgs_s__rosidl_typesupport_fastrtps_c.cpython-310-aarch64-linux-gnu.so
[255.059s] -- Set runtime path of "/home/ubuntu/ros2_ws/src/install/champ_msgs/local/lib/python3.10/dist-packages/champ_msgs/champ_msgs_s__rosidl_typesupport_fastrtps_c.cpython-310-aarch64-linux-gnu.so" to ""
[255.061s] -- Installing: /home/ubuntu/ros2_ws/src/install/champ_msgs/local/lib/python3.10/dist-packages/champ_msgs/champ_msgs_s__rosidl_typesupport_introspection_c.cpython-310-aarch64-linux-gnu.so
[255.066s] -- Set runtime path of "/home/ubuntu/ros2_ws/src/install/champ_msgs/local/lib/python3.10/dist-packages/champ_msgs/champ_msgs_s__rosidl_typesupport_introspection_c.cpython-310-aarch64-linux-gnu.so" to ""
[255.072s] -- Installing: /home/ubuntu/ros2_ws/src/install/champ_msgs/local/lib/python3.10/dist-packages/champ_msgs/champ_msgs_s__rosidl_typesupport_c.cpython-310-aarch64-linux-gnu.so
[255.077s] -- Set runtime path of "/home/ubuntu/ros2_ws/src/install/champ_msgs/local/lib/python3.10/dist-packages/champ_msgs/champ_msgs_s__rosidl_typesupport_c.cpython-310-aarch64-linux-gnu.so" to ""
[255.078s] -- Installing: /home/ubuntu/ros2_ws/src/install/champ_msgs/lib/libchamp_msgs__rosidl_generator_py.so
[255.082s] -- Set runtime path of "/home/ubuntu/ros2_ws/src/install/champ_msgs/lib/libchamp_msgs__rosidl_generator_py.so" to ""
[255.082s] -- Installing: /home/ubuntu/ros2_ws/src/install/champ_msgs/share/champ_msgs/msg/Velocities.idl
[255.084s] -- Installing: /home/ubuntu/ros2_ws/src/install/champ_msgs/share/champ_msgs/msg/PID.idl
[255.086s] -- Installing: /home/ubuntu/ros2_ws/src/install/champ_msgs/share/champ_msgs/msg/Imu.idl
[255.087s] -- Installing: /home/ubuntu/ros2_ws/src/install/champ_msgs/share/champ_msgs/msg/Point.idl
[255.089s] -- Installing: /home/ubuntu/ros2_ws/src/install/champ_msgs/share/champ_msgs/msg/PointArray.idl
[255.090s] -- Installing: /home/ubuntu/ros2_ws/src/install/champ_msgs/share/champ_msgs/msg/Joints.idl
[255.092s] -- Installing: /home/ubuntu/ros2_ws/src/install/champ_msgs/share/champ_msgs/msg/Contacts.idl
[255.094s] -- Installing: /home/ubuntu/ros2_ws/src/install/champ_msgs/share/champ_msgs/msg/ContactsStamped.idl
[255.095s] -- Installing: /home/ubuntu/ros2_ws/src/install/champ_msgs/share/champ_msgs/msg/Pose.idl
[255.097s] -- Installing: /home/ubuntu/ros2_ws/src/install/champ_msgs/share/champ_msgs/msg/Velocities.msg
[255.099s] -- Installing: /home/ubuntu/ros2_ws/src/install/champ_msgs/share/champ_msgs/msg/PID.msg
[255.101s] -- Installing: /home/ubuntu/ros2_ws/src/install/champ_msgs/share/champ_msgs/msg/Imu.msg
[255.103s] -- Installing: /home/ubuntu/ros2_ws/src/install/champ_msgs/share/champ_msgs/msg/Point.msg
[255.105s] -- Installing: /home/ubuntu/ros2_ws/src/install/champ_msgs/share/champ_msgs/msg/PointArray.msg
[255.107s] -- Installing: /home/ubuntu/ros2_ws/src/install/champ_msgs/share/champ_msgs/msg/Joints.msg
[255.109s] -- Installing: /home/ubuntu/ros2_ws/src/install/champ_msgs/share/champ_msgs/msg/Contacts.msg
[255.111s] -- Installing: /home/ubuntu/ros2_ws/src/install/champ_msgs/share/champ_msgs/msg/ContactsStamped.msg
[255.112s] -- Installing: /home/ubuntu/ros2_ws/src/install/champ_msgs/share/champ_msgs/msg/Pose.msg
[255.115s] -- Installing: /home/ubuntu/ros2_ws/src/install/champ_msgs/share/ament_index/resource_index/package_run_dependencies/champ_msgs
[255.119s] -- Installing: /home/ubuntu/ros2_ws/src/install/champ_msgs/share/ament_index/resource_index/parent_prefix_path/champ_msgs
[255.121s] -- Installing: /home/ubuntu/ros2_ws/src/install/champ_msgs/share/champ_msgs/environment/ament_prefix_path.sh
[255.131s] -- Installing: /home/ubuntu/ros2_ws/src/install/champ_msgs/share/champ_msgs/environment/ament_prefix_path.dsv
[255.131s] -- Installing: /home/ubuntu/ros2_ws/src/install/champ_msgs/share/champ_msgs/environment/path.sh
[255.132s] -- Installing: /home/ubuntu/ros2_ws/src/install/champ_msgs/share/champ_msgs/environment/path.dsv
[255.132s] -- Installing: /home/ubuntu/ros2_ws/src/install/champ_msgs/share/champ_msgs/local_setup.bash
[255.133s] -- Installing: /home/ubuntu/ros2_ws/src/install/champ_msgs/share/champ_msgs/local_setup.sh
[255.134s] -- Installing: /home/ubuntu/ros2_ws/src/install/champ_msgs/share/champ_msgs/local_setup.zsh
[255.138s] -- Installing: /home/ubuntu/ros2_ws/src/install/champ_msgs/share/champ_msgs/local_setup.dsv
[255.142s] -- Installing: /home/ubuntu/ros2_ws/src/install/champ_msgs/share/champ_msgs/package.dsv
[255.150s] -- Installing: /home/ubuntu/ros2_ws/src/install/champ_msgs/share/ament_index/resource_index/packages/champ_msgs
[255.154s] -- Installing: /home/ubuntu/ros2_ws/src/install/champ_msgs/share/champ_msgs/cmake/export_champ_msgs__rosidl_generator_cExport.cmake
[255.160s] -- Installing: /home/ubuntu/ros2_ws/src/install/champ_msgs/share/champ_msgs/cmake/export_champ_msgs__rosidl_generator_cExport-noconfig.cmake
[255.166s] -- Installing: /home/ubuntu/ros2_ws/src/install/champ_msgs/share/champ_msgs/cmake/export_champ_msgs__rosidl_typesupport_fastrtps_cExport.cmake
[255.173s] -- Installing: /home/ubuntu/ros2_ws/src/install/champ_msgs/share/champ_msgs/cmake/export_champ_msgs__rosidl_typesupport_fastrtps_cExport-noconfig.cmake
[255.175s] -- Installing: /home/ubuntu/ros2_ws/src/install/champ_msgs/share/champ_msgs/cmake/champ_msgs__rosidl_typesupport_introspection_cExport.cmake
[255.177s] -- Installing: /home/ubuntu/ros2_ws/src/install/champ_msgs/share/champ_msgs/cmake/champ_msgs__rosidl_typesupport_introspection_cExport-noconfig.cmake
[255.180s] -- Installing: /home/ubuntu/ros2_ws/src/install/champ_msgs/share/champ_msgs/cmake/champ_msgs__rosidl_typesupport_cExport.cmake
[255.182s] -- Installing: /home/ubuntu/ros2_ws/src/install/champ_msgs/share/champ_msgs/cmake/champ_msgs__rosidl_typesupport_cExport-noconfig.cmake
[255.184s] -- Installing: /home/ubuntu/ros2_ws/src/install/champ_msgs/share/champ_msgs/cmake/export_champ_msgs__rosidl_generator_cppExport.cmake
[255.187s] -- Installing: /home/ubuntu/ros2_ws/src/install/champ_msgs/share/champ_msgs/cmake/export_champ_msgs__rosidl_typesupport_fastrtps_cppExport.cmake
[255.189s] -- Installing: /home/ubuntu/ros2_ws/src/install/champ_msgs/share/champ_msgs/cmake/export_champ_msgs__rosidl_typesupport_fastrtps_cppExport-noconfig.cmake
[255.191s] -- Installing: /home/ubuntu/ros2_ws/src/install/champ_msgs/share/champ_msgs/cmake/champ_msgs__rosidl_typesupport_introspection_cppExport.cmake
[255.194s] -- Installing: /home/ubuntu/ros2_ws/src/install/champ_msgs/share/champ_msgs/cmake/champ_msgs__rosidl_typesupport_introspection_cppExport-noconfig.cmake
[255.196s] -- Installing: /home/ubuntu/ros2_ws/src/install/champ_msgs/share/champ_msgs/cmake/champ_msgs__rosidl_typesupport_cppExport.cmake
[255.199s] -- Installing: /home/ubuntu/ros2_ws/src/install/champ_msgs/share/champ_msgs/cmake/champ_msgs__rosidl_typesupport_cppExport-noconfig.cmake
[255.201s] -- Installing: /home/ubuntu/ros2_ws/src/install/champ_msgs/share/champ_msgs/cmake/export_champ_msgs__rosidl_generator_pyExport.cmake
[255.203s] -- Installing: /home/ubuntu/ros2_ws/src/install/champ_msgs/share/champ_msgs/cmake/export_champ_msgs__rosidl_generator_pyExport-noconfig.cmake
[255.206s] -- Installing: /home/ubuntu/ros2_ws/src/install/champ_msgs/share/champ_msgs/cmake/rosidl_cmake-extras.cmake
[255.208s] -- Installing: /home/ubuntu/ros2_ws/src/install/champ_msgs/share/champ_msgs/cmake/ament_cmake_export_dependencies-extras.cmake
[255.211s] -- Installing: /home/ubuntu/ros2_ws/src/install/champ_msgs/share/champ_msgs/cmake/ament_cmake_export_include_directories-extras.cmake
[255.214s] -- Installing: /home/ubuntu/ros2_ws/src/install/champ_msgs/share/champ_msgs/cmake/ament_cmake_export_libraries-extras.cmake
[255.217s] -- Installing: /home/ubuntu/ros2_ws/src/install/champ_msgs/share/champ_msgs/cmake/ament_cmake_export_targets-extras.cmake
[255.219s] -- Installing: /home/ubuntu/ros2_ws/src/install/champ_msgs/share/champ_msgs/cmake/rosidl_cmake_export_typesupport_targets-extras.cmake
[255.222s] -- Installing: /home/ubuntu/ros2_ws/src/install/champ_msgs/share/champ_msgs/cmake/rosidl_cmake_export_typesupport_libraries-extras.cmake
[255.224s] -- Installing: /home/ubuntu/ros2_ws/src/install/champ_msgs/share/champ_msgs/cmake/champ_msgsConfig.cmake
[255.226s] -- Installing: /home/ubuntu/ros2_ws/src/install/champ_msgs/share/champ_msgs/cmake/champ_msgsConfig-version.cmake
[255.230s] -- Installing: /home/ubuntu/ros2_ws/src/install/champ_msgs/share/champ_msgs/package.xml
[255.246s] Invoked command in '/home/ubuntu/ros2_ws/src/build/champ_msgs' returned '0': CMAKE_PREFIX_PATH=${CMAKE_PREFIX_PATH}:/home/ubuntu/ros2_ws/install/go_pupper_srv:/home/ubuntu/ros2_ws/install/mini_pupper_music:/home/ubuntu/ros2_ws/install/mini_pupper_dance:/home/ubuntu/ros2_ws/install/mini_pupper_driver:/opt/ros/humble /usr/bin/cmake --install /home/ubuntu/ros2_ws/src/build/champ_msgs
