[12.748s] Invoking command in '/home/ubuntu/ros2_ws/src/mini_pupper_ros/mini_pupper_music': PYTHONPATH=/home/ubuntu/ros2_ws/build/mini_pupper_music/prefix_override:/home/ubuntu/ros2_ws/install/mini_pupper_music/lib/python3.10/site-packages:${PYTHONPATH} /usr/bin/python3 -W ignore:setup.py install is deprecated setup.py egg_info --egg-base ../../../build/mini_pupper_music build --build-base /home/ubuntu/ros2_ws/build/mini_pupper_music/build install --record /home/ubuntu/ros2_ws/build/mini_pupper_music/install.log --single-version-externally-managed install_data
[15.698s] running egg_info
[16.027s] writing ../../../build/mini_pupper_music/mini_pupper_music.egg-info/PKG-INFO
[16.032s] writing dependency_links to ../../../build/mini_pupper_music/mini_pupper_music.egg-info/dependency_links.txt
[16.036s] writing entry points to ../../../build/mini_pupper_music/mini_pupper_music.egg-info/entry_points.txt
[16.039s] writing requirements to ../../../build/mini_pupper_music/mini_pupper_music.egg-info/requires.txt
[16.042s] writing top-level names to ../../../build/mini_pupper_music/mini_pupper_music.egg-info/top_level.txt
[16.628s] reading manifest file '../../../build/mini_pupper_music/mini_pupper_music.egg-info/SOURCES.txt'
[16.655s] writing manifest file '../../../build/mini_pupper_music/mini_pupper_music.egg-info/SOURCES.txt'
[16.657s] running build
[16.663s] running build_py
[16.668s] copying mini_pupper_music/__init__.py -> /home/ubuntu/ros2_ws/build/mini_pupper_music/build/lib/mini_pupper_music
[16.673s] copying mini_pupper_music/music_player.py -> /home/ubuntu/ros2_ws/build/mini_pupper_music/build/lib/mini_pupper_music
[16.678s] copying mini_pupper_music/music_server.py -> /home/ubuntu/ros2_ws/build/mini_pupper_music/build/lib/mini_pupper_music
[16.686s] running install
[16.792s] running install_lib
[16.979s] running install_data
[16.982s] copying package.xml -> /home/ubuntu/ros2_ws/install/mini_pupper_music/share/mini_pupper_music
[16.985s] copying resource/mini_pupper_music -> /home/ubuntu/ros2_ws/install/mini_pupper_music/share/mini_pupper_music/resource
[16.988s] copying resource/robot1.wav -> /home/ubuntu/ros2_ws/install/mini_pupper_music/share/mini_pupper_music/resource
[17.109s] copying resource/robot1.mp3 -> /home/ubuntu/ros2_ws/install/mini_pupper_music/share/mini_pupper_music/resource
[17.130s] copying launch/music.launch.py -> /home/ubuntu/ros2_ws/install/mini_pupper_music/share/mini_pupper_music
[17.135s] running install_egg_info
[17.302s] removing '/home/ubuntu/ros2_ws/install/mini_pupper_music/lib/python3.10/site-packages/mini_pupper_music-1.0.0-py3.10.egg-info' (and everything under it)
[17.304s] Copying ../../../build/mini_pupper_music/mini_pupper_music.egg-info to /home/ubuntu/ros2_ws/install/mini_pupper_music/lib/python3.10/site-packages/mini_pupper_music-1.0.0-py3.10.egg-info
[17.315s] running install_scripts
[19.281s] Installing service script to /home/ubuntu/ros2_ws/install/mini_pupper_music/lib/mini_pupper_music
[19.287s] writing list of installed files to '/home/ubuntu/ros2_ws/build/mini_pupper_music/install.log'
[19.648s] Invoked command in '/home/ubuntu/ros2_ws/src/mini_pupper_ros/mini_pupper_music' returned '0': PYTHONPATH=/home/ubuntu/ros2_ws/build/mini_pupper_music/prefix_override:/home/ubuntu/ros2_ws/install/mini_pupper_music/lib/python3.10/site-packages:${PYTHONPATH} /usr/bin/python3 -W ignore:setup.py install is deprecated setup.py egg_info --egg-base ../../../build/mini_pupper_music build --build-base /home/ubuntu/ros2_ws/build/mini_pupper_music/build install --record /home/ubuntu/ros2_ws/build/mini_pupper_music/install.log --single-version-externally-managed install_data
