[0.206s] Invoking command in '/home/ubuntu/ros2_ws/build/champ': CMAKE_PREFIX_PATH=${CMAKE_PREFIX_PATH}:/home/ubuntu/ros2_ws/install/go_pupper_srv:/home/ubuntu/ros2_ws/install/mini_pupper_music:/home/ubuntu/ros2_ws/install/mini_pupper_dance:/home/ubuntu/ros2_ws/install/mini_pupper_driver:/opt/ros/humble /usr/bin/cmake --build /home/ubuntu/ros2_ws/build/champ -- -j4 -l4
[0.648s] Invoked command in '/home/ubuntu/ros2_ws/build/champ' returned '0': CMAKE_PREFIX_PATH=${CMAKE_PREFIX_PATH}:/home/ubuntu/ros2_ws/install/go_pupper_srv:/home/ubuntu/ros2_ws/install/mini_pupper_music:/home/ubuntu/ros2_ws/install/mini_pupper_dance:/home/ubuntu/ros2_ws/install/mini_pupper_driver:/opt/ros/humble /usr/bin/cmake --build /home/ubuntu/ros2_ws/build/champ -- -j4 -l4
[1.267s] Invoking command in '/home/ubuntu/ros2_ws/build/champ': CMAKE_PREFIX_PATH=${CMAKE_PREFIX_PATH}:/home/ubuntu/ros2_ws/install/go_pupper_srv:/home/ubuntu/ros2_ws/install/mini_pupper_music:/home/ubuntu/ros2_ws/install/mini_pupper_dance:/home/ubuntu/ros2_ws/install/mini_pupper_driver:/opt/ros/humble /usr/bin/cmake --install /home/ubuntu/ros2_ws/build/champ
[1.382s] -- Install configuration: ""
[1.384s] -- Execute custom install script
[1.425s] -- Up-to-date symlink: /home/ubuntu/ros2_ws/install/champ/include/champ/.git
[1.427s] -- Up-to-date symlink: /home/ubuntu/ros2_ws/install/champ/include/champ/LICENSE
[1.429s] -- Up-to-date symlink: /home/ubuntu/ros2_ws/install/champ/include/champ/README.md
[1.436s] -- Up-to-date symlink: /home/ubuntu/ros2_ws/install/champ/include/champ/bla/basic_linear_algebra.h
[1.440s] -- Up-to-date symlink: /home/ubuntu/ros2_ws/install/champ/include/champ/bla/memory_delegate.h
[1.448s] -- Up-to-date symlink: /home/ubuntu/ros2_ws/install/champ/include/champ/body_controller/body_controller.h
[1.454s] -- Up-to-date symlink: /home/ubuntu/ros2_ws/install/champ/include/champ/geometry/geometry.h
[1.459s] -- Up-to-date symlink: /home/ubuntu/ros2_ws/install/champ/include/champ/kinematics/kinematics.h
[1.464s] -- Up-to-date symlink: /home/ubuntu/ros2_ws/install/champ/include/champ/leg_controller/leg_controller.h
[1.474s] -- Up-to-date symlink: /home/ubuntu/ros2_ws/install/champ/include/champ/leg_controller/phase_generator.h
[1.477s] -- Up-to-date symlink: /home/ubuntu/ros2_ws/install/champ/include/champ/leg_controller/trajectory_planner.h
[1.487s] -- Up-to-date symlink: /home/ubuntu/ros2_ws/install/champ/include/champ/macros/macros.h
[1.495s] -- Up-to-date symlink: /home/ubuntu/ros2_ws/install/champ/include/champ/odometry/odometry.h
[1.506s] -- Up-to-date symlink: /home/ubuntu/ros2_ws/install/champ/include/champ/quadruped_base/quadruped_base.h
[1.512s] -- Up-to-date symlink: /home/ubuntu/ros2_ws/install/champ/include/champ/quadruped_base/quadruped_components.h
[1.515s] -- Up-to-date symlink: /home/ubuntu/ros2_ws/install/champ/include/champ/quadruped_base/quadruped_joint.h
[1.518s] -- Up-to-date symlink: /home/ubuntu/ros2_ws/install/champ/include/champ/quadruped_base/quadruped_leg.h
[1.523s] -- Up-to-date symlink: /home/ubuntu/ros2_ws/install/champ/include/champ/utils/urdf_loader.h
[1.533s] -- Up-to-date symlink: /home/ubuntu/ros2_ws/install/champ/include/champ/utils/xmlrpc_helpers.h
[1.538s] -- Up-to-date symlink: /home/ubuntu/ros2_ws/install/champ/share/ament_index/resource_index/package_run_dependencies/champ
[1.543s] -- Up-to-date symlink: /home/ubuntu/ros2_ws/install/champ/share/ament_index/resource_index/parent_prefix_path/champ
[1.550s] -- Up-to-date symlink: /home/ubuntu/ros2_ws/install/champ/share/champ/environment/ament_prefix_path.sh
[1.557s] -- Up-to-date symlink: /home/ubuntu/ros2_ws/install/champ/share/champ/environment/ament_prefix_path.dsv
[1.560s] -- Up-to-date symlink: /home/ubuntu/ros2_ws/install/champ/share/champ/environment/path.sh
[1.563s] -- Up-to-date symlink: /home/ubuntu/ros2_ws/install/champ/share/champ/environment/path.dsv
[1.566s] -- Up-to-date symlink: /home/ubuntu/ros2_ws/install/champ/share/champ/local_setup.bash
[1.569s] -- Up-to-date symlink: /home/ubuntu/ros2_ws/install/champ/share/champ/local_setup.sh
[1.572s] -- Up-to-date symlink: /home/ubuntu/ros2_ws/install/champ/share/champ/local_setup.zsh
[1.575s] -- Up-to-date symlink: /home/ubuntu/ros2_ws/install/champ/share/champ/local_setup.dsv
[1.579s] -- Symlinking: /home/ubuntu/ros2_ws/install/champ/share/champ/package.dsv
[1.786s] -- Up-to-date symlink: /home/ubuntu/ros2_ws/install/champ/share/ament_index/resource_index/packages/champ
[1.787s] -- Up-to-date symlink: /home/ubuntu/ros2_ws/install/champ/share/champ/cmake/ament_cmake_export_include_directories-extras.cmake
[1.790s] -- Up-to-date symlink: /home/ubuntu/ros2_ws/install/champ/share/champ/cmake/champConfig.cmake
[1.796s] -- Up-to-date symlink: /home/ubuntu/ros2_ws/install/champ/share/champ/cmake/champConfig-version.cmake
[1.812s] -- Up-to-date symlink: /home/ubuntu/ros2_ws/install/champ/share/champ/package.xml
[1.863s] Invoked command in '/home/ubuntu/ros2_ws/build/champ' returned '0': CMAKE_PREFIX_PATH=${CMAKE_PREFIX_PATH}:/home/ubuntu/ros2_ws/install/go_pupper_srv:/home/ubuntu/ros2_ws/install/mini_pupper_music:/home/ubuntu/ros2_ws/install/mini_pupper_dance:/home/ubuntu/ros2_ws/install/mini_pupper_driver:/opt/ros/humble /usr/bin/cmake --install /home/ubuntu/ros2_ws/build/champ
