/home/ubuntu/ros2_ws/src/go_pupper_srv/go_pupper_srv/install/madmom/lib/python3.10/site-packages/madmom/processors.py
/home/ubuntu/ros2_ws/src/go_pupper_srv/go_pupper_srv/install/madmom/lib/python3.10/site-packages/madmom/__init__.py
/home/ubuntu/ros2_ws/src/go_pupper_srv/go_pupper_srv/install/madmom/lib/python3.10/site-packages/madmom/conftest.py
/home/ubuntu/ros2_ws/src/go_pupper_srv/go_pupper_srv/install/madmom/lib/python3.10/site-packages/madmom/ml/gmm.py
/home/ubuntu/ros2_ws/src/go_pupper_srv/go_pupper_srv/install/madmom/lib/python3.10/site-packages/madmom/ml/__init__.py
/home/ubuntu/ros2_ws/src/go_pupper_srv/go_pupper_srv/install/madmom/lib/python3.10/site-packages/madmom/ml/crf.py
/home/ubuntu/ros2_ws/src/go_pupper_srv/go_pupper_srv/install/madmom/lib/python3.10/site-packages/madmom/features/__init__.py
/home/ubuntu/ros2_ws/src/go_pupper_srv/go_pupper_srv/install/madmom/lib/python3.10/site-packages/madmom/features/downbeats.py
/home/ubuntu/ros2_ws/src/go_pupper_srv/go_pupper_srv/install/madmom/lib/python3.10/site-packages/madmom/features/key.py
/home/ubuntu/ros2_ws/src/go_pupper_srv/go_pupper_srv/install/madmom/lib/python3.10/site-packages/madmom/features/beats.py
/home/ubuntu/ros2_ws/src/go_pupper_srv/go_pupper_srv/install/madmom/lib/python3.10/site-packages/madmom/features/notes_hmm.py
/home/ubuntu/ros2_ws/src/go_pupper_srv/go_pupper_srv/install/madmom/lib/python3.10/site-packages/madmom/features/tempo.py
/home/ubuntu/ros2_ws/src/go_pupper_srv/go_pupper_srv/install/madmom/lib/python3.10/site-packages/madmom/features/beats_hmm.py
/home/ubuntu/ros2_ws/src/go_pupper_srv/go_pupper_srv/install/madmom/lib/python3.10/site-packages/madmom/features/chords.py
/home/ubuntu/ros2_ws/src/go_pupper_srv/go_pupper_srv/install/madmom/lib/python3.10/site-packages/madmom/features/notes.py
/home/ubuntu/ros2_ws/src/go_pupper_srv/go_pupper_srv/install/madmom/lib/python3.10/site-packages/madmom/features/onsets.py
/home/ubuntu/ros2_ws/src/go_pupper_srv/go_pupper_srv/install/madmom/lib/python3.10/site-packages/madmom/utils/__init__.py
/home/ubuntu/ros2_ws/src/go_pupper_srv/go_pupper_srv/install/madmom/lib/python3.10/site-packages/madmom/utils/midi.py
/home/ubuntu/ros2_ws/src/go_pupper_srv/go_pupper_srv/install/madmom/lib/python3.10/site-packages/madmom/utils/stats.py
/home/ubuntu/ros2_ws/src/go_pupper_srv/go_pupper_srv/install/madmom/lib/python3.10/site-packages/madmom/evaluation/__init__.py
/home/ubuntu/ros2_ws/src/go_pupper_srv/go_pupper_srv/install/madmom/lib/python3.10/site-packages/madmom/evaluation/key.py
/home/ubuntu/ros2_ws/src/go_pupper_srv/go_pupper_srv/install/madmom/lib/python3.10/site-packages/madmom/evaluation/beats.py
/home/ubuntu/ros2_ws/src/go_pupper_srv/go_pupper_srv/install/madmom/lib/python3.10/site-packages/madmom/evaluation/tempo.py
/home/ubuntu/ros2_ws/src/go_pupper_srv/go_pupper_srv/install/madmom/lib/python3.10/site-packages/madmom/evaluation/chords.py
/home/ubuntu/ros2_ws/src/go_pupper_srv/go_pupper_srv/install/madmom/lib/python3.10/site-packages/madmom/evaluation/notes.py
/home/ubuntu/ros2_ws/src/go_pupper_srv/go_pupper_srv/install/madmom/lib/python3.10/site-packages/madmom/evaluation/onsets.py
/home/ubuntu/ros2_ws/src/go_pupper_srv/go_pupper_srv/install/madmom/lib/python3.10/site-packages/madmom/models/__init__.py
/home/ubuntu/ros2_ws/src/go_pupper_srv/go_pupper_srv/install/madmom/lib/python3.10/site-packages/madmom/audio/__init__.py
/home/ubuntu/ros2_ws/src/go_pupper_srv/go_pupper_srv/install/madmom/lib/python3.10/site-packages/madmom/audio/stft.py
/home/ubuntu/ros2_ws/src/go_pupper_srv/go_pupper_srv/install/madmom/lib/python3.10/site-packages/madmom/audio/signal.py
/home/ubuntu/ros2_ws/src/go_pupper_srv/go_pupper_srv/install/madmom/lib/python3.10/site-packages/madmom/audio/spectrogram.py
/home/ubuntu/ros2_ws/src/go_pupper_srv/go_pupper_srv/install/madmom/lib/python3.10/site-packages/madmom/audio/chroma.py
/home/ubuntu/ros2_ws/src/go_pupper_srv/go_pupper_srv/install/madmom/lib/python3.10/site-packages/madmom/audio/filters.py
/home/ubuntu/ros2_ws/src/go_pupper_srv/go_pupper_srv/install/madmom/lib/python3.10/site-packages/madmom/audio/cepstrogram.py
/home/ubuntu/ros2_ws/src/go_pupper_srv/go_pupper_srv/install/madmom/lib/python3.10/site-packages/madmom/audio/hpss.py
/home/ubuntu/ros2_ws/src/go_pupper_srv/go_pupper_srv/install/madmom/lib/python3.10/site-packages/madmom/io/__init__.py
/home/ubuntu/ros2_ws/src/go_pupper_srv/go_pupper_srv/install/madmom/lib/python3.10/site-packages/madmom/io/audio.py
/home/ubuntu/ros2_ws/src/go_pupper_srv/go_pupper_srv/install/madmom/lib/python3.10/site-packages/madmom/io/midi.py
/home/ubuntu/ros2_ws/src/go_pupper_srv/go_pupper_srv/install/madmom/lib/python3.10/site-packages/madmom/ml/nn/__init__.py
/home/ubuntu/ros2_ws/src/go_pupper_srv/go_pupper_srv/install/madmom/lib/python3.10/site-packages/madmom/ml/nn/layers.py
/home/ubuntu/ros2_ws/src/go_pupper_srv/go_pupper_srv/install/madmom/lib/python3.10/site-packages/madmom/ml/nn/activations.py
/home/ubuntu/ros2_ws/src/go_pupper_srv/go_pupper_srv/install/madmom/lib/python3.10/site-packages/madmom/models/LICENSE
/home/ubuntu/ros2_ws/src/go_pupper_srv/go_pupper_srv/install/madmom/lib/python3.10/site-packages/madmom/models/README.rst
/home/ubuntu/ros2_ws/src/go_pupper_srv/go_pupper_srv/install/madmom/lib/python3.10/site-packages/madmom/models/beats/2016/beats_lstm_5.pkl
/home/ubuntu/ros2_ws/src/go_pupper_srv/go_pupper_srv/install/madmom/lib/python3.10/site-packages/madmom/models/beats/2016/beats_lstm_3.pkl
/home/ubuntu/ros2_ws/src/go_pupper_srv/go_pupper_srv/install/madmom/lib/python3.10/site-packages/madmom/models/beats/2016/beats_lstm_2.pkl
/home/ubuntu/ros2_ws/src/go_pupper_srv/go_pupper_srv/install/madmom/lib/python3.10/site-packages/madmom/models/beats/2016/beats_lstm_8.pkl
/home/ubuntu/ros2_ws/src/go_pupper_srv/go_pupper_srv/install/madmom/lib/python3.10/site-packages/madmom/models/beats/2016/beats_lstm_1.pkl
/home/ubuntu/ros2_ws/src/go_pupper_srv/go_pupper_srv/install/madmom/lib/python3.10/site-packages/madmom/models/beats/2016/beats_lstm_7.pkl
/home/ubuntu/ros2_ws/src/go_pupper_srv/go_pupper_srv/install/madmom/lib/python3.10/site-packages/madmom/models/beats/2016/beats_lstm_6.pkl
/home/ubuntu/ros2_ws/src/go_pupper_srv/go_pupper_srv/install/madmom/lib/python3.10/site-packages/madmom/models/beats/2016/beats_lstm_4.pkl
/home/ubuntu/ros2_ws/src/go_pupper_srv/go_pupper_srv/install/madmom/lib/python3.10/site-packages/madmom/models/beats/2015/beats_blstm_2.pkl
/home/ubuntu/ros2_ws/src/go_pupper_srv/go_pupper_srv/install/madmom/lib/python3.10/site-packages/madmom/models/beats/2015/beats_blstm_3.pkl
/home/ubuntu/ros2_ws/src/go_pupper_srv/go_pupper_srv/install/madmom/lib/python3.10/site-packages/madmom/models/beats/2015/beats_blstm_8.pkl
/home/ubuntu/ros2_ws/src/go_pupper_srv/go_pupper_srv/install/madmom/lib/python3.10/site-packages/madmom/models/beats/2015/beats_blstm_6.pkl
/home/ubuntu/ros2_ws/src/go_pupper_srv/go_pupper_srv/install/madmom/lib/python3.10/site-packages/madmom/models/beats/2015/beats_blstm_4.pkl
/home/ubuntu/ros2_ws/src/go_pupper_srv/go_pupper_srv/install/madmom/lib/python3.10/site-packages/madmom/models/beats/2015/beats_blstm_1.pkl
/home/ubuntu/ros2_ws/src/go_pupper_srv/go_pupper_srv/install/madmom/lib/python3.10/site-packages/madmom/models/beats/2015/beats_blstm_5.pkl
/home/ubuntu/ros2_ws/src/go_pupper_srv/go_pupper_srv/install/madmom/lib/python3.10/site-packages/madmom/models/beats/2015/beats_blstm_7.pkl
/home/ubuntu/ros2_ws/src/go_pupper_srv/go_pupper_srv/install/madmom/lib/python3.10/site-packages/madmom/models/chords/2016/chords_cnncrf.pkl
/home/ubuntu/ros2_ws/src/go_pupper_srv/go_pupper_srv/install/madmom/lib/python3.10/site-packages/madmom/models/chords/2016/chords_cnnfeat.pkl
/home/ubuntu/ros2_ws/src/go_pupper_srv/go_pupper_srv/install/madmom/lib/python3.10/site-packages/madmom/models/chords/2016/chords_dccrf.pkl
/home/ubuntu/ros2_ws/src/go_pupper_srv/go_pupper_srv/install/madmom/lib/python3.10/site-packages/madmom/models/chroma/2016/chroma_dnn.pkl
/home/ubuntu/ros2_ws/src/go_pupper_srv/go_pupper_srv/install/madmom/lib/python3.10/site-packages/madmom/models/downbeats/2016/downbeats_bgru_rhythmic_3.pkl
/home/ubuntu/ros2_ws/src/go_pupper_srv/go_pupper_srv/install/madmom/lib/python3.10/site-packages/madmom/models/downbeats/2016/downbeats_bgru_harmonic_4.pkl
/home/ubuntu/ros2_ws/src/go_pupper_srv/go_pupper_srv/install/madmom/lib/python3.10/site-packages/madmom/models/downbeats/2016/downbeats_bgru_harmonic_3.pkl
/home/ubuntu/ros2_ws/src/go_pupper_srv/go_pupper_srv/install/madmom/lib/python3.10/site-packages/madmom/models/downbeats/2016/downbeats_bgru_rhythmic_4.pkl
/home/ubuntu/ros2_ws/src/go_pupper_srv/go_pupper_srv/install/madmom/lib/python3.10/site-packages/madmom/models/downbeats/2016/downbeats_blstm_4.pkl
/home/ubuntu/ros2_ws/src/go_pupper_srv/go_pupper_srv/install/madmom/lib/python3.10/site-packages/madmom/models/downbeats/2016/downbeats_bgru_rhythmic_1.pkl
/home/ubuntu/ros2_ws/src/go_pupper_srv/go_pupper_srv/install/madmom/lib/python3.10/site-packages/madmom/models/downbeats/2016/downbeats_blstm_7.pkl
/home/ubuntu/ros2_ws/src/go_pupper_srv/go_pupper_srv/install/madmom/lib/python3.10/site-packages/madmom/models/downbeats/2016/downbeats_bgru_rhythmic_2.pkl
/home/ubuntu/ros2_ws/src/go_pupper_srv/go_pupper_srv/install/madmom/lib/python3.10/site-packages/madmom/models/downbeats/2016/downbeats_blstm_5.pkl
/home/ubuntu/ros2_ws/src/go_pupper_srv/go_pupper_srv/install/madmom/lib/python3.10/site-packages/madmom/models/downbeats/2016/downbeats_bgru_harmonic_1.pkl
/home/ubuntu/ros2_ws/src/go_pupper_srv/go_pupper_srv/install/madmom/lib/python3.10/site-packages/madmom/models/downbeats/2016/downbeats_blstm_2.pkl
/home/ubuntu/ros2_ws/src/go_pupper_srv/go_pupper_srv/install/madmom/lib/python3.10/site-packages/madmom/models/downbeats/2016/downbeats_blstm_6.pkl
/home/ubuntu/ros2_ws/src/go_pupper_srv/go_pupper_srv/install/madmom/lib/python3.10/site-packages/madmom/models/downbeats/2016/downbeats_bgru_harmonic_5.pkl
/home/ubuntu/ros2_ws/src/go_pupper_srv/go_pupper_srv/install/madmom/lib/python3.10/site-packages/madmom/models/downbeats/2016/downbeats_blstm_8.pkl
/home/ubuntu/ros2_ws/src/go_pupper_srv/go_pupper_srv/install/madmom/lib/python3.10/site-packages/madmom/models/downbeats/2016/downbeats_blstm_1.pkl
/home/ubuntu/ros2_ws/src/go_pupper_srv/go_pupper_srv/install/madmom/lib/python3.10/site-packages/madmom/models/downbeats/2016/downbeats_bgru_rhythmic_0.pkl
/home/ubuntu/ros2_ws/src/go_pupper_srv/go_pupper_srv/install/madmom/lib/python3.10/site-packages/madmom/models/downbeats/2016/downbeats_bgru_harmonic_0.pkl
/home/ubuntu/ros2_ws/src/go_pupper_srv/go_pupper_srv/install/madmom/lib/python3.10/site-packages/madmom/models/downbeats/2016/downbeats_bgru_harmonic_2.pkl
/home/ubuntu/ros2_ws/src/go_pupper_srv/go_pupper_srv/install/madmom/lib/python3.10/site-packages/madmom/models/downbeats/2016/downbeats_blstm_3.pkl
/home/ubuntu/ros2_ws/src/go_pupper_srv/go_pupper_srv/install/madmom/lib/python3.10/site-packages/madmom/models/downbeats/2016/downbeats_bgru_rhythmic_5.pkl
/home/ubuntu/ros2_ws/src/go_pupper_srv/go_pupper_srv/install/madmom/lib/python3.10/site-packages/madmom/models/key/2018/key_cnn.pkl
/home/ubuntu/ros2_ws/src/go_pupper_srv/go_pupper_srv/install/madmom/lib/python3.10/site-packages/madmom/models/notes/2018/notes_cnn_1.pkl
/home/ubuntu/ros2_ws/src/go_pupper_srv/go_pupper_srv/install/madmom/lib/python3.10/site-packages/madmom/models/notes/2018/notes_cnn_2.pkl
/home/ubuntu/ros2_ws/src/go_pupper_srv/go_pupper_srv/install/madmom/lib/python3.10/site-packages/madmom/models/notes/2019/notes_cnn.pkl
/home/ubuntu/ros2_ws/src/go_pupper_srv/go_pupper_srv/install/madmom/lib/python3.10/site-packages/madmom/models/notes/2013/notes_brnn.pkl
/home/ubuntu/ros2_ws/src/go_pupper_srv/go_pupper_srv/install/madmom/lib/python3.10/site-packages/madmom/models/onsets/2014/onsets_brnn_pp_6.pkl
/home/ubuntu/ros2_ws/src/go_pupper_srv/go_pupper_srv/install/madmom/lib/python3.10/site-packages/madmom/models/onsets/2014/onsets_brnn_pp_8.pkl
/home/ubuntu/ros2_ws/src/go_pupper_srv/go_pupper_srv/install/madmom/lib/python3.10/site-packages/madmom/models/onsets/2014/onsets_brnn_pp_1.pkl
/home/ubuntu/ros2_ws/src/go_pupper_srv/go_pupper_srv/install/madmom/lib/python3.10/site-packages/madmom/models/onsets/2014/onsets_brnn_pp_4.pkl
/home/ubuntu/ros2_ws/src/go_pupper_srv/go_pupper_srv/install/madmom/lib/python3.10/site-packages/madmom/models/onsets/2014/onsets_brnn_pp_3.pkl
/home/ubuntu/ros2_ws/src/go_pupper_srv/go_pupper_srv/install/madmom/lib/python3.10/site-packages/madmom/models/onsets/2014/onsets_brnn_pp_2.pkl
/home/ubuntu/ros2_ws/src/go_pupper_srv/go_pupper_srv/install/madmom/lib/python3.10/site-packages/madmom/models/onsets/2014/onsets_brnn_pp_5.pkl
/home/ubuntu/ros2_ws/src/go_pupper_srv/go_pupper_srv/install/madmom/lib/python3.10/site-packages/madmom/models/onsets/2014/onsets_brnn_pp_7.pkl
/home/ubuntu/ros2_ws/src/go_pupper_srv/go_pupper_srv/install/madmom/lib/python3.10/site-packages/madmom/models/onsets/2013/onsets_rnn_8.pkl
/home/ubuntu/ros2_ws/src/go_pupper_srv/go_pupper_srv/install/madmom/lib/python3.10/site-packages/madmom/models/onsets/2013/onsets_rnn_1.pkl
/home/ubuntu/ros2_ws/src/go_pupper_srv/go_pupper_srv/install/madmom/lib/python3.10/site-packages/madmom/models/onsets/2013/onsets_brnn_5.pkl
/home/ubuntu/ros2_ws/src/go_pupper_srv/go_pupper_srv/install/madmom/lib/python3.10/site-packages/madmom/models/onsets/2013/onsets_rnn_6.pkl
/home/ubuntu/ros2_ws/src/go_pupper_srv/go_pupper_srv/install/madmom/lib/python3.10/site-packages/madmom/models/onsets/2013/onsets_brnn_8.pkl
/home/ubuntu/ros2_ws/src/go_pupper_srv/go_pupper_srv/install/madmom/lib/python3.10/site-packages/madmom/models/onsets/2013/onsets_rnn_4.pkl
/home/ubuntu/ros2_ws/src/go_pupper_srv/go_pupper_srv/install/madmom/lib/python3.10/site-packages/madmom/models/onsets/2013/onsets_cnn.pkl
/home/ubuntu/ros2_ws/src/go_pupper_srv/go_pupper_srv/install/madmom/lib/python3.10/site-packages/madmom/models/onsets/2013/onsets_brnn_7.pkl
/home/ubuntu/ros2_ws/src/go_pupper_srv/go_pupper_srv/install/madmom/lib/python3.10/site-packages/madmom/models/onsets/2013/onsets_brnn_6.pkl
/home/ubuntu/ros2_ws/src/go_pupper_srv/go_pupper_srv/install/madmom/lib/python3.10/site-packages/madmom/models/onsets/2013/onsets_brnn_1.pkl
/home/ubuntu/ros2_ws/src/go_pupper_srv/go_pupper_srv/install/madmom/lib/python3.10/site-packages/madmom/models/onsets/2013/onsets_rnn_7.pkl
/home/ubuntu/ros2_ws/src/go_pupper_srv/go_pupper_srv/install/madmom/lib/python3.10/site-packages/madmom/models/onsets/2013/onsets_brnn_4.pkl
/home/ubuntu/ros2_ws/src/go_pupper_srv/go_pupper_srv/install/madmom/lib/python3.10/site-packages/madmom/models/onsets/2013/onsets_brnn_2.pkl
/home/ubuntu/ros2_ws/src/go_pupper_srv/go_pupper_srv/install/madmom/lib/python3.10/site-packages/madmom/models/onsets/2013/onsets_rnn_2.pkl
/home/ubuntu/ros2_ws/src/go_pupper_srv/go_pupper_srv/install/madmom/lib/python3.10/site-packages/madmom/models/onsets/2013/onsets_brnn_3.pkl
/home/ubuntu/ros2_ws/src/go_pupper_srv/go_pupper_srv/install/madmom/lib/python3.10/site-packages/madmom/models/onsets/2013/onsets_rnn_3.pkl
/home/ubuntu/ros2_ws/src/go_pupper_srv/go_pupper_srv/install/madmom/lib/python3.10/site-packages/madmom/models/onsets/2013/onsets_rnn_5.pkl
/home/ubuntu/ros2_ws/src/go_pupper_srv/go_pupper_srv/install/madmom/lib/python3.10/site-packages/madmom/models/patterns/2013/ballroom_pattern_4_4.pkl
/home/ubuntu/ros2_ws/src/go_pupper_srv/go_pupper_srv/install/madmom/lib/python3.10/site-packages/madmom/models/patterns/2013/ballroom_pattern_3_4.pkl
/home/ubuntu/ros2_ws/src/go_pupper_srv/go_pupper_srv/install/madmom/lib/python3.10/site-packages/madmom/__pycache__/processors.cpython-310.pyc
/home/ubuntu/ros2_ws/src/go_pupper_srv/go_pupper_srv/install/madmom/lib/python3.10/site-packages/madmom/__pycache__/__init__.cpython-310.pyc
/home/ubuntu/ros2_ws/src/go_pupper_srv/go_pupper_srv/install/madmom/lib/python3.10/site-packages/madmom/__pycache__/conftest.cpython-310.pyc
/home/ubuntu/ros2_ws/src/go_pupper_srv/go_pupper_srv/install/madmom/lib/python3.10/site-packages/madmom/ml/__pycache__/gmm.cpython-310.pyc
/home/ubuntu/ros2_ws/src/go_pupper_srv/go_pupper_srv/install/madmom/lib/python3.10/site-packages/madmom/ml/__pycache__/__init__.cpython-310.pyc
/home/ubuntu/ros2_ws/src/go_pupper_srv/go_pupper_srv/install/madmom/lib/python3.10/site-packages/madmom/ml/__pycache__/crf.cpython-310.pyc
/home/ubuntu/ros2_ws/src/go_pupper_srv/go_pupper_srv/install/madmom/lib/python3.10/site-packages/madmom/features/__pycache__/__init__.cpython-310.pyc
/home/ubuntu/ros2_ws/src/go_pupper_srv/go_pupper_srv/install/madmom/lib/python3.10/site-packages/madmom/features/__pycache__/downbeats.cpython-310.pyc
/home/ubuntu/ros2_ws/src/go_pupper_srv/go_pupper_srv/install/madmom/lib/python3.10/site-packages/madmom/features/__pycache__/key.cpython-310.pyc
/home/ubuntu/ros2_ws/src/go_pupper_srv/go_pupper_srv/install/madmom/lib/python3.10/site-packages/madmom/features/__pycache__/beats.cpython-310.pyc
/home/ubuntu/ros2_ws/src/go_pupper_srv/go_pupper_srv/install/madmom/lib/python3.10/site-packages/madmom/features/__pycache__/notes_hmm.cpython-310.pyc
/home/ubuntu/ros2_ws/src/go_pupper_srv/go_pupper_srv/install/madmom/lib/python3.10/site-packages/madmom/features/__pycache__/tempo.cpython-310.pyc
/home/ubuntu/ros2_ws/src/go_pupper_srv/go_pupper_srv/install/madmom/lib/python3.10/site-packages/madmom/features/__pycache__/beats_hmm.cpython-310.pyc
/home/ubuntu/ros2_ws/src/go_pupper_srv/go_pupper_srv/install/madmom/lib/python3.10/site-packages/madmom/features/__pycache__/chords.cpython-310.pyc
/home/ubuntu/ros2_ws/src/go_pupper_srv/go_pupper_srv/install/madmom/lib/python3.10/site-packages/madmom/features/__pycache__/notes.cpython-310.pyc
/home/ubuntu/ros2_ws/src/go_pupper_srv/go_pupper_srv/install/madmom/lib/python3.10/site-packages/madmom/features/__pycache__/onsets.cpython-310.pyc
/home/ubuntu/ros2_ws/src/go_pupper_srv/go_pupper_srv/install/madmom/lib/python3.10/site-packages/madmom/utils/__pycache__/__init__.cpython-310.pyc
/home/ubuntu/ros2_ws/src/go_pupper_srv/go_pupper_srv/install/madmom/lib/python3.10/site-packages/madmom/utils/__pycache__/midi.cpython-310.pyc
/home/ubuntu/ros2_ws/src/go_pupper_srv/go_pupper_srv/install/madmom/lib/python3.10/site-packages/madmom/utils/__pycache__/stats.cpython-310.pyc
/home/ubuntu/ros2_ws/src/go_pupper_srv/go_pupper_srv/install/madmom/lib/python3.10/site-packages/madmom/evaluation/__pycache__/__init__.cpython-310.pyc
/home/ubuntu/ros2_ws/src/go_pupper_srv/go_pupper_srv/install/madmom/lib/python3.10/site-packages/madmom/evaluation/__pycache__/key.cpython-310.pyc
/home/ubuntu/ros2_ws/src/go_pupper_srv/go_pupper_srv/install/madmom/lib/python3.10/site-packages/madmom/evaluation/__pycache__/beats.cpython-310.pyc
/home/ubuntu/ros2_ws/src/go_pupper_srv/go_pupper_srv/install/madmom/lib/python3.10/site-packages/madmom/evaluation/__pycache__/tempo.cpython-310.pyc
/home/ubuntu/ros2_ws/src/go_pupper_srv/go_pupper_srv/install/madmom/lib/python3.10/site-packages/madmom/evaluation/__pycache__/chords.cpython-310.pyc
/home/ubuntu/ros2_ws/src/go_pupper_srv/go_pupper_srv/install/madmom/lib/python3.10/site-packages/madmom/evaluation/__pycache__/notes.cpython-310.pyc
/home/ubuntu/ros2_ws/src/go_pupper_srv/go_pupper_srv/install/madmom/lib/python3.10/site-packages/madmom/evaluation/__pycache__/onsets.cpython-310.pyc
/home/ubuntu/ros2_ws/src/go_pupper_srv/go_pupper_srv/install/madmom/lib/python3.10/site-packages/madmom/models/__pycache__/__init__.cpython-310.pyc
/home/ubuntu/ros2_ws/src/go_pupper_srv/go_pupper_srv/install/madmom/lib/python3.10/site-packages/madmom/audio/__pycache__/__init__.cpython-310.pyc
/home/ubuntu/ros2_ws/src/go_pupper_srv/go_pupper_srv/install/madmom/lib/python3.10/site-packages/madmom/audio/__pycache__/stft.cpython-310.pyc
/home/ubuntu/ros2_ws/src/go_pupper_srv/go_pupper_srv/install/madmom/lib/python3.10/site-packages/madmom/audio/__pycache__/signal.cpython-310.pyc
/home/ubuntu/ros2_ws/src/go_pupper_srv/go_pupper_srv/install/madmom/lib/python3.10/site-packages/madmom/audio/__pycache__/spectrogram.cpython-310.pyc
/home/ubuntu/ros2_ws/src/go_pupper_srv/go_pupper_srv/install/madmom/lib/python3.10/site-packages/madmom/audio/__pycache__/chroma.cpython-310.pyc
/home/ubuntu/ros2_ws/src/go_pupper_srv/go_pupper_srv/install/madmom/lib/python3.10/site-packages/madmom/audio/__pycache__/filters.cpython-310.pyc
/home/ubuntu/ros2_ws/src/go_pupper_srv/go_pupper_srv/install/madmom/lib/python3.10/site-packages/madmom/audio/__pycache__/cepstrogram.cpython-310.pyc
/home/ubuntu/ros2_ws/src/go_pupper_srv/go_pupper_srv/install/madmom/lib/python3.10/site-packages/madmom/audio/__pycache__/hpss.cpython-310.pyc
/home/ubuntu/ros2_ws/src/go_pupper_srv/go_pupper_srv/install/madmom/lib/python3.10/site-packages/madmom/io/__pycache__/__init__.cpython-310.pyc
/home/ubuntu/ros2_ws/src/go_pupper_srv/go_pupper_srv/install/madmom/lib/python3.10/site-packages/madmom/io/__pycache__/audio.cpython-310.pyc
/home/ubuntu/ros2_ws/src/go_pupper_srv/go_pupper_srv/install/madmom/lib/python3.10/site-packages/madmom/io/__pycache__/midi.cpython-310.pyc
/home/ubuntu/ros2_ws/src/go_pupper_srv/go_pupper_srv/install/madmom/lib/python3.10/site-packages/madmom/ml/nn/__pycache__/__init__.cpython-310.pyc
/home/ubuntu/ros2_ws/src/go_pupper_srv/go_pupper_srv/install/madmom/lib/python3.10/site-packages/madmom/ml/nn/__pycache__/layers.cpython-310.pyc
/home/ubuntu/ros2_ws/src/go_pupper_srv/go_pupper_srv/install/madmom/lib/python3.10/site-packages/madmom/ml/nn/__pycache__/activations.cpython-310.pyc
/home/ubuntu/ros2_ws/src/go_pupper_srv/go_pupper_srv/install/madmom/lib/python3.10/site-packages/madmom/audio/comb_filters.cpython-310-aarch64-linux-gnu.so
/home/ubuntu/ros2_ws/src/go_pupper_srv/go_pupper_srv/install/madmom/lib/python3.10/site-packages/madmom/features/beats_crf.cpython-310-aarch64-linux-gnu.so
/home/ubuntu/ros2_ws/src/go_pupper_srv/go_pupper_srv/install/madmom/lib/python3.10/site-packages/madmom/ml/hmm.cpython-310-aarch64-linux-gnu.so
/home/ubuntu/ros2_ws/src/go_pupper_srv/go_pupper_srv/install/madmom/lib/python3.10/site-packages/madmom/ml/nn/layers.cpython-310-aarch64-linux-gnu.so
/home/ubuntu/ros2_ws/src/go_pupper_srv/go_pupper_srv/install/madmom/lib/python3.10/site-packages/madmom-0.17.dev0-py3.10.egg-info/SOURCES.txt
/home/ubuntu/ros2_ws/src/go_pupper_srv/go_pupper_srv/install/madmom/lib/python3.10/site-packages/madmom-0.17.dev0-py3.10.egg-info/dependency_links.txt
/home/ubuntu/ros2_ws/src/go_pupper_srv/go_pupper_srv/install/madmom/lib/python3.10/site-packages/madmom-0.17.dev0-py3.10.egg-info/PKG-INFO
/home/ubuntu/ros2_ws/src/go_pupper_srv/go_pupper_srv/install/madmom/lib/python3.10/site-packages/madmom-0.17.dev0-py3.10.egg-info/requires.txt
/home/ubuntu/ros2_ws/src/go_pupper_srv/go_pupper_srv/install/madmom/lib/python3.10/site-packages/madmom-0.17.dev0-py3.10.egg-info/top_level.txt
/home/ubuntu/ros2_ws/src/go_pupper_srv/go_pupper_srv/install/madmom/bin/DCChordRecognition
/home/ubuntu/ros2_ws/src/go_pupper_srv/go_pupper_srv/install/madmom/bin/TCNBeatTracker
/home/ubuntu/ros2_ws/src/go_pupper_srv/go_pupper_srv/install/madmom/bin/BeatTracker
/home/ubuntu/ros2_ws/src/go_pupper_srv/go_pupper_srv/install/madmom/bin/CRFBeatDetector
/home/ubuntu/ros2_ws/src/go_pupper_srv/go_pupper_srv/install/madmom/bin/MMBeatTracker
/home/ubuntu/ros2_ws/src/go_pupper_srv/go_pupper_srv/install/madmom/bin/DBNDownBeatTracker
/home/ubuntu/ros2_ws/src/go_pupper_srv/go_pupper_srv/install/madmom/bin/SpectralOnsetDetection
/home/ubuntu/ros2_ws/src/go_pupper_srv/go_pupper_srv/install/madmom/bin/LogFiltSpecFlux
/home/ubuntu/ros2_ws/src/go_pupper_srv/go_pupper_srv/install/madmom/bin/PickleProcessor
/home/ubuntu/ros2_ws/src/go_pupper_srv/go_pupper_srv/install/madmom/bin/GMMPatternTracker
/home/ubuntu/ros2_ws/src/go_pupper_srv/go_pupper_srv/install/madmom/bin/KeyRecognition
/home/ubuntu/ros2_ws/src/go_pupper_srv/go_pupper_srv/install/madmom/bin/OnsetDetector
/home/ubuntu/ros2_ws/src/go_pupper_srv/go_pupper_srv/install/madmom/bin/TempoDetector
/home/ubuntu/ros2_ws/src/go_pupper_srv/go_pupper_srv/install/madmom/bin/OnsetDetectorLL
/home/ubuntu/ros2_ws/src/go_pupper_srv/go_pupper_srv/install/madmom/bin/evaluate
/home/ubuntu/ros2_ws/src/go_pupper_srv/go_pupper_srv/install/madmom/bin/CNNOnsetDetector
/home/ubuntu/ros2_ws/src/go_pupper_srv/go_pupper_srv/install/madmom/bin/DBNBeatTracker
/home/ubuntu/ros2_ws/src/go_pupper_srv/go_pupper_srv/install/madmom/bin/TCNTempoDetector
/home/ubuntu/ros2_ws/src/go_pupper_srv/go_pupper_srv/install/madmom/bin/PianoTranscriptor
/home/ubuntu/ros2_ws/src/go_pupper_srv/go_pupper_srv/install/madmom/bin/ComplexFlux
/home/ubuntu/ros2_ws/src/go_pupper_srv/go_pupper_srv/install/madmom/bin/CNNChordRecognition
/home/ubuntu/ros2_ws/src/go_pupper_srv/go_pupper_srv/install/madmom/bin/BarTracker
/home/ubuntu/ros2_ws/src/go_pupper_srv/go_pupper_srv/install/madmom/bin/SuperFlux
/home/ubuntu/ros2_ws/src/go_pupper_srv/go_pupper_srv/install/madmom/bin/BeatDetector
/home/ubuntu/ros2_ws/src/go_pupper_srv/go_pupper_srv/install/madmom/bin/SuperFluxNN
