[0.192s] Invoking command in '/home/ubuntu/ros2_ws/build/champ_teleop': CMAKE_PREFIX_PATH=${CMAKE_PREFIX_PATH}:/home/ubuntu/ros2_ws/install/go_pupper_srv:/home/ubuntu/ros2_ws/install/mini_pupper_music:/home/ubuntu/ros2_ws/install/mini_pupper_dance:/home/ubuntu/ros2_ws/install/mini_pupper_driver:/opt/ros/humble /usr/bin/cmake --build /home/ubuntu/ros2_ws/build/champ_teleop -- -j4 -l4
[0.862s] Invoked command in '/home/ubuntu/ros2_ws/build/champ_teleop' returned '0': CMAKE_PREFIX_PATH=${CMAKE_PREFIX_PATH}:/home/ubuntu/ros2_ws/install/go_pupper_srv:/home/ubuntu/ros2_ws/install/mini_pupper_music:/home/ubuntu/ros2_ws/install/mini_pupper_dance:/home/ubuntu/ros2_ws/install/mini_pupper_driver:/opt/ros/humble /usr/bin/cmake --build /home/ubuntu/ros2_ws/build/champ_teleop -- -j4 -l4
[1.168s] Invoking command in '/home/ubuntu/ros2_ws/build/champ_teleop': CMAKE_PREFIX_PATH=${CMAKE_PREFIX_PATH}:/home/ubuntu/ros2_ws/install/go_pupper_srv:/home/ubuntu/ros2_ws/install/mini_pupper_music:/home/ubuntu/ros2_ws/install/mini_pupper_dance:/home/ubuntu/ros2_ws/install/mini_pupper_driver:/opt/ros/humble /usr/bin/cmake --install /home/ubuntu/ros2_ws/build/champ_teleop
[1.245s] -- Install configuration: ""
[1.251s] -- Execute custom install script
[1.259s] -- Up-to-date symlink: /home/ubuntu/ros2_ws/install/champ_teleop/share/champ_teleop/launch/teleop.launch.py
[1.260s] -- Up-to-date symlink: /home/ubuntu/ros2_ws/install/champ_teleop/lib/champ_teleop/champ_teleop.py
[1.263s] -- Up-to-date symlink: /home/ubuntu/ros2_ws/install/champ_teleop/share/ament_index/resource_index/package_run_dependencies/champ_teleop
[1.267s] -- Up-to-date symlink: /home/ubuntu/ros2_ws/install/champ_teleop/share/ament_index/resource_index/parent_prefix_path/champ_teleop
[1.270s] -- Up-to-date symlink: /home/ubuntu/ros2_ws/install/champ_teleop/share/champ_teleop/environment/ament_prefix_path.sh
[1.273s] -- Up-to-date symlink: /home/ubuntu/ros2_ws/install/champ_teleop/share/champ_teleop/environment/ament_prefix_path.dsv
[1.276s] -- Up-to-date symlink: /home/ubuntu/ros2_ws/install/champ_teleop/share/champ_teleop/environment/path.sh
[1.278s] -- Up-to-date symlink: /home/ubuntu/ros2_ws/install/champ_teleop/share/champ_teleop/environment/path.dsv
[1.281s] -- Up-to-date symlink: /home/ubuntu/ros2_ws/install/champ_teleop/share/champ_teleop/local_setup.bash
[1.285s] -- Up-to-date symlink: /home/ubuntu/ros2_ws/install/champ_teleop/share/champ_teleop/local_setup.sh
[1.293s] -- Up-to-date symlink: /home/ubuntu/ros2_ws/install/champ_teleop/share/champ_teleop/local_setup.zsh
[1.294s] -- Up-to-date symlink: /home/ubuntu/ros2_ws/install/champ_teleop/share/champ_teleop/local_setup.dsv
[1.294s] -- Symlinking: /home/ubuntu/ros2_ws/install/champ_teleop/share/champ_teleop/package.dsv
[1.387s] -- Up-to-date symlink: /home/ubuntu/ros2_ws/install/champ_teleop/share/ament_index/resource_index/packages/champ_teleop
[1.389s] -- Up-to-date symlink: /home/ubuntu/ros2_ws/install/champ_teleop/share/champ_teleop/cmake/champ_teleopConfig.cmake
[1.390s] -- Up-to-date symlink: /home/ubuntu/ros2_ws/install/champ_teleop/share/champ_teleop/cmake/champ_teleopConfig-version.cmake
[1.391s] -- Up-to-date symlink: /home/ubuntu/ros2_ws/install/champ_teleop/share/champ_teleop/package.xml
[1.409s] Invoked command in '/home/ubuntu/ros2_ws/build/champ_teleop' returned '0': CMAKE_PREFIX_PATH=${CMAKE_PREFIX_PATH}:/home/ubuntu/ros2_ws/install/go_pupper_srv:/home/ubuntu/ros2_ws/install/mini_pupper_music:/home/ubuntu/ros2_ws/install/mini_pupper_dance:/home/ubuntu/ros2_ws/install/mini_pupper_driver:/opt/ros/humble /usr/bin/cmake --install /home/ubuntu/ros2_ws/build/champ_teleop
