[0.209s] Invoking command in '/home/ubuntu/ros2_ws/build/champ_base': CMAKE_PREFIX_PATH=/home/ubuntu/ros2_ws/install/champ_msgs:/home/ubuntu/ros2_ws/install/champ:/home/ubuntu/ros2_ws/install/pupper_interfaces:/home/ubuntu/ros2_ws/install/mini_pupper_interfaces:/home/ubuntu/ros2_ws/install/mini_pupper_description:/home/ubuntu/ros2_ws/install/mini_pupper_bringup:/home/ubuntu/ros2_ws/install/mini_pupper_2_description:/home/ubuntu/ros2_ws/install/ldlidar_stl_ros2:/home/ubuntu/ros2_ws/install/champ_teleop:/home/ubuntu/ros2_ws/install/champ_bringup:/home/ubuntu/ros2_ws/install/champ_base:/home/ubuntu/ros2_ws/install/champ_description:/home/ubuntu/ros2_ws/install/champ_config:/home/ubuntu/ros2_ws/install/go_pupper_srv:/home/ubuntu/ros2_ws/install/mini_pupper_music:/home/ubuntu/ros2_ws/install/mini_pupper_dance:/home/ubuntu/ros2_ws/install/mini_pupper_driver:/opt/ros/humble LD_LIBRARY_PATH=/home/ubuntu/ros2_ws/install/champ_msgs/lib:/home/ubuntu/ros2_ws/install/pupper_interfaces/lib:/home/ubuntu/ros2_ws/install/mini_pupper_interfaces/lib:/home/ubuntu/ros2_ws/install/champ_base/lib:/opt/ros/humble/opt/rviz_ogre_vendor/lib:/opt/ros/humble/lib/aarch64-linux-gnu:/opt/ros/humble/lib /usr/bin/cmake --build /home/ubuntu/ros2_ws/build/champ_base -- -j4 -l4
[3.196s] [ 16%] Built target quadruped_controller
[3.197s] [ 33%] Built target message_relay
[3.198s] [ 50%] Built target state_estimation
[3.198s] [ 66%] Built target quadruped_controller_node
[3.199s] [ 83%] Built target message_relay_node
[3.215s] [100%] Built target state_estimation_node
[3.218s] Invoked command in '/home/ubuntu/ros2_ws/build/champ_base' returned '0': CMAKE_PREFIX_PATH=/home/ubuntu/ros2_ws/install/champ_msgs:/home/ubuntu/ros2_ws/install/champ:/home/ubuntu/ros2_ws/install/pupper_interfaces:/home/ubuntu/ros2_ws/install/mini_pupper_interfaces:/home/ubuntu/ros2_ws/install/mini_pupper_description:/home/ubuntu/ros2_ws/install/mini_pupper_bringup:/home/ubuntu/ros2_ws/install/mini_pupper_2_description:/home/ubuntu/ros2_ws/install/ldlidar_stl_ros2:/home/ubuntu/ros2_ws/install/champ_teleop:/home/ubuntu/ros2_ws/install/champ_bringup:/home/ubuntu/ros2_ws/install/champ_base:/home/ubuntu/ros2_ws/install/champ_description:/home/ubuntu/ros2_ws/install/champ_config:/home/ubuntu/ros2_ws/install/go_pupper_srv:/home/ubuntu/ros2_ws/install/mini_pupper_music:/home/ubuntu/ros2_ws/install/mini_pupper_dance:/home/ubuntu/ros2_ws/install/mini_pupper_driver:/opt/ros/humble LD_LIBRARY_PATH=/home/ubuntu/ros2_ws/install/champ_msgs/lib:/home/ubuntu/ros2_ws/install/pupper_interfaces/lib:/home/ubuntu/ros2_ws/install/mini_pupper_interfaces/lib:/home/ubuntu/ros2_ws/install/champ_base/lib:/opt/ros/humble/opt/rviz_ogre_vendor/lib:/opt/ros/humble/lib/aarch64-linux-gnu:/opt/ros/humble/lib /usr/bin/cmake --build /home/ubuntu/ros2_ws/build/champ_base -- -j4 -l4
[6.884s] Invoking command in '/home/ubuntu/ros2_ws/build/champ_base': CMAKE_PREFIX_PATH=/home/ubuntu/ros2_ws/install/champ_msgs:/home/ubuntu/ros2_ws/install/champ:/home/ubuntu/ros2_ws/install/pupper_interfaces:/home/ubuntu/ros2_ws/install/mini_pupper_interfaces:/home/ubuntu/ros2_ws/install/mini_pupper_description:/home/ubuntu/ros2_ws/install/mini_pupper_bringup:/home/ubuntu/ros2_ws/install/mini_pupper_2_description:/home/ubuntu/ros2_ws/install/ldlidar_stl_ros2:/home/ubuntu/ros2_ws/install/champ_teleop:/home/ubuntu/ros2_ws/install/champ_bringup:/home/ubuntu/ros2_ws/install/champ_base:/home/ubuntu/ros2_ws/install/champ_description:/home/ubuntu/ros2_ws/install/champ_config:/home/ubuntu/ros2_ws/install/go_pupper_srv:/home/ubuntu/ros2_ws/install/mini_pupper_music:/home/ubuntu/ros2_ws/install/mini_pupper_dance:/home/ubuntu/ros2_ws/install/mini_pupper_driver:/opt/ros/humble LD_LIBRARY_PATH=/home/ubuntu/ros2_ws/install/champ_msgs/lib:/home/ubuntu/ros2_ws/install/pupper_interfaces/lib:/home/ubuntu/ros2_ws/install/mini_pupper_interfaces/lib:/home/ubuntu/ros2_ws/install/champ_base/lib:/opt/ros/humble/opt/rviz_ogre_vendor/lib:/opt/ros/humble/lib/aarch64-linux-gnu:/opt/ros/humble/lib /usr/bin/cmake --install /home/ubuntu/ros2_ws/build/champ_base
[6.995s] -- Install configuration: ""
[7.000s] -- Execute custom install script
[7.005s] -- Up-to-date symlink: /home/ubuntu/ros2_ws/install/champ_base/share/champ_base/config/ekf/base_to_footprint.yaml
[7.007s] -- Up-to-date symlink: /home/ubuntu/ros2_ws/install/champ_base/share/champ_base/config/ekf/footprint_to_odom.yaml
[7.009s] -- Up-to-date symlink: /home/ubuntu/ros2_ws/install/champ_base/share/champ_base/config/velocity_smoother/velocity_smoother.yaml
[7.012s] -- Up-to-date symlink: /home/ubuntu/ros2_ws/install/champ_base/lib/libquadruped_controller.so
[7.014s] -- Up-to-date symlink: /home/ubuntu/ros2_ws/install/champ_base/bin/quadruped_controller_node
[7.018s] -- Up-to-date symlink: /home/ubuntu/ros2_ws/install/champ_base/lib/libmessage_relay.so
[7.025s] -- Up-to-date symlink: /home/ubuntu/ros2_ws/install/champ_base/bin/message_relay_node
[7.029s] -- Up-to-date symlink: /home/ubuntu/ros2_ws/install/champ_base/lib/libstate_estimation.so
[7.029s] -- Up-to-date symlink: /home/ubuntu/ros2_ws/install/champ_base/bin/state_estimation_node
[7.036s] -- Up-to-date symlink: /home/ubuntu/ros2_ws/install/champ_base/lib/champ_base/quadruped_controller_node
[7.037s] -- Up-to-date symlink: /home/ubuntu/ros2_ws/install/champ_base/lib/champ_base/message_relay_node
[7.038s] -- Up-to-date symlink: /home/ubuntu/ros2_ws/install/champ_base/lib/champ_base/state_estimation_node
[7.039s] -- Up-to-date symlink: /home/ubuntu/ros2_ws/install/champ_base/share/ament_index/resource_index/package_run_dependencies/champ_base
[7.042s] -- Up-to-date symlink: /home/ubuntu/ros2_ws/install/champ_base/share/ament_index/resource_index/parent_prefix_path/champ_base
[7.044s] -- Up-to-date symlink: /home/ubuntu/ros2_ws/install/champ_base/share/champ_base/environment/ament_prefix_path.sh
[7.047s] -- Up-to-date symlink: /home/ubuntu/ros2_ws/install/champ_base/share/champ_base/environment/ament_prefix_path.dsv
[7.049s] -- Up-to-date symlink: /home/ubuntu/ros2_ws/install/champ_base/share/champ_base/environment/path.sh
[7.052s] -- Up-to-date symlink: /home/ubuntu/ros2_ws/install/champ_base/share/champ_base/environment/path.dsv
[7.054s] -- Up-to-date symlink: /home/ubuntu/ros2_ws/install/champ_base/share/champ_base/local_setup.bash
[7.056s] -- Up-to-date symlink: /home/ubuntu/ros2_ws/install/champ_base/share/champ_base/local_setup.sh
[7.059s] -- Up-to-date symlink: /home/ubuntu/ros2_ws/install/champ_base/share/champ_base/local_setup.zsh
[7.066s] -- Up-to-date symlink: /home/ubuntu/ros2_ws/install/champ_base/share/champ_base/local_setup.dsv
[7.070s] -- Symlinking: /home/ubuntu/ros2_ws/install/champ_base/share/champ_base/package.dsv
[7.237s] -- Up-to-date symlink: /home/ubuntu/ros2_ws/install/champ_base/share/ament_index/resource_index/packages/champ_base
[7.239s] -- Up-to-date symlink: /home/ubuntu/ros2_ws/install/champ_base/share/champ_base/cmake/ament_cmake_export_include_directories-extras.cmake
[7.240s] -- Up-to-date symlink: /home/ubuntu/ros2_ws/install/champ_base/share/champ_base/cmake/ament_cmake_export_dependencies-extras.cmake
[7.241s] -- Up-to-date symlink: /home/ubuntu/ros2_ws/install/champ_base/share/champ_base/cmake/champ_baseConfig.cmake
[7.242s] -- Up-to-date symlink: /home/ubuntu/ros2_ws/install/champ_base/share/champ_base/cmake/champ_baseConfig-version.cmake
[7.244s] -- Up-to-date symlink: /home/ubuntu/ros2_ws/install/champ_base/share/champ_base/package.xml
[7.260s] Invoked command in '/home/ubuntu/ros2_ws/build/champ_base' returned '0': CMAKE_PREFIX_PATH=/home/ubuntu/ros2_ws/install/champ_msgs:/home/ubuntu/ros2_ws/install/champ:/home/ubuntu/ros2_ws/install/pupper_interfaces:/home/ubuntu/ros2_ws/install/mini_pupper_interfaces:/home/ubuntu/ros2_ws/install/mini_pupper_description:/home/ubuntu/ros2_ws/install/mini_pupper_bringup:/home/ubuntu/ros2_ws/install/mini_pupper_2_description:/home/ubuntu/ros2_ws/install/ldlidar_stl_ros2:/home/ubuntu/ros2_ws/install/champ_teleop:/home/ubuntu/ros2_ws/install/champ_bringup:/home/ubuntu/ros2_ws/install/champ_base:/home/ubuntu/ros2_ws/install/champ_description:/home/ubuntu/ros2_ws/install/champ_config:/home/ubuntu/ros2_ws/install/go_pupper_srv:/home/ubuntu/ros2_ws/install/mini_pupper_music:/home/ubuntu/ros2_ws/install/mini_pupper_dance:/home/ubuntu/ros2_ws/install/mini_pupper_driver:/opt/ros/humble LD_LIBRARY_PATH=/home/ubuntu/ros2_ws/install/champ_msgs/lib:/home/ubuntu/ros2_ws/install/pupper_interfaces/lib:/home/ubuntu/ros2_ws/install/mini_pupper_interfaces/lib:/home/ubuntu/ros2_ws/install/champ_base/lib:/opt/ros/humble/opt/rviz_ogre_vendor/lib:/opt/ros/humble/lib/aarch64-linux-gnu:/opt/ros/humble/lib /usr/bin/cmake --install /home/ubuntu/ros2_ws/build/champ_base
