[0.046s] Invoking command in '/home/ubuntu/ros2_ws/build/mini_pupper_bringup': AMENT_PREFIX_PATH=/home/ubuntu/ros2_ws/install/champ_base:/home/ubuntu/ros2_ws/install/champ_msgs:/home/ubuntu/ros2_ws/install/champ:${AMENT_PREFIX_PATH} CMAKE_PREFIX_PATH=/home/ubuntu/ros2_ws/install/champ_base:/home/ubuntu/ros2_ws/install/champ_msgs:/home/ubuntu/ros2_ws/install/champ:/opt/ros/humble LD_LIBRARY_PATH=/home/ubuntu/ros2_ws/install/champ_base/lib:/home/ubuntu/ros2_ws/install/champ_msgs/lib:${LD_LIBRARY_PATH} PATH=/home/ubuntu/ros2_ws/install/champ_base/bin:${PATH} PYTHONPATH=/home/ubuntu/ros2_ws/install/champ_msgs/local/lib/python3.10/dist-packages:${PYTHONPATH} /usr/bin/cmake /home/ubuntu/ros2_ws/src/mini_pupper_ros/mini_pupper_bringup -DAMENT_CMAKE_SYMLINK_INSTALL=1 -DCMAKE_INSTALL_PREFIX=/home/ubuntu/ros2_ws/install/mini_pupper_bringup
[0.279s] -- The C compiler identification is GNU 11.4.0
[0.513s] -- The CXX compiler identification is GNU 11.4.0
[0.539s] -- Detecting C compiler ABI info
[0.829s] -- Detecting C compiler ABI info - done
[0.852s] -- Check for working C compiler: /usr/bin/cc - skipped
[0.853s] -- Detecting C compile features
[0.855s] -- Detecting C compile features - done
[0.868s] -- Detecting CXX compiler ABI info
[1.192s] -- Detecting CXX compiler ABI info - done
[1.217s] -- Check for working CXX compiler: /usr/bin/c++ - skipped
[1.217s] -- Detecting CXX compile features
[1.219s] -- Detecting CXX compile features - done
[1.244s] -- Found ament_cmake: 1.3.8 (/opt/ros/humble/share/ament_cmake/cmake)
[1.956s] -- Found Python3: /usr/bin/python3 (found version "3.10.12") found components: Interpreter 
[2.225s] -- Override CMake install command with custom implementation using symlinks instead of copying resources
[2.519s] -- Found ament_lint_auto: 0.12.10 (/opt/ros/humble/share/ament_lint_auto/cmake)
[2.986s] -- Added test 'copyright' to check source files copyright and LICENSE
[2.996s] -- Added test 'flake8' to check Python code syntax and style conventions
[2.999s] -- Added test 'lint_cmake' to check CMake code style
[3.002s] -- Added test 'pep257' to check Python code against some of the docstring style conventions in PEP 257
[3.008s] -- Added test 'xmllint' to check XML markup files
[3.016s] -- Configuring done
[3.035s] -- Generating done
[3.039s] -- Build files have been written to: /home/ubuntu/ros2_ws/build/mini_pupper_bringup
[3.054s] Invoked command in '/home/ubuntu/ros2_ws/build/mini_pupper_bringup' returned '0': AMENT_PREFIX_PATH=/home/ubuntu/ros2_ws/install/champ_base:/home/ubuntu/ros2_ws/install/champ_msgs:/home/ubuntu/ros2_ws/install/champ:${AMENT_PREFIX_PATH} CMAKE_PREFIX_PATH=/home/ubuntu/ros2_ws/install/champ_base:/home/ubuntu/ros2_ws/install/champ_msgs:/home/ubuntu/ros2_ws/install/champ:/opt/ros/humble LD_LIBRARY_PATH=/home/ubuntu/ros2_ws/install/champ_base/lib:/home/ubuntu/ros2_ws/install/champ_msgs/lib:${LD_LIBRARY_PATH} PATH=/home/ubuntu/ros2_ws/install/champ_base/bin:${PATH} PYTHONPATH=/home/ubuntu/ros2_ws/install/champ_msgs/local/lib/python3.10/dist-packages:${PYTHONPATH} /usr/bin/cmake /home/ubuntu/ros2_ws/src/mini_pupper_ros/mini_pupper_bringup -DAMENT_CMAKE_SYMLINK_INSTALL=1 -DCMAKE_INSTALL_PREFIX=/home/ubuntu/ros2_ws/install/mini_pupper_bringup
[3.061s] Invoking command in '/home/ubuntu/ros2_ws/build/mini_pupper_bringup': AMENT_PREFIX_PATH=/home/ubuntu/ros2_ws/install/champ_base:/home/ubuntu/ros2_ws/install/champ_msgs:/home/ubuntu/ros2_ws/install/champ:${AMENT_PREFIX_PATH} CMAKE_PREFIX_PATH=/home/ubuntu/ros2_ws/install/champ_base:/home/ubuntu/ros2_ws/install/champ_msgs:/home/ubuntu/ros2_ws/install/champ:/opt/ros/humble LD_LIBRARY_PATH=/home/ubuntu/ros2_ws/install/champ_base/lib:/home/ubuntu/ros2_ws/install/champ_msgs/lib:${LD_LIBRARY_PATH} PATH=/home/ubuntu/ros2_ws/install/champ_base/bin:${PATH} PYTHONPATH=/home/ubuntu/ros2_ws/install/champ_msgs/local/lib/python3.10/dist-packages:${PYTHONPATH} /usr/bin/cmake --build /home/ubuntu/ros2_ws/build/mini_pupper_bringup
[3.202s] Invoked command in '/home/ubuntu/ros2_ws/build/mini_pupper_bringup' returned '0': AMENT_PREFIX_PATH=/home/ubuntu/ros2_ws/install/champ_base:/home/ubuntu/ros2_ws/install/champ_msgs:/home/ubuntu/ros2_ws/install/champ:${AMENT_PREFIX_PATH} CMAKE_PREFIX_PATH=/home/ubuntu/ros2_ws/install/champ_base:/home/ubuntu/ros2_ws/install/champ_msgs:/home/ubuntu/ros2_ws/install/champ:/opt/ros/humble LD_LIBRARY_PATH=/home/ubuntu/ros2_ws/install/champ_base/lib:/home/ubuntu/ros2_ws/install/champ_msgs/lib:${LD_LIBRARY_PATH} PATH=/home/ubuntu/ros2_ws/install/champ_base/bin:${PATH} PYTHONPATH=/home/ubuntu/ros2_ws/install/champ_msgs/local/lib/python3.10/dist-packages:${PYTHONPATH} /usr/bin/cmake --build /home/ubuntu/ros2_ws/build/mini_pupper_bringup
[3.294s] Invoking command in '/home/ubuntu/ros2_ws/build/mini_pupper_bringup': AMENT_PREFIX_PATH=/home/ubuntu/ros2_ws/install/champ_base:/home/ubuntu/ros2_ws/install/champ_msgs:/home/ubuntu/ros2_ws/install/champ:${AMENT_PREFIX_PATH} CMAKE_PREFIX_PATH=/home/ubuntu/ros2_ws/install/champ_base:/home/ubuntu/ros2_ws/install/champ_msgs:/home/ubuntu/ros2_ws/install/champ:/opt/ros/humble LD_LIBRARY_PATH=/home/ubuntu/ros2_ws/install/champ_base/lib:/home/ubuntu/ros2_ws/install/champ_msgs/lib:${LD_LIBRARY_PATH} PATH=/home/ubuntu/ros2_ws/install/champ_base/bin:${PATH} PYTHONPATH=/home/ubuntu/ros2_ws/install/champ_msgs/local/lib/python3.10/dist-packages:${PYTHONPATH} /usr/bin/cmake --install /home/ubuntu/ros2_ws/build/mini_pupper_bringup
[3.319s] -- Install configuration: ""
[3.321s] -- Execute custom install script
[3.323s] -- Symlinking: /home/ubuntu/ros2_ws/install/mini_pupper_bringup/share/mini_pupper_bringup/launch/bringup.launch.py
[3.355s] -- Symlinking: /home/ubuntu/ros2_ws/install/mini_pupper_bringup/share/mini_pupper_bringup/launch/lidar.launch.py
[3.387s] -- Symlinking: /home/ubuntu/ros2_ws/install/mini_pupper_bringup/share/ament_index/resource_index/package_run_dependencies/mini_pupper_bringup
[3.418s] -- Symlinking: /home/ubuntu/ros2_ws/install/mini_pupper_bringup/share/ament_index/resource_index/parent_prefix_path/mini_pupper_bringup
[3.450s] -- Symlinking: /home/ubuntu/ros2_ws/install/mini_pupper_bringup/share/mini_pupper_bringup/environment/ament_prefix_path.sh
[3.482s] -- Symlinking: /home/ubuntu/ros2_ws/install/mini_pupper_bringup/share/mini_pupper_bringup/environment/ament_prefix_path.dsv
[3.513s] -- Symlinking: /home/ubuntu/ros2_ws/install/mini_pupper_bringup/share/mini_pupper_bringup/environment/path.sh
[3.545s] -- Symlinking: /home/ubuntu/ros2_ws/install/mini_pupper_bringup/share/mini_pupper_bringup/environment/path.dsv
[3.576s] -- Symlinking: /home/ubuntu/ros2_ws/install/mini_pupper_bringup/share/mini_pupper_bringup/local_setup.bash
[3.608s] -- Symlinking: /home/ubuntu/ros2_ws/install/mini_pupper_bringup/share/mini_pupper_bringup/local_setup.sh
[3.640s] -- Symlinking: /home/ubuntu/ros2_ws/install/mini_pupper_bringup/share/mini_pupper_bringup/local_setup.zsh
[3.671s] -- Symlinking: /home/ubuntu/ros2_ws/install/mini_pupper_bringup/share/mini_pupper_bringup/local_setup.dsv
[3.702s] -- Symlinking: /home/ubuntu/ros2_ws/install/mini_pupper_bringup/share/mini_pupper_bringup/package.dsv
[3.733s] -- Symlinking: /home/ubuntu/ros2_ws/install/mini_pupper_bringup/share/ament_index/resource_index/packages/mini_pupper_bringup
[3.766s] -- Symlinking: /home/ubuntu/ros2_ws/install/mini_pupper_bringup/share/mini_pupper_bringup/cmake/mini_pupper_bringupConfig.cmake
[3.797s] -- Symlinking: /home/ubuntu/ros2_ws/install/mini_pupper_bringup/share/mini_pupper_bringup/cmake/mini_pupper_bringupConfig-version.cmake
[3.828s] -- Symlinking: /home/ubuntu/ros2_ws/install/mini_pupper_bringup/share/mini_pupper_bringup/package.xml
[3.865s] Invoked command in '/home/ubuntu/ros2_ws/build/mini_pupper_bringup' returned '0': AMENT_PREFIX_PATH=/home/ubuntu/ros2_ws/install/champ_base:/home/ubuntu/ros2_ws/install/champ_msgs:/home/ubuntu/ros2_ws/install/champ:${AMENT_PREFIX_PATH} CMAKE_PREFIX_PATH=/home/ubuntu/ros2_ws/install/champ_base:/home/ubuntu/ros2_ws/install/champ_msgs:/home/ubuntu/ros2_ws/install/champ:/opt/ros/humble LD_LIBRARY_PATH=/home/ubuntu/ros2_ws/install/champ_base/lib:/home/ubuntu/ros2_ws/install/champ_msgs/lib:${LD_LIBRARY_PATH} PATH=/home/ubuntu/ros2_ws/install/champ_base/bin:${PATH} PYTHONPATH=/home/ubuntu/ros2_ws/install/champ_msgs/local/lib/python3.10/dist-packages:${PYTHONPATH} /usr/bin/cmake --install /home/ubuntu/ros2_ws/build/mini_pupper_bringup
