[0.224s] Invoking command in '/home/ubuntu/ros2_ws/build/mini_pupper_interfaces': CMAKE_PREFIX_PATH=${CMAKE_PREFIX_PATH}:/home/ubuntu/ros2_ws/install/go_pupper_srv:/home/ubuntu/ros2_ws/install/mini_pupper_music:/home/ubuntu/ros2_ws/install/mini_pupper_dance:/home/ubuntu/ros2_ws/install/mini_pupper_driver:/opt/ros/humble /usr/bin/cmake --build /home/ubuntu/ros2_ws/build/mini_pupper_interfaces -- -j4 -l4
[0.966s] [  2%] Built target mini_pupper_interfaces__cpp
[1.007s] [ 12%] Built target mini_pupper_interfaces__rosidl_generator_c
[1.303s] [ 12%] Built target ament_cmake_python_symlink_mini_pupper_interfaces
[1.645s] [ 23%] Built target mini_pupper_interfaces__rosidl_typesupport_introspection_c
[1.666s] [ 34%] Built target mini_pupper_interfaces__rosidl_typesupport_cpp
[1.750s] [ 44%] Built target mini_pupper_interfaces__rosidl_typesupport_fastrtps_cpp
[1.854s] [ 55%] Built target mini_pupper_interfaces__rosidl_typesupport_c
[2.219s] [ 65%] Built target mini_pupper_interfaces__rosidl_typesupport_fastrtps_c
[2.235s] [ 76%] Built target mini_pupper_interfaces__rosidl_typesupport_introspection_cpp
[2.706s] [ 76%] Built target mini_pupper_interfaces
[3.145s] [ 78%] Built target mini_pupper_interfaces__py
[3.652s] [ 87%] Built target mini_pupper_interfaces__rosidl_generator_py
[4.081s] [ 91%] Built target mini_pupper_interfaces__rosidl_typesupport_c__pyext
[4.102s] [ 95%] Built target mini_pupper_interfaces__rosidl_typesupport_introspection_c__pyext
[4.139s] [100%] Built target mini_pupper_interfaces__rosidl_typesupport_fastrtps_c__pyext
[6.947s] running egg_info
[7.227s] writing mini_pupper_interfaces.egg-info/PKG-INFO
[7.231s] writing dependency_links to mini_pupper_interfaces.egg-info/dependency_links.txt
[7.234s] writing top-level names to mini_pupper_interfaces.egg-info/top_level.txt
[8.111s] reading manifest file 'mini_pupper_interfaces.egg-info/SOURCES.txt'
[8.119s] writing manifest file 'mini_pupper_interfaces.egg-info/SOURCES.txt'
[8.455s] [100%] Built target ament_cmake_python_build_mini_pupper_interfaces_egg
[8.574s] Invoked command in '/home/ubuntu/ros2_ws/build/mini_pupper_interfaces' returned '0': CMAKE_PREFIX_PATH=${CMAKE_PREFIX_PATH}:/home/ubuntu/ros2_ws/install/go_pupper_srv:/home/ubuntu/ros2_ws/install/mini_pupper_music:/home/ubuntu/ros2_ws/install/mini_pupper_dance:/home/ubuntu/ros2_ws/install/mini_pupper_driver:/opt/ros/humble /usr/bin/cmake --build /home/ubuntu/ros2_ws/build/mini_pupper_interfaces -- -j4 -l4
[10.090s] Invoking command in '/home/ubuntu/ros2_ws/build/mini_pupper_interfaces': CMAKE_PREFIX_PATH=${CMAKE_PREFIX_PATH}:/home/ubuntu/ros2_ws/install/go_pupper_srv:/home/ubuntu/ros2_ws/install/mini_pupper_music:/home/ubuntu/ros2_ws/install/mini_pupper_dance:/home/ubuntu/ros2_ws/install/mini_pupper_driver:/opt/ros/humble /usr/bin/cmake --install /home/ubuntu/ros2_ws/build/mini_pupper_interfaces
[10.187s] -- Install configuration: ""
[10.191s] -- Execute custom install script
[10.197s] -- Up-to-date symlink: /home/ubuntu/ros2_ws/install/mini_pupper_interfaces/share/ament_index/resource_index/rosidl_interfaces/mini_pupper_interfaces
[10.204s] -- Up-to-date symlink: /home/ubuntu/ros2_ws/install/mini_pupper_interfaces/include/mini_pupper_interfaces/mini_pupper_interfaces/msg/rosidl_generator_c__visibility_control.h
[10.206s] -- Up-to-date symlink: /home/ubuntu/ros2_ws/install/mini_pupper_interfaces/include/mini_pupper_interfaces/mini_pupper_interfaces/srv/dance_command.h
[10.207s] -- Up-to-date symlink: /home/ubuntu/ros2_ws/install/mini_pupper_interfaces/include/mini_pupper_interfaces/mini_pupper_interfaces/srv/detail/dance_command__functions.h
[10.210s] -- Up-to-date symlink: /home/ubuntu/ros2_ws/install/mini_pupper_interfaces/include/mini_pupper_interfaces/mini_pupper_interfaces/srv/detail/dance_command__struct.h
[10.212s] -- Up-to-date symlink: /home/ubuntu/ros2_ws/install/mini_pupper_interfaces/include/mini_pupper_interfaces/mini_pupper_interfaces/srv/detail/dance_command__type_support.h
[10.214s] -- Up-to-date symlink: /home/ubuntu/ros2_ws/install/mini_pupper_interfaces/include/mini_pupper_interfaces/mini_pupper_interfaces/srv/detail/play_music__functions.h
[10.215s] -- Up-to-date symlink: /home/ubuntu/ros2_ws/install/mini_pupper_interfaces/include/mini_pupper_interfaces/mini_pupper_interfaces/srv/detail/play_music__struct.h
[10.217s] -- Up-to-date symlink: /home/ubuntu/ros2_ws/install/mini_pupper_interfaces/include/mini_pupper_interfaces/mini_pupper_interfaces/srv/detail/play_music__type_support.h
[10.218s] -- Up-to-date symlink: /home/ubuntu/ros2_ws/install/mini_pupper_interfaces/include/mini_pupper_interfaces/mini_pupper_interfaces/srv/detail/stop_music__functions.h
[10.220s] -- Up-to-date symlink: /home/ubuntu/ros2_ws/install/mini_pupper_interfaces/include/mini_pupper_interfaces/mini_pupper_interfaces/srv/detail/stop_music__struct.h
[10.222s] -- Up-to-date symlink: /home/ubuntu/ros2_ws/install/mini_pupper_interfaces/include/mini_pupper_interfaces/mini_pupper_interfaces/srv/detail/stop_music__type_support.h
[10.223s] -- Up-to-date symlink: /home/ubuntu/ros2_ws/install/mini_pupper_interfaces/include/mini_pupper_interfaces/mini_pupper_interfaces/srv/play_music.h
[10.225s] -- Up-to-date symlink: /home/ubuntu/ros2_ws/install/mini_pupper_interfaces/include/mini_pupper_interfaces/mini_pupper_interfaces/srv/stop_music.h
[10.227s] -- Up-to-date symlink: /home/ubuntu/ros2_ws/install/mini_pupper_interfaces/share/mini_pupper_interfaces/environment/library_path.sh
[10.229s] -- Up-to-date symlink: /home/ubuntu/ros2_ws/install/mini_pupper_interfaces/share/mini_pupper_interfaces/environment/library_path.dsv
[10.238s] -- Up-to-date symlink: /home/ubuntu/ros2_ws/install/mini_pupper_interfaces/include/mini_pupper_interfaces/mini_pupper_interfaces/msg/rosidl_typesupport_fastrtps_c__visibility_control.h
[10.242s] -- Up-to-date symlink: /home/ubuntu/ros2_ws/install/mini_pupper_interfaces/include/mini_pupper_interfaces/mini_pupper_interfaces/srv/detail/dance_command__rosidl_typesupport_fastrtps_c.h
[10.255s] -- Up-to-date symlink: /home/ubuntu/ros2_ws/install/mini_pupper_interfaces/include/mini_pupper_interfaces/mini_pupper_interfaces/srv/detail/play_music__rosidl_typesupport_fastrtps_c.h
[10.258s] -- Up-to-date symlink: /home/ubuntu/ros2_ws/install/mini_pupper_interfaces/include/mini_pupper_interfaces/mini_pupper_interfaces/srv/detail/stop_music__rosidl_typesupport_fastrtps_c.h
[10.270s] -- Up-to-date symlink: /home/ubuntu/ros2_ws/install/mini_pupper_interfaces/include/mini_pupper_interfaces/mini_pupper_interfaces/srv/dance_command.hpp
[10.272s] -- Up-to-date symlink: /home/ubuntu/ros2_ws/install/mini_pupper_interfaces/include/mini_pupper_interfaces/mini_pupper_interfaces/srv/detail/dance_command__builder.hpp
[10.275s] -- Up-to-date symlink: /home/ubuntu/ros2_ws/install/mini_pupper_interfaces/include/mini_pupper_interfaces/mini_pupper_interfaces/srv/detail/dance_command__struct.hpp
[10.278s] -- Up-to-date symlink: /home/ubuntu/ros2_ws/install/mini_pupper_interfaces/include/mini_pupper_interfaces/mini_pupper_interfaces/srv/detail/dance_command__traits.hpp
[10.279s] -- Up-to-date symlink: /home/ubuntu/ros2_ws/install/mini_pupper_interfaces/include/mini_pupper_interfaces/mini_pupper_interfaces/srv/detail/play_music__builder.hpp
[10.281s] -- Up-to-date symlink: /home/ubuntu/ros2_ws/install/mini_pupper_interfaces/include/mini_pupper_interfaces/mini_pupper_interfaces/srv/detail/play_music__struct.hpp
[10.283s] -- Up-to-date symlink: /home/ubuntu/ros2_ws/install/mini_pupper_interfaces/include/mini_pupper_interfaces/mini_pupper_interfaces/srv/detail/play_music__traits.hpp
[10.284s] -- Up-to-date symlink: /home/ubuntu/ros2_ws/install/mini_pupper_interfaces/include/mini_pupper_interfaces/mini_pupper_interfaces/srv/detail/stop_music__builder.hpp
[10.286s] -- Up-to-date symlink: /home/ubuntu/ros2_ws/install/mini_pupper_interfaces/include/mini_pupper_interfaces/mini_pupper_interfaces/srv/detail/stop_music__struct.hpp
[10.289s] -- Up-to-date symlink: /home/ubuntu/ros2_ws/install/mini_pupper_interfaces/include/mini_pupper_interfaces/mini_pupper_interfaces/srv/detail/stop_music__traits.hpp
[10.290s] -- Up-to-date symlink: /home/ubuntu/ros2_ws/install/mini_pupper_interfaces/include/mini_pupper_interfaces/mini_pupper_interfaces/srv/play_music.hpp
[10.293s] -- Up-to-date symlink: /home/ubuntu/ros2_ws/install/mini_pupper_interfaces/include/mini_pupper_interfaces/mini_pupper_interfaces/srv/stop_music.hpp
[10.300s] -- Up-to-date symlink: /home/ubuntu/ros2_ws/install/mini_pupper_interfaces/include/mini_pupper_interfaces/mini_pupper_interfaces/msg/rosidl_typesupport_fastrtps_cpp__visibility_control.h
[10.302s] -- Up-to-date symlink: /home/ubuntu/ros2_ws/install/mini_pupper_interfaces/include/mini_pupper_interfaces/mini_pupper_interfaces/srv/detail/dance_command__rosidl_typesupport_fastrtps_cpp.hpp
[10.306s] -- Up-to-date symlink: /home/ubuntu/ros2_ws/install/mini_pupper_interfaces/include/mini_pupper_interfaces/mini_pupper_interfaces/srv/detail/play_music__rosidl_typesupport_fastrtps_cpp.hpp
[10.307s] -- Up-to-date symlink: /home/ubuntu/ros2_ws/install/mini_pupper_interfaces/include/mini_pupper_interfaces/mini_pupper_interfaces/srv/detail/stop_music__rosidl_typesupport_fastrtps_cpp.hpp
[10.312s] -- Up-to-date symlink: /home/ubuntu/ros2_ws/install/mini_pupper_interfaces/include/mini_pupper_interfaces/mini_pupper_interfaces/msg/rosidl_typesupport_introspection_c__visibility_control.h
[10.314s] -- Up-to-date symlink: /home/ubuntu/ros2_ws/install/mini_pupper_interfaces/include/mini_pupper_interfaces/mini_pupper_interfaces/srv/detail/dance_command__rosidl_typesupport_introspection_c.h
[10.316s] -- Up-to-date symlink: /home/ubuntu/ros2_ws/install/mini_pupper_interfaces/include/mini_pupper_interfaces/mini_pupper_interfaces/srv/detail/play_music__rosidl_typesupport_introspection_c.h
[10.318s] -- Up-to-date symlink: /home/ubuntu/ros2_ws/install/mini_pupper_interfaces/include/mini_pupper_interfaces/mini_pupper_interfaces/srv/detail/stop_music__rosidl_typesupport_introspection_c.h
[10.323s] -- Up-to-date symlink: /home/ubuntu/ros2_ws/install/mini_pupper_interfaces/include/mini_pupper_interfaces/mini_pupper_interfaces/srv/detail/dance_command__rosidl_typesupport_introspection_cpp.hpp
[10.325s] -- Up-to-date symlink: /home/ubuntu/ros2_ws/install/mini_pupper_interfaces/include/mini_pupper_interfaces/mini_pupper_interfaces/srv/detail/play_music__rosidl_typesupport_introspection_cpp.hpp
[10.327s] -- Up-to-date symlink: /home/ubuntu/ros2_ws/install/mini_pupper_interfaces/include/mini_pupper_interfaces/mini_pupper_interfaces/srv/detail/stop_music__rosidl_typesupport_introspection_cpp.hpp
[10.329s] -- Up-to-date symlink: /home/ubuntu/ros2_ws/install/mini_pupper_interfaces/share/mini_pupper_interfaces/environment/pythonpath.sh
[10.331s] -- Up-to-date symlink: /home/ubuntu/ros2_ws/install/mini_pupper_interfaces/share/mini_pupper_interfaces/environment/pythonpath.dsv
[10.337s] -- Up-to-date symlink: /home/ubuntu/ros2_ws/install/mini_pupper_interfaces/local/lib/python3.10/dist-packages/mini_pupper_interfaces-0.0.0-py3.10.egg-info/PKG-INFO
[10.340s] -- Up-to-date symlink: /home/ubuntu/ros2_ws/install/mini_pupper_interfaces/local/lib/python3.10/dist-packages/mini_pupper_interfaces-0.0.0-py3.10.egg-info/SOURCES.txt
[10.353s] -- Up-to-date symlink: /home/ubuntu/ros2_ws/install/mini_pupper_interfaces/local/lib/python3.10/dist-packages/mini_pupper_interfaces-0.0.0-py3.10.egg-info/dependency_links.txt
[10.355s] -- Up-to-date symlink: /home/ubuntu/ros2_ws/install/mini_pupper_interfaces/local/lib/python3.10/dist-packages/mini_pupper_interfaces-0.0.0-py3.10.egg-info/top_level.txt
[10.358s] -- Up-to-date symlink: /home/ubuntu/ros2_ws/install/mini_pupper_interfaces/local/lib/python3.10/dist-packages/mini_pupper_interfaces/__init__.py
[10.361s] -- Up-to-date symlink: /home/ubuntu/ros2_ws/install/mini_pupper_interfaces/local/lib/python3.10/dist-packages/mini_pupper_interfaces/_mini_pupper_interfaces_s.ep.rosidl_typesupport_c.c
[10.364s] -- Up-to-date symlink: /home/ubuntu/ros2_ws/install/mini_pupper_interfaces/local/lib/python3.10/dist-packages/mini_pupper_interfaces/_mini_pupper_interfaces_s.ep.rosidl_typesupport_fastrtps_c.c
[10.367s] -- Up-to-date symlink: /home/ubuntu/ros2_ws/install/mini_pupper_interfaces/local/lib/python3.10/dist-packages/mini_pupper_interfaces/_mini_pupper_interfaces_s.ep.rosidl_typesupport_introspection_c.c
[10.371s] -- Up-to-date symlink: /home/ubuntu/ros2_ws/install/mini_pupper_interfaces/local/lib/python3.10/dist-packages/mini_pupper_interfaces/libmini_pupper_interfaces__rosidl_generator_py.so
[10.374s] -- Up-to-date symlink: /home/ubuntu/ros2_ws/install/mini_pupper_interfaces/local/lib/python3.10/dist-packages/mini_pupper_interfaces/mini_pupper_interfaces_s__rosidl_typesupport_c.cpython-310-aarch64-linux-gnu.so
[10.377s] -- Up-to-date symlink: /home/ubuntu/ros2_ws/install/mini_pupper_interfaces/local/lib/python3.10/dist-packages/mini_pupper_interfaces/mini_pupper_interfaces_s__rosidl_typesupport_fastrtps_c.cpython-310-aarch64-linux-gnu.so
[10.383s] -- Up-to-date symlink: /home/ubuntu/ros2_ws/install/mini_pupper_interfaces/local/lib/python3.10/dist-packages/mini_pupper_interfaces/mini_pupper_interfaces_s__rosidl_typesupport_introspection_c.cpython-310-aarch64-linux-gnu.so
[10.386s] -- Up-to-date symlink: /home/ubuntu/ros2_ws/install/mini_pupper_interfaces/local/lib/python3.10/dist-packages/mini_pupper_interfaces/srv/__init__.py
[10.390s] -- Up-to-date symlink: /home/ubuntu/ros2_ws/install/mini_pupper_interfaces/local/lib/python3.10/dist-packages/mini_pupper_interfaces/srv/_dance_command.py
[10.393s] -- Up-to-date symlink: /home/ubuntu/ros2_ws/install/mini_pupper_interfaces/local/lib/python3.10/dist-packages/mini_pupper_interfaces/srv/_dance_command_s.c
[10.397s] -- Up-to-date symlink: /home/ubuntu/ros2_ws/install/mini_pupper_interfaces/local/lib/python3.10/dist-packages/mini_pupper_interfaces/srv/_play_music.py
[10.399s] -- Up-to-date symlink: /home/ubuntu/ros2_ws/install/mini_pupper_interfaces/local/lib/python3.10/dist-packages/mini_pupper_interfaces/srv/_play_music_s.c
[10.402s] -- Up-to-date symlink: /home/ubuntu/ros2_ws/install/mini_pupper_interfaces/local/lib/python3.10/dist-packages/mini_pupper_interfaces/srv/_stop_music.py
[10.405s] -- Up-to-date symlink: /home/ubuntu/ros2_ws/install/mini_pupper_interfaces/local/lib/python3.10/dist-packages/mini_pupper_interfaces/srv/_stop_music_s.c
[10.412s] -- Up-to-date symlink: /home/ubuntu/ros2_ws/install/mini_pupper_interfaces/local/lib/python3.10/dist-packages/mini_pupper_interfaces/mini_pupper_interfaces_s__rosidl_typesupport_fastrtps_c.cpython-310-aarch64-linux-gnu.so
[10.419s] -- Up-to-date symlink: /home/ubuntu/ros2_ws/install/mini_pupper_interfaces/local/lib/python3.10/dist-packages/mini_pupper_interfaces/mini_pupper_interfaces_s__rosidl_typesupport_introspection_c.cpython-310-aarch64-linux-gnu.so
[10.425s] -- Up-to-date symlink: /home/ubuntu/ros2_ws/install/mini_pupper_interfaces/local/lib/python3.10/dist-packages/mini_pupper_interfaces/mini_pupper_interfaces_s__rosidl_typesupport_c.cpython-310-aarch64-linux-gnu.so
[10.428s] -- Up-to-date symlink: /home/ubuntu/ros2_ws/install/mini_pupper_interfaces/share/mini_pupper_interfaces/srv/DanceCommand.idl
[10.431s] -- Up-to-date symlink: /home/ubuntu/ros2_ws/install/mini_pupper_interfaces/share/mini_pupper_interfaces/srv/PlayMusic.idl
[10.437s] -- Up-to-date symlink: /home/ubuntu/ros2_ws/install/mini_pupper_interfaces/share/mini_pupper_interfaces/srv/StopMusic.idl
[10.438s] -- Up-to-date symlink: /home/ubuntu/ros2_ws/install/mini_pupper_interfaces/share/mini_pupper_interfaces/srv/DanceCommand.srv
[10.440s] -- Up-to-date symlink: /home/ubuntu/ros2_ws/install/mini_pupper_interfaces/share/mini_pupper_interfaces/srv/DanceCommand_Request.msg
[10.443s] -- Up-to-date symlink: /home/ubuntu/ros2_ws/install/mini_pupper_interfaces/share/mini_pupper_interfaces/srv/DanceCommand_Response.msg
[10.446s] -- Up-to-date symlink: /home/ubuntu/ros2_ws/install/mini_pupper_interfaces/share/mini_pupper_interfaces/srv/PlayMusic.srv
[10.447s] -- Up-to-date symlink: /home/ubuntu/ros2_ws/install/mini_pupper_interfaces/share/mini_pupper_interfaces/srv/PlayMusic_Request.msg
[10.473s] -- Up-to-date symlink: /home/ubuntu/ros2_ws/install/mini_pupper_interfaces/share/mini_pupper_interfaces/srv/PlayMusic_Response.msg
[10.476s] -- Up-to-date symlink: /home/ubuntu/ros2_ws/install/mini_pupper_interfaces/share/mini_pupper_interfaces/srv/StopMusic.srv
[10.479s] -- Up-to-date symlink: /home/ubuntu/ros2_ws/install/mini_pupper_interfaces/share/mini_pupper_interfaces/srv/StopMusic_Request.msg
[10.481s] -- Up-to-date symlink: /home/ubuntu/ros2_ws/install/mini_pupper_interfaces/share/mini_pupper_interfaces/srv/StopMusic_Response.msg
[10.482s] -- Up-to-date symlink: /home/ubuntu/ros2_ws/install/mini_pupper_interfaces/share/ament_index/resource_index/package_run_dependencies/mini_pupper_interfaces
[10.484s] -- Up-to-date symlink: /home/ubuntu/ros2_ws/install/mini_pupper_interfaces/share/ament_index/resource_index/parent_prefix_path/mini_pupper_interfaces
[10.486s] -- Up-to-date symlink: /home/ubuntu/ros2_ws/install/mini_pupper_interfaces/share/mini_pupper_interfaces/environment/ament_prefix_path.sh
[10.488s] -- Up-to-date symlink: /home/ubuntu/ros2_ws/install/mini_pupper_interfaces/share/mini_pupper_interfaces/environment/ament_prefix_path.dsv
[10.489s] -- Up-to-date symlink: /home/ubuntu/ros2_ws/install/mini_pupper_interfaces/share/mini_pupper_interfaces/environment/path.sh
[10.490s] -- Up-to-date symlink: /home/ubuntu/ros2_ws/install/mini_pupper_interfaces/share/mini_pupper_interfaces/environment/path.dsv
[10.493s] -- Up-to-date symlink: /home/ubuntu/ros2_ws/install/mini_pupper_interfaces/share/mini_pupper_interfaces/local_setup.bash
[10.495s] -- Up-to-date symlink: /home/ubuntu/ros2_ws/install/mini_pupper_interfaces/share/mini_pupper_interfaces/local_setup.sh
[10.504s] -- Up-to-date symlink: /home/ubuntu/ros2_ws/install/mini_pupper_interfaces/share/mini_pupper_interfaces/local_setup.zsh
[10.505s] -- Up-to-date symlink: /home/ubuntu/ros2_ws/install/mini_pupper_interfaces/share/mini_pupper_interfaces/local_setup.dsv
[10.505s] -- Symlinking: /home/ubuntu/ros2_ws/install/mini_pupper_interfaces/share/mini_pupper_interfaces/package.dsv
[10.555s] -- Up-to-date symlink: /home/ubuntu/ros2_ws/install/mini_pupper_interfaces/share/ament_index/resource_index/packages/mini_pupper_interfaces
[10.560s] -- Up-to-date symlink: /home/ubuntu/ros2_ws/install/mini_pupper_interfaces/share/mini_pupper_interfaces/cmake/rosidl_cmake-extras.cmake
[10.587s] -- Up-to-date symlink: /home/ubuntu/ros2_ws/install/mini_pupper_interfaces/share/mini_pupper_interfaces/cmake/ament_cmake_export_dependencies-extras.cmake
[10.588s] -- Up-to-date symlink: /home/ubuntu/ros2_ws/install/mini_pupper_interfaces/share/mini_pupper_interfaces/cmake/ament_cmake_export_include_directories-extras.cmake
[10.592s] -- Up-to-date symlink: /home/ubuntu/ros2_ws/install/mini_pupper_interfaces/share/mini_pupper_interfaces/cmake/ament_cmake_export_libraries-extras.cmake
[10.595s] -- Up-to-date symlink: /home/ubuntu/ros2_ws/install/mini_pupper_interfaces/share/mini_pupper_interfaces/cmake/ament_cmake_export_targets-extras.cmake
[10.597s] -- Up-to-date symlink: /home/ubuntu/ros2_ws/install/mini_pupper_interfaces/share/mini_pupper_interfaces/cmake/rosidl_cmake_export_typesupport_targets-extras.cmake
[10.598s] -- Up-to-date symlink: /home/ubuntu/ros2_ws/install/mini_pupper_interfaces/share/mini_pupper_interfaces/cmake/rosidl_cmake_export_typesupport_libraries-extras.cmake
[10.600s] -- Up-to-date symlink: /home/ubuntu/ros2_ws/install/mini_pupper_interfaces/share/mini_pupper_interfaces/cmake/mini_pupper_interfacesConfig.cmake
[10.601s] -- Up-to-date symlink: /home/ubuntu/ros2_ws/install/mini_pupper_interfaces/share/mini_pupper_interfaces/cmake/mini_pupper_interfacesConfig-version.cmake
[10.603s] -- Up-to-date symlink: /home/ubuntu/ros2_ws/install/mini_pupper_interfaces/share/mini_pupper_interfaces/package.xml
[10.605s] -- Up-to-date: /home/ubuntu/ros2_ws/install/mini_pupper_interfaces/lib/libmini_pupper_interfaces__rosidl_generator_c.so
[10.608s] -- Up-to-date: /home/ubuntu/ros2_ws/install/mini_pupper_interfaces/lib/libmini_pupper_interfaces__rosidl_typesupport_fastrtps_c.so
[10.611s] -- Up-to-date: /home/ubuntu/ros2_ws/install/mini_pupper_interfaces/lib/libmini_pupper_interfaces__rosidl_typesupport_fastrtps_cpp.so
[10.616s] -- Up-to-date: /home/ubuntu/ros2_ws/install/mini_pupper_interfaces/lib/libmini_pupper_interfaces__rosidl_typesupport_introspection_c.so
[10.619s] -- Up-to-date: /home/ubuntu/ros2_ws/install/mini_pupper_interfaces/lib/libmini_pupper_interfaces__rosidl_typesupport_c.so
[10.625s] -- Up-to-date: /home/ubuntu/ros2_ws/install/mini_pupper_interfaces/lib/libmini_pupper_interfaces__rosidl_typesupport_introspection_cpp.so
[10.650s] -- Up-to-date: /home/ubuntu/ros2_ws/install/mini_pupper_interfaces/lib/libmini_pupper_interfaces__rosidl_typesupport_cpp.so
[11.125s] Listing '/home/ubuntu/ros2_ws/install/mini_pupper_interfaces/local/lib/python3.10/dist-packages/mini_pupper_interfaces'...
[11.126s] Listing '/home/ubuntu/ros2_ws/install/mini_pupper_interfaces/local/lib/python3.10/dist-packages/mini_pupper_interfaces/srv'...
[11.208s] -- Up-to-date: /home/ubuntu/ros2_ws/install/mini_pupper_interfaces/lib/libmini_pupper_interfaces__rosidl_generator_py.so
[11.211s] -- Up-to-date: /home/ubuntu/ros2_ws/install/mini_pupper_interfaces/share/mini_pupper_interfaces/cmake/export_mini_pupper_interfaces__rosidl_generator_cExport.cmake
[11.213s] -- Up-to-date: /home/ubuntu/ros2_ws/install/mini_pupper_interfaces/share/mini_pupper_interfaces/cmake/export_mini_pupper_interfaces__rosidl_generator_cExport-noconfig.cmake
[11.214s] -- Up-to-date: /home/ubuntu/ros2_ws/install/mini_pupper_interfaces/share/mini_pupper_interfaces/cmake/export_mini_pupper_interfaces__rosidl_typesupport_fastrtps_cExport.cmake
[11.215s] -- Up-to-date: /home/ubuntu/ros2_ws/install/mini_pupper_interfaces/share/mini_pupper_interfaces/cmake/export_mini_pupper_interfaces__rosidl_typesupport_fastrtps_cExport-noconfig.cmake
[11.217s] -- Up-to-date: /home/ubuntu/ros2_ws/install/mini_pupper_interfaces/share/mini_pupper_interfaces/cmake/export_mini_pupper_interfaces__rosidl_generator_cppExport.cmake
[11.222s] -- Up-to-date: /home/ubuntu/ros2_ws/install/mini_pupper_interfaces/share/mini_pupper_interfaces/cmake/export_mini_pupper_interfaces__rosidl_typesupport_fastrtps_cppExport.cmake
[11.223s] -- Up-to-date: /home/ubuntu/ros2_ws/install/mini_pupper_interfaces/share/mini_pupper_interfaces/cmake/export_mini_pupper_interfaces__rosidl_typesupport_fastrtps_cppExport-noconfig.cmake
[11.225s] -- Up-to-date: /home/ubuntu/ros2_ws/install/mini_pupper_interfaces/share/mini_pupper_interfaces/cmake/mini_pupper_interfaces__rosidl_typesupport_introspection_cExport.cmake
[11.226s] -- Up-to-date: /home/ubuntu/ros2_ws/install/mini_pupper_interfaces/share/mini_pupper_interfaces/cmake/mini_pupper_interfaces__rosidl_typesupport_introspection_cExport-noconfig.cmake
[11.230s] -- Up-to-date: /home/ubuntu/ros2_ws/install/mini_pupper_interfaces/share/mini_pupper_interfaces/cmake/mini_pupper_interfaces__rosidl_typesupport_cExport.cmake
[11.231s] -- Up-to-date: /home/ubuntu/ros2_ws/install/mini_pupper_interfaces/share/mini_pupper_interfaces/cmake/mini_pupper_interfaces__rosidl_typesupport_cExport-noconfig.cmake
[11.233s] -- Up-to-date: /home/ubuntu/ros2_ws/install/mini_pupper_interfaces/share/mini_pupper_interfaces/cmake/mini_pupper_interfaces__rosidl_typesupport_introspection_cppExport.cmake
[11.234s] -- Up-to-date: /home/ubuntu/ros2_ws/install/mini_pupper_interfaces/share/mini_pupper_interfaces/cmake/mini_pupper_interfaces__rosidl_typesupport_introspection_cppExport-noconfig.cmake
[11.236s] -- Up-to-date: /home/ubuntu/ros2_ws/install/mini_pupper_interfaces/share/mini_pupper_interfaces/cmake/mini_pupper_interfaces__rosidl_typesupport_cppExport.cmake
[11.249s] -- Up-to-date: /home/ubuntu/ros2_ws/install/mini_pupper_interfaces/share/mini_pupper_interfaces/cmake/mini_pupper_interfaces__rosidl_typesupport_cppExport-noconfig.cmake
[11.251s] -- Up-to-date: /home/ubuntu/ros2_ws/install/mini_pupper_interfaces/share/mini_pupper_interfaces/cmake/export_mini_pupper_interfaces__rosidl_generator_pyExport.cmake
[11.252s] -- Up-to-date: /home/ubuntu/ros2_ws/install/mini_pupper_interfaces/share/mini_pupper_interfaces/cmake/export_mini_pupper_interfaces__rosidl_generator_pyExport-noconfig.cmake
[11.289s] Invoked command in '/home/ubuntu/ros2_ws/build/mini_pupper_interfaces' returned '0': CMAKE_PREFIX_PATH=${CMAKE_PREFIX_PATH}:/home/ubuntu/ros2_ws/install/go_pupper_srv:/home/ubuntu/ros2_ws/install/mini_pupper_music:/home/ubuntu/ros2_ws/install/mini_pupper_dance:/home/ubuntu/ros2_ws/install/mini_pupper_driver:/opt/ros/humble /usr/bin/cmake --install /home/ubuntu/ros2_ws/build/mini_pupper_interfaces
