[0.797s] DEBUG:colcon:Command line arguments: ['/usr/bin/colcon', 'build', '--packages-select', 'go_pupper_srv']
[0.798s] DEBUG:colcon:Parsed command line arguments: Namespace(log_base=None, log_level=None, verb_name='build', build_base='build', install_base='install', merge_install=False, symlink_install=False, test_result_base=None, continue_on_error=False, executor='parallel', parallel_workers=4, event_handlers=None, ignore_user_meta=False, metas=['./colcon.meta'], base_paths=['.'], packages_ignore=None, packages_ignore_regex=None, paths=None, packages_up_to=None, packages_up_to_regex=None, packages_above=None, packages_above_and_dependencies=None, packages_above_depth=None, packages_select_by_dep=None, packages_skip_by_dep=None, packages_skip_up_to=None, packages_select_build_failed=False, packages_skip_build_finished=False, packages_select_test_failures=False, packages_skip_test_passed=False, packages_select=['go_pupper_srv'], packages_skip=None, packages_select_regex=None, packages_skip_regex=None, packages_start=None, packages_end=None, allow_overriding=[], cmake_args=None, cmake_target=None, cmake_target_skip_unavailable=False, cmake_clean_cache=False, cmake_clean_first=False, cmake_force_configure=False, ament_cmake_args=None, catkin_cmake_args=None, catkin_skip_building_tests=False, verb_parser=<colcon_defaults.argument_parser.defaults.DefaultArgumentsDecorator object at 0xffffad961db0>, verb_extension=<colcon_core.verb.build.BuildVerb object at 0xffffad9185e0>, main=<bound method BuildVerb.main of <colcon_core.verb.build.BuildVerb object at 0xffffad9185e0>>)
[1.033s] Level 1:colcon.colcon_core.package_discovery:discover_packages(colcon_meta) check parameters
[1.033s] Level 1:colcon.colcon_core.package_discovery:discover_packages(recursive) check parameters
[1.033s] Level 1:colcon.colcon_core.package_discovery:discover_packages(ignore) check parameters
[1.034s] Level 1:colcon.colcon_core.package_discovery:discover_packages(path) check parameters
[1.034s] Level 1:colcon.colcon_core.package_discovery:discover_packages(colcon_meta) discover
[1.034s] Level 1:colcon.colcon_core.package_discovery:discover_packages(recursive) discover
[1.034s] INFO:colcon.colcon_core.package_discovery:Crawling recursively for packages in '/home/ubuntu/ros2_ws'
[1.035s] Level 1:colcon.colcon_core.package_identification:_identify(.) by extensions ['ignore', 'ignore_ament_install']
[1.036s] Level 1:colcon.colcon_core.package_identification:_identify(.) by extension 'ignore'
[1.036s] Level 1:colcon.colcon_core.package_identification:_identify(.) by extension 'ignore_ament_install'
[1.037s] Level 1:colcon.colcon_core.package_identification:_identify(.) by extensions ['colcon_pkg']
[1.037s] Level 1:colcon.colcon_core.package_identification:_identify(.) by extension 'colcon_pkg'
[1.037s] Level 1:colcon.colcon_core.package_identification:_identify(.) by extensions ['colcon_meta']
[1.037s] Level 1:colcon.colcon_core.package_identification:_identify(.) by extension 'colcon_meta'
[1.038s] Level 1:colcon.colcon_core.package_identification:_identify(.) by extensions ['ros']
[1.038s] Level 1:colcon.colcon_core.package_identification:_identify(.) by extension 'ros'
[1.126s] Level 1:colcon.colcon_core.package_identification:_identify(.) by extensions ['cmake', 'python']
[1.126s] Level 1:colcon.colcon_core.package_identification:_identify(.) by extension 'cmake'
[1.126s] Level 1:colcon.colcon_core.package_identification:_identify(.) by extension 'python'
[1.127s] Level 1:colcon.colcon_core.package_identification:_identify(.) by extensions ['python_setup_py']
[1.127s] Level 1:colcon.colcon_core.package_identification:_identify(.) by extension 'python_setup_py'
[1.128s] Level 1:colcon.colcon_core.package_identification:_identify(build) by extensions ['ignore', 'ignore_ament_install']
[1.128s] Level 1:colcon.colcon_core.package_identification:_identify(build) by extension 'ignore'
[1.129s] Level 1:colcon.colcon_core.package_identification:_identify(build) ignored
[1.129s] Level 1:colcon.colcon_core.package_identification:_identify(img) by extensions ['ignore', 'ignore_ament_install']
[1.130s] Level 1:colcon.colcon_core.package_identification:_identify(img) by extension 'ignore'
[1.130s] Level 1:colcon.colcon_core.package_identification:_identify(img) by extension 'ignore_ament_install'
[1.131s] Level 1:colcon.colcon_core.package_identification:_identify(img) by extensions ['colcon_pkg']
[1.131s] Level 1:colcon.colcon_core.package_identification:_identify(img) by extension 'colcon_pkg'
[1.131s] Level 1:colcon.colcon_core.package_identification:_identify(img) by extensions ['colcon_meta']
[1.131s] Level 1:colcon.colcon_core.package_identification:_identify(img) by extension 'colcon_meta'
[1.131s] Level 1:colcon.colcon_core.package_identification:_identify(img) by extensions ['ros']
[1.132s] Level 1:colcon.colcon_core.package_identification:_identify(img) by extension 'ros'
[1.132s] Level 1:colcon.colcon_core.package_identification:_identify(img) by extensions ['cmake', 'python']
[1.132s] Level 1:colcon.colcon_core.package_identification:_identify(img) by extension 'cmake'
[1.133s] Level 1:colcon.colcon_core.package_identification:_identify(img) by extension 'python'
[1.133s] Level 1:colcon.colcon_core.package_identification:_identify(img) by extensions ['python_setup_py']
[1.133s] Level 1:colcon.colcon_core.package_identification:_identify(img) by extension 'python_setup_py'
[1.134s] Level 1:colcon.colcon_core.package_identification:_identify(install) by extensions ['ignore', 'ignore_ament_install']
[1.134s] Level 1:colcon.colcon_core.package_identification:_identify(install) by extension 'ignore'
[1.135s] Level 1:colcon.colcon_core.package_identification:_identify(install) ignored
[1.136s] Level 1:colcon.colcon_core.package_identification:_identify(log) by extensions ['ignore', 'ignore_ament_install']
[1.136s] Level 1:colcon.colcon_core.package_identification:_identify(log) by extension 'ignore'
[1.137s] Level 1:colcon.colcon_core.package_identification:_identify(log) ignored
[1.137s] Level 1:colcon.colcon_core.package_identification:_identify(sound) by extensions ['ignore', 'ignore_ament_install']
[1.138s] Level 1:colcon.colcon_core.package_identification:_identify(sound) by extension 'ignore'
[1.138s] Level 1:colcon.colcon_core.package_identification:_identify(sound) by extension 'ignore_ament_install'
[1.138s] Level 1:colcon.colcon_core.package_identification:_identify(sound) by extensions ['colcon_pkg']
[1.139s] Level 1:colcon.colcon_core.package_identification:_identify(sound) by extension 'colcon_pkg'
[1.139s] Level 1:colcon.colcon_core.package_identification:_identify(sound) by extensions ['colcon_meta']
[1.139s] Level 1:colcon.colcon_core.package_identification:_identify(sound) by extension 'colcon_meta'
[1.139s] Level 1:colcon.colcon_core.package_identification:_identify(sound) by extensions ['ros']
[1.139s] Level 1:colcon.colcon_core.package_identification:_identify(sound) by extension 'ros'
[1.140s] Level 1:colcon.colcon_core.package_identification:_identify(sound) by extensions ['cmake', 'python']
[1.140s] Level 1:colcon.colcon_core.package_identification:_identify(sound) by extension 'cmake'
[1.140s] Level 1:colcon.colcon_core.package_identification:_identify(sound) by extension 'python'
[1.141s] Level 1:colcon.colcon_core.package_identification:_identify(sound) by extensions ['python_setup_py']
[1.141s] Level 1:colcon.colcon_core.package_identification:_identify(sound) by extension 'python_setup_py'
[1.142s] Level 1:colcon.colcon_core.package_identification:_identify(src) by extensions ['ignore', 'ignore_ament_install']
[1.142s] Level 1:colcon.colcon_core.package_identification:_identify(src) by extension 'ignore'
[1.142s] Level 1:colcon.colcon_core.package_identification:_identify(src) by extension 'ignore_ament_install'
[1.143s] Level 1:colcon.colcon_core.package_identification:_identify(src) by extensions ['colcon_pkg']
[1.143s] Level 1:colcon.colcon_core.package_identification:_identify(src) by extension 'colcon_pkg'
[1.143s] Level 1:colcon.colcon_core.package_identification:_identify(src) by extensions ['colcon_meta']
[1.143s] Level 1:colcon.colcon_core.package_identification:_identify(src) by extension 'colcon_meta'
[1.144s] Level 1:colcon.colcon_core.package_identification:_identify(src) by extensions ['ros']
[1.144s] Level 1:colcon.colcon_core.package_identification:_identify(src) by extension 'ros'
[1.144s] Level 1:colcon.colcon_core.package_identification:_identify(src) by extensions ['cmake', 'python']
[1.144s] Level 1:colcon.colcon_core.package_identification:_identify(src) by extension 'cmake'
[1.145s] Level 1:colcon.colcon_core.package_identification:_identify(src) by extension 'python'
[1.145s] Level 1:colcon.colcon_core.package_identification:_identify(src) by extensions ['python_setup_py']
[1.145s] Level 1:colcon.colcon_core.package_identification:_identify(src) by extension 'python_setup_py'
[1.146s] Level 1:colcon.colcon_core.package_identification:_identify(src/build) by extensions ['ignore', 'ignore_ament_install']
[1.146s] Level 1:colcon.colcon_core.package_identification:_identify(src/build) by extension 'ignore'
[1.147s] Level 1:colcon.colcon_core.package_identification:_identify(src/build) ignored
[1.147s] Level 1:colcon.colcon_core.package_identification:_identify(src/champ) by extensions ['ignore', 'ignore_ament_install']
[1.148s] Level 1:colcon.colcon_core.package_identification:_identify(src/champ) by extension 'ignore'
[1.148s] Level 1:colcon.colcon_core.package_identification:_identify(src/champ) by extension 'ignore_ament_install'
[1.148s] Level 1:colcon.colcon_core.package_identification:_identify(src/champ) by extensions ['colcon_pkg']
[1.148s] Level 1:colcon.colcon_core.package_identification:_identify(src/champ) by extension 'colcon_pkg'
[1.149s] Level 1:colcon.colcon_core.package_identification:_identify(src/champ) by extensions ['colcon_meta']
[1.149s] Level 1:colcon.colcon_core.package_identification:_identify(src/champ) by extension 'colcon_meta'
[1.149s] Level 1:colcon.colcon_core.package_identification:_identify(src/champ) by extensions ['ros']
[1.149s] Level 1:colcon.colcon_core.package_identification:_identify(src/champ) by extension 'ros'
[1.150s] Level 1:colcon.colcon_core.package_identification:_identify(src/champ) by extensions ['cmake', 'python']
[1.150s] Level 1:colcon.colcon_core.package_identification:_identify(src/champ) by extension 'cmake'
[1.150s] Level 1:colcon.colcon_core.package_identification:_identify(src/champ) by extension 'python'
[1.151s] Level 1:colcon.colcon_core.package_identification:_identify(src/champ) by extensions ['python_setup_py']
[1.151s] Level 1:colcon.colcon_core.package_identification:_identify(src/champ) by extension 'python_setup_py'
[1.152s] Level 1:colcon.colcon_core.package_identification:_identify(src/champ/champ) by extensions ['ignore', 'ignore_ament_install']
[1.152s] Level 1:colcon.colcon_core.package_identification:_identify(src/champ/champ) by extension 'ignore'
[1.152s] Level 1:colcon.colcon_core.package_identification:_identify(src/champ/champ) by extension 'ignore_ament_install'
[1.153s] Level 1:colcon.colcon_core.package_identification:_identify(src/champ/champ) by extensions ['colcon_pkg']
[1.153s] Level 1:colcon.colcon_core.package_identification:_identify(src/champ/champ) by extension 'colcon_pkg'
[1.153s] Level 1:colcon.colcon_core.package_identification:_identify(src/champ/champ) by extensions ['colcon_meta']
[1.153s] Level 1:colcon.colcon_core.package_identification:_identify(src/champ/champ) by extension 'colcon_meta'
[1.154s] Level 1:colcon.colcon_core.package_identification:_identify(src/champ/champ) by extensions ['ros']
[1.154s] Level 1:colcon.colcon_core.package_identification:_identify(src/champ/champ) by extension 'ros'
[1.154s] Level 1:colcon.colcon_core.package_identification:_identify(src/champ/champ) by extensions ['cmake', 'python']
[1.154s] Level 1:colcon.colcon_core.package_identification:_identify(src/champ/champ) by extension 'cmake'
[1.155s] Level 1:colcon.colcon_core.package_identification:_identify(src/champ/champ) by extension 'python'
[1.155s] Level 1:colcon.colcon_core.package_identification:_identify(src/champ/champ) by extensions ['python_setup_py']
[1.155s] Level 1:colcon.colcon_core.package_identification:_identify(src/champ/champ) by extension 'python_setup_py'
[1.156s] Level 1:colcon.colcon_core.package_identification:_identify(src/champ/champ/champ) by extensions ['ignore', 'ignore_ament_install']
[1.156s] Level 1:colcon.colcon_core.package_identification:_identify(src/champ/champ/champ) by extension 'ignore'
[1.157s] Level 1:colcon.colcon_core.package_identification:_identify(src/champ/champ/champ) by extension 'ignore_ament_install'
[1.157s] Level 1:colcon.colcon_core.package_identification:_identify(src/champ/champ/champ) by extensions ['colcon_pkg']
[1.157s] Level 1:colcon.colcon_core.package_identification:_identify(src/champ/champ/champ) by extension 'colcon_pkg'
[1.157s] Level 1:colcon.colcon_core.package_identification:_identify(src/champ/champ/champ) by extensions ['colcon_meta']
[1.158s] Level 1:colcon.colcon_core.package_identification:_identify(src/champ/champ/champ) by extension 'colcon_meta'
[1.158s] Level 1:colcon.colcon_core.package_identification:_identify(src/champ/champ/champ) by extensions ['ros']
[1.158s] Level 1:colcon.colcon_core.package_identification:_identify(src/champ/champ/champ) by extension 'ros'
[1.169s] DEBUG:colcon.colcon_core.package_identification:Package 'src/champ/champ/champ' with type 'ros.ament_cmake' and name 'champ'
[1.170s] Level 1:colcon.colcon_core.package_identification:_identify(src/champ/champ/champ_base) by extensions ['ignore', 'ignore_ament_install']
[1.171s] Level 1:colcon.colcon_core.package_identification:_identify(src/champ/champ/champ_base) by extension 'ignore'
[1.171s] Level 1:colcon.colcon_core.package_identification:_identify(src/champ/champ/champ_base) by extension 'ignore_ament_install'
[1.171s] Level 1:colcon.colcon_core.package_identification:_identify(src/champ/champ/champ_base) by extensions ['colcon_pkg']
[1.171s] Level 1:colcon.colcon_core.package_identification:_identify(src/champ/champ/champ_base) by extension 'colcon_pkg'
[1.172s] Level 1:colcon.colcon_core.package_identification:_identify(src/champ/champ/champ_base) by extensions ['colcon_meta']
[1.172s] Level 1:colcon.colcon_core.package_identification:_identify(src/champ/champ/champ_base) by extension 'colcon_meta'
[1.172s] Level 1:colcon.colcon_core.package_identification:_identify(src/champ/champ/champ_base) by extensions ['ros']
[1.173s] Level 1:colcon.colcon_core.package_identification:_identify(src/champ/champ/champ_base) by extension 'ros'
[1.180s] DEBUG:colcon.colcon_core.package_identification:Package 'src/champ/champ/champ_base' with type 'ros.ament_cmake' and name 'champ_base'
[1.181s] Level 1:colcon.colcon_core.package_identification:_identify(src/champ/champ/champ_bringup) by extensions ['ignore', 'ignore_ament_install']
[1.182s] Level 1:colcon.colcon_core.package_identification:_identify(src/champ/champ/champ_bringup) by extension 'ignore'
[1.182s] Level 1:colcon.colcon_core.package_identification:_identify(src/champ/champ/champ_bringup) by extension 'ignore_ament_install'
[1.182s] Level 1:colcon.colcon_core.package_identification:_identify(src/champ/champ/champ_bringup) by extensions ['colcon_pkg']
[1.183s] Level 1:colcon.colcon_core.package_identification:_identify(src/champ/champ/champ_bringup) by extension 'colcon_pkg'
[1.183s] Level 1:colcon.colcon_core.package_identification:_identify(src/champ/champ/champ_bringup) by extensions ['colcon_meta']
[1.183s] Level 1:colcon.colcon_core.package_identification:_identify(src/champ/champ/champ_bringup) by extension 'colcon_meta'
[1.183s] Level 1:colcon.colcon_core.package_identification:_identify(src/champ/champ/champ_bringup) by extensions ['ros']
[1.184s] Level 1:colcon.colcon_core.package_identification:_identify(src/champ/champ/champ_bringup) by extension 'ros'
[1.187s] DEBUG:colcon.colcon_core.package_identification:Package 'src/champ/champ/champ_bringup' with type 'ros.ament_cmake' and name 'champ_bringup'
[1.188s] Level 1:colcon.colcon_core.package_identification:_identify(src/champ/champ/champ_config) by extensions ['ignore', 'ignore_ament_install']
[1.188s] Level 1:colcon.colcon_core.package_identification:_identify(src/champ/champ/champ_config) by extension 'ignore'
[1.188s] Level 1:colcon.colcon_core.package_identification:_identify(src/champ/champ/champ_config) by extension 'ignore_ament_install'
[1.189s] Level 1:colcon.colcon_core.package_identification:_identify(src/champ/champ/champ_config) by extensions ['colcon_pkg']
[1.189s] Level 1:colcon.colcon_core.package_identification:_identify(src/champ/champ/champ_config) by extension 'colcon_pkg'
[1.189s] Level 1:colcon.colcon_core.package_identification:_identify(src/champ/champ/champ_config) by extensions ['colcon_meta']
[1.190s] Level 1:colcon.colcon_core.package_identification:_identify(src/champ/champ/champ_config) by extension 'colcon_meta'
[1.190s] Level 1:colcon.colcon_core.package_identification:_identify(src/champ/champ/champ_config) by extensions ['ros']
[1.190s] Level 1:colcon.colcon_core.package_identification:_identify(src/champ/champ/champ_config) by extension 'ros'
[1.193s] DEBUG:colcon.colcon_core.package_identification:Package 'src/champ/champ/champ_config' with type 'ros.ament_cmake' and name 'champ_config'
[1.194s] Level 1:colcon.colcon_core.package_identification:_identify(src/champ/champ/champ_description) by extensions ['ignore', 'ignore_ament_install']
[1.194s] Level 1:colcon.colcon_core.package_identification:_identify(src/champ/champ/champ_description) by extension 'ignore'
[1.194s] Level 1:colcon.colcon_core.package_identification:_identify(src/champ/champ/champ_description) by extension 'ignore_ament_install'
[1.195s] Level 1:colcon.colcon_core.package_identification:_identify(src/champ/champ/champ_description) by extensions ['colcon_pkg']
[1.195s] Level 1:colcon.colcon_core.package_identification:_identify(src/champ/champ/champ_description) by extension 'colcon_pkg'
[1.195s] Level 1:colcon.colcon_core.package_identification:_identify(src/champ/champ/champ_description) by extensions ['colcon_meta']
[1.195s] Level 1:colcon.colcon_core.package_identification:_identify(src/champ/champ/champ_description) by extension 'colcon_meta'
[1.196s] Level 1:colcon.colcon_core.package_identification:_identify(src/champ/champ/champ_description) by extensions ['ros']
[1.196s] Level 1:colcon.colcon_core.package_identification:_identify(src/champ/champ/champ_description) by extension 'ros'
[1.199s] DEBUG:colcon.colcon_core.package_identification:Package 'src/champ/champ/champ_description' with type 'ros.ament_cmake' and name 'champ_description'
[1.200s] Level 1:colcon.colcon_core.package_identification:_identify(src/champ/champ/champ_gazebo) by extensions ['ignore', 'ignore_ament_install']
[1.200s] Level 1:colcon.colcon_core.package_identification:_identify(src/champ/champ/champ_gazebo) by extension 'ignore'
[1.201s] Level 1:colcon.colcon_core.package_identification:_identify(src/champ/champ/champ_gazebo) by extension 'ignore_ament_install'
[1.201s] Level 1:colcon.colcon_core.package_identification:_identify(src/champ/champ/champ_gazebo) by extensions ['colcon_pkg']
[1.201s] Level 1:colcon.colcon_core.package_identification:_identify(src/champ/champ/champ_gazebo) by extension 'colcon_pkg'
[1.201s] Level 1:colcon.colcon_core.package_identification:_identify(src/champ/champ/champ_gazebo) by extensions ['colcon_meta']
[1.202s] Level 1:colcon.colcon_core.package_identification:_identify(src/champ/champ/champ_gazebo) by extension 'colcon_meta'
[1.202s] Level 1:colcon.colcon_core.package_identification:_identify(src/champ/champ/champ_gazebo) by extensions ['ros']
[1.202s] Level 1:colcon.colcon_core.package_identification:_identify(src/champ/champ/champ_gazebo) by extension 'ros'
[1.203s] Level 1:colcon.colcon_core.package_identification:_identify(src/champ/champ/champ_gazebo) ignored
[1.203s] Level 1:colcon.colcon_core.package_identification:_identify(src/champ/champ/champ_msgs) by extensions ['ignore', 'ignore_ament_install']
[1.204s] Level 1:colcon.colcon_core.package_identification:_identify(src/champ/champ/champ_msgs) by extension 'ignore'
[1.204s] Level 1:colcon.colcon_core.package_identification:_identify(src/champ/champ/champ_msgs) by extension 'ignore_ament_install'
[1.204s] Level 1:colcon.colcon_core.package_identification:_identify(src/champ/champ/champ_msgs) by extensions ['colcon_pkg']
[1.205s] Level 1:colcon.colcon_core.package_identification:_identify(src/champ/champ/champ_msgs) by extension 'colcon_pkg'
[1.205s] Level 1:colcon.colcon_core.package_identification:_identify(src/champ/champ/champ_msgs) by extensions ['colcon_meta']
[1.205s] Level 1:colcon.colcon_core.package_identification:_identify(src/champ/champ/champ_msgs) by extension 'colcon_meta'
[1.205s] Level 1:colcon.colcon_core.package_identification:_identify(src/champ/champ/champ_msgs) by extensions ['ros']
[1.206s] Level 1:colcon.colcon_core.package_identification:_identify(src/champ/champ/champ_msgs) by extension 'ros'
[1.209s] DEBUG:colcon.colcon_core.package_identification:Package 'src/champ/champ/champ_msgs' with type 'ros.ament_cmake' and name 'champ_msgs'
[1.210s] Level 1:colcon.colcon_core.package_identification:_identify(src/champ/champ/champ_navigation) by extensions ['ignore', 'ignore_ament_install']
[1.210s] Level 1:colcon.colcon_core.package_identification:_identify(src/champ/champ/champ_navigation) by extension 'ignore'
[1.211s] Level 1:colcon.colcon_core.package_identification:_identify(src/champ/champ/champ_navigation) by extension 'ignore_ament_install'
[1.211s] Level 1:colcon.colcon_core.package_identification:_identify(src/champ/champ/champ_navigation) by extensions ['colcon_pkg']
[1.211s] Level 1:colcon.colcon_core.package_identification:_identify(src/champ/champ/champ_navigation) by extension 'colcon_pkg'
[1.212s] Level 1:colcon.colcon_core.package_identification:_identify(src/champ/champ/champ_navigation) by extensions ['colcon_meta']
[1.212s] Level 1:colcon.colcon_core.package_identification:_identify(src/champ/champ/champ_navigation) by extension 'colcon_meta'
[1.212s] Level 1:colcon.colcon_core.package_identification:_identify(src/champ/champ/champ_navigation) by extensions ['ros']
[1.212s] Level 1:colcon.colcon_core.package_identification:_identify(src/champ/champ/champ_navigation) by extension 'ros'
[1.213s] Level 1:colcon.colcon_core.package_identification:_identify(src/champ/champ/champ_navigation) ignored
[1.213s] Level 1:colcon.colcon_core.package_identification:_identify(src/champ/champ/docs) by extensions ['ignore', 'ignore_ament_install']
[1.214s] Level 1:colcon.colcon_core.package_identification:_identify(src/champ/champ/docs) by extension 'ignore'
[1.214s] Level 1:colcon.colcon_core.package_identification:_identify(src/champ/champ/docs) by extension 'ignore_ament_install'
[1.214s] Level 1:colcon.colcon_core.package_identification:_identify(src/champ/champ/docs) by extensions ['colcon_pkg']
[1.215s] Level 1:colcon.colcon_core.package_identification:_identify(src/champ/champ/docs) by extension 'colcon_pkg'
[1.215s] Level 1:colcon.colcon_core.package_identification:_identify(src/champ/champ/docs) by extensions ['colcon_meta']
[1.215s] Level 1:colcon.colcon_core.package_identification:_identify(src/champ/champ/docs) by extension 'colcon_meta'
[1.215s] Level 1:colcon.colcon_core.package_identification:_identify(src/champ/champ/docs) by extensions ['ros']
[1.216s] Level 1:colcon.colcon_core.package_identification:_identify(src/champ/champ/docs) by extension 'ros'
[1.216s] Level 1:colcon.colcon_core.package_identification:_identify(src/champ/champ/docs) by extensions ['cmake', 'python']
[1.216s] Level 1:colcon.colcon_core.package_identification:_identify(src/champ/champ/docs) by extension 'cmake'
[1.217s] Level 1:colcon.colcon_core.package_identification:_identify(src/champ/champ/docs) by extension 'python'
[1.217s] Level 1:colcon.colcon_core.package_identification:_identify(src/champ/champ/docs) by extensions ['python_setup_py']
[1.217s] Level 1:colcon.colcon_core.package_identification:_identify(src/champ/champ/docs) by extension 'python_setup_py'
[1.218s] Level 1:colcon.colcon_core.package_identification:_identify(src/champ/champ/docs/images) by extensions ['ignore', 'ignore_ament_install']
[1.218s] Level 1:colcon.colcon_core.package_identification:_identify(src/champ/champ/docs/images) by extension 'ignore'
[1.219s] Level 1:colcon.colcon_core.package_identification:_identify(src/champ/champ/docs/images) by extension 'ignore_ament_install'
[1.219s] Level 1:colcon.colcon_core.package_identification:_identify(src/champ/champ/docs/images) by extensions ['colcon_pkg']
[1.219s] Level 1:colcon.colcon_core.package_identification:_identify(src/champ/champ/docs/images) by extension 'colcon_pkg'
[1.219s] Level 1:colcon.colcon_core.package_identification:_identify(src/champ/champ/docs/images) by extensions ['colcon_meta']
[1.219s] Level 1:colcon.colcon_core.package_identification:_identify(src/champ/champ/docs/images) by extension 'colcon_meta'
[1.220s] Level 1:colcon.colcon_core.package_identification:_identify(src/champ/champ/docs/images) by extensions ['ros']
[1.220s] Level 1:colcon.colcon_core.package_identification:_identify(src/champ/champ/docs/images) by extension 'ros'
[1.221s] Level 1:colcon.colcon_core.package_identification:_identify(src/champ/champ/docs/images) by extensions ['cmake', 'python']
[1.221s] Level 1:colcon.colcon_core.package_identification:_identify(src/champ/champ/docs/images) by extension 'cmake'
[1.221s] Level 1:colcon.colcon_core.package_identification:_identify(src/champ/champ/docs/images) by extension 'python'
[1.221s] Level 1:colcon.colcon_core.package_identification:_identify(src/champ/champ/docs/images) by extensions ['python_setup_py']
[1.222s] Level 1:colcon.colcon_core.package_identification:_identify(src/champ/champ/docs/images) by extension 'python_setup_py'
[1.222s] Level 1:colcon.colcon_core.package_identification:_identify(src/champ/champ_teleop) by extensions ['ignore', 'ignore_ament_install']
[1.223s] Level 1:colcon.colcon_core.package_identification:_identify(src/champ/champ_teleop) by extension 'ignore'
[1.223s] Level 1:colcon.colcon_core.package_identification:_identify(src/champ/champ_teleop) by extension 'ignore_ament_install'
[1.223s] Level 1:colcon.colcon_core.package_identification:_identify(src/champ/champ_teleop) by extensions ['colcon_pkg']
[1.224s] Level 1:colcon.colcon_core.package_identification:_identify(src/champ/champ_teleop) by extension 'colcon_pkg'
[1.224s] Level 1:colcon.colcon_core.package_identification:_identify(src/champ/champ_teleop) by extensions ['colcon_meta']
[1.224s] Level 1:colcon.colcon_core.package_identification:_identify(src/champ/champ_teleop) by extension 'colcon_meta'
[1.224s] Level 1:colcon.colcon_core.package_identification:_identify(src/champ/champ_teleop) by extensions ['ros']
[1.224s] Level 1:colcon.colcon_core.package_identification:_identify(src/champ/champ_teleop) by extension 'ros'
[1.228s] DEBUG:colcon.colcon_core.package_identification:Package 'src/champ/champ_teleop' with type 'ros.ament_cmake' and name 'champ_teleop'
[1.229s] Level 1:colcon.colcon_core.package_identification:_identify(src/go_pupper_srv) by extensions ['ignore', 'ignore_ament_install']
[1.229s] Level 1:colcon.colcon_core.package_identification:_identify(src/go_pupper_srv) by extension 'ignore'
[1.230s] Level 1:colcon.colcon_core.package_identification:_identify(src/go_pupper_srv) by extension 'ignore_ament_install'
[1.230s] Level 1:colcon.colcon_core.package_identification:_identify(src/go_pupper_srv) by extensions ['colcon_pkg']
[1.230s] Level 1:colcon.colcon_core.package_identification:_identify(src/go_pupper_srv) by extension 'colcon_pkg'
[1.230s] Level 1:colcon.colcon_core.package_identification:_identify(src/go_pupper_srv) by extensions ['colcon_meta']
[1.231s] Level 1:colcon.colcon_core.package_identification:_identify(src/go_pupper_srv) by extension 'colcon_meta'
[1.231s] Level 1:colcon.colcon_core.package_identification:_identify(src/go_pupper_srv) by extensions ['ros']
[1.231s] Level 1:colcon.colcon_core.package_identification:_identify(src/go_pupper_srv) by extension 'ros'
[1.234s] DEBUG:colcon.colcon_core.package_identification:Package 'src/go_pupper_srv' with type 'ros.ament_python' and name 'go_pupper_srv'
[1.235s] Level 1:colcon.colcon_core.package_identification:_identify(src/install) by extensions ['ignore', 'ignore_ament_install']
[1.236s] Level 1:colcon.colcon_core.package_identification:_identify(src/install) by extension 'ignore'
[1.236s] Level 1:colcon.colcon_core.package_identification:_identify(src/install) ignored
[1.237s] Level 1:colcon.colcon_core.package_identification:_identify(src/ldlidar_stl_ros) by extensions ['ignore', 'ignore_ament_install']
[1.238s] Level 1:colcon.colcon_core.package_identification:_identify(src/ldlidar_stl_ros) by extension 'ignore'
[1.238s] Level 1:colcon.colcon_core.package_identification:_identify(src/ldlidar_stl_ros) by extension 'ignore_ament_install'
[1.238s] Level 1:colcon.colcon_core.package_identification:_identify(src/ldlidar_stl_ros) by extensions ['colcon_pkg']
[1.238s] Level 1:colcon.colcon_core.package_identification:_identify(src/ldlidar_stl_ros) by extension 'colcon_pkg'
[1.239s] Level 1:colcon.colcon_core.package_identification:_identify(src/ldlidar_stl_ros) by extensions ['colcon_meta']
[1.239s] Level 1:colcon.colcon_core.package_identification:_identify(src/ldlidar_stl_ros) by extension 'colcon_meta'
[1.239s] Level 1:colcon.colcon_core.package_identification:_identify(src/ldlidar_stl_ros) by extensions ['ros']
[1.239s] Level 1:colcon.colcon_core.package_identification:_identify(src/ldlidar_stl_ros) by extension 'ros'
[1.242s] DEBUG:colcon.colcon_core.package_identification:Package 'src/ldlidar_stl_ros' with type 'ros.ament_cmake' and name 'ldlidar_stl_ros2'
[1.243s] Level 1:colcon.colcon_core.package_identification:_identify(src/log) by extensions ['ignore', 'ignore_ament_install']
[1.244s] Level 1:colcon.colcon_core.package_identification:_identify(src/log) by extension 'ignore'
[1.244s] Level 1:colcon.colcon_core.package_identification:_identify(src/log) ignored
[1.245s] Level 1:colcon.colcon_core.package_identification:_identify(src/mini_pupper_ros) by extensions ['ignore', 'ignore_ament_install']
[1.245s] Level 1:colcon.colcon_core.package_identification:_identify(src/mini_pupper_ros) by extension 'ignore'
[1.246s] Level 1:colcon.colcon_core.package_identification:_identify(src/mini_pupper_ros) by extension 'ignore_ament_install'
[1.246s] Level 1:colcon.colcon_core.package_identification:_identify(src/mini_pupper_ros) by extensions ['colcon_pkg']
[1.246s] Level 1:colcon.colcon_core.package_identification:_identify(src/mini_pupper_ros) by extension 'colcon_pkg'
[1.247s] Level 1:colcon.colcon_core.package_identification:_identify(src/mini_pupper_ros) by extensions ['colcon_meta']
[1.247s] Level 1:colcon.colcon_core.package_identification:_identify(src/mini_pupper_ros) by extension 'colcon_meta'
[1.247s] Level 1:colcon.colcon_core.package_identification:_identify(src/mini_pupper_ros) by extensions ['ros']
[1.247s] Level 1:colcon.colcon_core.package_identification:_identify(src/mini_pupper_ros) by extension 'ros'
[1.248s] Level 1:colcon.colcon_core.package_identification:_identify(src/mini_pupper_ros) by extensions ['cmake', 'python']
[1.248s] Level 1:colcon.colcon_core.package_identification:_identify(src/mini_pupper_ros) by extension 'cmake'
[1.248s] Level 1:colcon.colcon_core.package_identification:_identify(src/mini_pupper_ros) by extension 'python'
[1.248s] Level 1:colcon.colcon_core.package_identification:_identify(src/mini_pupper_ros) by extensions ['python_setup_py']
[1.249s] Level 1:colcon.colcon_core.package_identification:_identify(src/mini_pupper_ros) by extension 'python_setup_py'
[1.249s] Level 1:colcon.colcon_core.package_identification:_identify(src/mini_pupper_ros/mini_pupper_2_description) by extensions ['ignore', 'ignore_ament_install']
[1.250s] Level 1:colcon.colcon_core.package_identification:_identify(src/mini_pupper_ros/mini_pupper_2_description) by extension 'ignore'
[1.250s] Level 1:colcon.colcon_core.package_identification:_identify(src/mini_pupper_ros/mini_pupper_2_description) by extension 'ignore_ament_install'
[1.251s] Level 1:colcon.colcon_core.package_identification:_identify(src/mini_pupper_ros/mini_pupper_2_description) by extensions ['colcon_pkg']
[1.251s] Level 1:colcon.colcon_core.package_identification:_identify(src/mini_pupper_ros/mini_pupper_2_description) by extension 'colcon_pkg'
[1.251s] Level 1:colcon.colcon_core.package_identification:_identify(src/mini_pupper_ros/mini_pupper_2_description) by extensions ['colcon_meta']
[1.251s] Level 1:colcon.colcon_core.package_identification:_identify(src/mini_pupper_ros/mini_pupper_2_description) by extension 'colcon_meta'
[1.252s] Level 1:colcon.colcon_core.package_identification:_identify(src/mini_pupper_ros/mini_pupper_2_description) by extensions ['ros']
[1.252s] Level 1:colcon.colcon_core.package_identification:_identify(src/mini_pupper_ros/mini_pupper_2_description) by extension 'ros'
[1.255s] DEBUG:colcon.colcon_core.package_identification:Package 'src/mini_pupper_ros/mini_pupper_2_description' with type 'ros.ament_cmake' and name 'mini_pupper_2_description'
[1.256s] Level 1:colcon.colcon_core.package_identification:_identify(src/mini_pupper_ros/mini_pupper_bringup) by extensions ['ignore', 'ignore_ament_install']
[1.256s] Level 1:colcon.colcon_core.package_identification:_identify(src/mini_pupper_ros/mini_pupper_bringup) by extension 'ignore'
[1.256s] Level 1:colcon.colcon_core.package_identification:_identify(src/mini_pupper_ros/mini_pupper_bringup) by extension 'ignore_ament_install'
[1.257s] Level 1:colcon.colcon_core.package_identification:_identify(src/mini_pupper_ros/mini_pupper_bringup) by extensions ['colcon_pkg']
[1.257s] Level 1:colcon.colcon_core.package_identification:_identify(src/mini_pupper_ros/mini_pupper_bringup) by extension 'colcon_pkg'
[1.257s] Level 1:colcon.colcon_core.package_identification:_identify(src/mini_pupper_ros/mini_pupper_bringup) by extensions ['colcon_meta']
[1.258s] Level 1:colcon.colcon_core.package_identification:_identify(src/mini_pupper_ros/mini_pupper_bringup) by extension 'colcon_meta'
[1.258s] Level 1:colcon.colcon_core.package_identification:_identify(src/mini_pupper_ros/mini_pupper_bringup) by extensions ['ros']
[1.258s] Level 1:colcon.colcon_core.package_identification:_identify(src/mini_pupper_ros/mini_pupper_bringup) by extension 'ros'
[1.261s] DEBUG:colcon.colcon_core.package_identification:Package 'src/mini_pupper_ros/mini_pupper_bringup' with type 'ros.ament_cmake' and name 'mini_pupper_bringup'
[1.262s] Level 1:colcon.colcon_core.package_identification:_identify(src/mini_pupper_ros/mini_pupper_dance) by extensions ['ignore', 'ignore_ament_install']
[1.262s] Level 1:colcon.colcon_core.package_identification:_identify(src/mini_pupper_ros/mini_pupper_dance) by extension 'ignore'
[1.263s] Level 1:colcon.colcon_core.package_identification:_identify(src/mini_pupper_ros/mini_pupper_dance) by extension 'ignore_ament_install'
[1.263s] Level 1:colcon.colcon_core.package_identification:_identify(src/mini_pupper_ros/mini_pupper_dance) by extensions ['colcon_pkg']
[1.263s] Level 1:colcon.colcon_core.package_identification:_identify(src/mini_pupper_ros/mini_pupper_dance) by extension 'colcon_pkg'
[1.263s] Level 1:colcon.colcon_core.package_identification:_identify(src/mini_pupper_ros/mini_pupper_dance) by extensions ['colcon_meta']
[1.264s] Level 1:colcon.colcon_core.package_identification:_identify(src/mini_pupper_ros/mini_pupper_dance) by extension 'colcon_meta'
[1.264s] Level 1:colcon.colcon_core.package_identification:_identify(src/mini_pupper_ros/mini_pupper_dance) by extensions ['ros']
[1.264s] Level 1:colcon.colcon_core.package_identification:_identify(src/mini_pupper_ros/mini_pupper_dance) by extension 'ros'
[1.267s] DEBUG:colcon.colcon_core.package_identification:Package 'src/mini_pupper_ros/mini_pupper_dance' with type 'ros.ament_python' and name 'mini_pupper_dance'
[1.268s] Level 1:colcon.colcon_core.package_identification:_identify(src/mini_pupper_ros/mini_pupper_description) by extensions ['ignore', 'ignore_ament_install']
[1.268s] Level 1:colcon.colcon_core.package_identification:_identify(src/mini_pupper_ros/mini_pupper_description) by extension 'ignore'
[1.269s] Level 1:colcon.colcon_core.package_identification:_identify(src/mini_pupper_ros/mini_pupper_description) by extension 'ignore_ament_install'
[1.269s] Level 1:colcon.colcon_core.package_identification:_identify(src/mini_pupper_ros/mini_pupper_description) by extensions ['colcon_pkg']
[1.269s] Level 1:colcon.colcon_core.package_identification:_identify(src/mini_pupper_ros/mini_pupper_description) by extension 'colcon_pkg'
[1.270s] Level 1:colcon.colcon_core.package_identification:_identify(src/mini_pupper_ros/mini_pupper_description) by extensions ['colcon_meta']
[1.270s] Level 1:colcon.colcon_core.package_identification:_identify(src/mini_pupper_ros/mini_pupper_description) by extension 'colcon_meta'
[1.270s] Level 1:colcon.colcon_core.package_identification:_identify(src/mini_pupper_ros/mini_pupper_description) by extensions ['ros']
[1.270s] Level 1:colcon.colcon_core.package_identification:_identify(src/mini_pupper_ros/mini_pupper_description) by extension 'ros'
[1.273s] DEBUG:colcon.colcon_core.package_identification:Package 'src/mini_pupper_ros/mini_pupper_description' with type 'ros.ament_cmake' and name 'mini_pupper_description'
[1.274s] Level 1:colcon.colcon_core.package_identification:_identify(src/mini_pupper_ros/mini_pupper_driver) by extensions ['ignore', 'ignore_ament_install']
[1.275s] Level 1:colcon.colcon_core.package_identification:_identify(src/mini_pupper_ros/mini_pupper_driver) by extension 'ignore'
[1.275s] Level 1:colcon.colcon_core.package_identification:_identify(src/mini_pupper_ros/mini_pupper_driver) by extension 'ignore_ament_install'
[1.276s] Level 1:colcon.colcon_core.package_identification:_identify(src/mini_pupper_ros/mini_pupper_driver) by extensions ['colcon_pkg']
[1.276s] Level 1:colcon.colcon_core.package_identification:_identify(src/mini_pupper_ros/mini_pupper_driver) by extension 'colcon_pkg'
[1.276s] Level 1:colcon.colcon_core.package_identification:_identify(src/mini_pupper_ros/mini_pupper_driver) by extensions ['colcon_meta']
[1.276s] Level 1:colcon.colcon_core.package_identification:_identify(src/mini_pupper_ros/mini_pupper_driver) by extension 'colcon_meta'
[1.277s] Level 1:colcon.colcon_core.package_identification:_identify(src/mini_pupper_ros/mini_pupper_driver) by extensions ['ros']
[1.277s] Level 1:colcon.colcon_core.package_identification:_identify(src/mini_pupper_ros/mini_pupper_driver) by extension 'ros'
[1.281s] DEBUG:colcon.colcon_core.package_identification:Package 'src/mini_pupper_ros/mini_pupper_driver' with type 'ros.ament_python' and name 'mini_pupper_driver'
[1.282s] Level 1:colcon.colcon_core.package_identification:_identify(src/mini_pupper_ros/mini_pupper_gazebo) by extensions ['ignore', 'ignore_ament_install']
[1.282s] Level 1:colcon.colcon_core.package_identification:_identify(src/mini_pupper_ros/mini_pupper_gazebo) by extension 'ignore'
[1.282s] Level 1:colcon.colcon_core.package_identification:_identify(src/mini_pupper_ros/mini_pupper_gazebo) by extension 'ignore_ament_install'
[1.283s] Level 1:colcon.colcon_core.package_identification:_identify(src/mini_pupper_ros/mini_pupper_gazebo) by extensions ['colcon_pkg']
[1.283s] Level 1:colcon.colcon_core.package_identification:_identify(src/mini_pupper_ros/mini_pupper_gazebo) by extension 'colcon_pkg'
[1.283s] Level 1:colcon.colcon_core.package_identification:_identify(src/mini_pupper_ros/mini_pupper_gazebo) by extensions ['colcon_meta']
[1.283s] Level 1:colcon.colcon_core.package_identification:_identify(src/mini_pupper_ros/mini_pupper_gazebo) by extension 'colcon_meta'
[1.284s] Level 1:colcon.colcon_core.package_identification:_identify(src/mini_pupper_ros/mini_pupper_gazebo) by extensions ['ros']
[1.284s] Level 1:colcon.colcon_core.package_identification:_identify(src/mini_pupper_ros/mini_pupper_gazebo) by extension 'ros'
[1.284s] Level 1:colcon.colcon_core.package_identification:_identify(src/mini_pupper_ros/mini_pupper_gazebo) ignored
[1.285s] Level 1:colcon.colcon_core.package_identification:_identify(src/mini_pupper_ros/mini_pupper_interfaces) by extensions ['ignore', 'ignore_ament_install']
[1.285s] Level 1:colcon.colcon_core.package_identification:_identify(src/mini_pupper_ros/mini_pupper_interfaces) by extension 'ignore'
[1.286s] Level 1:colcon.colcon_core.package_identification:_identify(src/mini_pupper_ros/mini_pupper_interfaces) by extension 'ignore_ament_install'
[1.286s] Level 1:colcon.colcon_core.package_identification:_identify(src/mini_pupper_ros/mini_pupper_interfaces) by extensions ['colcon_pkg']
[1.286s] Level 1:colcon.colcon_core.package_identification:_identify(src/mini_pupper_ros/mini_pupper_interfaces) by extension 'colcon_pkg'
[1.287s] Level 1:colcon.colcon_core.package_identification:_identify(src/mini_pupper_ros/mini_pupper_interfaces) by extensions ['colcon_meta']
[1.287s] Level 1:colcon.colcon_core.package_identification:_identify(src/mini_pupper_ros/mini_pupper_interfaces) by extension 'colcon_meta'
[1.287s] Level 1:colcon.colcon_core.package_identification:_identify(src/mini_pupper_ros/mini_pupper_interfaces) by extensions ['ros']
[1.287s] Level 1:colcon.colcon_core.package_identification:_identify(src/mini_pupper_ros/mini_pupper_interfaces) by extension 'ros'
[1.290s] DEBUG:colcon.colcon_core.package_identification:Package 'src/mini_pupper_ros/mini_pupper_interfaces' with type 'ros.ament_cmake' and name 'mini_pupper_interfaces'
[1.291s] Level 1:colcon.colcon_core.package_identification:_identify(src/mini_pupper_ros/mini_pupper_music) by extensions ['ignore', 'ignore_ament_install']
[1.292s] Level 1:colcon.colcon_core.package_identification:_identify(src/mini_pupper_ros/mini_pupper_music) by extension 'ignore'
[1.292s] Level 1:colcon.colcon_core.package_identification:_identify(src/mini_pupper_ros/mini_pupper_music) by extension 'ignore_ament_install'
[1.292s] Level 1:colcon.colcon_core.package_identification:_identify(src/mini_pupper_ros/mini_pupper_music) by extensions ['colcon_pkg']
[1.293s] Level 1:colcon.colcon_core.package_identification:_identify(src/mini_pupper_ros/mini_pupper_music) by extension 'colcon_pkg'
[1.293s] Level 1:colcon.colcon_core.package_identification:_identify(src/mini_pupper_ros/mini_pupper_music) by extensions ['colcon_meta']
[1.293s] Level 1:colcon.colcon_core.package_identification:_identify(src/mini_pupper_ros/mini_pupper_music) by extension 'colcon_meta'
[1.294s] Level 1:colcon.colcon_core.package_identification:_identify(src/mini_pupper_ros/mini_pupper_music) by extensions ['ros']
[1.294s] Level 1:colcon.colcon_core.package_identification:_identify(src/mini_pupper_ros/mini_pupper_music) by extension 'ros'
[1.296s] DEBUG:colcon.colcon_core.package_identification:Package 'src/mini_pupper_ros/mini_pupper_music' with type 'ros.ament_python' and name 'mini_pupper_music'
[1.297s] Level 1:colcon.colcon_core.package_identification:_identify(src/mini_pupper_ros/mini_pupper_navigation) by extensions ['ignore', 'ignore_ament_install']
[1.298s] Level 1:colcon.colcon_core.package_identification:_identify(src/mini_pupper_ros/mini_pupper_navigation) by extension 'ignore'
[1.298s] Level 1:colcon.colcon_core.package_identification:_identify(src/mini_pupper_ros/mini_pupper_navigation) by extension 'ignore_ament_install'
[1.298s] Level 1:colcon.colcon_core.package_identification:_identify(src/mini_pupper_ros/mini_pupper_navigation) by extensions ['colcon_pkg']
[1.299s] Level 1:colcon.colcon_core.package_identification:_identify(src/mini_pupper_ros/mini_pupper_navigation) by extension 'colcon_pkg'
[1.299s] Level 1:colcon.colcon_core.package_identification:_identify(src/mini_pupper_ros/mini_pupper_navigation) by extensions ['colcon_meta']
[1.299s] Level 1:colcon.colcon_core.package_identification:_identify(src/mini_pupper_ros/mini_pupper_navigation) by extension 'colcon_meta'
[1.299s] Level 1:colcon.colcon_core.package_identification:_identify(src/mini_pupper_ros/mini_pupper_navigation) by extensions ['ros']
[1.300s] Level 1:colcon.colcon_core.package_identification:_identify(src/mini_pupper_ros/mini_pupper_navigation) by extension 'ros'
[1.300s] Level 1:colcon.colcon_core.package_identification:_identify(src/mini_pupper_ros/mini_pupper_navigation) ignored
[1.301s] Level 1:colcon.colcon_core.package_identification:_identify(src/pupper_interfaces) by extensions ['ignore', 'ignore_ament_install']
[1.301s] Level 1:colcon.colcon_core.package_identification:_identify(src/pupper_interfaces) by extension 'ignore'
[1.301s] Level 1:colcon.colcon_core.package_identification:_identify(src/pupper_interfaces) by extension 'ignore_ament_install'
[1.302s] Level 1:colcon.colcon_core.package_identification:_identify(src/pupper_interfaces) by extensions ['colcon_pkg']
[1.302s] Level 1:colcon.colcon_core.package_identification:_identify(src/pupper_interfaces) by extension 'colcon_pkg'
[1.302s] Level 1:colcon.colcon_core.package_identification:_identify(src/pupper_interfaces) by extensions ['colcon_meta']
[1.302s] Level 1:colcon.colcon_core.package_identification:_identify(src/pupper_interfaces) by extension 'colcon_meta'
[1.303s] Level 1:colcon.colcon_core.package_identification:_identify(src/pupper_interfaces) by extensions ['ros']
[1.303s] Level 1:colcon.colcon_core.package_identification:_identify(src/pupper_interfaces) by extension 'ros'
[1.306s] DEBUG:colcon.colcon_core.package_identification:Package 'src/pupper_interfaces' with type 'ros.ament_cmake' and name 'pupper_interfaces'
[1.306s] Level 1:colcon.colcon_core.package_discovery:discover_packages(recursive) using defaults
[1.307s] Level 1:colcon.colcon_core.package_discovery:discover_packages(ignore) discover
[1.307s] Level 1:colcon.colcon_core.package_discovery:discover_packages(ignore) using defaults
[1.307s] Level 1:colcon.colcon_core.package_discovery:discover_packages(path) discover
[1.307s] Level 1:colcon.colcon_core.package_discovery:discover_packages(path) using defaults
[1.437s] INFO:colcon.colcon_core.package_selection:Skipping not selected package 'champ' in 'src/champ/champ/champ'
[1.437s] INFO:colcon.colcon_core.package_selection:Skipping not selected package 'champ_config' in 'src/champ/champ/champ_config'
[1.438s] INFO:colcon.colcon_core.package_selection:Skipping not selected package 'champ_description' in 'src/champ/champ/champ_description'
[1.438s] INFO:colcon.colcon_core.package_selection:Skipping not selected package 'champ_msgs' in 'src/champ/champ/champ_msgs'
[1.438s] INFO:colcon.colcon_core.package_selection:Skipping not selected package 'champ_teleop' in 'src/champ/champ_teleop'
[1.438s] INFO:colcon.colcon_core.package_selection:Skipping not selected package 'ldlidar_stl_ros2' in 'src/ldlidar_stl_ros'
[1.438s] INFO:colcon.colcon_core.package_selection:Skipping not selected package 'mini_pupper_2_description' in 'src/mini_pupper_ros/mini_pupper_2_description'
[1.438s] INFO:colcon.colcon_core.package_selection:Skipping not selected package 'mini_pupper_description' in 'src/mini_pupper_ros/mini_pupper_description'
[1.438s] INFO:colcon.colcon_core.package_selection:Skipping not selected package 'mini_pupper_driver' in 'src/mini_pupper_ros/mini_pupper_driver'
[1.439s] INFO:colcon.colcon_core.package_selection:Skipping not selected package 'mini_pupper_interfaces' in 'src/mini_pupper_ros/mini_pupper_interfaces'
[1.439s] INFO:colcon.colcon_core.package_selection:Skipping not selected package 'mini_pupper_music' in 'src/mini_pupper_ros/mini_pupper_music'
[1.439s] INFO:colcon.colcon_core.package_selection:Skipping not selected package 'pupper_interfaces' in 'src/pupper_interfaces'
[1.439s] INFO:colcon.colcon_core.package_selection:Skipping not selected package 'champ_base' in 'src/champ/champ/champ_base'
[1.439s] INFO:colcon.colcon_core.package_selection:Skipping not selected package 'mini_pupper_dance' in 'src/mini_pupper_ros/mini_pupper_dance'
[1.439s] INFO:colcon.colcon_core.package_selection:Skipping not selected package 'champ_bringup' in 'src/champ/champ/champ_bringup'
[1.440s] INFO:colcon.colcon_core.package_selection:Skipping not selected package 'mini_pupper_bringup' in 'src/mini_pupper_ros/mini_pupper_bringup'
[1.442s] Level 1:colcon.colcon_core.package_discovery:discover_packages(prefix_path) check parameters
[1.442s] Level 1:colcon.colcon_core.package_discovery:discover_packages(prefix_path) discover
[1.463s] DEBUG:colcon.colcon_installed_package_information.package_discovery:Found 17 installed packages in /home/ubuntu/ros2_ws/install
[1.475s] DEBUG:colcon.colcon_installed_package_information.package_discovery:Found 275 installed packages in /opt/ros/humble
[1.484s] Level 1:colcon.colcon_core.package_discovery:discover_packages(prefix_path) using defaults
[1.714s] Level 5:colcon.colcon_core.verb:set package 'go_pupper_srv' build argument 'cmake_args' from command line to 'None'
[1.714s] Level 5:colcon.colcon_core.verb:set package 'go_pupper_srv' build argument 'cmake_target' from command line to 'None'
[1.714s] Level 5:colcon.colcon_core.verb:set package 'go_pupper_srv' build argument 'cmake_target_skip_unavailable' from command line to 'False'
[1.714s] Level 5:colcon.colcon_core.verb:set package 'go_pupper_srv' build argument 'cmake_clean_cache' from command line to 'False'
[1.714s] Level 5:colcon.colcon_core.verb:set package 'go_pupper_srv' build argument 'cmake_clean_first' from command line to 'False'
[1.715s] Level 5:colcon.colcon_core.verb:set package 'go_pupper_srv' build argument 'cmake_force_configure' from command line to 'False'
[1.715s] Level 5:colcon.colcon_core.verb:set package 'go_pupper_srv' build argument 'ament_cmake_args' from command line to 'None'
[1.715s] Level 5:colcon.colcon_core.verb:set package 'go_pupper_srv' build argument 'catkin_cmake_args' from command line to 'None'
[1.715s] Level 5:colcon.colcon_core.verb:set package 'go_pupper_srv' build argument 'catkin_skip_building_tests' from command line to 'False'
[1.715s] DEBUG:colcon.colcon_core.verb:Building package 'go_pupper_srv' with the following arguments: {'ament_cmake_args': None, 'build_base': '/home/ubuntu/ros2_ws/build/go_pupper_srv', 'catkin_cmake_args': None, 'catkin_skip_building_tests': False, 'cmake_args': None, 'cmake_clean_cache': False, 'cmake_clean_first': False, 'cmake_force_configure': False, 'cmake_target': None, 'cmake_target_skip_unavailable': False, 'install_base': '/home/ubuntu/ros2_ws/install/go_pupper_srv', 'merge_install': False, 'path': '/home/ubuntu/ros2_ws/src/go_pupper_srv', 'symlink_install': False, 'test_result_base': None}
[1.716s] INFO:colcon.colcon_core.executor:Executing jobs using 'parallel' executor
[1.721s] DEBUG:colcon.colcon_parallel_executor.executor.parallel:run_until_complete
[1.724s] INFO:colcon.colcon_ros.task.ament_python.build:Building ROS package in '/home/ubuntu/ros2_ws/src/go_pupper_srv' with build type 'ament_python'
[1.725s] Level 1:colcon.colcon_core.shell:create_environment_hook('go_pupper_srv', 'ament_prefix_path')
[1.739s] INFO:colcon.colcon_core.plugin_system:Skipping extension 'colcon_core.shell.bat': Not used on non-Windows systems
[1.740s] INFO:colcon.colcon_core.shell:Creating environment hook '/home/ubuntu/ros2_ws/install/go_pupper_srv/share/go_pupper_srv/hook/ament_prefix_path.ps1'
[1.744s] INFO:colcon.colcon_core.shell:Creating environment descriptor '/home/ubuntu/ros2_ws/install/go_pupper_srv/share/go_pupper_srv/hook/ament_prefix_path.dsv'
[1.749s] INFO:colcon.colcon_core.shell:Creating environment hook '/home/ubuntu/ros2_ws/install/go_pupper_srv/share/go_pupper_srv/hook/ament_prefix_path.sh'
[1.758s] INFO:colcon.colcon_core.shell:Skip shell extension 'powershell' for command environment: Not usable outside of PowerShell
[1.758s] DEBUG:colcon.colcon_core.shell:Skip shell extension 'dsv' for command environment
[3.210s] INFO:colcon.colcon_core.task.python.build:Building Python package in '/home/ubuntu/ros2_ws/src/go_pupper_srv'
[3.211s] INFO:colcon.colcon_core.shell:Skip shell extension 'powershell' for command environment: Not usable outside of PowerShell
[3.212s] DEBUG:colcon.colcon_core.shell:Skip shell extension 'dsv' for command environment
[8.057s] DEBUG:colcon.colcon_core.event_handler.log_command:Invoking command in '/home/ubuntu/ros2_ws/src/go_pupper_srv': PYTHONPATH=/home/ubuntu/ros2_ws/build/go_pupper_srv/prefix_override:/home/ubuntu/ros2_ws/install/go_pupper_srv/lib/python3.10/site-packages:${PYTHONPATH} /usr/bin/python3 -W ignore:setup.py install is deprecated setup.py egg_info --egg-base ../../build/go_pupper_srv build --build-base /home/ubuntu/ros2_ws/build/go_pupper_srv/build install --record /home/ubuntu/ros2_ws/build/go_pupper_srv/install.log --single-version-externally-managed install_data
[12.141s] DEBUG:colcon.colcon_core.event_handler.log_command:Invoked command in '/home/ubuntu/ros2_ws/src/go_pupper_srv' returned '0': PYTHONPATH=/home/ubuntu/ros2_ws/build/go_pupper_srv/prefix_override:/home/ubuntu/ros2_ws/install/go_pupper_srv/lib/python3.10/site-packages:${PYTHONPATH} /usr/bin/python3 -W ignore:setup.py install is deprecated setup.py egg_info --egg-base ../../build/go_pupper_srv build --build-base /home/ubuntu/ros2_ws/build/go_pupper_srv/build install --record /home/ubuntu/ros2_ws/build/go_pupper_srv/install.log --single-version-externally-managed install_data
[12.154s] Level 1:colcon.colcon_core.environment:checking '/home/ubuntu/ros2_ws/install/go_pupper_srv' for CMake module files
[12.156s] Level 1:colcon.colcon_core.environment:checking '/home/ubuntu/ros2_ws/install/go_pupper_srv' for CMake config files
[12.161s] Level 1:colcon.colcon_core.environment:checking '/home/ubuntu/ros2_ws/install/go_pupper_srv/lib'
[12.162s] Level 1:colcon.colcon_core.environment:checking '/home/ubuntu/ros2_ws/install/go_pupper_srv/bin'
[12.163s] Level 1:colcon.colcon_core.environment:checking '/home/ubuntu/ros2_ws/install/go_pupper_srv/lib/pkgconfig/go_pupper_srv.pc'
[12.164s] Level 1:colcon.colcon_core.environment:checking '/home/ubuntu/ros2_ws/install/go_pupper_srv/lib/python3.10/site-packages'
[12.164s] Level 1:colcon.colcon_core.shell:create_environment_hook('go_pupper_srv', 'pythonpath')
[12.165s] INFO:colcon.colcon_core.shell:Creating environment hook '/home/ubuntu/ros2_ws/install/go_pupper_srv/share/go_pupper_srv/hook/pythonpath.ps1'
[12.168s] INFO:colcon.colcon_core.shell:Creating environment descriptor '/home/ubuntu/ros2_ws/install/go_pupper_srv/share/go_pupper_srv/hook/pythonpath.dsv'
[12.170s] INFO:colcon.colcon_core.shell:Creating environment hook '/home/ubuntu/ros2_ws/install/go_pupper_srv/share/go_pupper_srv/hook/pythonpath.sh'
[12.175s] Level 1:colcon.colcon_core.environment:checking '/home/ubuntu/ros2_ws/install/go_pupper_srv/bin'
[12.175s] Level 1:colcon.colcon_core.environment:create_environment_scripts_only(go_pupper_srv)
[12.179s] INFO:colcon.colcon_core.shell:Creating package script '/home/ubuntu/ros2_ws/install/go_pupper_srv/share/go_pupper_srv/package.ps1'
[12.185s] INFO:colcon.colcon_core.shell:Creating package descriptor '/home/ubuntu/ros2_ws/install/go_pupper_srv/share/go_pupper_srv/package.dsv'
[12.189s] INFO:colcon.colcon_core.shell:Creating package script '/home/ubuntu/ros2_ws/install/go_pupper_srv/share/go_pupper_srv/package.sh'
[12.193s] INFO:colcon.colcon_core.shell:Creating package script '/home/ubuntu/ros2_ws/install/go_pupper_srv/share/go_pupper_srv/package.bash'
[12.200s] INFO:colcon.colcon_core.shell:Creating package script '/home/ubuntu/ros2_ws/install/go_pupper_srv/share/go_pupper_srv/package.zsh'
[12.203s] Level 1:colcon.colcon_core.environment:create_file_with_runtime_dependencies(/home/ubuntu/ros2_ws/install/go_pupper_srv/share/colcon-core/packages/go_pupper_srv)
[12.205s] DEBUG:colcon.colcon_parallel_executor.executor.parallel:closing loop
[12.207s] DEBUG:colcon.colcon_parallel_executor.executor.parallel:loop closed
[12.207s] DEBUG:colcon.colcon_parallel_executor.executor.parallel:run_until_complete finished with '0'
[12.208s] DEBUG:colcon.colcon_core.event_reactor:joining thread
[12.235s] INFO:colcon.colcon_core.plugin_system:Skipping extension 'colcon_notification.desktop_notification.terminal_notifier': Not used on non-Darwin systems
[12.235s] INFO:colcon.colcon_core.plugin_system:Skipping extension 'colcon_notification.desktop_notification.win32': Not used on non-Windows systems
[12.235s] INFO:colcon.colcon_notification.desktop_notification:Sending desktop notification using 'notify2'
[12.335s] DEBUG:colcon.colcon_core.event_reactor:joined thread
[12.337s] INFO:colcon.colcon_core.shell:Creating prefix script '/home/ubuntu/ros2_ws/install/local_setup.ps1'
[12.341s] INFO:colcon.colcon_core.shell:Creating prefix util module '/home/ubuntu/ros2_ws/install/_local_setup_util_ps1.py'
[12.349s] INFO:colcon.colcon_core.shell:Creating prefix chain script '/home/ubuntu/ros2_ws/install/setup.ps1'
[12.364s] INFO:colcon.colcon_core.shell:Creating prefix script '/home/ubuntu/ros2_ws/install/local_setup.sh'
[12.368s] INFO:colcon.colcon_core.shell:Creating prefix util module '/home/ubuntu/ros2_ws/install/_local_setup_util_sh.py'
[12.371s] INFO:colcon.colcon_core.shell:Creating prefix chain script '/home/ubuntu/ros2_ws/install/setup.sh'
[12.383s] INFO:colcon.colcon_core.shell:Creating prefix script '/home/ubuntu/ros2_ws/install/local_setup.bash'
[12.386s] INFO:colcon.colcon_core.shell:Creating prefix chain script '/home/ubuntu/ros2_ws/install/setup.bash'
[12.397s] INFO:colcon.colcon_core.shell:Creating prefix script '/home/ubuntu/ros2_ws/install/local_setup.zsh'
[12.400s] INFO:colcon.colcon_core.shell:Creating prefix chain script '/home/ubuntu/ros2_ws/install/setup.zsh'
