running egg_info
writing ../../../build/mini_pupper_dance/mini_pupper_dance.egg-info/PKG-INFO
writing dependency_links to ../../../build/mini_pupper_dance/mini_pupper_dance.egg-info/dependency_links.txt
writing entry points to ../../../build/mini_pupper_dance/mini_pupper_dance.egg-info/entry_points.txt
writing requirements to ../../../build/mini_pupper_dance/mini_pupper_dance.egg-info/requires.txt
writing top-level names to ../../../build/mini_pupper_dance/mini_pupper_dance.egg-info/top_level.txt
reading manifest file '../../../build/mini_pupper_dance/mini_pupper_dance.egg-info/SOURCES.txt'
writing manifest file '../../../build/mini_pupper_dance/mini_pupper_dance.egg-info/SOURCES.txt'
running build
running build_py
running install
running install_lib
running install_data
running install_egg_info
removing '/home/ubuntu/ros2_ws/install/mini_pupper_dance/lib/python3.10/site-packages/mini_pupper_dance-0.0.0-py3.10.egg-info' (and everything under it)
Copying ../../../build/mini_pupper_dance/mini_pupper_dance.egg-info to /home/ubuntu/ros2_ws/install/mini_pupper_dance/lib/python3.10/site-packages/mini_pupper_dance-0.0.0-py3.10.egg-info
running install_scripts
Installing client script to /home/ubuntu/ros2_ws/install/mini_pupper_dance/lib/mini_pupper_dance
Installing pose_controller script to /home/ubuntu/ros2_ws/install/mini_pupper_dance/lib/mini_pupper_dance
Installing service script to /home/ubuntu/ros2_ws/install/mini_pupper_dance/lib/mini_pupper_dance
writing list of installed files to '/home/ubuntu/ros2_ws/build/mini_pupper_dance/install.log'
