[0.224s] Invoking command in '/home/ubuntu/ros2_ws/build/champ_msgs': CMAKE_PREFIX_PATH=${CMAKE_PREFIX_PATH}:/home/ubuntu/ros2_ws/install/go_pupper_srv:/home/ubuntu/ros2_ws/install/mini_pupper_music:/home/ubuntu/ros2_ws/install/mini_pupper_dance:/home/ubuntu/ros2_ws/install/mini_pupper_driver:/opt/ros/humble /usr/bin/cmake --build /home/ubuntu/ros2_ws/build/champ_msgs -- -j4 -l4
[0.824s] [  1%] Built target champ_msgs__cpp
[0.869s] [ 12%] Built target champ_msgs__rosidl_generator_c
[1.045s] [ 12%] Built target ament_cmake_python_symlink_champ_msgs
[1.329s] [ 24%] Built target champ_msgs__rosidl_typesupport_introspection_cpp
[1.446s] [ 35%] Built target champ_msgs__rosidl_typesupport_fastrtps_c
[1.491s] [ 47%] Built target champ_msgs__rosidl_typesupport_cpp
[1.560s] [ 58%] Built target champ_msgs__rosidl_typesupport_fastrtps_cpp
[1.994s] [ 70%] Built target champ_msgs__rosidl_typesupport_introspection_c
[2.155s] [ 82%] Built target champ_msgs__rosidl_typesupport_c
[2.379s] [ 82%] Built target champ_msgs
[2.695s] [ 83%] Built target champ_msgs__py
[3.083s] [ 93%] Built target champ_msgs__rosidl_generator_py
[3.414s] [ 95%] Built target champ_msgs__rosidl_typesupport_fastrtps_c__pyext
[3.597s] [ 97%] Built target champ_msgs__rosidl_typesupport_c__pyext
[3.633s] [100%] Built target champ_msgs__rosidl_typesupport_introspection_c__pyext
[6.887s] running egg_info
[6.892s] writing champ_msgs.egg-info/PKG-INFO
[6.896s] writing dependency_links to champ_msgs.egg-info/dependency_links.txt
[6.898s] writing top-level names to champ_msgs.egg-info/top_level.txt
[6.948s] reading manifest file 'champ_msgs.egg-info/SOURCES.txt'
[6.954s] writing manifest file 'champ_msgs.egg-info/SOURCES.txt'
[7.305s] [100%] Built target ament_cmake_python_build_champ_msgs_egg
[7.556s] Invoked command in '/home/ubuntu/ros2_ws/build/champ_msgs' returned '0': CMAKE_PREFIX_PATH=${CMAKE_PREFIX_PATH}:/home/ubuntu/ros2_ws/install/go_pupper_srv:/home/ubuntu/ros2_ws/install/mini_pupper_music:/home/ubuntu/ros2_ws/install/mini_pupper_dance:/home/ubuntu/ros2_ws/install/mini_pupper_driver:/opt/ros/humble /usr/bin/cmake --build /home/ubuntu/ros2_ws/build/champ_msgs -- -j4 -l4
[11.682s] Invoking command in '/home/ubuntu/ros2_ws/build/champ_msgs': CMAKE_PREFIX_PATH=${CMAKE_PREFIX_PATH}:/home/ubuntu/ros2_ws/install/go_pupper_srv:/home/ubuntu/ros2_ws/install/mini_pupper_music:/home/ubuntu/ros2_ws/install/mini_pupper_dance:/home/ubuntu/ros2_ws/install/mini_pupper_driver:/opt/ros/humble /usr/bin/cmake --install /home/ubuntu/ros2_ws/build/champ_msgs
[11.789s] -- Install configuration: ""
[11.802s] -- Execute custom install script
[11.811s] -- Up-to-date symlink: /home/ubuntu/ros2_ws/install/champ_msgs/share/ament_index/resource_index/rosidl_interfaces/champ_msgs
[11.827s] -- Up-to-date symlink: /home/ubuntu/ros2_ws/install/champ_msgs/include/champ_msgs/champ_msgs/msg/contacts.h
[11.832s] -- Up-to-date symlink: /home/ubuntu/ros2_ws/install/champ_msgs/include/champ_msgs/champ_msgs/msg/contacts_stamped.h
[11.835s] -- Up-to-date symlink: /home/ubuntu/ros2_ws/install/champ_msgs/include/champ_msgs/champ_msgs/msg/detail/contacts__functions.h
[11.838s] -- Up-to-date symlink: /home/ubuntu/ros2_ws/install/champ_msgs/include/champ_msgs/champ_msgs/msg/detail/contacts__struct.h
[11.840s] -- Up-to-date symlink: /home/ubuntu/ros2_ws/install/champ_msgs/include/champ_msgs/champ_msgs/msg/detail/contacts__type_support.h
[11.843s] -- Up-to-date symlink: /home/ubuntu/ros2_ws/install/champ_msgs/include/champ_msgs/champ_msgs/msg/detail/contacts_stamped__functions.h
[11.845s] -- Up-to-date symlink: /home/ubuntu/ros2_ws/install/champ_msgs/include/champ_msgs/champ_msgs/msg/detail/contacts_stamped__struct.h
[11.847s] -- Up-to-date symlink: /home/ubuntu/ros2_ws/install/champ_msgs/include/champ_msgs/champ_msgs/msg/detail/contacts_stamped__type_support.h
[11.850s] -- Up-to-date symlink: /home/ubuntu/ros2_ws/install/champ_msgs/include/champ_msgs/champ_msgs/msg/detail/imu__functions.h
[11.853s] -- Up-to-date symlink: /home/ubuntu/ros2_ws/install/champ_msgs/include/champ_msgs/champ_msgs/msg/detail/imu__struct.h
[11.855s] -- Up-to-date symlink: /home/ubuntu/ros2_ws/install/champ_msgs/include/champ_msgs/champ_msgs/msg/detail/imu__type_support.h
[11.857s] -- Up-to-date symlink: /home/ubuntu/ros2_ws/install/champ_msgs/include/champ_msgs/champ_msgs/msg/detail/joints__functions.h
[11.859s] -- Up-to-date symlink: /home/ubuntu/ros2_ws/install/champ_msgs/include/champ_msgs/champ_msgs/msg/detail/joints__struct.h
[11.863s] -- Up-to-date symlink: /home/ubuntu/ros2_ws/install/champ_msgs/include/champ_msgs/champ_msgs/msg/detail/joints__type_support.h
[11.865s] -- Up-to-date symlink: /home/ubuntu/ros2_ws/install/champ_msgs/include/champ_msgs/champ_msgs/msg/detail/pid__functions.h
[11.868s] -- Up-to-date symlink: /home/ubuntu/ros2_ws/install/champ_msgs/include/champ_msgs/champ_msgs/msg/detail/pid__struct.h
[11.870s] -- Up-to-date symlink: /home/ubuntu/ros2_ws/install/champ_msgs/include/champ_msgs/champ_msgs/msg/detail/pid__type_support.h
[11.872s] -- Up-to-date symlink: /home/ubuntu/ros2_ws/install/champ_msgs/include/champ_msgs/champ_msgs/msg/detail/point__functions.h
[11.874s] -- Up-to-date symlink: /home/ubuntu/ros2_ws/install/champ_msgs/include/champ_msgs/champ_msgs/msg/detail/point__struct.h
[11.878s] -- Up-to-date symlink: /home/ubuntu/ros2_ws/install/champ_msgs/include/champ_msgs/champ_msgs/msg/detail/point__type_support.h
[11.883s] -- Up-to-date symlink: /home/ubuntu/ros2_ws/install/champ_msgs/include/champ_msgs/champ_msgs/msg/detail/point_array__functions.h
[11.901s] -- Up-to-date symlink: /home/ubuntu/ros2_ws/install/champ_msgs/include/champ_msgs/champ_msgs/msg/detail/point_array__struct.h
[11.902s] -- Up-to-date symlink: /home/ubuntu/ros2_ws/install/champ_msgs/include/champ_msgs/champ_msgs/msg/detail/point_array__type_support.h
[11.903s] -- Up-to-date symlink: /home/ubuntu/ros2_ws/install/champ_msgs/include/champ_msgs/champ_msgs/msg/detail/pose__functions.h
[11.903s] -- Up-to-date symlink: /home/ubuntu/ros2_ws/install/champ_msgs/include/champ_msgs/champ_msgs/msg/detail/pose__struct.h
[11.904s] -- Up-to-date symlink: /home/ubuntu/ros2_ws/install/champ_msgs/include/champ_msgs/champ_msgs/msg/detail/pose__type_support.h
[11.904s] -- Up-to-date symlink: /home/ubuntu/ros2_ws/install/champ_msgs/include/champ_msgs/champ_msgs/msg/detail/velocities__functions.h
[11.905s] -- Up-to-date symlink: /home/ubuntu/ros2_ws/install/champ_msgs/include/champ_msgs/champ_msgs/msg/detail/velocities__struct.h
[11.906s] -- Up-to-date symlink: /home/ubuntu/ros2_ws/install/champ_msgs/include/champ_msgs/champ_msgs/msg/detail/velocities__type_support.h
[11.906s] -- Up-to-date symlink: /home/ubuntu/ros2_ws/install/champ_msgs/include/champ_msgs/champ_msgs/msg/imu.h
[11.907s] -- Up-to-date symlink: /home/ubuntu/ros2_ws/install/champ_msgs/include/champ_msgs/champ_msgs/msg/joints.h
[11.907s] -- Up-to-date symlink: /home/ubuntu/ros2_ws/install/champ_msgs/include/champ_msgs/champ_msgs/msg/pid.h
[11.908s] -- Up-to-date symlink: /home/ubuntu/ros2_ws/install/champ_msgs/include/champ_msgs/champ_msgs/msg/point.h
[11.909s] -- Up-to-date symlink: /home/ubuntu/ros2_ws/install/champ_msgs/include/champ_msgs/champ_msgs/msg/point_array.h
[11.910s] -- Up-to-date symlink: /home/ubuntu/ros2_ws/install/champ_msgs/include/champ_msgs/champ_msgs/msg/pose.h
[11.910s] -- Up-to-date symlink: /home/ubuntu/ros2_ws/install/champ_msgs/include/champ_msgs/champ_msgs/msg/rosidl_generator_c__visibility_control.h
[11.910s] -- Up-to-date symlink: /home/ubuntu/ros2_ws/install/champ_msgs/include/champ_msgs/champ_msgs/msg/velocities.h
[11.911s] -- Up-to-date symlink: /home/ubuntu/ros2_ws/install/champ_msgs/share/champ_msgs/environment/library_path.sh
[11.918s] -- Up-to-date symlink: /home/ubuntu/ros2_ws/install/champ_msgs/share/champ_msgs/environment/library_path.dsv
[11.926s] -- Up-to-date symlink: /home/ubuntu/ros2_ws/install/champ_msgs/include/champ_msgs/champ_msgs/msg/detail/contacts__rosidl_typesupport_fastrtps_c.h
[11.926s] -- Up-to-date symlink: /home/ubuntu/ros2_ws/install/champ_msgs/include/champ_msgs/champ_msgs/msg/detail/contacts_stamped__rosidl_typesupport_fastrtps_c.h
[11.927s] -- Up-to-date symlink: /home/ubuntu/ros2_ws/install/champ_msgs/include/champ_msgs/champ_msgs/msg/detail/imu__rosidl_typesupport_fastrtps_c.h
[11.928s] -- Up-to-date symlink: /home/ubuntu/ros2_ws/install/champ_msgs/include/champ_msgs/champ_msgs/msg/detail/joints__rosidl_typesupport_fastrtps_c.h
[11.928s] -- Up-to-date symlink: /home/ubuntu/ros2_ws/install/champ_msgs/include/champ_msgs/champ_msgs/msg/detail/pid__rosidl_typesupport_fastrtps_c.h
[11.929s] -- Up-to-date symlink: /home/ubuntu/ros2_ws/install/champ_msgs/include/champ_msgs/champ_msgs/msg/detail/point__rosidl_typesupport_fastrtps_c.h
[11.933s] -- Up-to-date symlink: /home/ubuntu/ros2_ws/install/champ_msgs/include/champ_msgs/champ_msgs/msg/detail/point_array__rosidl_typesupport_fastrtps_c.h
[11.934s] -- Up-to-date symlink: /home/ubuntu/ros2_ws/install/champ_msgs/include/champ_msgs/champ_msgs/msg/detail/pose__rosidl_typesupport_fastrtps_c.h
[11.935s] -- Up-to-date symlink: /home/ubuntu/ros2_ws/install/champ_msgs/include/champ_msgs/champ_msgs/msg/detail/velocities__rosidl_typesupport_fastrtps_c.h
[11.935s] -- Up-to-date symlink: /home/ubuntu/ros2_ws/install/champ_msgs/include/champ_msgs/champ_msgs/msg/rosidl_typesupport_fastrtps_c__visibility_control.h
[11.938s] -- Up-to-date symlink: /home/ubuntu/ros2_ws/install/champ_msgs/include/champ_msgs/champ_msgs/msg/detail/contacts__rosidl_typesupport_introspection_c.h
[11.939s] -- Up-to-date symlink: /home/ubuntu/ros2_ws/install/champ_msgs/include/champ_msgs/champ_msgs/msg/detail/contacts_stamped__rosidl_typesupport_introspection_c.h
[11.942s] -- Up-to-date symlink: /home/ubuntu/ros2_ws/install/champ_msgs/include/champ_msgs/champ_msgs/msg/detail/imu__rosidl_typesupport_introspection_c.h
[11.945s] -- Up-to-date symlink: /home/ubuntu/ros2_ws/install/champ_msgs/include/champ_msgs/champ_msgs/msg/detail/joints__rosidl_typesupport_introspection_c.h
[11.946s] -- Up-to-date symlink: /home/ubuntu/ros2_ws/install/champ_msgs/include/champ_msgs/champ_msgs/msg/detail/pid__rosidl_typesupport_introspection_c.h
[11.947s] -- Up-to-date symlink: /home/ubuntu/ros2_ws/install/champ_msgs/include/champ_msgs/champ_msgs/msg/detail/point__rosidl_typesupport_introspection_c.h
[11.949s] -- Up-to-date symlink: /home/ubuntu/ros2_ws/install/champ_msgs/include/champ_msgs/champ_msgs/msg/detail/point_array__rosidl_typesupport_introspection_c.h
[11.949s] -- Up-to-date symlink: /home/ubuntu/ros2_ws/install/champ_msgs/include/champ_msgs/champ_msgs/msg/detail/pose__rosidl_typesupport_introspection_c.h
[11.950s] -- Up-to-date symlink: /home/ubuntu/ros2_ws/install/champ_msgs/include/champ_msgs/champ_msgs/msg/detail/velocities__rosidl_typesupport_introspection_c.h
[11.950s] -- Up-to-date symlink: /home/ubuntu/ros2_ws/install/champ_msgs/include/champ_msgs/champ_msgs/msg/rosidl_typesupport_introspection_c__visibility_control.h
[11.955s] -- Up-to-date symlink: /home/ubuntu/ros2_ws/install/champ_msgs/include/champ_msgs/champ_msgs/msg/contacts.hpp
[11.956s] -- Up-to-date symlink: /home/ubuntu/ros2_ws/install/champ_msgs/include/champ_msgs/champ_msgs/msg/contacts_stamped.hpp
[11.959s] -- Up-to-date symlink: /home/ubuntu/ros2_ws/install/champ_msgs/include/champ_msgs/champ_msgs/msg/detail/contacts__builder.hpp
[11.961s] -- Up-to-date symlink: /home/ubuntu/ros2_ws/install/champ_msgs/include/champ_msgs/champ_msgs/msg/detail/contacts__struct.hpp
[11.962s] -- Up-to-date symlink: /home/ubuntu/ros2_ws/install/champ_msgs/include/champ_msgs/champ_msgs/msg/detail/contacts__traits.hpp
[11.968s] -- Up-to-date symlink: /home/ubuntu/ros2_ws/install/champ_msgs/include/champ_msgs/champ_msgs/msg/detail/contacts_stamped__builder.hpp
[11.969s] -- Up-to-date symlink: /home/ubuntu/ros2_ws/install/champ_msgs/include/champ_msgs/champ_msgs/msg/detail/contacts_stamped__struct.hpp
[11.970s] -- Up-to-date symlink: /home/ubuntu/ros2_ws/install/champ_msgs/include/champ_msgs/champ_msgs/msg/detail/contacts_stamped__traits.hpp
[11.971s] -- Up-to-date symlink: /home/ubuntu/ros2_ws/install/champ_msgs/include/champ_msgs/champ_msgs/msg/detail/imu__builder.hpp
[11.971s] -- Up-to-date symlink: /home/ubuntu/ros2_ws/install/champ_msgs/include/champ_msgs/champ_msgs/msg/detail/imu__struct.hpp
[11.975s] -- Up-to-date symlink: /home/ubuntu/ros2_ws/install/champ_msgs/include/champ_msgs/champ_msgs/msg/detail/imu__traits.hpp
[11.976s] -- Up-to-date symlink: /home/ubuntu/ros2_ws/install/champ_msgs/include/champ_msgs/champ_msgs/msg/detail/joints__builder.hpp
[11.976s] -- Up-to-date symlink: /home/ubuntu/ros2_ws/install/champ_msgs/include/champ_msgs/champ_msgs/msg/detail/joints__struct.hpp
[11.995s] -- Up-to-date symlink: /home/ubuntu/ros2_ws/install/champ_msgs/include/champ_msgs/champ_msgs/msg/detail/joints__traits.hpp
[12.007s] -- Up-to-date symlink: /home/ubuntu/ros2_ws/install/champ_msgs/include/champ_msgs/champ_msgs/msg/detail/pid__builder.hpp
[12.013s] -- Up-to-date symlink: /home/ubuntu/ros2_ws/install/champ_msgs/include/champ_msgs/champ_msgs/msg/detail/pid__struct.hpp
[12.013s] -- Up-to-date symlink: /home/ubuntu/ros2_ws/install/champ_msgs/include/champ_msgs/champ_msgs/msg/detail/pid__traits.hpp
[12.015s] -- Up-to-date symlink: /home/ubuntu/ros2_ws/install/champ_msgs/include/champ_msgs/champ_msgs/msg/detail/point__builder.hpp
[12.016s] -- Up-to-date symlink: /home/ubuntu/ros2_ws/install/champ_msgs/include/champ_msgs/champ_msgs/msg/detail/point__struct.hpp
[12.020s] -- Up-to-date symlink: /home/ubuntu/ros2_ws/install/champ_msgs/include/champ_msgs/champ_msgs/msg/detail/point__traits.hpp
[12.022s] -- Up-to-date symlink: /home/ubuntu/ros2_ws/install/champ_msgs/include/champ_msgs/champ_msgs/msg/detail/point_array__builder.hpp
[12.023s] -- Up-to-date symlink: /home/ubuntu/ros2_ws/install/champ_msgs/include/champ_msgs/champ_msgs/msg/detail/point_array__struct.hpp
[12.026s] -- Up-to-date symlink: /home/ubuntu/ros2_ws/install/champ_msgs/include/champ_msgs/champ_msgs/msg/detail/point_array__traits.hpp
[12.026s] -- Up-to-date symlink: /home/ubuntu/ros2_ws/install/champ_msgs/include/champ_msgs/champ_msgs/msg/detail/pose__builder.hpp
[12.030s] -- Up-to-date symlink: /home/ubuntu/ros2_ws/install/champ_msgs/include/champ_msgs/champ_msgs/msg/detail/pose__struct.hpp
[12.032s] -- Up-to-date symlink: /home/ubuntu/ros2_ws/install/champ_msgs/include/champ_msgs/champ_msgs/msg/detail/pose__traits.hpp
[12.045s] -- Up-to-date symlink: /home/ubuntu/ros2_ws/install/champ_msgs/include/champ_msgs/champ_msgs/msg/detail/velocities__builder.hpp
[12.051s] -- Up-to-date symlink: /home/ubuntu/ros2_ws/install/champ_msgs/include/champ_msgs/champ_msgs/msg/detail/velocities__struct.hpp
[12.057s] -- Up-to-date symlink: /home/ubuntu/ros2_ws/install/champ_msgs/include/champ_msgs/champ_msgs/msg/detail/velocities__traits.hpp
[12.059s] -- Up-to-date symlink: /home/ubuntu/ros2_ws/install/champ_msgs/include/champ_msgs/champ_msgs/msg/imu.hpp
[12.061s] -- Up-to-date symlink: /home/ubuntu/ros2_ws/install/champ_msgs/include/champ_msgs/champ_msgs/msg/joints.hpp
[12.067s] -- Up-to-date symlink: /home/ubuntu/ros2_ws/install/champ_msgs/include/champ_msgs/champ_msgs/msg/pid.hpp
[12.073s] -- Up-to-date symlink: /home/ubuntu/ros2_ws/install/champ_msgs/include/champ_msgs/champ_msgs/msg/point.hpp
[12.088s] -- Up-to-date symlink: /home/ubuntu/ros2_ws/install/champ_msgs/include/champ_msgs/champ_msgs/msg/point_array.hpp
[12.089s] -- Up-to-date symlink: /home/ubuntu/ros2_ws/install/champ_msgs/include/champ_msgs/champ_msgs/msg/pose.hpp
[12.089s] -- Up-to-date symlink: /home/ubuntu/ros2_ws/install/champ_msgs/include/champ_msgs/champ_msgs/msg/velocities.hpp
[12.090s] -- Up-to-date symlink: /home/ubuntu/ros2_ws/install/champ_msgs/include/champ_msgs/champ_msgs/msg/detail/contacts__rosidl_typesupport_fastrtps_cpp.hpp
[12.091s] -- Up-to-date symlink: /home/ubuntu/ros2_ws/install/champ_msgs/include/champ_msgs/champ_msgs/msg/detail/contacts_stamped__rosidl_typesupport_fastrtps_cpp.hpp
[12.094s] -- Up-to-date symlink: /home/ubuntu/ros2_ws/install/champ_msgs/include/champ_msgs/champ_msgs/msg/detail/imu__rosidl_typesupport_fastrtps_cpp.hpp
[12.099s] -- Up-to-date symlink: /home/ubuntu/ros2_ws/install/champ_msgs/include/champ_msgs/champ_msgs/msg/detail/joints__rosidl_typesupport_fastrtps_cpp.hpp
[12.111s] -- Up-to-date symlink: /home/ubuntu/ros2_ws/install/champ_msgs/include/champ_msgs/champ_msgs/msg/detail/pid__rosidl_typesupport_fastrtps_cpp.hpp
[12.122s] -- Up-to-date symlink: /home/ubuntu/ros2_ws/install/champ_msgs/include/champ_msgs/champ_msgs/msg/detail/point__rosidl_typesupport_fastrtps_cpp.hpp
[12.126s] -- Up-to-date symlink: /home/ubuntu/ros2_ws/install/champ_msgs/include/champ_msgs/champ_msgs/msg/detail/point_array__rosidl_typesupport_fastrtps_cpp.hpp
[12.128s] -- Up-to-date symlink: /home/ubuntu/ros2_ws/install/champ_msgs/include/champ_msgs/champ_msgs/msg/detail/pose__rosidl_typesupport_fastrtps_cpp.hpp
[12.130s] -- Up-to-date symlink: /home/ubuntu/ros2_ws/install/champ_msgs/include/champ_msgs/champ_msgs/msg/detail/velocities__rosidl_typesupport_fastrtps_cpp.hpp
[12.131s] -- Up-to-date symlink: /home/ubuntu/ros2_ws/install/champ_msgs/include/champ_msgs/champ_msgs/msg/rosidl_typesupport_fastrtps_cpp__visibility_control.h
[12.134s] -- Up-to-date symlink: /home/ubuntu/ros2_ws/install/champ_msgs/include/champ_msgs/champ_msgs/msg/detail/contacts__rosidl_typesupport_introspection_cpp.hpp
[12.136s] -- Up-to-date symlink: /home/ubuntu/ros2_ws/install/champ_msgs/include/champ_msgs/champ_msgs/msg/detail/contacts_stamped__rosidl_typesupport_introspection_cpp.hpp
[12.138s] -- Up-to-date symlink: /home/ubuntu/ros2_ws/install/champ_msgs/include/champ_msgs/champ_msgs/msg/detail/imu__rosidl_typesupport_introspection_cpp.hpp
[12.145s] -- Up-to-date symlink: /home/ubuntu/ros2_ws/install/champ_msgs/include/champ_msgs/champ_msgs/msg/detail/joints__rosidl_typesupport_introspection_cpp.hpp
[12.146s] -- Up-to-date symlink: /home/ubuntu/ros2_ws/install/champ_msgs/include/champ_msgs/champ_msgs/msg/detail/pid__rosidl_typesupport_introspection_cpp.hpp
[12.147s] -- Up-to-date symlink: /home/ubuntu/ros2_ws/install/champ_msgs/include/champ_msgs/champ_msgs/msg/detail/point__rosidl_typesupport_introspection_cpp.hpp
[12.148s] -- Up-to-date symlink: /home/ubuntu/ros2_ws/install/champ_msgs/include/champ_msgs/champ_msgs/msg/detail/point_array__rosidl_typesupport_introspection_cpp.hpp
[12.151s] -- Up-to-date symlink: /home/ubuntu/ros2_ws/install/champ_msgs/include/champ_msgs/champ_msgs/msg/detail/pose__rosidl_typesupport_introspection_cpp.hpp
[12.152s] -- Up-to-date symlink: /home/ubuntu/ros2_ws/install/champ_msgs/include/champ_msgs/champ_msgs/msg/detail/velocities__rosidl_typesupport_introspection_cpp.hpp
[12.165s] -- Up-to-date symlink: /home/ubuntu/ros2_ws/install/champ_msgs/share/champ_msgs/environment/pythonpath.sh
[12.166s] -- Up-to-date symlink: /home/ubuntu/ros2_ws/install/champ_msgs/share/champ_msgs/environment/pythonpath.dsv
[12.166s] -- Up-to-date symlink: /home/ubuntu/ros2_ws/install/champ_msgs/local/lib/python3.10/dist-packages/champ_msgs-0.1.0-py3.10.egg-info/PKG-INFO
[12.168s] -- Up-to-date symlink: /home/ubuntu/ros2_ws/install/champ_msgs/local/lib/python3.10/dist-packages/champ_msgs-0.1.0-py3.10.egg-info/SOURCES.txt
[12.169s] -- Up-to-date symlink: /home/ubuntu/ros2_ws/install/champ_msgs/local/lib/python3.10/dist-packages/champ_msgs-0.1.0-py3.10.egg-info/dependency_links.txt
[12.170s] -- Up-to-date symlink: /home/ubuntu/ros2_ws/install/champ_msgs/local/lib/python3.10/dist-packages/champ_msgs-0.1.0-py3.10.egg-info/top_level.txt
[12.197s] -- Up-to-date symlink: /home/ubuntu/ros2_ws/install/champ_msgs/local/lib/python3.10/dist-packages/champ_msgs/__init__.py
[12.198s] -- Up-to-date symlink: /home/ubuntu/ros2_ws/install/champ_msgs/local/lib/python3.10/dist-packages/champ_msgs/_champ_msgs_s.ep.rosidl_typesupport_c.c
[12.198s] -- Up-to-date symlink: /home/ubuntu/ros2_ws/install/champ_msgs/local/lib/python3.10/dist-packages/champ_msgs/_champ_msgs_s.ep.rosidl_typesupport_fastrtps_c.c
[12.203s] -- Up-to-date symlink: /home/ubuntu/ros2_ws/install/champ_msgs/local/lib/python3.10/dist-packages/champ_msgs/_champ_msgs_s.ep.rosidl_typesupport_introspection_c.c
[12.209s] -- Up-to-date symlink: /home/ubuntu/ros2_ws/install/champ_msgs/local/lib/python3.10/dist-packages/champ_msgs/champ_msgs_s__rosidl_typesupport_c.cpython-310-aarch64-linux-gnu.so
[12.211s] -- Up-to-date symlink: /home/ubuntu/ros2_ws/install/champ_msgs/local/lib/python3.10/dist-packages/champ_msgs/champ_msgs_s__rosidl_typesupport_fastrtps_c.cpython-310-aarch64-linux-gnu.so
[12.223s] -- Up-to-date symlink: /home/ubuntu/ros2_ws/install/champ_msgs/local/lib/python3.10/dist-packages/champ_msgs/champ_msgs_s__rosidl_typesupport_introspection_c.cpython-310-aarch64-linux-gnu.so
[12.225s] -- Up-to-date symlink: /home/ubuntu/ros2_ws/install/champ_msgs/local/lib/python3.10/dist-packages/champ_msgs/libchamp_msgs__rosidl_generator_py.so
[12.241s] -- Up-to-date symlink: /home/ubuntu/ros2_ws/install/champ_msgs/local/lib/python3.10/dist-packages/champ_msgs/msg/__init__.py
[12.243s] -- Up-to-date symlink: /home/ubuntu/ros2_ws/install/champ_msgs/local/lib/python3.10/dist-packages/champ_msgs/msg/_contacts.py
[12.248s] -- Up-to-date symlink: /home/ubuntu/ros2_ws/install/champ_msgs/local/lib/python3.10/dist-packages/champ_msgs/msg/_contacts_s.c
[12.249s] -- Up-to-date symlink: /home/ubuntu/ros2_ws/install/champ_msgs/local/lib/python3.10/dist-packages/champ_msgs/msg/_contacts_stamped.py
[12.251s] -- Up-to-date symlink: /home/ubuntu/ros2_ws/install/champ_msgs/local/lib/python3.10/dist-packages/champ_msgs/msg/_contacts_stamped_s.c
[12.252s] -- Up-to-date symlink: /home/ubuntu/ros2_ws/install/champ_msgs/local/lib/python3.10/dist-packages/champ_msgs/msg/_imu.py
[12.253s] -- Up-to-date symlink: /home/ubuntu/ros2_ws/install/champ_msgs/local/lib/python3.10/dist-packages/champ_msgs/msg/_imu_s.c
[12.254s] -- Up-to-date symlink: /home/ubuntu/ros2_ws/install/champ_msgs/local/lib/python3.10/dist-packages/champ_msgs/msg/_joints.py
[12.257s] -- Up-to-date symlink: /home/ubuntu/ros2_ws/install/champ_msgs/local/lib/python3.10/dist-packages/champ_msgs/msg/_joints_s.c
[12.259s] -- Up-to-date symlink: /home/ubuntu/ros2_ws/install/champ_msgs/local/lib/python3.10/dist-packages/champ_msgs/msg/_pid.py
[12.261s] -- Up-to-date symlink: /home/ubuntu/ros2_ws/install/champ_msgs/local/lib/python3.10/dist-packages/champ_msgs/msg/_pid_s.c
[12.262s] -- Up-to-date symlink: /home/ubuntu/ros2_ws/install/champ_msgs/local/lib/python3.10/dist-packages/champ_msgs/msg/_point.py
[12.262s] -- Up-to-date symlink: /home/ubuntu/ros2_ws/install/champ_msgs/local/lib/python3.10/dist-packages/champ_msgs/msg/_point_array.py
[12.263s] -- Up-to-date symlink: /home/ubuntu/ros2_ws/install/champ_msgs/local/lib/python3.10/dist-packages/champ_msgs/msg/_point_array_s.c
[12.263s] -- Up-to-date symlink: /home/ubuntu/ros2_ws/install/champ_msgs/local/lib/python3.10/dist-packages/champ_msgs/msg/_point_s.c
[12.271s] -- Up-to-date symlink: /home/ubuntu/ros2_ws/install/champ_msgs/local/lib/python3.10/dist-packages/champ_msgs/msg/_pose.py
[12.271s] -- Up-to-date symlink: /home/ubuntu/ros2_ws/install/champ_msgs/local/lib/python3.10/dist-packages/champ_msgs/msg/_pose_s.c
[12.272s] -- Up-to-date symlink: /home/ubuntu/ros2_ws/install/champ_msgs/local/lib/python3.10/dist-packages/champ_msgs/msg/_velocities.py
[12.283s] -- Up-to-date symlink: /home/ubuntu/ros2_ws/install/champ_msgs/local/lib/python3.10/dist-packages/champ_msgs/msg/_velocities_s.c
[12.284s] -- Up-to-date symlink: /home/ubuntu/ros2_ws/install/champ_msgs/local/lib/python3.10/dist-packages/champ_msgs/champ_msgs_s__rosidl_typesupport_fastrtps_c.cpython-310-aarch64-linux-gnu.so
[12.287s] -- Up-to-date symlink: /home/ubuntu/ros2_ws/install/champ_msgs/local/lib/python3.10/dist-packages/champ_msgs/champ_msgs_s__rosidl_typesupport_introspection_c.cpython-310-aarch64-linux-gnu.so
[12.292s] -- Up-to-date symlink: /home/ubuntu/ros2_ws/install/champ_msgs/local/lib/python3.10/dist-packages/champ_msgs/champ_msgs_s__rosidl_typesupport_c.cpython-310-aarch64-linux-gnu.so
[12.299s] -- Up-to-date symlink: /home/ubuntu/ros2_ws/install/champ_msgs/share/champ_msgs/msg/Velocities.idl
[12.299s] -- Up-to-date symlink: /home/ubuntu/ros2_ws/install/champ_msgs/share/champ_msgs/msg/PID.idl
[12.300s] -- Up-to-date symlink: /home/ubuntu/ros2_ws/install/champ_msgs/share/champ_msgs/msg/Imu.idl
[12.300s] -- Up-to-date symlink: /home/ubuntu/ros2_ws/install/champ_msgs/share/champ_msgs/msg/Point.idl
[12.301s] -- Up-to-date symlink: /home/ubuntu/ros2_ws/install/champ_msgs/share/champ_msgs/msg/PointArray.idl
[12.302s] -- Up-to-date symlink: /home/ubuntu/ros2_ws/install/champ_msgs/share/champ_msgs/msg/Joints.idl
[12.302s] -- Up-to-date symlink: /home/ubuntu/ros2_ws/install/champ_msgs/share/champ_msgs/msg/Contacts.idl
[12.304s] -- Up-to-date symlink: /home/ubuntu/ros2_ws/install/champ_msgs/share/champ_msgs/msg/ContactsStamped.idl
[12.304s] -- Up-to-date symlink: /home/ubuntu/ros2_ws/install/champ_msgs/share/champ_msgs/msg/Pose.idl
[12.317s] -- Up-to-date symlink: /home/ubuntu/ros2_ws/install/champ_msgs/share/champ_msgs/msg/Velocities.msg
[12.318s] -- Up-to-date symlink: /home/ubuntu/ros2_ws/install/champ_msgs/share/champ_msgs/msg/PID.msg
[12.319s] -- Up-to-date symlink: /home/ubuntu/ros2_ws/install/champ_msgs/share/champ_msgs/msg/Imu.msg
[12.320s] -- Up-to-date symlink: /home/ubuntu/ros2_ws/install/champ_msgs/share/champ_msgs/msg/Point.msg
[12.341s] -- Up-to-date symlink: /home/ubuntu/ros2_ws/install/champ_msgs/share/champ_msgs/msg/PointArray.msg
[12.342s] -- Up-to-date symlink: /home/ubuntu/ros2_ws/install/champ_msgs/share/champ_msgs/msg/Joints.msg
[12.342s] -- Up-to-date symlink: /home/ubuntu/ros2_ws/install/champ_msgs/share/champ_msgs/msg/Contacts.msg
[12.345s] -- Up-to-date symlink: /home/ubuntu/ros2_ws/install/champ_msgs/share/champ_msgs/msg/ContactsStamped.msg
[12.358s] -- Up-to-date symlink: /home/ubuntu/ros2_ws/install/champ_msgs/share/champ_msgs/msg/Pose.msg
[12.359s] -- Up-to-date symlink: /home/ubuntu/ros2_ws/install/champ_msgs/share/ament_index/resource_index/package_run_dependencies/champ_msgs
[12.359s] -- Up-to-date symlink: /home/ubuntu/ros2_ws/install/champ_msgs/share/ament_index/resource_index/parent_prefix_path/champ_msgs
[12.360s] -- Up-to-date symlink: /home/ubuntu/ros2_ws/install/champ_msgs/share/champ_msgs/environment/ament_prefix_path.sh
[12.361s] -- Up-to-date symlink: /home/ubuntu/ros2_ws/install/champ_msgs/share/champ_msgs/environment/ament_prefix_path.dsv
[12.362s] -- Up-to-date symlink: /home/ubuntu/ros2_ws/install/champ_msgs/share/champ_msgs/environment/path.sh
[12.362s] -- Up-to-date symlink: /home/ubuntu/ros2_ws/install/champ_msgs/share/champ_msgs/environment/path.dsv
[12.363s] -- Up-to-date symlink: /home/ubuntu/ros2_ws/install/champ_msgs/share/champ_msgs/local_setup.bash
[12.363s] -- Up-to-date symlink: /home/ubuntu/ros2_ws/install/champ_msgs/share/champ_msgs/local_setup.sh
[12.366s] -- Up-to-date symlink: /home/ubuntu/ros2_ws/install/champ_msgs/share/champ_msgs/local_setup.zsh
[12.366s] -- Up-to-date symlink: /home/ubuntu/ros2_ws/install/champ_msgs/share/champ_msgs/local_setup.dsv
[12.377s] -- Symlinking: /home/ubuntu/ros2_ws/install/champ_msgs/share/champ_msgs/package.dsv
[12.378s] -- Up-to-date symlink: /home/ubuntu/ros2_ws/install/champ_msgs/share/ament_index/resource_index/packages/champ_msgs
[12.379s] -- Up-to-date symlink: /home/ubuntu/ros2_ws/install/champ_msgs/share/champ_msgs/cmake/rosidl_cmake-extras.cmake
[12.379s] -- Up-to-date symlink: /home/ubuntu/ros2_ws/install/champ_msgs/share/champ_msgs/cmake/ament_cmake_export_dependencies-extras.cmake
[12.384s] -- Up-to-date symlink: /home/ubuntu/ros2_ws/install/champ_msgs/share/champ_msgs/cmake/ament_cmake_export_include_directories-extras.cmake
[12.388s] -- Up-to-date symlink: /home/ubuntu/ros2_ws/install/champ_msgs/share/champ_msgs/cmake/ament_cmake_export_libraries-extras.cmake
[12.391s] -- Up-to-date symlink: /home/ubuntu/ros2_ws/install/champ_msgs/share/champ_msgs/cmake/ament_cmake_export_targets-extras.cmake
[12.392s] -- Up-to-date symlink: /home/ubuntu/ros2_ws/install/champ_msgs/share/champ_msgs/cmake/rosidl_cmake_export_typesupport_targets-extras.cmake
[12.392s] -- Up-to-date symlink: /home/ubuntu/ros2_ws/install/champ_msgs/share/champ_msgs/cmake/rosidl_cmake_export_typesupport_libraries-extras.cmake
[12.395s] -- Up-to-date symlink: /home/ubuntu/ros2_ws/install/champ_msgs/share/champ_msgs/cmake/champ_msgsConfig.cmake
[12.396s] -- Up-to-date symlink: /home/ubuntu/ros2_ws/install/champ_msgs/share/champ_msgs/cmake/champ_msgsConfig-version.cmake
[12.399s] -- Up-to-date symlink: /home/ubuntu/ros2_ws/install/champ_msgs/share/champ_msgs/package.xml
[12.400s] -- Up-to-date: /home/ubuntu/ros2_ws/install/champ_msgs/lib/libchamp_msgs__rosidl_generator_c.so
[12.401s] -- Up-to-date: /home/ubuntu/ros2_ws/install/champ_msgs/lib/libchamp_msgs__rosidl_typesupport_fastrtps_c.so
[12.403s] -- Up-to-date: /home/ubuntu/ros2_ws/install/champ_msgs/lib/libchamp_msgs__rosidl_typesupport_introspection_c.so
[12.403s] -- Up-to-date: /home/ubuntu/ros2_ws/install/champ_msgs/lib/libchamp_msgs__rosidl_typesupport_c.so
[12.404s] -- Up-to-date: /home/ubuntu/ros2_ws/install/champ_msgs/lib/libchamp_msgs__rosidl_typesupport_fastrtps_cpp.so
[12.404s] -- Up-to-date: /home/ubuntu/ros2_ws/install/champ_msgs/lib/libchamp_msgs__rosidl_typesupport_introspection_cpp.so
[12.405s] -- Up-to-date: /home/ubuntu/ros2_ws/install/champ_msgs/lib/libchamp_msgs__rosidl_typesupport_cpp.so
[12.815s] Listing '/home/ubuntu/ros2_ws/install/champ_msgs/local/lib/python3.10/dist-packages/champ_msgs'...
[12.817s] Listing '/home/ubuntu/ros2_ws/install/champ_msgs/local/lib/python3.10/dist-packages/champ_msgs/msg'...
[12.907s] -- Up-to-date: /home/ubuntu/ros2_ws/install/champ_msgs/lib/libchamp_msgs__rosidl_generator_py.so
[12.909s] -- Up-to-date: /home/ubuntu/ros2_ws/install/champ_msgs/share/champ_msgs/cmake/export_champ_msgs__rosidl_generator_cExport.cmake
[12.911s] -- Up-to-date: /home/ubuntu/ros2_ws/install/champ_msgs/share/champ_msgs/cmake/export_champ_msgs__rosidl_generator_cExport-noconfig.cmake
[12.917s] -- Up-to-date: /home/ubuntu/ros2_ws/install/champ_msgs/share/champ_msgs/cmake/export_champ_msgs__rosidl_typesupport_fastrtps_cExport.cmake
[12.918s] -- Up-to-date: /home/ubuntu/ros2_ws/install/champ_msgs/share/champ_msgs/cmake/export_champ_msgs__rosidl_typesupport_fastrtps_cExport-noconfig.cmake
[12.924s] -- Up-to-date: /home/ubuntu/ros2_ws/install/champ_msgs/share/champ_msgs/cmake/champ_msgs__rosidl_typesupport_introspection_cExport.cmake
[12.925s] -- Up-to-date: /home/ubuntu/ros2_ws/install/champ_msgs/share/champ_msgs/cmake/champ_msgs__rosidl_typesupport_introspection_cExport-noconfig.cmake
[12.925s] -- Up-to-date: /home/ubuntu/ros2_ws/install/champ_msgs/share/champ_msgs/cmake/champ_msgs__rosidl_typesupport_cExport.cmake
[12.926s] -- Up-to-date: /home/ubuntu/ros2_ws/install/champ_msgs/share/champ_msgs/cmake/champ_msgs__rosidl_typesupport_cExport-noconfig.cmake
[12.927s] -- Up-to-date: /home/ubuntu/ros2_ws/install/champ_msgs/share/champ_msgs/cmake/export_champ_msgs__rosidl_generator_cppExport.cmake
[12.927s] -- Up-to-date: /home/ubuntu/ros2_ws/install/champ_msgs/share/champ_msgs/cmake/export_champ_msgs__rosidl_typesupport_fastrtps_cppExport.cmake
[12.928s] -- Up-to-date: /home/ubuntu/ros2_ws/install/champ_msgs/share/champ_msgs/cmake/export_champ_msgs__rosidl_typesupport_fastrtps_cppExport-noconfig.cmake
[12.928s] -- Up-to-date: /home/ubuntu/ros2_ws/install/champ_msgs/share/champ_msgs/cmake/champ_msgs__rosidl_typesupport_introspection_cppExport.cmake
[12.942s] -- Up-to-date: /home/ubuntu/ros2_ws/install/champ_msgs/share/champ_msgs/cmake/champ_msgs__rosidl_typesupport_introspection_cppExport-noconfig.cmake
[12.943s] -- Up-to-date: /home/ubuntu/ros2_ws/install/champ_msgs/share/champ_msgs/cmake/champ_msgs__rosidl_typesupport_cppExport.cmake
[12.944s] -- Up-to-date: /home/ubuntu/ros2_ws/install/champ_msgs/share/champ_msgs/cmake/champ_msgs__rosidl_typesupport_cppExport-noconfig.cmake
[12.944s] -- Up-to-date: /home/ubuntu/ros2_ws/install/champ_msgs/share/champ_msgs/cmake/export_champ_msgs__rosidl_generator_pyExport.cmake
[12.945s] -- Up-to-date: /home/ubuntu/ros2_ws/install/champ_msgs/share/champ_msgs/cmake/export_champ_msgs__rosidl_generator_pyExport-noconfig.cmake
[15.034s] Invoked command in '/home/ubuntu/ros2_ws/build/champ_msgs' returned '0': CMAKE_PREFIX_PATH=${CMAKE_PREFIX_PATH}:/home/ubuntu/ros2_ws/install/go_pupper_srv:/home/ubuntu/ros2_ws/install/mini_pupper_music:/home/ubuntu/ros2_ws/install/mini_pupper_dance:/home/ubuntu/ros2_ws/install/mini_pupper_driver:/opt/ros/humble /usr/bin/cmake --install /home/ubuntu/ros2_ws/build/champ_msgs
