[0.209s] Invoking command in '/home/ubuntu/ros2_ws/build/champ_description': CMAKE_PREFIX_PATH=${CMAKE_PREFIX_PATH}:/home/ubuntu/ros2_ws/install/go_pupper_srv:/home/ubuntu/ros2_ws/install/mini_pupper_music:/home/ubuntu/ros2_ws/install/mini_pupper_dance:/home/ubuntu/ros2_ws/install/mini_pupper_driver:/opt/ros/humble /usr/bin/cmake --build /home/ubuntu/ros2_ws/build/champ_description -- -j4 -l4
[0.577s] Invoked command in '/home/ubuntu/ros2_ws/build/champ_description' returned '0': CMAKE_PREFIX_PATH=${CMAKE_PREFIX_PATH}:/home/ubuntu/ros2_ws/install/go_pupper_srv:/home/ubuntu/ros2_ws/install/mini_pupper_music:/home/ubuntu/ros2_ws/install/mini_pupper_dance:/home/ubuntu/ros2_ws/install/mini_pupper_driver:/opt/ros/humble /usr/bin/cmake --build /home/ubuntu/ros2_ws/build/champ_description -- -j4 -l4
[1.320s] Invoking command in '/home/ubuntu/ros2_ws/build/champ_description': CMAKE_PREFIX_PATH=${CMAKE_PREFIX_PATH}:/home/ubuntu/ros2_ws/install/go_pupper_srv:/home/ubuntu/ros2_ws/install/mini_pupper_music:/home/ubuntu/ros2_ws/install/mini_pupper_dance:/home/ubuntu/ros2_ws/install/mini_pupper_driver:/opt/ros/humble /usr/bin/cmake --install /home/ubuntu/ros2_ws/build/champ_description
[1.503s] -- Install configuration: ""
[1.509s] -- Execute custom install script
[1.514s] -- Up-to-date symlink: /home/ubuntu/ros2_ws/install/champ_description/share/champ_description/launch/description.launch
[1.517s] -- Up-to-date symlink: /home/ubuntu/ros2_ws/install/champ_description/share/champ_description/launch/description.launch.py
[1.521s] -- Up-to-date symlink: /home/ubuntu/ros2_ws/install/champ_description/share/champ_description/launch/view_urdf.launch
[1.526s] -- Up-to-date symlink: /home/ubuntu/ros2_ws/install/champ_description/share/champ_description/rviz/urdf_viewer.rviz
[1.532s] -- Up-to-date symlink: /home/ubuntu/ros2_ws/install/champ_description/share/champ_description/meshes/arm/base.stl
[1.534s] -- Up-to-date symlink: /home/ubuntu/ros2_ws/install/champ_description/share/champ_description/meshes/arm/lower_arm.stl
[1.536s] -- Up-to-date symlink: /home/ubuntu/ros2_ws/install/champ_description/share/champ_description/meshes/arm/upper_arm.stl
[1.538s] -- Up-to-date symlink: /home/ubuntu/ros2_ws/install/champ_description/share/champ_description/meshes/arm/wrist1.stl
[1.540s] -- Up-to-date symlink: /home/ubuntu/ros2_ws/install/champ_description/share/champ_description/meshes/arm/wrist2.stl
[1.541s] -- Up-to-date symlink: /home/ubuntu/ros2_ws/install/champ_description/share/champ_description/meshes/asus_camera_simple.dae
[1.543s] -- Up-to-date symlink: /home/ubuntu/ros2_ws/install/champ_description/share/champ_description/meshes/base.stl
[1.545s] -- Up-to-date symlink: /home/ubuntu/ros2_ws/install/champ_description/share/champ_description/meshes/base_simple.stl
[1.547s] -- Up-to-date symlink: /home/ubuntu/ros2_ws/install/champ_description/share/champ_description/meshes/hip.stl
[1.550s] -- Up-to-date symlink: /home/ubuntu/ros2_ws/install/champ_description/share/champ_description/meshes/hokuyo_utm_30lx.dae
[1.552s] -- Up-to-date symlink: /home/ubuntu/ros2_ws/install/champ_description/share/champ_description/meshes/lower_leg.stl
[1.565s] -- Up-to-date symlink: /home/ubuntu/ros2_ws/install/champ_description/share/champ_description/meshes/lower_leg_simple.stl
[1.566s] -- Up-to-date symlink: /home/ubuntu/ros2_ws/install/champ_description/share/champ_description/meshes/upper_leg.stl
[1.576s] -- Up-to-date symlink: /home/ubuntu/ros2_ws/install/champ_description/share/champ_description/meshes/upper_leg_simple.stl
[1.583s] -- Up-to-date symlink: /home/ubuntu/ros2_ws/install/champ_description/share/champ_description/urdf/accessories.urdf.xacro
[1.584s] -- Up-to-date symlink: /home/ubuntu/ros2_ws/install/champ_description/share/champ_description/urdf/asus_camera.urdf.xacro
[1.585s] -- Up-to-date symlink: /home/ubuntu/ros2_ws/install/champ_description/share/champ_description/urdf/champ.urdf
[1.588s] -- Up-to-date symlink: /home/ubuntu/ros2_ws/install/champ_description/share/champ_description/urdf/champ.urdf.xacro
[1.592s] -- Up-to-date symlink: /home/ubuntu/ros2_ws/install/champ_description/share/champ_description/urdf/champ_arm.urdf
[1.601s] -- Up-to-date symlink: /home/ubuntu/ros2_ws/install/champ_description/share/champ_description/urdf/champ_velodyne.urdf
[1.602s] -- Up-to-date symlink: /home/ubuntu/ros2_ws/install/champ_description/share/champ_description/urdf/gen_urdf
[1.602s] -- Up-to-date symlink: /home/ubuntu/ros2_ws/install/champ_description/share/champ_description/urdf/hokuyo_utm30lx.urdf.xacro
[1.628s] -- Up-to-date symlink: /home/ubuntu/ros2_ws/install/champ_description/share/champ_description/urdf/leg.urdf.xacro
[1.628s] -- Up-to-date symlink: /home/ubuntu/ros2_ws/install/champ_description/share/champ_description/urdf/properties.urdf.xacro
[1.629s] -- Up-to-date symlink: /home/ubuntu/ros2_ws/install/champ_description/share/ament_index/resource_index/package_run_dependencies/champ_description
[1.629s] -- Up-to-date symlink: /home/ubuntu/ros2_ws/install/champ_description/share/ament_index/resource_index/parent_prefix_path/champ_description
[1.650s] -- Up-to-date symlink: /home/ubuntu/ros2_ws/install/champ_description/share/champ_description/environment/ament_prefix_path.sh
[1.651s] -- Up-to-date symlink: /home/ubuntu/ros2_ws/install/champ_description/share/champ_description/environment/ament_prefix_path.dsv
[1.660s] -- Up-to-date symlink: /home/ubuntu/ros2_ws/install/champ_description/share/champ_description/environment/path.sh
[1.663s] -- Up-to-date symlink: /home/ubuntu/ros2_ws/install/champ_description/share/champ_description/environment/path.dsv
[1.680s] -- Up-to-date symlink: /home/ubuntu/ros2_ws/install/champ_description/share/champ_description/local_setup.bash
[1.683s] -- Up-to-date symlink: /home/ubuntu/ros2_ws/install/champ_description/share/champ_description/local_setup.sh
[1.694s] -- Up-to-date symlink: /home/ubuntu/ros2_ws/install/champ_description/share/champ_description/local_setup.zsh
[1.696s] -- Up-to-date symlink: /home/ubuntu/ros2_ws/install/champ_description/share/champ_description/local_setup.dsv
[1.696s] -- Symlinking: /home/ubuntu/ros2_ws/install/champ_description/share/champ_description/package.dsv
[1.864s] -- Up-to-date symlink: /home/ubuntu/ros2_ws/install/champ_description/share/ament_index/resource_index/packages/champ_description
[1.865s] -- Up-to-date symlink: /home/ubuntu/ros2_ws/install/champ_description/share/champ_description/cmake/champ_descriptionConfig.cmake
[1.867s] -- Up-to-date symlink: /home/ubuntu/ros2_ws/install/champ_description/share/champ_description/cmake/champ_descriptionConfig-version.cmake
[1.868s] -- Up-to-date symlink: /home/ubuntu/ros2_ws/install/champ_description/share/champ_description/package.xml
[1.887s] Invoked command in '/home/ubuntu/ros2_ws/build/champ_description' returned '0': CMAKE_PREFIX_PATH=${CMAKE_PREFIX_PATH}:/home/ubuntu/ros2_ws/install/go_pupper_srv:/home/ubuntu/ros2_ws/install/mini_pupper_music:/home/ubuntu/ros2_ws/install/mini_pupper_dance:/home/ubuntu/ros2_ws/install/mini_pupper_driver:/opt/ros/humble /usr/bin/cmake --install /home/ubuntu/ros2_ws/build/champ_description
