[14.162s] Invoking command in '/home/ubuntu/ros2_ws/src/mini_pupper_ros/mini_pupper_music': PYTHONPATH=/home/ubuntu/ros2_ws/build/mini_pupper_music/prefix_override:/home/ubuntu/ros2_ws/install/mini_pupper_music/lib/python3.10/site-packages:${PYTHONPATH} /usr/bin/python3 -W ignore:setup.py install is deprecated setup.py egg_info --egg-base ../../../build/mini_pupper_music build --build-base /home/ubuntu/ros2_ws/build/mini_pupper_music/build install --record /home/ubuntu/ros2_ws/build/mini_pupper_music/install.log --single-version-externally-managed install_data
[17.472s] running egg_info
[17.698s] writing ../../../build/mini_pupper_music/mini_pupper_music.egg-info/PKG-INFO
[17.702s] writing dependency_links to ../../../build/mini_pupper_music/mini_pupper_music.egg-info/dependency_links.txt
[17.705s] writing entry points to ../../../build/mini_pupper_music/mini_pupper_music.egg-info/entry_points.txt
[17.707s] writing requirements to ../../../build/mini_pupper_music/mini_pupper_music.egg-info/requires.txt
[17.710s] writing top-level names to ../../../build/mini_pupper_music/mini_pupper_music.egg-info/top_level.txt
[18.045s] reading manifest file '../../../build/mini_pupper_music/mini_pupper_music.egg-info/SOURCES.txt'
[18.054s] writing manifest file '../../../build/mini_pupper_music/mini_pupper_music.egg-info/SOURCES.txt'
[18.056s] running build
[18.057s] running build_py
[18.060s] copying mini_pupper_music/__init__.py -> /home/ubuntu/ros2_ws/build/mini_pupper_music/build/lib/mini_pupper_music
[18.065s] copying mini_pupper_music/music_player.py -> /home/ubuntu/ros2_ws/build/mini_pupper_music/build/lib/mini_pupper_music
[18.070s] copying mini_pupper_music/music_server.py -> /home/ubuntu/ros2_ws/build/mini_pupper_music/build/lib/mini_pupper_music
[18.073s] running install
[18.127s] running install_lib
[18.403s] running install_data
[18.409s] copying package.xml -> /home/ubuntu/ros2_ws/install/mini_pupper_music/share/mini_pupper_music
[18.417s] copying resource/mini_pupper_music -> /home/ubuntu/ros2_ws/install/mini_pupper_music/share/mini_pupper_music/resource
[18.425s] copying resource/robot1.wav -> /home/ubuntu/ros2_ws/install/mini_pupper_music/share/mini_pupper_music/resource
[18.588s] copying resource/robot1.mp3 -> /home/ubuntu/ros2_ws/install/mini_pupper_music/share/mini_pupper_music/resource
[18.607s] copying launch/music.launch.py -> /home/ubuntu/ros2_ws/install/mini_pupper_music/share/mini_pupper_music
[18.609s] running install_egg_info
[18.881s] removing '/home/ubuntu/ros2_ws/install/mini_pupper_music/lib/python3.10/site-packages/mini_pupper_music-1.0.0-py3.10.egg-info' (and everything under it)
[18.884s] Copying ../../../build/mini_pupper_music/mini_pupper_music.egg-info to /home/ubuntu/ros2_ws/install/mini_pupper_music/lib/python3.10/site-packages/mini_pupper_music-1.0.0-py3.10.egg-info
[18.899s] running install_scripts
[21.458s] Installing service script to /home/ubuntu/ros2_ws/install/mini_pupper_music/lib/mini_pupper_music
[21.463s] writing list of installed files to '/home/ubuntu/ros2_ws/build/mini_pupper_music/install.log'
[21.839s] Invoked command in '/home/ubuntu/ros2_ws/src/mini_pupper_ros/mini_pupper_music' returned '0': PYTHONPATH=/home/ubuntu/ros2_ws/build/mini_pupper_music/prefix_override:/home/ubuntu/ros2_ws/install/mini_pupper_music/lib/python3.10/site-packages:${PYTHONPATH} /usr/bin/python3 -W ignore:setup.py install is deprecated setup.py egg_info --egg-base ../../../build/mini_pupper_music build --build-base /home/ubuntu/ros2_ws/build/mini_pupper_music/build install --record /home/ubuntu/ros2_ws/build/mini_pupper_music/install.log --single-version-externally-managed install_data
