[12.046s] Invoking command in '/home/ubuntu/ros2_ws/src/mini_pupper_ros/mini_pupper_dance': CMAKE_PREFIX_PATH=/home/ubuntu/ros2_ws/install/mini_pupper_interfaces:/home/ubuntu/ros2_ws/install/pupper_interfaces:/home/ubuntu/ros2_ws/install/mini_pupper_description:/home/ubuntu/ros2_ws/install/mini_pupper_bringup:/home/ubuntu/ros2_ws/install/mini_pupper_2_description:/home/ubuntu/ros2_ws/install/ldlidar_stl_ros2:/home/ubuntu/ros2_ws/install/champ_teleop:/home/ubuntu/ros2_ws/install/champ_bringup:/home/ubuntu/ros2_ws/install/champ_base:/home/ubuntu/ros2_ws/install/champ_msgs:/home/ubuntu/ros2_ws/install/champ_description:/home/ubuntu/ros2_ws/install/champ_config:/home/ubuntu/ros2_ws/install/champ LD_LIBRARY_PATH=/home/ubuntu/ros2_ws/install/mini_pupper_interfaces/lib:/home/ubuntu/ros2_ws/install/pupper_interfaces/lib:/home/ubuntu/ros2_ws/install/champ_base/lib:/home/ubuntu/ros2_ws/install/champ_msgs/lib:/opt/ros/humble/opt/rviz_ogre_vendor/lib:/opt/ros/humble/lib/aarch64-linux-gnu:/opt/ros/humble/lib PYTHONPATH=/home/ubuntu/ros2_ws/build/mini_pupper_dance/prefix_override:/home/ubuntu/ros2_ws/install/mini_pupper_dance/lib/python3.10/site-packages:${PYTHONPATH} /usr/bin/python3 -W ignore:setup.py install is deprecated setup.py egg_info --egg-base ../../../build/mini_pupper_dance build --build-base /home/ubuntu/ros2_ws/build/mini_pupper_dance/build install --record /home/ubuntu/ros2_ws/build/mini_pupper_dance/install.log --single-version-externally-managed install_data
[15.746s] running egg_info
[15.914s] writing ../../../build/mini_pupper_dance/mini_pupper_dance.egg-info/PKG-INFO
[15.918s] writing dependency_links to ../../../build/mini_pupper_dance/mini_pupper_dance.egg-info/dependency_links.txt
[15.919s] writing entry points to ../../../build/mini_pupper_dance/mini_pupper_dance.egg-info/entry_points.txt
[15.921s] writing requirements to ../../../build/mini_pupper_dance/mini_pupper_dance.egg-info/requires.txt
[15.922s] writing top-level names to ../../../build/mini_pupper_dance/mini_pupper_dance.egg-info/top_level.txt
[16.137s] reading manifest file '../../../build/mini_pupper_dance/mini_pupper_dance.egg-info/SOURCES.txt'
[16.143s] writing manifest file '../../../build/mini_pupper_dance/mini_pupper_dance.egg-info/SOURCES.txt'
[16.144s] running build
[16.145s] running build_py
[16.147s] copying mini_pupper_dance/__init__.py -> /home/ubuntu/ros2_ws/build/mini_pupper_dance/build/lib/mini_pupper_dance
[16.149s] copying mini_pupper_dance/dance_client.py -> /home/ubuntu/ros2_ws/build/mini_pupper_dance/build/lib/mini_pupper_dance
[16.151s] copying mini_pupper_dance/math_operations.py -> /home/ubuntu/ros2_ws/build/mini_pupper_dance/build/lib/mini_pupper_dance
[16.152s] copying mini_pupper_dance/dance_server.py -> /home/ubuntu/ros2_ws/build/mini_pupper_dance/build/lib/mini_pupper_dance
[16.155s] copying mini_pupper_dance/pose_controller.py -> /home/ubuntu/ros2_ws/build/mini_pupper_dance/build/lib/mini_pupper_dance
[16.157s] copying mini_pupper_dance/episode.py -> /home/ubuntu/ros2_ws/build/mini_pupper_dance/build/lib/mini_pupper_dance
[16.160s] running install
[16.194s] running install_lib
[16.312s] running install_data
[16.313s] copying resource/mini_pupper_dance -> /home/ubuntu/ros2_ws/install/mini_pupper_dance/share/ament_index/resource_index/packages
[16.314s] copying package.xml -> /home/ubuntu/ros2_ws/install/mini_pupper_dance/share/mini_pupper_dance
[16.316s] copying launch/dance.launch.py -> /home/ubuntu/ros2_ws/install/mini_pupper_dance/share/mini_pupper_dance
[16.317s] running install_egg_info
[16.439s] removing '/home/ubuntu/ros2_ws/install/mini_pupper_dance/lib/python3.10/site-packages/mini_pupper_dance-0.0.0-py3.10.egg-info' (and everything under it)
[16.441s] Copying ../../../build/mini_pupper_dance/mini_pupper_dance.egg-info to /home/ubuntu/ros2_ws/install/mini_pupper_dance/lib/python3.10/site-packages/mini_pupper_dance-0.0.0-py3.10.egg-info
[16.449s] running install_scripts
[17.816s] Installing client script to /home/ubuntu/ros2_ws/install/mini_pupper_dance/lib/mini_pupper_dance
[17.826s] Installing pose_controller script to /home/ubuntu/ros2_ws/install/mini_pupper_dance/lib/mini_pupper_dance
[17.828s] Installing service script to /home/ubuntu/ros2_ws/install/mini_pupper_dance/lib/mini_pupper_dance
[17.831s] writing list of installed files to '/home/ubuntu/ros2_ws/build/mini_pupper_dance/install.log'
[18.020s] Invoked command in '/home/ubuntu/ros2_ws/src/mini_pupper_ros/mini_pupper_dance' returned '0': CMAKE_PREFIX_PATH=/home/ubuntu/ros2_ws/install/mini_pupper_interfaces:/home/ubuntu/ros2_ws/install/pupper_interfaces:/home/ubuntu/ros2_ws/install/mini_pupper_description:/home/ubuntu/ros2_ws/install/mini_pupper_bringup:/home/ubuntu/ros2_ws/install/mini_pupper_2_description:/home/ubuntu/ros2_ws/install/ldlidar_stl_ros2:/home/ubuntu/ros2_ws/install/champ_teleop:/home/ubuntu/ros2_ws/install/champ_bringup:/home/ubuntu/ros2_ws/install/champ_base:/home/ubuntu/ros2_ws/install/champ_msgs:/home/ubuntu/ros2_ws/install/champ_description:/home/ubuntu/ros2_ws/install/champ_config:/home/ubuntu/ros2_ws/install/champ LD_LIBRARY_PATH=/home/ubuntu/ros2_ws/install/mini_pupper_interfaces/lib:/home/ubuntu/ros2_ws/install/pupper_interfaces/lib:/home/ubuntu/ros2_ws/install/champ_base/lib:/home/ubuntu/ros2_ws/install/champ_msgs/lib:/opt/ros/humble/opt/rviz_ogre_vendor/lib:/opt/ros/humble/lib/aarch64-linux-gnu:/opt/ros/humble/lib PYTHONPATH=/home/ubuntu/ros2_ws/build/mini_pupper_dance/prefix_override:/home/ubuntu/ros2_ws/install/mini_pupper_dance/lib/python3.10/site-packages:${PYTHONPATH} /usr/bin/python3 -W ignore:setup.py install is deprecated setup.py egg_info --egg-base ../../../build/mini_pupper_dance build --build-base /home/ubuntu/ros2_ws/build/mini_pupper_dance/build install --record /home/ubuntu/ros2_ws/build/mini_pupper_dance/install.log --single-version-externally-managed install_data
