[0.027s] Invoking command in '/home/ubuntu/ros2_ws/build/mini_pupper_interfaces': CMAKE_PREFIX_PATH=/opt/ros/humble /usr/bin/cmake /home/ubuntu/ros2_ws/src/mini_pupper_ros/mini_pupper_interfaces -DAMENT_CMAKE_SYMLINK_INSTALL=1 -DCMAKE_INSTALL_PREFIX=/home/ubuntu/ros2_ws/install/mini_pupper_interfaces
[0.252s] -- The C compiler identification is GNU 11.4.0
[0.483s] -- The CXX compiler identification is GNU 11.4.0
[0.508s] -- Detecting C compiler ABI info
[0.788s] -- Detecting C compiler ABI info - done
[0.815s] -- Check for working C compiler: /usr/bin/cc - skipped
[0.816s] -- Detecting C compile features
[0.817s] -- Detecting C compile features - done
[0.829s] -- Detecting CXX compiler ABI info
[1.141s] -- Detecting CXX compiler ABI info - done
[1.165s] -- Check for working CXX compiler: /usr/bin/c++ - skipped
[1.167s] -- Detecting CXX compile features
[1.168s] -- Detecting CXX compile features - done
[1.189s] -- Found ament_cmake: 1.3.8 (/opt/ros/humble/share/ament_cmake/cmake)
[1.874s] -- Found Python3: /usr/bin/python3 (found version "3.10.12") found components: Interpreter 
[2.138s] -- Override CMake install command with custom implementation using symlinks instead of copying resources
[2.386s] -- Found std_msgs: 4.2.3 (/opt/ros/humble/share/std_msgs/cmake)
[2.661s] -- Found rosidl_generator_c: 3.1.5 (/opt/ros/humble/share/rosidl_generator_c/cmake)
[2.703s] -- Found rosidl_adapter: 3.1.5 (/opt/ros/humble/share/rosidl_adapter/cmake)
[2.758s] -- Found rosidl_generator_cpp: 3.1.5 (/opt/ros/humble/share/rosidl_generator_cpp/cmake)
[2.832s] -- Using all available rosidl_typesupport_c: rosidl_typesupport_fastrtps_c;rosidl_typesupport_introspection_c
[2.939s] -- Using all available rosidl_typesupport_cpp: rosidl_typesupport_fastrtps_cpp;rosidl_typesupport_introspection_cpp
[3.188s] -- Found rosidl_default_generators: 1.2.0 (/opt/ros/humble/share/rosidl_default_generators/cmake)
[4.465s] -- Found ament_cmake_ros: 0.10.0 (/opt/ros/humble/share/ament_cmake_ros/cmake)
[6.056s] -- Using all available rosidl_typesupport_c: rosidl_typesupport_fastrtps_c;rosidl_typesupport_introspection_c
[6.669s] -- Using all available rosidl_typesupport_cpp: rosidl_typesupport_fastrtps_cpp;rosidl_typesupport_introspection_cpp
[6.769s] -- Found PythonInterp: /usr/bin/python3 (found suitable version "3.10.12", minimum required is "3.6") 
[6.785s] -- Found python_cmake_module: 0.10.0 (/opt/ros/humble/share/python_cmake_module/cmake)
[6.895s] -- Found PythonLibs: /usr/lib/aarch64-linux-gnu/libpython3.10.so (found suitable version "3.10.12", minimum required is "3.5") 
[6.895s] -- Using PYTHON_EXECUTABLE: /usr/bin/python3
[6.896s] -- Using PYTHON_INCLUDE_DIRS: /usr/include/python3.10
[6.896s] -- Using PYTHON_LIBRARIES: /usr/lib/aarch64-linux-gnu/libpython3.10.so
[6.992s] -- Found PythonExtra: .so  
[7.216s] -- Found ament_lint_auto: 0.12.10 (/opt/ros/humble/share/ament_lint_auto/cmake)
[7.374s] -- Added test 'lint_cmake' to check CMake code style
[7.381s] -- Added test 'xmllint' to check XML markup files
[7.401s] -- Configuring done
[7.591s] -- Generating done
[7.604s] -- Build files have been written to: /home/ubuntu/ros2_ws/build/mini_pupper_interfaces
[7.626s] Invoked command in '/home/ubuntu/ros2_ws/build/mini_pupper_interfaces' returned '0': CMAKE_PREFIX_PATH=/opt/ros/humble /usr/bin/cmake /home/ubuntu/ros2_ws/src/mini_pupper_ros/mini_pupper_interfaces -DAMENT_CMAKE_SYMLINK_INSTALL=1 -DCMAKE_INSTALL_PREFIX=/home/ubuntu/ros2_ws/install/mini_pupper_interfaces
[7.632s] Invoking command in '/home/ubuntu/ros2_ws/build/mini_pupper_interfaces': CMAKE_PREFIX_PATH=/opt/ros/humble /usr/bin/cmake --build /home/ubuntu/ros2_ws/build/mini_pupper_interfaces
[7.819s] [  2%] [34m[1mGenerating C++ code for ROS interfaces[0m
[9.615s] [  2%] Built target mini_pupper_interfaces__cpp
[9.653s] [  4%] [34m[1mGenerating C++ type support dispatch for ROS interfaces[0m
[11.100s] [  6%] [32mBuilding CXX object CMakeFiles/mini_pupper_interfaces__rosidl_typesupport_cpp.dir/rosidl_typesupport_cpp/mini_pupper_interfaces/srv/dance_command__type_support.cpp.o[0m
[12.206s] [  8%] [32mBuilding CXX object CMakeFiles/mini_pupper_interfaces__rosidl_typesupport_cpp.dir/rosidl_typesupport_cpp/mini_pupper_interfaces/srv/play_music__type_support.cpp.o[0m
[13.310s] [ 10%] [32mBuilding CXX object CMakeFiles/mini_pupper_interfaces__rosidl_typesupport_cpp.dir/rosidl_typesupport_cpp/mini_pupper_interfaces/srv/stop_music__type_support.cpp.o[0m
[14.413s] [ 12%] [32m[1mLinking CXX shared library libmini_pupper_interfaces__rosidl_typesupport_cpp.so[0m
[14.560s] [ 12%] Built target mini_pupper_interfaces__rosidl_typesupport_cpp
[14.599s] [ 14%] [34m[1mGenerating C code for ROS interfaces[0m
[16.508s] [ 17%] [32mBuilding C object CMakeFiles/mini_pupper_interfaces__rosidl_generator_c.dir/rosidl_generator_c/mini_pupper_interfaces/srv/detail/dance_command__functions.c.o[0m
[16.765s] [ 19%] [32mBuilding C object CMakeFiles/mini_pupper_interfaces__rosidl_generator_c.dir/rosidl_generator_c/mini_pupper_interfaces/srv/detail/play_music__functions.c.o[0m
[17.019s] [ 21%] [32mBuilding C object CMakeFiles/mini_pupper_interfaces__rosidl_generator_c.dir/rosidl_generator_c/mini_pupper_interfaces/srv/detail/stop_music__functions.c.o[0m
[17.270s] [ 23%] [32m[1mLinking C shared library libmini_pupper_interfaces__rosidl_generator_c.so[0m
[17.429s] [ 23%] Built target mini_pupper_interfaces__rosidl_generator_c
[17.467s] [ 25%] [34m[1mGenerating C type support for eProsima Fast-RTPS[0m
[19.172s] [ 27%] [32mBuilding CXX object CMakeFiles/mini_pupper_interfaces__rosidl_typesupport_fastrtps_c.dir/rosidl_typesupport_fastrtps_c/mini_pupper_interfaces/srv/detail/dance_command__type_support_c.cpp.o[0m
[20.618s] [ 29%] [32mBuilding CXX object CMakeFiles/mini_pupper_interfaces__rosidl_typesupport_fastrtps_c.dir/rosidl_typesupport_fastrtps_c/mini_pupper_interfaces/srv/detail/play_music__type_support_c.cpp.o[0m
[22.073s] [ 31%] [32mBuilding CXX object CMakeFiles/mini_pupper_interfaces__rosidl_typesupport_fastrtps_c.dir/rosidl_typesupport_fastrtps_c/mini_pupper_interfaces/srv/detail/stop_music__type_support_c.cpp.o[0m
[23.527s] [ 34%] [32m[1mLinking CXX shared library libmini_pupper_interfaces__rosidl_typesupport_fastrtps_c.so[0m
[23.815s] [ 34%] Built target mini_pupper_interfaces__rosidl_typesupport_fastrtps_c
[23.853s] [ 36%] [34m[1mGenerating C++ type support for eProsima Fast-RTPS[0m
[25.659s] [ 38%] [32mBuilding CXX object CMakeFiles/mini_pupper_interfaces__rosidl_typesupport_fastrtps_cpp.dir/rosidl_typesupport_fastrtps_cpp/mini_pupper_interfaces/srv/detail/dds_fastrtps/dance_command__type_support.cpp.o[0m
[27.331s] [ 40%] [32mBuilding CXX object CMakeFiles/mini_pupper_interfaces__rosidl_typesupport_fastrtps_cpp.dir/rosidl_typesupport_fastrtps_cpp/mini_pupper_interfaces/srv/detail/dds_fastrtps/play_music__type_support.cpp.o[0m
[29.013s] [ 42%] [32mBuilding CXX object CMakeFiles/mini_pupper_interfaces__rosidl_typesupport_fastrtps_cpp.dir/rosidl_typesupport_fastrtps_cpp/mini_pupper_interfaces/srv/detail/dds_fastrtps/stop_music__type_support.cpp.o[0m
[30.689s] [ 44%] [32m[1mLinking CXX shared library libmini_pupper_interfaces__rosidl_typesupport_fastrtps_cpp.so[0m
[30.976s] [ 44%] Built target mini_pupper_interfaces__rosidl_typesupport_fastrtps_cpp
[31.015s] [ 46%] [34m[1mGenerating C introspection for ROS interfaces[0m
[32.697s] [ 48%] [32mBuilding C object CMakeFiles/mini_pupper_interfaces__rosidl_typesupport_introspection_c.dir/rosidl_typesupport_introspection_c/mini_pupper_interfaces/srv/detail/dance_command__type_support.c.o[0m
[32.874s] [ 51%] [32mBuilding C object CMakeFiles/mini_pupper_interfaces__rosidl_typesupport_introspection_c.dir/rosidl_typesupport_introspection_c/mini_pupper_interfaces/srv/detail/play_music__type_support.c.o[0m
[33.115s] [ 53%] [32mBuilding C object CMakeFiles/mini_pupper_interfaces__rosidl_typesupport_introspection_c.dir/rosidl_typesupport_introspection_c/mini_pupper_interfaces/srv/detail/stop_music__type_support.c.o[0m
[33.285s] [ 55%] [32m[1mLinking C shared library libmini_pupper_interfaces__rosidl_typesupport_introspection_c.so[0m
[33.403s] [ 55%] Built target mini_pupper_interfaces__rosidl_typesupport_introspection_c
[33.441s] [ 57%] [34m[1mGenerating C type support dispatch for ROS interfaces[0m
[34.864s] [ 59%] [32mBuilding CXX object CMakeFiles/mini_pupper_interfaces__rosidl_typesupport_c.dir/rosidl_typesupport_c/mini_pupper_interfaces/srv/dance_command__type_support.cpp.o[0m
[35.012s] [ 61%] [32mBuilding CXX object CMakeFiles/mini_pupper_interfaces__rosidl_typesupport_c.dir/rosidl_typesupport_c/mini_pupper_interfaces/srv/play_music__type_support.cpp.o[0m
[35.154s] [ 63%] [32mBuilding CXX object CMakeFiles/mini_pupper_interfaces__rosidl_typesupport_c.dir/rosidl_typesupport_c/mini_pupper_interfaces/srv/stop_music__type_support.cpp.o[0m
[35.297s] [ 65%] [32m[1mLinking CXX shared library libmini_pupper_interfaces__rosidl_typesupport_c.so[0m
[35.447s] [ 65%] Built target mini_pupper_interfaces__rosidl_typesupport_c
[35.486s] [ 68%] [34m[1mGenerating C++ introspection for ROS interfaces[0m
[37.081s] [ 70%] [32mBuilding CXX object CMakeFiles/mini_pupper_interfaces__rosidl_typesupport_introspection_cpp.dir/rosidl_typesupport_introspection_cpp/mini_pupper_interfaces/srv/detail/dance_command__type_support.cpp.o[0m
[38.637s] [ 72%] [32mBuilding CXX object CMakeFiles/mini_pupper_interfaces__rosidl_typesupport_introspection_cpp.dir/rosidl_typesupport_introspection_cpp/mini_pupper_interfaces/srv/detail/play_music__type_support.cpp.o[0m
[40.193s] [ 74%] [32mBuilding CXX object CMakeFiles/mini_pupper_interfaces__rosidl_typesupport_introspection_cpp.dir/rosidl_typesupport_introspection_cpp/mini_pupper_interfaces/srv/detail/stop_music__type_support.cpp.o[0m
[41.757s] [ 76%] [32m[1mLinking CXX shared library libmini_pupper_interfaces__rosidl_typesupport_introspection_cpp.so[0m
[42.026s] [ 76%] Built target mini_pupper_interfaces__rosidl_typesupport_introspection_cpp
[42.100s] [ 76%] Built target mini_pupper_interfaces
[42.200s] [ 76%] Built target ament_cmake_python_symlink_mini_pupper_interfaces
[43.355s] running egg_info
[43.357s] creating mini_pupper_interfaces.egg-info
[43.358s] writing mini_pupper_interfaces.egg-info/PKG-INFO
[43.359s] writing dependency_links to mini_pupper_interfaces.egg-info/dependency_links.txt
[43.360s] writing top-level names to mini_pupper_interfaces.egg-info/top_level.txt
[43.361s] writing manifest file 'mini_pupper_interfaces.egg-info/SOURCES.txt'
[43.369s] reading manifest file 'mini_pupper_interfaces.egg-info/SOURCES.txt'
[43.371s] writing manifest file 'mini_pupper_interfaces.egg-info/SOURCES.txt'
[43.490s] [ 76%] Built target ament_cmake_python_build_mini_pupper_interfaces_egg
[43.567s] [ 78%] [34m[1mGenerating Python code for ROS interfaces[0m
[46.790s] [ 78%] Built target mini_pupper_interfaces__py
[46.866s] [ 80%] [32mBuilding C object CMakeFiles/mini_pupper_interfaces__rosidl_generator_py.dir/rosidl_generator_py/mini_pupper_interfaces/srv/_dance_command_s.c.o[0m
[47.322s] [ 82%] [32mBuilding C object CMakeFiles/mini_pupper_interfaces__rosidl_generator_py.dir/rosidl_generator_py/mini_pupper_interfaces/srv/_play_music_s.c.o[0m
[47.789s] [ 85%] [32mBuilding C object CMakeFiles/mini_pupper_interfaces__rosidl_generator_py.dir/rosidl_generator_py/mini_pupper_interfaces/srv/_stop_music_s.c.o[0m
[48.245s] [ 87%] [32m[1mLinking C shared library rosidl_generator_py/mini_pupper_interfaces/libmini_pupper_interfaces__rosidl_generator_py.so[0m
[48.421s] [ 87%] Built target mini_pupper_interfaces__rosidl_generator_py
[48.496s] [ 89%] [32mBuilding C object CMakeFiles/mini_pupper_interfaces__rosidl_typesupport_fastrtps_c__pyext.dir/rosidl_generator_py/mini_pupper_interfaces/_mini_pupper_interfaces_s.ep.rosidl_typesupport_fastrtps_c.c.o[0m
[49.048s] [ 91%] [32m[1mLinking C shared library rosidl_generator_py/mini_pupper_interfaces/mini_pupper_interfaces_s__rosidl_typesupport_fastrtps_c.cpython-310-aarch64-linux-gnu.so[0m
[49.215s] [ 91%] Built target mini_pupper_interfaces__rosidl_typesupport_fastrtps_c__pyext
[49.291s] [ 93%] [32mBuilding C object CMakeFiles/mini_pupper_interfaces__rosidl_typesupport_introspection_c__pyext.dir/rosidl_generator_py/mini_pupper_interfaces/_mini_pupper_interfaces_s.ep.rosidl_typesupport_introspection_c.c.o[0m
[49.840s] [ 95%] [32m[1mLinking C shared library rosidl_generator_py/mini_pupper_interfaces/mini_pupper_interfaces_s__rosidl_typesupport_introspection_c.cpython-310-aarch64-linux-gnu.so[0m
[50.007s] [ 95%] Built target mini_pupper_interfaces__rosidl_typesupport_introspection_c__pyext
[50.082s] [ 97%] [32mBuilding C object CMakeFiles/mini_pupper_interfaces__rosidl_typesupport_c__pyext.dir/rosidl_generator_py/mini_pupper_interfaces/_mini_pupper_interfaces_s.ep.rosidl_typesupport_c.c.o[0m
[50.628s] [100%] [32m[1mLinking C shared library rosidl_generator_py/mini_pupper_interfaces/mini_pupper_interfaces_s__rosidl_typesupport_c.cpython-310-aarch64-linux-gnu.so[0m
[50.794s] [100%] Built target mini_pupper_interfaces__rosidl_typesupport_c__pyext
[50.835s] Invoked command in '/home/ubuntu/ros2_ws/build/mini_pupper_interfaces' returned '0': CMAKE_PREFIX_PATH=/opt/ros/humble /usr/bin/cmake --build /home/ubuntu/ros2_ws/build/mini_pupper_interfaces
[51.279s] Invoking command in '/home/ubuntu/ros2_ws/build/mini_pupper_interfaces': CMAKE_PREFIX_PATH=/opt/ros/humble /usr/bin/cmake --install /home/ubuntu/ros2_ws/build/mini_pupper_interfaces
[51.304s] -- Install configuration: ""
[51.306s] -- Execute custom install script
[51.308s] -- Symlinking: /home/ubuntu/ros2_ws/install/mini_pupper_interfaces/share/ament_index/resource_index/rosidl_interfaces/mini_pupper_interfaces
[51.340s] -- Symlinking: /home/ubuntu/ros2_ws/install/mini_pupper_interfaces/include/mini_pupper_interfaces/mini_pupper_interfaces/msg/rosidl_generator_c__visibility_control.h
[51.370s] -- Symlinking: /home/ubuntu/ros2_ws/install/mini_pupper_interfaces/include/mini_pupper_interfaces/mini_pupper_interfaces/srv/dance_command.h
[51.400s] -- Symlinking: /home/ubuntu/ros2_ws/install/mini_pupper_interfaces/include/mini_pupper_interfaces/mini_pupper_interfaces/srv/detail/dance_command__functions.h
[51.430s] -- Symlinking: /home/ubuntu/ros2_ws/install/mini_pupper_interfaces/include/mini_pupper_interfaces/mini_pupper_interfaces/srv/detail/dance_command__struct.h
[51.459s] -- Symlinking: /home/ubuntu/ros2_ws/install/mini_pupper_interfaces/include/mini_pupper_interfaces/mini_pupper_interfaces/srv/detail/dance_command__type_support.h
[51.488s] -- Symlinking: /home/ubuntu/ros2_ws/install/mini_pupper_interfaces/include/mini_pupper_interfaces/mini_pupper_interfaces/srv/detail/play_music__functions.h
[51.518s] -- Symlinking: /home/ubuntu/ros2_ws/install/mini_pupper_interfaces/include/mini_pupper_interfaces/mini_pupper_interfaces/srv/detail/play_music__struct.h
[51.547s] -- Symlinking: /home/ubuntu/ros2_ws/install/mini_pupper_interfaces/include/mini_pupper_interfaces/mini_pupper_interfaces/srv/detail/play_music__type_support.h
[51.576s] -- Symlinking: /home/ubuntu/ros2_ws/install/mini_pupper_interfaces/include/mini_pupper_interfaces/mini_pupper_interfaces/srv/detail/stop_music__functions.h
[51.606s] -- Symlinking: /home/ubuntu/ros2_ws/install/mini_pupper_interfaces/include/mini_pupper_interfaces/mini_pupper_interfaces/srv/detail/stop_music__struct.h
[51.635s] -- Symlinking: /home/ubuntu/ros2_ws/install/mini_pupper_interfaces/include/mini_pupper_interfaces/mini_pupper_interfaces/srv/detail/stop_music__type_support.h
[51.664s] -- Symlinking: /home/ubuntu/ros2_ws/install/mini_pupper_interfaces/include/mini_pupper_interfaces/mini_pupper_interfaces/srv/play_music.h
[51.693s] -- Symlinking: /home/ubuntu/ros2_ws/install/mini_pupper_interfaces/include/mini_pupper_interfaces/mini_pupper_interfaces/srv/stop_music.h
[51.723s] -- Symlinking: /home/ubuntu/ros2_ws/install/mini_pupper_interfaces/share/mini_pupper_interfaces/environment/library_path.sh
[51.753s] -- Symlinking: /home/ubuntu/ros2_ws/install/mini_pupper_interfaces/share/mini_pupper_interfaces/environment/library_path.dsv
[51.785s] -- Symlinking: /home/ubuntu/ros2_ws/install/mini_pupper_interfaces/include/mini_pupper_interfaces/mini_pupper_interfaces/msg/rosidl_typesupport_fastrtps_c__visibility_control.h
[51.815s] -- Symlinking: /home/ubuntu/ros2_ws/install/mini_pupper_interfaces/include/mini_pupper_interfaces/mini_pupper_interfaces/srv/detail/dance_command__rosidl_typesupport_fastrtps_c.h
[51.845s] -- Symlinking: /home/ubuntu/ros2_ws/install/mini_pupper_interfaces/include/mini_pupper_interfaces/mini_pupper_interfaces/srv/detail/play_music__rosidl_typesupport_fastrtps_c.h
[51.874s] -- Symlinking: /home/ubuntu/ros2_ws/install/mini_pupper_interfaces/include/mini_pupper_interfaces/mini_pupper_interfaces/srv/detail/stop_music__rosidl_typesupport_fastrtps_c.h
[51.906s] -- Symlinking: /home/ubuntu/ros2_ws/install/mini_pupper_interfaces/include/mini_pupper_interfaces/mini_pupper_interfaces/srv/dance_command.hpp
[51.935s] -- Symlinking: /home/ubuntu/ros2_ws/install/mini_pupper_interfaces/include/mini_pupper_interfaces/mini_pupper_interfaces/srv/detail/dance_command__builder.hpp
[51.965s] -- Symlinking: /home/ubuntu/ros2_ws/install/mini_pupper_interfaces/include/mini_pupper_interfaces/mini_pupper_interfaces/srv/detail/dance_command__struct.hpp
[51.994s] -- Symlinking: /home/ubuntu/ros2_ws/install/mini_pupper_interfaces/include/mini_pupper_interfaces/mini_pupper_interfaces/srv/detail/dance_command__traits.hpp
[52.023s] -- Symlinking: /home/ubuntu/ros2_ws/install/mini_pupper_interfaces/include/mini_pupper_interfaces/mini_pupper_interfaces/srv/detail/play_music__builder.hpp
[52.053s] -- Symlinking: /home/ubuntu/ros2_ws/install/mini_pupper_interfaces/include/mini_pupper_interfaces/mini_pupper_interfaces/srv/detail/play_music__struct.hpp
[52.082s] -- Symlinking: /home/ubuntu/ros2_ws/install/mini_pupper_interfaces/include/mini_pupper_interfaces/mini_pupper_interfaces/srv/detail/play_music__traits.hpp
[52.111s] -- Symlinking: /home/ubuntu/ros2_ws/install/mini_pupper_interfaces/include/mini_pupper_interfaces/mini_pupper_interfaces/srv/detail/stop_music__builder.hpp
[52.141s] -- Symlinking: /home/ubuntu/ros2_ws/install/mini_pupper_interfaces/include/mini_pupper_interfaces/mini_pupper_interfaces/srv/detail/stop_music__struct.hpp
[52.170s] -- Symlinking: /home/ubuntu/ros2_ws/install/mini_pupper_interfaces/include/mini_pupper_interfaces/mini_pupper_interfaces/srv/detail/stop_music__traits.hpp
[52.199s] -- Symlinking: /home/ubuntu/ros2_ws/install/mini_pupper_interfaces/include/mini_pupper_interfaces/mini_pupper_interfaces/srv/play_music.hpp
[52.228s] -- Symlinking: /home/ubuntu/ros2_ws/install/mini_pupper_interfaces/include/mini_pupper_interfaces/mini_pupper_interfaces/srv/stop_music.hpp
[52.261s] -- Symlinking: /home/ubuntu/ros2_ws/install/mini_pupper_interfaces/include/mini_pupper_interfaces/mini_pupper_interfaces/msg/rosidl_typesupport_fastrtps_cpp__visibility_control.h
[52.290s] -- Symlinking: /home/ubuntu/ros2_ws/install/mini_pupper_interfaces/include/mini_pupper_interfaces/mini_pupper_interfaces/srv/detail/dance_command__rosidl_typesupport_fastrtps_cpp.hpp
[52.320s] -- Symlinking: /home/ubuntu/ros2_ws/install/mini_pupper_interfaces/include/mini_pupper_interfaces/mini_pupper_interfaces/srv/detail/play_music__rosidl_typesupport_fastrtps_cpp.hpp
[52.349s] -- Symlinking: /home/ubuntu/ros2_ws/install/mini_pupper_interfaces/include/mini_pupper_interfaces/mini_pupper_interfaces/srv/detail/stop_music__rosidl_typesupport_fastrtps_cpp.hpp
[52.380s] -- Symlinking: /home/ubuntu/ros2_ws/install/mini_pupper_interfaces/include/mini_pupper_interfaces/mini_pupper_interfaces/msg/rosidl_typesupport_introspection_c__visibility_control.h
[52.410s] -- Symlinking: /home/ubuntu/ros2_ws/install/mini_pupper_interfaces/include/mini_pupper_interfaces/mini_pupper_interfaces/srv/detail/dance_command__rosidl_typesupport_introspection_c.h
[52.439s] -- Symlinking: /home/ubuntu/ros2_ws/install/mini_pupper_interfaces/include/mini_pupper_interfaces/mini_pupper_interfaces/srv/detail/play_music__rosidl_typesupport_introspection_c.h
[52.469s] -- Symlinking: /home/ubuntu/ros2_ws/install/mini_pupper_interfaces/include/mini_pupper_interfaces/mini_pupper_interfaces/srv/detail/stop_music__rosidl_typesupport_introspection_c.h
[52.503s] -- Symlinking: /home/ubuntu/ros2_ws/install/mini_pupper_interfaces/include/mini_pupper_interfaces/mini_pupper_interfaces/srv/detail/dance_command__rosidl_typesupport_introspection_cpp.hpp
[52.532s] -- Symlinking: /home/ubuntu/ros2_ws/install/mini_pupper_interfaces/include/mini_pupper_interfaces/mini_pupper_interfaces/srv/detail/play_music__rosidl_typesupport_introspection_cpp.hpp
[52.563s] -- Symlinking: /home/ubuntu/ros2_ws/install/mini_pupper_interfaces/include/mini_pupper_interfaces/mini_pupper_interfaces/srv/detail/stop_music__rosidl_typesupport_introspection_cpp.hpp
[52.592s] -- Symlinking: /home/ubuntu/ros2_ws/install/mini_pupper_interfaces/share/mini_pupper_interfaces/environment/pythonpath.sh
[52.622s] -- Symlinking: /home/ubuntu/ros2_ws/install/mini_pupper_interfaces/share/mini_pupper_interfaces/environment/pythonpath.dsv
[52.653s] -- Symlinking: /home/ubuntu/ros2_ws/install/mini_pupper_interfaces/local/lib/python3.10/dist-packages/mini_pupper_interfaces-0.0.0-py3.10.egg-info/PKG-INFO
[52.683s] -- Symlinking: /home/ubuntu/ros2_ws/install/mini_pupper_interfaces/local/lib/python3.10/dist-packages/mini_pupper_interfaces-0.0.0-py3.10.egg-info/SOURCES.txt
[52.713s] -- Symlinking: /home/ubuntu/ros2_ws/install/mini_pupper_interfaces/local/lib/python3.10/dist-packages/mini_pupper_interfaces-0.0.0-py3.10.egg-info/dependency_links.txt
[52.742s] -- Symlinking: /home/ubuntu/ros2_ws/install/mini_pupper_interfaces/local/lib/python3.10/dist-packages/mini_pupper_interfaces-0.0.0-py3.10.egg-info/top_level.txt
[52.800s] -- Symlinking: /home/ubuntu/ros2_ws/install/mini_pupper_interfaces/local/lib/python3.10/dist-packages/mini_pupper_interfaces/__init__.py
[52.830s] -- Symlinking: /home/ubuntu/ros2_ws/install/mini_pupper_interfaces/local/lib/python3.10/dist-packages/mini_pupper_interfaces/_mini_pupper_interfaces_s.ep.rosidl_typesupport_c.c
[52.859s] -- Symlinking: /home/ubuntu/ros2_ws/install/mini_pupper_interfaces/local/lib/python3.10/dist-packages/mini_pupper_interfaces/_mini_pupper_interfaces_s.ep.rosidl_typesupport_fastrtps_c.c
[52.888s] -- Symlinking: /home/ubuntu/ros2_ws/install/mini_pupper_interfaces/local/lib/python3.10/dist-packages/mini_pupper_interfaces/_mini_pupper_interfaces_s.ep.rosidl_typesupport_introspection_c.c
[52.918s] -- Symlinking: /home/ubuntu/ros2_ws/install/mini_pupper_interfaces/local/lib/python3.10/dist-packages/mini_pupper_interfaces/libmini_pupper_interfaces__rosidl_generator_py.so
[52.947s] -- Symlinking: /home/ubuntu/ros2_ws/install/mini_pupper_interfaces/local/lib/python3.10/dist-packages/mini_pupper_interfaces/mini_pupper_interfaces_s__rosidl_typesupport_c.cpython-310-aarch64-linux-gnu.so
[52.977s] -- Symlinking: /home/ubuntu/ros2_ws/install/mini_pupper_interfaces/local/lib/python3.10/dist-packages/mini_pupper_interfaces/mini_pupper_interfaces_s__rosidl_typesupport_fastrtps_c.cpython-310-aarch64-linux-gnu.so
[53.006s] -- Symlinking: /home/ubuntu/ros2_ws/install/mini_pupper_interfaces/local/lib/python3.10/dist-packages/mini_pupper_interfaces/mini_pupper_interfaces_s__rosidl_typesupport_introspection_c.cpython-310-aarch64-linux-gnu.so
[53.036s] -- Symlinking: /home/ubuntu/ros2_ws/install/mini_pupper_interfaces/local/lib/python3.10/dist-packages/mini_pupper_interfaces/srv/__init__.py
[53.066s] -- Symlinking: /home/ubuntu/ros2_ws/install/mini_pupper_interfaces/local/lib/python3.10/dist-packages/mini_pupper_interfaces/srv/_dance_command.py
[53.095s] -- Symlinking: /home/ubuntu/ros2_ws/install/mini_pupper_interfaces/local/lib/python3.10/dist-packages/mini_pupper_interfaces/srv/_dance_command_s.c
[53.124s] -- Symlinking: /home/ubuntu/ros2_ws/install/mini_pupper_interfaces/local/lib/python3.10/dist-packages/mini_pupper_interfaces/srv/_play_music.py
[53.154s] -- Symlinking: /home/ubuntu/ros2_ws/install/mini_pupper_interfaces/local/lib/python3.10/dist-packages/mini_pupper_interfaces/srv/_play_music_s.c
[53.183s] -- Symlinking: /home/ubuntu/ros2_ws/install/mini_pupper_interfaces/local/lib/python3.10/dist-packages/mini_pupper_interfaces/srv/_stop_music.py
[53.212s] -- Symlinking: /home/ubuntu/ros2_ws/install/mini_pupper_interfaces/local/lib/python3.10/dist-packages/mini_pupper_interfaces/srv/_stop_music_s.c
[53.242s] -- Up-to-date symlink: /home/ubuntu/ros2_ws/install/mini_pupper_interfaces/local/lib/python3.10/dist-packages/mini_pupper_interfaces/mini_pupper_interfaces_s__rosidl_typesupport_fastrtps_c.cpython-310-aarch64-linux-gnu.so
[53.244s] -- Up-to-date symlink: /home/ubuntu/ros2_ws/install/mini_pupper_interfaces/local/lib/python3.10/dist-packages/mini_pupper_interfaces/mini_pupper_interfaces_s__rosidl_typesupport_introspection_c.cpython-310-aarch64-linux-gnu.so
[53.245s] -- Up-to-date symlink: /home/ubuntu/ros2_ws/install/mini_pupper_interfaces/local/lib/python3.10/dist-packages/mini_pupper_interfaces/mini_pupper_interfaces_s__rosidl_typesupport_c.cpython-310-aarch64-linux-gnu.so
[53.246s] -- Symlinking: /home/ubuntu/ros2_ws/install/mini_pupper_interfaces/share/mini_pupper_interfaces/srv/DanceCommand.idl
[53.276s] -- Symlinking: /home/ubuntu/ros2_ws/install/mini_pupper_interfaces/share/mini_pupper_interfaces/srv/PlayMusic.idl
[53.306s] -- Symlinking: /home/ubuntu/ros2_ws/install/mini_pupper_interfaces/share/mini_pupper_interfaces/srv/StopMusic.idl
[53.335s] -- Symlinking: /home/ubuntu/ros2_ws/install/mini_pupper_interfaces/share/mini_pupper_interfaces/srv/DanceCommand.srv
[53.364s] -- Symlinking: /home/ubuntu/ros2_ws/install/mini_pupper_interfaces/share/mini_pupper_interfaces/srv/DanceCommand_Request.msg
[53.394s] -- Symlinking: /home/ubuntu/ros2_ws/install/mini_pupper_interfaces/share/mini_pupper_interfaces/srv/DanceCommand_Response.msg
[53.424s] -- Symlinking: /home/ubuntu/ros2_ws/install/mini_pupper_interfaces/share/mini_pupper_interfaces/srv/PlayMusic.srv
[53.453s] -- Symlinking: /home/ubuntu/ros2_ws/install/mini_pupper_interfaces/share/mini_pupper_interfaces/srv/PlayMusic_Request.msg
[53.483s] -- Symlinking: /home/ubuntu/ros2_ws/install/mini_pupper_interfaces/share/mini_pupper_interfaces/srv/PlayMusic_Response.msg
[53.513s] -- Symlinking: /home/ubuntu/ros2_ws/install/mini_pupper_interfaces/share/mini_pupper_interfaces/srv/StopMusic.srv
[53.541s] -- Symlinking: /home/ubuntu/ros2_ws/install/mini_pupper_interfaces/share/mini_pupper_interfaces/srv/StopMusic_Request.msg
[53.571s] -- Symlinking: /home/ubuntu/ros2_ws/install/mini_pupper_interfaces/share/mini_pupper_interfaces/srv/StopMusic_Response.msg
[53.601s] -- Symlinking: /home/ubuntu/ros2_ws/install/mini_pupper_interfaces/share/ament_index/resource_index/package_run_dependencies/mini_pupper_interfaces
[53.631s] -- Symlinking: /home/ubuntu/ros2_ws/install/mini_pupper_interfaces/share/ament_index/resource_index/parent_prefix_path/mini_pupper_interfaces
[53.661s] -- Symlinking: /home/ubuntu/ros2_ws/install/mini_pupper_interfaces/share/mini_pupper_interfaces/environment/ament_prefix_path.sh
[53.690s] -- Symlinking: /home/ubuntu/ros2_ws/install/mini_pupper_interfaces/share/mini_pupper_interfaces/environment/ament_prefix_path.dsv
[53.720s] -- Symlinking: /home/ubuntu/ros2_ws/install/mini_pupper_interfaces/share/mini_pupper_interfaces/environment/path.sh
[53.750s] -- Symlinking: /home/ubuntu/ros2_ws/install/mini_pupper_interfaces/share/mini_pupper_interfaces/environment/path.dsv
[53.779s] -- Symlinking: /home/ubuntu/ros2_ws/install/mini_pupper_interfaces/share/mini_pupper_interfaces/local_setup.bash
[53.808s] -- Symlinking: /home/ubuntu/ros2_ws/install/mini_pupper_interfaces/share/mini_pupper_interfaces/local_setup.sh
[53.838s] -- Symlinking: /home/ubuntu/ros2_ws/install/mini_pupper_interfaces/share/mini_pupper_interfaces/local_setup.zsh
[53.867s] -- Symlinking: /home/ubuntu/ros2_ws/install/mini_pupper_interfaces/share/mini_pupper_interfaces/local_setup.dsv
[53.897s] -- Symlinking: /home/ubuntu/ros2_ws/install/mini_pupper_interfaces/share/mini_pupper_interfaces/package.dsv
[53.927s] -- Symlinking: /home/ubuntu/ros2_ws/install/mini_pupper_interfaces/share/ament_index/resource_index/packages/mini_pupper_interfaces
[53.957s] -- Symlinking: /home/ubuntu/ros2_ws/install/mini_pupper_interfaces/share/mini_pupper_interfaces/cmake/rosidl_cmake-extras.cmake
[53.987s] -- Symlinking: /home/ubuntu/ros2_ws/install/mini_pupper_interfaces/share/mini_pupper_interfaces/cmake/ament_cmake_export_dependencies-extras.cmake
[54.017s] -- Symlinking: /home/ubuntu/ros2_ws/install/mini_pupper_interfaces/share/mini_pupper_interfaces/cmake/ament_cmake_export_include_directories-extras.cmake
[54.047s] -- Symlinking: /home/ubuntu/ros2_ws/install/mini_pupper_interfaces/share/mini_pupper_interfaces/cmake/ament_cmake_export_libraries-extras.cmake
[54.076s] -- Symlinking: /home/ubuntu/ros2_ws/install/mini_pupper_interfaces/share/mini_pupper_interfaces/cmake/ament_cmake_export_targets-extras.cmake
[54.106s] -- Symlinking: /home/ubuntu/ros2_ws/install/mini_pupper_interfaces/share/mini_pupper_interfaces/cmake/rosidl_cmake_export_typesupport_targets-extras.cmake
[54.135s] -- Symlinking: /home/ubuntu/ros2_ws/install/mini_pupper_interfaces/share/mini_pupper_interfaces/cmake/rosidl_cmake_export_typesupport_libraries-extras.cmake
[54.164s] -- Symlinking: /home/ubuntu/ros2_ws/install/mini_pupper_interfaces/share/mini_pupper_interfaces/cmake/mini_pupper_interfacesConfig.cmake
[54.194s] -- Symlinking: /home/ubuntu/ros2_ws/install/mini_pupper_interfaces/share/mini_pupper_interfaces/cmake/mini_pupper_interfacesConfig-version.cmake
[54.223s] -- Symlinking: /home/ubuntu/ros2_ws/install/mini_pupper_interfaces/share/mini_pupper_interfaces/package.xml
[54.253s] -- Installing: /home/ubuntu/ros2_ws/install/mini_pupper_interfaces/lib/libmini_pupper_interfaces__rosidl_generator_c.so
[54.256s] -- Set runtime path of "/home/ubuntu/ros2_ws/install/mini_pupper_interfaces/lib/libmini_pupper_interfaces__rosidl_generator_c.so" to ""
[54.256s] -- Installing: /home/ubuntu/ros2_ws/install/mini_pupper_interfaces/lib/libmini_pupper_interfaces__rosidl_typesupport_fastrtps_c.so
[54.259s] -- Set runtime path of "/home/ubuntu/ros2_ws/install/mini_pupper_interfaces/lib/libmini_pupper_interfaces__rosidl_typesupport_fastrtps_c.so" to ""
[54.260s] -- Installing: /home/ubuntu/ros2_ws/install/mini_pupper_interfaces/lib/libmini_pupper_interfaces__rosidl_typesupport_fastrtps_cpp.so
[54.262s] -- Set runtime path of "/home/ubuntu/ros2_ws/install/mini_pupper_interfaces/lib/libmini_pupper_interfaces__rosidl_typesupport_fastrtps_cpp.so" to ""
[54.263s] -- Installing: /home/ubuntu/ros2_ws/install/mini_pupper_interfaces/lib/libmini_pupper_interfaces__rosidl_typesupport_introspection_c.so
[54.265s] -- Set runtime path of "/home/ubuntu/ros2_ws/install/mini_pupper_interfaces/lib/libmini_pupper_interfaces__rosidl_typesupport_introspection_c.so" to ""
[54.266s] -- Installing: /home/ubuntu/ros2_ws/install/mini_pupper_interfaces/lib/libmini_pupper_interfaces__rosidl_typesupport_c.so
[54.268s] -- Set runtime path of "/home/ubuntu/ros2_ws/install/mini_pupper_interfaces/lib/libmini_pupper_interfaces__rosidl_typesupport_c.so" to ""
[54.269s] -- Installing: /home/ubuntu/ros2_ws/install/mini_pupper_interfaces/lib/libmini_pupper_interfaces__rosidl_typesupport_introspection_cpp.so
[54.272s] -- Set runtime path of "/home/ubuntu/ros2_ws/install/mini_pupper_interfaces/lib/libmini_pupper_interfaces__rosidl_typesupport_introspection_cpp.so" to ""
[54.272s] -- Installing: /home/ubuntu/ros2_ws/install/mini_pupper_interfaces/lib/libmini_pupper_interfaces__rosidl_typesupport_cpp.so
[54.274s] -- Set runtime path of "/home/ubuntu/ros2_ws/install/mini_pupper_interfaces/lib/libmini_pupper_interfaces__rosidl_typesupport_cpp.so" to ""
[54.429s] Listing '/home/ubuntu/ros2_ws/install/mini_pupper_interfaces/local/lib/python3.10/dist-packages/mini_pupper_interfaces'...
[54.430s] Compiling '/home/ubuntu/ros2_ws/install/mini_pupper_interfaces/local/lib/python3.10/dist-packages/mini_pupper_interfaces/__init__.py'...
[54.431s] Listing '/home/ubuntu/ros2_ws/install/mini_pupper_interfaces/local/lib/python3.10/dist-packages/mini_pupper_interfaces/srv'...
[54.432s] Compiling '/home/ubuntu/ros2_ws/install/mini_pupper_interfaces/local/lib/python3.10/dist-packages/mini_pupper_interfaces/srv/__init__.py'...
[54.433s] Compiling '/home/ubuntu/ros2_ws/install/mini_pupper_interfaces/local/lib/python3.10/dist-packages/mini_pupper_interfaces/srv/_dance_command.py'...
[54.434s] Compiling '/home/ubuntu/ros2_ws/install/mini_pupper_interfaces/local/lib/python3.10/dist-packages/mini_pupper_interfaces/srv/_play_music.py'...
[54.435s] Compiling '/home/ubuntu/ros2_ws/install/mini_pupper_interfaces/local/lib/python3.10/dist-packages/mini_pupper_interfaces/srv/_stop_music.py'...
[54.453s] -- Installing: /home/ubuntu/ros2_ws/install/mini_pupper_interfaces/lib/libmini_pupper_interfaces__rosidl_generator_py.so
[54.455s] -- Set runtime path of "/home/ubuntu/ros2_ws/install/mini_pupper_interfaces/lib/libmini_pupper_interfaces__rosidl_generator_py.so" to ""
[54.456s] -- Installing: /home/ubuntu/ros2_ws/install/mini_pupper_interfaces/share/mini_pupper_interfaces/cmake/export_mini_pupper_interfaces__rosidl_generator_cExport.cmake
[54.458s] -- Installing: /home/ubuntu/ros2_ws/install/mini_pupper_interfaces/share/mini_pupper_interfaces/cmake/export_mini_pupper_interfaces__rosidl_generator_cExport-noconfig.cmake
[54.459s] -- Installing: /home/ubuntu/ros2_ws/install/mini_pupper_interfaces/share/mini_pupper_interfaces/cmake/export_mini_pupper_interfaces__rosidl_typesupport_fastrtps_cExport.cmake
[54.460s] -- Installing: /home/ubuntu/ros2_ws/install/mini_pupper_interfaces/share/mini_pupper_interfaces/cmake/export_mini_pupper_interfaces__rosidl_typesupport_fastrtps_cExport-noconfig.cmake
[54.462s] -- Installing: /home/ubuntu/ros2_ws/install/mini_pupper_interfaces/share/mini_pupper_interfaces/cmake/export_mini_pupper_interfaces__rosidl_generator_cppExport.cmake
[54.464s] -- Installing: /home/ubuntu/ros2_ws/install/mini_pupper_interfaces/share/mini_pupper_interfaces/cmake/export_mini_pupper_interfaces__rosidl_typesupport_fastrtps_cppExport.cmake
[54.465s] -- Installing: /home/ubuntu/ros2_ws/install/mini_pupper_interfaces/share/mini_pupper_interfaces/cmake/export_mini_pupper_interfaces__rosidl_typesupport_fastrtps_cppExport-noconfig.cmake
[54.467s] -- Installing: /home/ubuntu/ros2_ws/install/mini_pupper_interfaces/share/mini_pupper_interfaces/cmake/mini_pupper_interfaces__rosidl_typesupport_introspection_cExport.cmake
[54.468s] -- Installing: /home/ubuntu/ros2_ws/install/mini_pupper_interfaces/share/mini_pupper_interfaces/cmake/mini_pupper_interfaces__rosidl_typesupport_introspection_cExport-noconfig.cmake
[54.470s] -- Installing: /home/ubuntu/ros2_ws/install/mini_pupper_interfaces/share/mini_pupper_interfaces/cmake/mini_pupper_interfaces__rosidl_typesupport_cExport.cmake
[54.471s] -- Installing: /home/ubuntu/ros2_ws/install/mini_pupper_interfaces/share/mini_pupper_interfaces/cmake/mini_pupper_interfaces__rosidl_typesupport_cExport-noconfig.cmake
[54.472s] -- Installing: /home/ubuntu/ros2_ws/install/mini_pupper_interfaces/share/mini_pupper_interfaces/cmake/mini_pupper_interfaces__rosidl_typesupport_introspection_cppExport.cmake
[54.474s] -- Installing: /home/ubuntu/ros2_ws/install/mini_pupper_interfaces/share/mini_pupper_interfaces/cmake/mini_pupper_interfaces__rosidl_typesupport_introspection_cppExport-noconfig.cmake
[54.476s] -- Installing: /home/ubuntu/ros2_ws/install/mini_pupper_interfaces/share/mini_pupper_interfaces/cmake/mini_pupper_interfaces__rosidl_typesupport_cppExport.cmake
[54.477s] -- Installing: /home/ubuntu/ros2_ws/install/mini_pupper_interfaces/share/mini_pupper_interfaces/cmake/mini_pupper_interfaces__rosidl_typesupport_cppExport-noconfig.cmake
[54.479s] -- Installing: /home/ubuntu/ros2_ws/install/mini_pupper_interfaces/share/mini_pupper_interfaces/cmake/export_mini_pupper_interfaces__rosidl_generator_pyExport.cmake
[54.480s] -- Installing: /home/ubuntu/ros2_ws/install/mini_pupper_interfaces/share/mini_pupper_interfaces/cmake/export_mini_pupper_interfaces__rosidl_generator_pyExport-noconfig.cmake
[54.489s] Invoked command in '/home/ubuntu/ros2_ws/build/mini_pupper_interfaces' returned '0': CMAKE_PREFIX_PATH=/opt/ros/humble /usr/bin/cmake --install /home/ubuntu/ros2_ws/build/mini_pupper_interfaces
