[0.071s] Invoking command in '/home/ubuntu/ros2_ws/build/champ_teleop': CMAKE_PREFIX_PATH=${CMAKE_PREFIX_PATH}:/home/ubuntu/ros2_ws/install/go_pupper_srv:/home/ubuntu/ros2_ws/install/mini_pupper_music:/home/ubuntu/ros2_ws/install/mini_pupper_dance:/home/ubuntu/ros2_ws/install/mini_pupper_driver:/opt/ros/humble /usr/bin/cmake --build /home/ubuntu/ros2_ws/build/champ_teleop -- -j4 -l4
[0.562s] Invoked command in '/home/ubuntu/ros2_ws/build/champ_teleop' returned '0': CMAKE_PREFIX_PATH=${CMAKE_PREFIX_PATH}:/home/ubuntu/ros2_ws/install/go_pupper_srv:/home/ubuntu/ros2_ws/install/mini_pupper_music:/home/ubuntu/ros2_ws/install/mini_pupper_dance:/home/ubuntu/ros2_ws/install/mini_pupper_driver:/opt/ros/humble /usr/bin/cmake --build /home/ubuntu/ros2_ws/build/champ_teleop -- -j4 -l4
[1.099s] Invoking command in '/home/ubuntu/ros2_ws/build/champ_teleop': CMAKE_PREFIX_PATH=${CMAKE_PREFIX_PATH}:/home/ubuntu/ros2_ws/install/go_pupper_srv:/home/ubuntu/ros2_ws/install/mini_pupper_music:/home/ubuntu/ros2_ws/install/mini_pupper_dance:/home/ubuntu/ros2_ws/install/mini_pupper_driver:/opt/ros/humble /usr/bin/cmake --install /home/ubuntu/ros2_ws/build/champ_teleop
[1.182s] -- Install configuration: ""
[1.188s] -- Execute custom install script
[1.193s] -- Up-to-date symlink: /home/ubuntu/ros2_ws/install/champ_teleop/share/champ_teleop/launch/teleop.launch.py
[1.196s] -- Up-to-date symlink: /home/ubuntu/ros2_ws/install/champ_teleop/lib/champ_teleop/champ_teleop.py
[1.199s] -- Up-to-date symlink: /home/ubuntu/ros2_ws/install/champ_teleop/share/ament_index/resource_index/package_run_dependencies/champ_teleop
[1.201s] -- Up-to-date symlink: /home/ubuntu/ros2_ws/install/champ_teleop/share/ament_index/resource_index/parent_prefix_path/champ_teleop
[1.204s] -- Up-to-date symlink: /home/ubuntu/ros2_ws/install/champ_teleop/share/champ_teleop/environment/ament_prefix_path.sh
[1.207s] -- Up-to-date symlink: /home/ubuntu/ros2_ws/install/champ_teleop/share/champ_teleop/environment/ament_prefix_path.dsv
[1.209s] -- Up-to-date symlink: /home/ubuntu/ros2_ws/install/champ_teleop/share/champ_teleop/environment/path.sh
[1.212s] -- Up-to-date symlink: /home/ubuntu/ros2_ws/install/champ_teleop/share/champ_teleop/environment/path.dsv
[1.215s] -- Up-to-date symlink: /home/ubuntu/ros2_ws/install/champ_teleop/share/champ_teleop/local_setup.bash
[1.218s] -- Up-to-date symlink: /home/ubuntu/ros2_ws/install/champ_teleop/share/champ_teleop/local_setup.sh
[1.221s] -- Up-to-date symlink: /home/ubuntu/ros2_ws/install/champ_teleop/share/champ_teleop/local_setup.zsh
[1.224s] -- Up-to-date symlink: /home/ubuntu/ros2_ws/install/champ_teleop/share/champ_teleop/local_setup.dsv
[1.249s] -- Symlinking: /home/ubuntu/ros2_ws/install/champ_teleop/share/champ_teleop/package.dsv
[1.317s] -- Up-to-date symlink: /home/ubuntu/ros2_ws/install/champ_teleop/share/ament_index/resource_index/packages/champ_teleop
[1.318s] -- Up-to-date symlink: /home/ubuntu/ros2_ws/install/champ_teleop/share/champ_teleop/cmake/champ_teleopConfig.cmake
[1.319s] -- Up-to-date symlink: /home/ubuntu/ros2_ws/install/champ_teleop/share/champ_teleop/cmake/champ_teleopConfig-version.cmake
[1.320s] -- Up-to-date symlink: /home/ubuntu/ros2_ws/install/champ_teleop/share/champ_teleop/package.xml
[1.329s] Invoked command in '/home/ubuntu/ros2_ws/build/champ_teleop' returned '0': CMAKE_PREFIX_PATH=${CMAKE_PREFIX_PATH}:/home/ubuntu/ros2_ws/install/go_pupper_srv:/home/ubuntu/ros2_ws/install/mini_pupper_music:/home/ubuntu/ros2_ws/install/mini_pupper_dance:/home/ubuntu/ros2_ws/install/mini_pupper_driver:/opt/ros/humble /usr/bin/cmake --install /home/ubuntu/ros2_ws/build/champ_teleop
