[0.193s] Invoking command in '/home/ubuntu/ros2_ws/build/mini_pupper_interfaces': CMAKE_PREFIX_PATH=${CMAKE_PREFIX_PATH}:/home/ubuntu/ros2_ws/install/go_pupper_srv:/home/ubuntu/ros2_ws/install/mini_pupper_music:/home/ubuntu/ros2_ws/install/mini_pupper_dance:/home/ubuntu/ros2_ws/install/mini_pupper_driver:/opt/ros/humble /usr/bin/cmake --build /home/ubuntu/ros2_ws/build/mini_pupper_interfaces -- -j4 -l4
[0.706s] [  2%] Built target mini_pupper_interfaces__cpp
[0.861s] [ 12%] Built target mini_pupper_interfaces__rosidl_generator_c
[1.043s] [ 12%] Built target ament_cmake_python_symlink_mini_pupper_interfaces
[1.159s] [ 23%] Built target mini_pupper_interfaces__rosidl_typesupport_cpp
[1.392s] [ 34%] Built target mini_pupper_interfaces__rosidl_typesupport_fastrtps_cpp
[1.415s] [ 44%] Built target mini_pupper_interfaces__rosidl_typesupport_introspection_cpp
[1.522s] [ 55%] Built target mini_pupper_interfaces__rosidl_typesupport_fastrtps_c
[1.788s] [ 65%] Built target mini_pupper_interfaces__rosidl_typesupport_c
[1.822s] [ 76%] Built target mini_pupper_interfaces__rosidl_typesupport_introspection_c
[2.135s] [ 76%] Built target mini_pupper_interfaces
[2.534s] [ 78%] Built target mini_pupper_interfaces__py
[2.962s] [ 87%] Built target mini_pupper_interfaces__rosidl_generator_py
[3.424s] [ 91%] Built target mini_pupper_interfaces__rosidl_typesupport_fastrtps_c__pyext
[3.433s] [ 95%] Built target mini_pupper_interfaces__rosidl_typesupport_introspection_c__pyext
[3.484s] [100%] Built target mini_pupper_interfaces__rosidl_typesupport_c__pyext
[6.796s] running egg_info
[6.813s] writing mini_pupper_interfaces.egg-info/PKG-INFO
[6.852s] writing dependency_links to mini_pupper_interfaces.egg-info/dependency_links.txt
[6.853s] writing top-level names to mini_pupper_interfaces.egg-info/top_level.txt
[6.854s] reading manifest file 'mini_pupper_interfaces.egg-info/SOURCES.txt'
[6.855s] writing manifest file 'mini_pupper_interfaces.egg-info/SOURCES.txt'
[7.216s] [100%] Built target ament_cmake_python_build_mini_pupper_interfaces_egg
[7.394s] Invoked command in '/home/ubuntu/ros2_ws/build/mini_pupper_interfaces' returned '0': CMAKE_PREFIX_PATH=${CMAKE_PREFIX_PATH}:/home/ubuntu/ros2_ws/install/go_pupper_srv:/home/ubuntu/ros2_ws/install/mini_pupper_music:/home/ubuntu/ros2_ws/install/mini_pupper_dance:/home/ubuntu/ros2_ws/install/mini_pupper_driver:/opt/ros/humble /usr/bin/cmake --build /home/ubuntu/ros2_ws/build/mini_pupper_interfaces -- -j4 -l4
[9.039s] Invoking command in '/home/ubuntu/ros2_ws/build/mini_pupper_interfaces': CMAKE_PREFIX_PATH=${CMAKE_PREFIX_PATH}:/home/ubuntu/ros2_ws/install/go_pupper_srv:/home/ubuntu/ros2_ws/install/mini_pupper_music:/home/ubuntu/ros2_ws/install/mini_pupper_dance:/home/ubuntu/ros2_ws/install/mini_pupper_driver:/opt/ros/humble /usr/bin/cmake --install /home/ubuntu/ros2_ws/build/mini_pupper_interfaces
[9.098s] -- Install configuration: ""
[9.101s] -- Execute custom install script
[9.103s] -- Up-to-date symlink: /home/ubuntu/ros2_ws/install/mini_pupper_interfaces/share/ament_index/resource_index/rosidl_interfaces/mini_pupper_interfaces
[9.107s] -- Up-to-date symlink: /home/ubuntu/ros2_ws/install/mini_pupper_interfaces/include/mini_pupper_interfaces/mini_pupper_interfaces/msg/rosidl_generator_c__visibility_control.h
[9.108s] -- Up-to-date symlink: /home/ubuntu/ros2_ws/install/mini_pupper_interfaces/include/mini_pupper_interfaces/mini_pupper_interfaces/srv/dance_command.h
[9.111s] -- Up-to-date symlink: /home/ubuntu/ros2_ws/install/mini_pupper_interfaces/include/mini_pupper_interfaces/mini_pupper_interfaces/srv/detail/dance_command__functions.h
[9.120s] -- Up-to-date symlink: /home/ubuntu/ros2_ws/install/mini_pupper_interfaces/include/mini_pupper_interfaces/mini_pupper_interfaces/srv/detail/dance_command__struct.h
[9.121s] -- Up-to-date symlink: /home/ubuntu/ros2_ws/install/mini_pupper_interfaces/include/mini_pupper_interfaces/mini_pupper_interfaces/srv/detail/dance_command__type_support.h
[9.123s] -- Up-to-date symlink: /home/ubuntu/ros2_ws/install/mini_pupper_interfaces/include/mini_pupper_interfaces/mini_pupper_interfaces/srv/detail/play_music__functions.h
[9.123s] -- Up-to-date symlink: /home/ubuntu/ros2_ws/install/mini_pupper_interfaces/include/mini_pupper_interfaces/mini_pupper_interfaces/srv/detail/play_music__struct.h
[9.127s] -- Up-to-date symlink: /home/ubuntu/ros2_ws/install/mini_pupper_interfaces/include/mini_pupper_interfaces/mini_pupper_interfaces/srv/detail/play_music__type_support.h
[9.128s] -- Up-to-date symlink: /home/ubuntu/ros2_ws/install/mini_pupper_interfaces/include/mini_pupper_interfaces/mini_pupper_interfaces/srv/detail/stop_music__functions.h
[9.129s] -- Up-to-date symlink: /home/ubuntu/ros2_ws/install/mini_pupper_interfaces/include/mini_pupper_interfaces/mini_pupper_interfaces/srv/detail/stop_music__struct.h
[9.133s] -- Up-to-date symlink: /home/ubuntu/ros2_ws/install/mini_pupper_interfaces/include/mini_pupper_interfaces/mini_pupper_interfaces/srv/detail/stop_music__type_support.h
[9.135s] -- Up-to-date symlink: /home/ubuntu/ros2_ws/install/mini_pupper_interfaces/include/mini_pupper_interfaces/mini_pupper_interfaces/srv/play_music.h
[9.136s] -- Up-to-date symlink: /home/ubuntu/ros2_ws/install/mini_pupper_interfaces/include/mini_pupper_interfaces/mini_pupper_interfaces/srv/stop_music.h
[9.138s] -- Up-to-date symlink: /home/ubuntu/ros2_ws/install/mini_pupper_interfaces/share/mini_pupper_interfaces/environment/library_path.sh
[9.139s] -- Up-to-date symlink: /home/ubuntu/ros2_ws/install/mini_pupper_interfaces/share/mini_pupper_interfaces/environment/library_path.dsv
[9.149s] -- Up-to-date symlink: /home/ubuntu/ros2_ws/install/mini_pupper_interfaces/include/mini_pupper_interfaces/mini_pupper_interfaces/msg/rosidl_typesupport_fastrtps_c__visibility_control.h
[9.168s] -- Up-to-date symlink: /home/ubuntu/ros2_ws/install/mini_pupper_interfaces/include/mini_pupper_interfaces/mini_pupper_interfaces/srv/detail/dance_command__rosidl_typesupport_fastrtps_c.h
[9.169s] -- Up-to-date symlink: /home/ubuntu/ros2_ws/install/mini_pupper_interfaces/include/mini_pupper_interfaces/mini_pupper_interfaces/srv/detail/play_music__rosidl_typesupport_fastrtps_c.h
[9.179s] -- Up-to-date symlink: /home/ubuntu/ros2_ws/install/mini_pupper_interfaces/include/mini_pupper_interfaces/mini_pupper_interfaces/srv/detail/stop_music__rosidl_typesupport_fastrtps_c.h
[9.180s] -- Up-to-date symlink: /home/ubuntu/ros2_ws/install/mini_pupper_interfaces/include/mini_pupper_interfaces/mini_pupper_interfaces/srv/dance_command.hpp
[9.180s] -- Up-to-date symlink: /home/ubuntu/ros2_ws/install/mini_pupper_interfaces/include/mini_pupper_interfaces/mini_pupper_interfaces/srv/detail/dance_command__builder.hpp
[9.181s] -- Up-to-date symlink: /home/ubuntu/ros2_ws/install/mini_pupper_interfaces/include/mini_pupper_interfaces/mini_pupper_interfaces/srv/detail/dance_command__struct.hpp
[9.181s] -- Up-to-date symlink: /home/ubuntu/ros2_ws/install/mini_pupper_interfaces/include/mini_pupper_interfaces/mini_pupper_interfaces/srv/detail/dance_command__traits.hpp
[9.198s] -- Up-to-date symlink: /home/ubuntu/ros2_ws/install/mini_pupper_interfaces/include/mini_pupper_interfaces/mini_pupper_interfaces/srv/detail/play_music__builder.hpp
[9.198s] -- Up-to-date symlink: /home/ubuntu/ros2_ws/install/mini_pupper_interfaces/include/mini_pupper_interfaces/mini_pupper_interfaces/srv/detail/play_music__struct.hpp
[9.199s] -- Up-to-date symlink: /home/ubuntu/ros2_ws/install/mini_pupper_interfaces/include/mini_pupper_interfaces/mini_pupper_interfaces/srv/detail/play_music__traits.hpp
[9.205s] -- Up-to-date symlink: /home/ubuntu/ros2_ws/install/mini_pupper_interfaces/include/mini_pupper_interfaces/mini_pupper_interfaces/srv/detail/stop_music__builder.hpp
[9.205s] -- Up-to-date symlink: /home/ubuntu/ros2_ws/install/mini_pupper_interfaces/include/mini_pupper_interfaces/mini_pupper_interfaces/srv/detail/stop_music__struct.hpp
[9.211s] -- Up-to-date symlink: /home/ubuntu/ros2_ws/install/mini_pupper_interfaces/include/mini_pupper_interfaces/mini_pupper_interfaces/srv/detail/stop_music__traits.hpp
[9.212s] -- Up-to-date symlink: /home/ubuntu/ros2_ws/install/mini_pupper_interfaces/include/mini_pupper_interfaces/mini_pupper_interfaces/srv/play_music.hpp
[9.212s] -- Up-to-date symlink: /home/ubuntu/ros2_ws/install/mini_pupper_interfaces/include/mini_pupper_interfaces/mini_pupper_interfaces/srv/stop_music.hpp
[9.215s] -- Up-to-date symlink: /home/ubuntu/ros2_ws/install/mini_pupper_interfaces/include/mini_pupper_interfaces/mini_pupper_interfaces/msg/rosidl_typesupport_fastrtps_cpp__visibility_control.h
[9.215s] -- Up-to-date symlink: /home/ubuntu/ros2_ws/install/mini_pupper_interfaces/include/mini_pupper_interfaces/mini_pupper_interfaces/srv/detail/dance_command__rosidl_typesupport_fastrtps_cpp.hpp
[9.222s] -- Up-to-date symlink: /home/ubuntu/ros2_ws/install/mini_pupper_interfaces/include/mini_pupper_interfaces/mini_pupper_interfaces/srv/detail/play_music__rosidl_typesupport_fastrtps_cpp.hpp
[9.223s] -- Up-to-date symlink: /home/ubuntu/ros2_ws/install/mini_pupper_interfaces/include/mini_pupper_interfaces/mini_pupper_interfaces/srv/detail/stop_music__rosidl_typesupport_fastrtps_cpp.hpp
[9.223s] -- Up-to-date symlink: /home/ubuntu/ros2_ws/install/mini_pupper_interfaces/include/mini_pupper_interfaces/mini_pupper_interfaces/msg/rosidl_typesupport_introspection_c__visibility_control.h
[9.227s] -- Up-to-date symlink: /home/ubuntu/ros2_ws/install/mini_pupper_interfaces/include/mini_pupper_interfaces/mini_pupper_interfaces/srv/detail/dance_command__rosidl_typesupport_introspection_c.h
[9.228s] -- Up-to-date symlink: /home/ubuntu/ros2_ws/install/mini_pupper_interfaces/include/mini_pupper_interfaces/mini_pupper_interfaces/srv/detail/play_music__rosidl_typesupport_introspection_c.h
[9.228s] -- Up-to-date symlink: /home/ubuntu/ros2_ws/install/mini_pupper_interfaces/include/mini_pupper_interfaces/mini_pupper_interfaces/srv/detail/stop_music__rosidl_typesupport_introspection_c.h
[9.233s] -- Up-to-date symlink: /home/ubuntu/ros2_ws/install/mini_pupper_interfaces/include/mini_pupper_interfaces/mini_pupper_interfaces/srv/detail/dance_command__rosidl_typesupport_introspection_cpp.hpp
[9.233s] -- Up-to-date symlink: /home/ubuntu/ros2_ws/install/mini_pupper_interfaces/include/mini_pupper_interfaces/mini_pupper_interfaces/srv/detail/play_music__rosidl_typesupport_introspection_cpp.hpp
[9.234s] -- Up-to-date symlink: /home/ubuntu/ros2_ws/install/mini_pupper_interfaces/include/mini_pupper_interfaces/mini_pupper_interfaces/srv/detail/stop_music__rosidl_typesupport_introspection_cpp.hpp
[9.234s] -- Up-to-date symlink: /home/ubuntu/ros2_ws/install/mini_pupper_interfaces/share/mini_pupper_interfaces/environment/pythonpath.sh
[9.235s] -- Up-to-date symlink: /home/ubuntu/ros2_ws/install/mini_pupper_interfaces/share/mini_pupper_interfaces/environment/pythonpath.dsv
[9.235s] -- Up-to-date symlink: /home/ubuntu/ros2_ws/install/mini_pupper_interfaces/local/lib/python3.10/dist-packages/mini_pupper_interfaces-0.0.0-py3.10.egg-info/PKG-INFO
[9.252s] -- Up-to-date symlink: /home/ubuntu/ros2_ws/install/mini_pupper_interfaces/local/lib/python3.10/dist-packages/mini_pupper_interfaces-0.0.0-py3.10.egg-info/SOURCES.txt
[9.253s] -- Up-to-date symlink: /home/ubuntu/ros2_ws/install/mini_pupper_interfaces/local/lib/python3.10/dist-packages/mini_pupper_interfaces-0.0.0-py3.10.egg-info/dependency_links.txt
[9.254s] -- Up-to-date symlink: /home/ubuntu/ros2_ws/install/mini_pupper_interfaces/local/lib/python3.10/dist-packages/mini_pupper_interfaces-0.0.0-py3.10.egg-info/top_level.txt
[9.284s] -- Up-to-date symlink: /home/ubuntu/ros2_ws/install/mini_pupper_interfaces/local/lib/python3.10/dist-packages/mini_pupper_interfaces/__init__.py
[9.291s] -- Up-to-date symlink: /home/ubuntu/ros2_ws/install/mini_pupper_interfaces/local/lib/python3.10/dist-packages/mini_pupper_interfaces/_mini_pupper_interfaces_s.ep.rosidl_typesupport_c.c
[9.295s] -- Up-to-date symlink: /home/ubuntu/ros2_ws/install/mini_pupper_interfaces/local/lib/python3.10/dist-packages/mini_pupper_interfaces/_mini_pupper_interfaces_s.ep.rosidl_typesupport_fastrtps_c.c
[9.297s] -- Up-to-date symlink: /home/ubuntu/ros2_ws/install/mini_pupper_interfaces/local/lib/python3.10/dist-packages/mini_pupper_interfaces/_mini_pupper_interfaces_s.ep.rosidl_typesupport_introspection_c.c
[9.299s] -- Up-to-date symlink: /home/ubuntu/ros2_ws/install/mini_pupper_interfaces/local/lib/python3.10/dist-packages/mini_pupper_interfaces/libmini_pupper_interfaces__rosidl_generator_py.so
[9.301s] -- Up-to-date symlink: /home/ubuntu/ros2_ws/install/mini_pupper_interfaces/local/lib/python3.10/dist-packages/mini_pupper_interfaces/mini_pupper_interfaces_s__rosidl_typesupport_c.cpython-310-aarch64-linux-gnu.so
[9.304s] -- Up-to-date symlink: /home/ubuntu/ros2_ws/install/mini_pupper_interfaces/local/lib/python3.10/dist-packages/mini_pupper_interfaces/mini_pupper_interfaces_s__rosidl_typesupport_fastrtps_c.cpython-310-aarch64-linux-gnu.so
[9.306s] -- Up-to-date symlink: /home/ubuntu/ros2_ws/install/mini_pupper_interfaces/local/lib/python3.10/dist-packages/mini_pupper_interfaces/mini_pupper_interfaces_s__rosidl_typesupport_introspection_c.cpython-310-aarch64-linux-gnu.so
[9.309s] -- Up-to-date symlink: /home/ubuntu/ros2_ws/install/mini_pupper_interfaces/local/lib/python3.10/dist-packages/mini_pupper_interfaces/srv/__init__.py
[9.311s] -- Up-to-date symlink: /home/ubuntu/ros2_ws/install/mini_pupper_interfaces/local/lib/python3.10/dist-packages/mini_pupper_interfaces/srv/_dance_command.py
[9.313s] -- Up-to-date symlink: /home/ubuntu/ros2_ws/install/mini_pupper_interfaces/local/lib/python3.10/dist-packages/mini_pupper_interfaces/srv/_dance_command_s.c
[9.321s] -- Up-to-date symlink: /home/ubuntu/ros2_ws/install/mini_pupper_interfaces/local/lib/python3.10/dist-packages/mini_pupper_interfaces/srv/_play_music.py
[9.329s] -- Up-to-date symlink: /home/ubuntu/ros2_ws/install/mini_pupper_interfaces/local/lib/python3.10/dist-packages/mini_pupper_interfaces/srv/_play_music_s.c
[9.331s] -- Up-to-date symlink: /home/ubuntu/ros2_ws/install/mini_pupper_interfaces/local/lib/python3.10/dist-packages/mini_pupper_interfaces/srv/_stop_music.py
[9.333s] -- Up-to-date symlink: /home/ubuntu/ros2_ws/install/mini_pupper_interfaces/local/lib/python3.10/dist-packages/mini_pupper_interfaces/srv/_stop_music_s.c
[9.333s] -- Up-to-date symlink: /home/ubuntu/ros2_ws/install/mini_pupper_interfaces/local/lib/python3.10/dist-packages/mini_pupper_interfaces/mini_pupper_interfaces_s__rosidl_typesupport_fastrtps_c.cpython-310-aarch64-linux-gnu.so
[9.334s] -- Up-to-date symlink: /home/ubuntu/ros2_ws/install/mini_pupper_interfaces/local/lib/python3.10/dist-packages/mini_pupper_interfaces/mini_pupper_interfaces_s__rosidl_typesupport_introspection_c.cpython-310-aarch64-linux-gnu.so
[9.336s] -- Up-to-date symlink: /home/ubuntu/ros2_ws/install/mini_pupper_interfaces/local/lib/python3.10/dist-packages/mini_pupper_interfaces/mini_pupper_interfaces_s__rosidl_typesupport_c.cpython-310-aarch64-linux-gnu.so
[9.341s] -- Up-to-date symlink: /home/ubuntu/ros2_ws/install/mini_pupper_interfaces/share/mini_pupper_interfaces/srv/DanceCommand.idl
[9.342s] -- Up-to-date symlink: /home/ubuntu/ros2_ws/install/mini_pupper_interfaces/share/mini_pupper_interfaces/srv/PlayMusic.idl
[9.343s] -- Up-to-date symlink: /home/ubuntu/ros2_ws/install/mini_pupper_interfaces/share/mini_pupper_interfaces/srv/StopMusic.idl
[9.350s] -- Up-to-date symlink: /home/ubuntu/ros2_ws/install/mini_pupper_interfaces/share/mini_pupper_interfaces/srv/DanceCommand.srv
[9.350s] -- Up-to-date symlink: /home/ubuntu/ros2_ws/install/mini_pupper_interfaces/share/mini_pupper_interfaces/srv/DanceCommand_Request.msg
[9.354s] -- Up-to-date symlink: /home/ubuntu/ros2_ws/install/mini_pupper_interfaces/share/mini_pupper_interfaces/srv/DanceCommand_Response.msg
[9.368s] -- Up-to-date symlink: /home/ubuntu/ros2_ws/install/mini_pupper_interfaces/share/mini_pupper_interfaces/srv/PlayMusic.srv
[9.369s] -- Up-to-date symlink: /home/ubuntu/ros2_ws/install/mini_pupper_interfaces/share/mini_pupper_interfaces/srv/PlayMusic_Request.msg
[9.371s] -- Up-to-date symlink: /home/ubuntu/ros2_ws/install/mini_pupper_interfaces/share/mini_pupper_interfaces/srv/PlayMusic_Response.msg
[9.385s] -- Up-to-date symlink: /home/ubuntu/ros2_ws/install/mini_pupper_interfaces/share/mini_pupper_interfaces/srv/StopMusic.srv
[9.389s] -- Up-to-date symlink: /home/ubuntu/ros2_ws/install/mini_pupper_interfaces/share/mini_pupper_interfaces/srv/StopMusic_Request.msg
[9.393s] -- Up-to-date symlink: /home/ubuntu/ros2_ws/install/mini_pupper_interfaces/share/mini_pupper_interfaces/srv/StopMusic_Response.msg
[9.405s] -- Up-to-date symlink: /home/ubuntu/ros2_ws/install/mini_pupper_interfaces/share/ament_index/resource_index/package_run_dependencies/mini_pupper_interfaces
[9.409s] -- Up-to-date symlink: /home/ubuntu/ros2_ws/install/mini_pupper_interfaces/share/ament_index/resource_index/parent_prefix_path/mini_pupper_interfaces
[9.411s] -- Up-to-date symlink: /home/ubuntu/ros2_ws/install/mini_pupper_interfaces/share/mini_pupper_interfaces/environment/ament_prefix_path.sh
[9.412s] -- Up-to-date symlink: /home/ubuntu/ros2_ws/install/mini_pupper_interfaces/share/mini_pupper_interfaces/environment/ament_prefix_path.dsv
[9.414s] -- Up-to-date symlink: /home/ubuntu/ros2_ws/install/mini_pupper_interfaces/share/mini_pupper_interfaces/environment/path.sh
[9.417s] -- Up-to-date symlink: /home/ubuntu/ros2_ws/install/mini_pupper_interfaces/share/mini_pupper_interfaces/environment/path.dsv
[9.417s] -- Up-to-date symlink: /home/ubuntu/ros2_ws/install/mini_pupper_interfaces/share/mini_pupper_interfaces/local_setup.bash
[9.418s] -- Up-to-date symlink: /home/ubuntu/ros2_ws/install/mini_pupper_interfaces/share/mini_pupper_interfaces/local_setup.sh
[9.418s] -- Up-to-date symlink: /home/ubuntu/ros2_ws/install/mini_pupper_interfaces/share/mini_pupper_interfaces/local_setup.zsh
[9.419s] -- Up-to-date symlink: /home/ubuntu/ros2_ws/install/mini_pupper_interfaces/share/mini_pupper_interfaces/local_setup.dsv
[9.419s] -- Symlinking: /home/ubuntu/ros2_ws/install/mini_pupper_interfaces/share/mini_pupper_interfaces/package.dsv
[9.513s] -- Up-to-date symlink: /home/ubuntu/ros2_ws/install/mini_pupper_interfaces/share/ament_index/resource_index/packages/mini_pupper_interfaces
[9.515s] -- Up-to-date symlink: /home/ubuntu/ros2_ws/install/mini_pupper_interfaces/share/mini_pupper_interfaces/cmake/rosidl_cmake-extras.cmake
[9.517s] -- Up-to-date symlink: /home/ubuntu/ros2_ws/install/mini_pupper_interfaces/share/mini_pupper_interfaces/cmake/ament_cmake_export_dependencies-extras.cmake
[9.518s] -- Up-to-date symlink: /home/ubuntu/ros2_ws/install/mini_pupper_interfaces/share/mini_pupper_interfaces/cmake/ament_cmake_export_include_directories-extras.cmake
[9.520s] -- Up-to-date symlink: /home/ubuntu/ros2_ws/install/mini_pupper_interfaces/share/mini_pupper_interfaces/cmake/ament_cmake_export_libraries-extras.cmake
[9.522s] -- Up-to-date symlink: /home/ubuntu/ros2_ws/install/mini_pupper_interfaces/share/mini_pupper_interfaces/cmake/ament_cmake_export_targets-extras.cmake
[9.524s] -- Up-to-date symlink: /home/ubuntu/ros2_ws/install/mini_pupper_interfaces/share/mini_pupper_interfaces/cmake/rosidl_cmake_export_typesupport_targets-extras.cmake
[9.529s] -- Up-to-date symlink: /home/ubuntu/ros2_ws/install/mini_pupper_interfaces/share/mini_pupper_interfaces/cmake/rosidl_cmake_export_typesupport_libraries-extras.cmake
[9.530s] -- Up-to-date symlink: /home/ubuntu/ros2_ws/install/mini_pupper_interfaces/share/mini_pupper_interfaces/cmake/mini_pupper_interfacesConfig.cmake
[9.532s] -- Up-to-date symlink: /home/ubuntu/ros2_ws/install/mini_pupper_interfaces/share/mini_pupper_interfaces/cmake/mini_pupper_interfacesConfig-version.cmake
[9.537s] -- Up-to-date symlink: /home/ubuntu/ros2_ws/install/mini_pupper_interfaces/share/mini_pupper_interfaces/package.xml
[9.539s] -- Up-to-date: /home/ubuntu/ros2_ws/install/mini_pupper_interfaces/lib/libmini_pupper_interfaces__rosidl_generator_c.so
[9.542s] -- Up-to-date: /home/ubuntu/ros2_ws/install/mini_pupper_interfaces/lib/libmini_pupper_interfaces__rosidl_typesupport_fastrtps_c.so
[9.546s] -- Up-to-date: /home/ubuntu/ros2_ws/install/mini_pupper_interfaces/lib/libmini_pupper_interfaces__rosidl_typesupport_fastrtps_cpp.so
[9.550s] -- Up-to-date: /home/ubuntu/ros2_ws/install/mini_pupper_interfaces/lib/libmini_pupper_interfaces__rosidl_typesupport_introspection_c.so
[9.553s] -- Up-to-date: /home/ubuntu/ros2_ws/install/mini_pupper_interfaces/lib/libmini_pupper_interfaces__rosidl_typesupport_c.so
[9.559s] -- Up-to-date: /home/ubuntu/ros2_ws/install/mini_pupper_interfaces/lib/libmini_pupper_interfaces__rosidl_typesupport_introspection_cpp.so
[9.563s] -- Up-to-date: /home/ubuntu/ros2_ws/install/mini_pupper_interfaces/lib/libmini_pupper_interfaces__rosidl_typesupport_cpp.so
[9.892s] Listing '/home/ubuntu/ros2_ws/install/mini_pupper_interfaces/local/lib/python3.10/dist-packages/mini_pupper_interfaces'...
[9.892s] Listing '/home/ubuntu/ros2_ws/install/mini_pupper_interfaces/local/lib/python3.10/dist-packages/mini_pupper_interfaces/srv'...
[9.953s] -- Up-to-date: /home/ubuntu/ros2_ws/install/mini_pupper_interfaces/lib/libmini_pupper_interfaces__rosidl_generator_py.so
[9.954s] -- Up-to-date: /home/ubuntu/ros2_ws/install/mini_pupper_interfaces/share/mini_pupper_interfaces/cmake/export_mini_pupper_interfaces__rosidl_generator_cExport.cmake
[9.956s] -- Up-to-date: /home/ubuntu/ros2_ws/install/mini_pupper_interfaces/share/mini_pupper_interfaces/cmake/export_mini_pupper_interfaces__rosidl_generator_cExport-noconfig.cmake
[9.959s] -- Up-to-date: /home/ubuntu/ros2_ws/install/mini_pupper_interfaces/share/mini_pupper_interfaces/cmake/export_mini_pupper_interfaces__rosidl_typesupport_fastrtps_cExport.cmake
[9.961s] -- Up-to-date: /home/ubuntu/ros2_ws/install/mini_pupper_interfaces/share/mini_pupper_interfaces/cmake/export_mini_pupper_interfaces__rosidl_typesupport_fastrtps_cExport-noconfig.cmake
[9.965s] -- Up-to-date: /home/ubuntu/ros2_ws/install/mini_pupper_interfaces/share/mini_pupper_interfaces/cmake/export_mini_pupper_interfaces__rosidl_generator_cppExport.cmake
[9.968s] -- Up-to-date: /home/ubuntu/ros2_ws/install/mini_pupper_interfaces/share/mini_pupper_interfaces/cmake/export_mini_pupper_interfaces__rosidl_typesupport_fastrtps_cppExport.cmake
[9.971s] -- Up-to-date: /home/ubuntu/ros2_ws/install/mini_pupper_interfaces/share/mini_pupper_interfaces/cmake/export_mini_pupper_interfaces__rosidl_typesupport_fastrtps_cppExport-noconfig.cmake
[9.977s] -- Up-to-date: /home/ubuntu/ros2_ws/install/mini_pupper_interfaces/share/mini_pupper_interfaces/cmake/mini_pupper_interfaces__rosidl_typesupport_introspection_cExport.cmake
[9.980s] -- Up-to-date: /home/ubuntu/ros2_ws/install/mini_pupper_interfaces/share/mini_pupper_interfaces/cmake/mini_pupper_interfaces__rosidl_typesupport_introspection_cExport-noconfig.cmake
[9.983s] -- Up-to-date: /home/ubuntu/ros2_ws/install/mini_pupper_interfaces/share/mini_pupper_interfaces/cmake/mini_pupper_interfaces__rosidl_typesupport_cExport.cmake
[9.985s] -- Up-to-date: /home/ubuntu/ros2_ws/install/mini_pupper_interfaces/share/mini_pupper_interfaces/cmake/mini_pupper_interfaces__rosidl_typesupport_cExport-noconfig.cmake
[9.989s] -- Up-to-date: /home/ubuntu/ros2_ws/install/mini_pupper_interfaces/share/mini_pupper_interfaces/cmake/mini_pupper_interfaces__rosidl_typesupport_introspection_cppExport.cmake
[9.994s] -- Up-to-date: /home/ubuntu/ros2_ws/install/mini_pupper_interfaces/share/mini_pupper_interfaces/cmake/mini_pupper_interfaces__rosidl_typesupport_introspection_cppExport-noconfig.cmake
[9.996s] -- Up-to-date: /home/ubuntu/ros2_ws/install/mini_pupper_interfaces/share/mini_pupper_interfaces/cmake/mini_pupper_interfaces__rosidl_typesupport_cppExport.cmake
[9.998s] -- Up-to-date: /home/ubuntu/ros2_ws/install/mini_pupper_interfaces/share/mini_pupper_interfaces/cmake/mini_pupper_interfaces__rosidl_typesupport_cppExport-noconfig.cmake
[10.005s] -- Up-to-date: /home/ubuntu/ros2_ws/install/mini_pupper_interfaces/share/mini_pupper_interfaces/cmake/export_mini_pupper_interfaces__rosidl_generator_pyExport.cmake
[10.007s] -- Up-to-date: /home/ubuntu/ros2_ws/install/mini_pupper_interfaces/share/mini_pupper_interfaces/cmake/export_mini_pupper_interfaces__rosidl_generator_pyExport-noconfig.cmake
[10.029s] Invoked command in '/home/ubuntu/ros2_ws/build/mini_pupper_interfaces' returned '0': CMAKE_PREFIX_PATH=${CMAKE_PREFIX_PATH}:/home/ubuntu/ros2_ws/install/go_pupper_srv:/home/ubuntu/ros2_ws/install/mini_pupper_music:/home/ubuntu/ros2_ws/install/mini_pupper_dance:/home/ubuntu/ros2_ws/install/mini_pupper_driver:/opt/ros/humble /usr/bin/cmake --install /home/ubuntu/ros2_ws/build/mini_pupper_interfaces
