[0.239s] Invoking command in '/home/ubuntu/ros2_ws/src/build/champ': CMAKE_PREFIX_PATH=${CMAKE_PREFIX_PATH}:/home/ubuntu/ros2_ws/install/go_pupper_srv:/home/ubuntu/ros2_ws/install/mini_pupper_music:/home/ubuntu/ros2_ws/install/mini_pupper_dance:/home/ubuntu/ros2_ws/install/mini_pupper_driver:/opt/ros/humble /usr/bin/cmake /home/ubuntu/ros2_ws/src/champ/champ/champ -DCMAKE_INSTALL_PREFIX=/home/ubuntu/ros2_ws/src/install/champ
[1.667s] -- The C compiler identification is GNU 11.4.0
[2.686s] -- The CXX compiler identification is GNU 11.4.0
[2.757s] -- Detecting C compiler ABI info
[3.674s] -- Detecting C compiler ABI info - done
[3.729s] -- Check for working C compiler: /usr/bin/cc - skipped
[3.730s] -- Detecting C compile features
[3.741s] -- Detecting C compile features - done
[3.759s] -- Detecting CXX compiler ABI info
[4.501s] -- Detecting CXX compiler ABI info - done
[4.639s] -- Check for working CXX compiler: /usr/bin/c++ - skipped
[4.641s] -- Detecting CXX compile features
[4.644s] -- Detecting CXX compile features - done
[4.766s] -- Found ament_cmake: 1.3.8 (/opt/ros/humble/share/ament_cmake/cmake)
[7.541s] -- Found Python3: /usr/bin/python3 (found version "3.10.12") found components: Interpreter 
[9.483s] -- Found rclcpp: 16.0.8 (/opt/ros/humble/share/rclcpp/cmake)
[10.570s] -- Found rosidl_generator_c: 3.1.5 (/opt/ros/humble/share/rosidl_generator_c/cmake)
[10.744s] -- Found rosidl_adapter: 3.1.5 (/opt/ros/humble/share/rosidl_adapter/cmake)
[10.940s] -- Found rosidl_generator_cpp: 3.1.5 (/opt/ros/humble/share/rosidl_generator_cpp/cmake)
[11.163s] -- Using all available rosidl_typesupport_c: rosidl_typesupport_fastrtps_c;rosidl_typesupport_introspection_c
[11.600s] -- Using all available rosidl_typesupport_cpp: rosidl_typesupport_fastrtps_cpp;rosidl_typesupport_introspection_cpp
[13.034s] -- Found rmw_implementation_cmake: 6.1.1 (/opt/ros/humble/share/rmw_implementation_cmake/cmake)
[13.157s] -- Found rmw_fastrtps_cpp: 6.2.6 (/opt/ros/humble/share/rmw_fastrtps_cpp/cmake)
[15.668s] -- Found OpenSSL: /usr/lib/aarch64-linux-gnu/libcrypto.so (found version "3.0.2")  
[16.305s] -- Found FastRTPS: /opt/ros/humble/include  
[17.713s] -- Using RMW implementation 'rmw_fastrtps_cpp' as default
[18.118s] -- Looking for pthread.h
[19.342s] -- Looking for pthread.h - found
[19.346s] -- Performing Test CMAKE_HAVE_LIBC_PTHREAD
[20.280s] -- Performing Test CMAKE_HAVE_LIBC_PTHREAD - Success
[20.289s] -- Found Threads: TRUE  
[22.351s] -- Found ament_lint_auto: 0.12.10 (/opt/ros/humble/share/ament_lint_auto/cmake)
[23.164s] -- Configuring done
[23.255s] -- Generating done
[23.266s] -- Build files have been written to: /home/ubuntu/ros2_ws/src/build/champ
[23.368s] Invoked command in '/home/ubuntu/ros2_ws/src/build/champ' returned '0': CMAKE_PREFIX_PATH=${CMAKE_PREFIX_PATH}:/home/ubuntu/ros2_ws/install/go_pupper_srv:/home/ubuntu/ros2_ws/install/mini_pupper_music:/home/ubuntu/ros2_ws/install/mini_pupper_dance:/home/ubuntu/ros2_ws/install/mini_pupper_driver:/opt/ros/humble /usr/bin/cmake /home/ubuntu/ros2_ws/src/champ/champ/champ -DCMAKE_INSTALL_PREFIX=/home/ubuntu/ros2_ws/src/install/champ
[23.383s] Invoking command in '/home/ubuntu/ros2_ws/src/build/champ': CMAKE_PREFIX_PATH=${CMAKE_PREFIX_PATH}:/home/ubuntu/ros2_ws/install/go_pupper_srv:/home/ubuntu/ros2_ws/install/mini_pupper_music:/home/ubuntu/ros2_ws/install/mini_pupper_dance:/home/ubuntu/ros2_ws/install/mini_pupper_driver:/opt/ros/humble /usr/bin/cmake --build /home/ubuntu/ros2_ws/src/build/champ -- -j4 -l4
[23.789s] Invoked command in '/home/ubuntu/ros2_ws/src/build/champ' returned '0': CMAKE_PREFIX_PATH=${CMAKE_PREFIX_PATH}:/home/ubuntu/ros2_ws/install/go_pupper_srv:/home/ubuntu/ros2_ws/install/mini_pupper_music:/home/ubuntu/ros2_ws/install/mini_pupper_dance:/home/ubuntu/ros2_ws/install/mini_pupper_driver:/opt/ros/humble /usr/bin/cmake --build /home/ubuntu/ros2_ws/src/build/champ -- -j4 -l4
[24.155s] Invoking command in '/home/ubuntu/ros2_ws/src/build/champ': CMAKE_PREFIX_PATH=${CMAKE_PREFIX_PATH}:/home/ubuntu/ros2_ws/install/go_pupper_srv:/home/ubuntu/ros2_ws/install/mini_pupper_music:/home/ubuntu/ros2_ws/install/mini_pupper_dance:/home/ubuntu/ros2_ws/install/mini_pupper_driver:/opt/ros/humble /usr/bin/cmake --install /home/ubuntu/ros2_ws/src/build/champ
[24.218s] -- Install configuration: ""
[24.220s] -- Installing: /home/ubuntu/ros2_ws/src/install/champ/include
[24.225s] -- Installing: /home/ubuntu/ros2_ws/src/install/champ/include/champ
[24.228s] -- Installing: /home/ubuntu/ros2_ws/src/install/champ/include/champ/.git
[24.232s] -- Installing: /home/ubuntu/ros2_ws/src/install/champ/include/champ/quadruped_base
[24.235s] -- Installing: /home/ubuntu/ros2_ws/src/install/champ/include/champ/quadruped_base/quadruped_base.h
[24.239s] -- Installing: /home/ubuntu/ros2_ws/src/install/champ/include/champ/quadruped_base/quadruped_joint.h
[24.249s] -- Installing: /home/ubuntu/ros2_ws/src/install/champ/include/champ/quadruped_base/quadruped_components.h
[24.260s] -- Installing: /home/ubuntu/ros2_ws/src/install/champ/include/champ/quadruped_base/quadruped_leg.h
[24.272s] -- Installing: /home/ubuntu/ros2_ws/src/install/champ/include/champ/README.md
[24.279s] -- Installing: /home/ubuntu/ros2_ws/src/install/champ/include/champ/utils
[24.284s] -- Installing: /home/ubuntu/ros2_ws/src/install/champ/include/champ/utils/urdf_loader.h
[24.295s] -- Installing: /home/ubuntu/ros2_ws/src/install/champ/include/champ/utils/xmlrpc_helpers.h
[24.298s] -- Installing: /home/ubuntu/ros2_ws/src/install/champ/include/champ/odometry
[24.299s] -- Installing: /home/ubuntu/ros2_ws/src/install/champ/include/champ/odometry/odometry.h
[24.302s] -- Installing: /home/ubuntu/ros2_ws/src/install/champ/include/champ/geometry
[24.303s] -- Installing: /home/ubuntu/ros2_ws/src/install/champ/include/champ/geometry/geometry.h
[24.306s] -- Installing: /home/ubuntu/ros2_ws/src/install/champ/include/champ/body_controller
[24.307s] -- Installing: /home/ubuntu/ros2_ws/src/install/champ/include/champ/body_controller/body_controller.h
[24.310s] -- Installing: /home/ubuntu/ros2_ws/src/install/champ/include/champ/kinematics
[24.315s] -- Installing: /home/ubuntu/ros2_ws/src/install/champ/include/champ/kinematics/kinematics.h
[24.329s] -- Installing: /home/ubuntu/ros2_ws/src/install/champ/include/champ/leg_controller
[24.339s] -- Installing: /home/ubuntu/ros2_ws/src/install/champ/include/champ/leg_controller/trajectory_planner.h
[24.347s] -- Installing: /home/ubuntu/ros2_ws/src/install/champ/include/champ/leg_controller/leg_controller.h
[24.356s] -- Installing: /home/ubuntu/ros2_ws/src/install/champ/include/champ/leg_controller/phase_generator.h
[24.358s] -- Installing: /home/ubuntu/ros2_ws/src/install/champ/include/champ/macros
[24.360s] -- Installing: /home/ubuntu/ros2_ws/src/install/champ/include/champ/macros/macros.h
[24.366s] -- Installing: /home/ubuntu/ros2_ws/src/install/champ/include/champ/bla
[24.367s] -- Installing: /home/ubuntu/ros2_ws/src/install/champ/include/champ/bla/basic_linear_algebra.h
[24.376s] -- Installing: /home/ubuntu/ros2_ws/src/install/champ/include/champ/bla/memory_delegate.h
[24.382s] -- Installing: /home/ubuntu/ros2_ws/src/install/champ/include/champ/LICENSE
[24.396s] -- Installing: /home/ubuntu/ros2_ws/src/install/champ/share/ament_index/resource_index/package_run_dependencies/champ
[24.402s] -- Installing: /home/ubuntu/ros2_ws/src/install/champ/share/ament_index/resource_index/parent_prefix_path/champ
[24.412s] -- Installing: /home/ubuntu/ros2_ws/src/install/champ/share/champ/environment/ament_prefix_path.sh
[24.419s] -- Installing: /home/ubuntu/ros2_ws/src/install/champ/share/champ/environment/ament_prefix_path.dsv
[24.426s] -- Installing: /home/ubuntu/ros2_ws/src/install/champ/share/champ/environment/path.sh
[24.430s] -- Installing: /home/ubuntu/ros2_ws/src/install/champ/share/champ/environment/path.dsv
[24.440s] -- Installing: /home/ubuntu/ros2_ws/src/install/champ/share/champ/local_setup.bash
[24.444s] -- Installing: /home/ubuntu/ros2_ws/src/install/champ/share/champ/local_setup.sh
[24.448s] -- Installing: /home/ubuntu/ros2_ws/src/install/champ/share/champ/local_setup.zsh
[24.451s] -- Installing: /home/ubuntu/ros2_ws/src/install/champ/share/champ/local_setup.dsv
[24.453s] -- Installing: /home/ubuntu/ros2_ws/src/install/champ/share/champ/package.dsv
[24.455s] -- Installing: /home/ubuntu/ros2_ws/src/install/champ/share/ament_index/resource_index/packages/champ
[24.458s] -- Installing: /home/ubuntu/ros2_ws/src/install/champ/share/champ/cmake/ament_cmake_export_include_directories-extras.cmake
[24.460s] -- Installing: /home/ubuntu/ros2_ws/src/install/champ/share/champ/cmake/champConfig.cmake
[24.461s] -- Installing: /home/ubuntu/ros2_ws/src/install/champ/share/champ/cmake/champConfig-version.cmake
[24.463s] -- Installing: /home/ubuntu/ros2_ws/src/install/champ/share/champ/package.xml
[24.479s] Invoked command in '/home/ubuntu/ros2_ws/src/build/champ' returned '0': CMAKE_PREFIX_PATH=${CMAKE_PREFIX_PATH}:/home/ubuntu/ros2_ws/install/go_pupper_srv:/home/ubuntu/ros2_ws/install/mini_pupper_music:/home/ubuntu/ros2_ws/install/mini_pupper_dance:/home/ubuntu/ros2_ws/install/mini_pupper_driver:/opt/ros/humble /usr/bin/cmake --install /home/ubuntu/ros2_ws/src/build/champ
