[7.519s] Invoking command in '/home/ubuntu/ros2_ws/src/mini_pupper_ros/mini_pupper_driver': PYTHONPATH=/home/ubuntu/ros2_ws/build/mini_pupper_driver/prefix_override:/home/ubuntu/ros2_ws/install/mini_pupper_driver/lib/python3.10/site-packages:${PYTHONPATH} /usr/bin/python3 -W ignore:setup.py install is deprecated setup.py egg_info --egg-base ../../../build/mini_pupper_driver build --build-base /home/ubuntu/ros2_ws/build/mini_pupper_driver/build install --record /home/ubuntu/ros2_ws/build/mini_pupper_driver/install.log --single-version-externally-managed install_data
[10.859s] running egg_info
[10.862s] writing ../../../build/mini_pupper_driver/mini_pupper_driver.egg-info/PKG-INFO
[10.864s] writing dependency_links to ../../../build/mini_pupper_driver/mini_pupper_driver.egg-info/dependency_links.txt
[10.866s] writing entry points to ../../../build/mini_pupper_driver/mini_pupper_driver.egg-info/entry_points.txt
[10.867s] writing requirements to ../../../build/mini_pupper_driver/mini_pupper_driver.egg-info/requires.txt
[10.868s] writing top-level names to ../../../build/mini_pupper_driver/mini_pupper_driver.egg-info/top_level.txt
[10.880s] reading manifest file '../../../build/mini_pupper_driver/mini_pupper_driver.egg-info/SOURCES.txt'
[10.886s] writing manifest file '../../../build/mini_pupper_driver/mini_pupper_driver.egg-info/SOURCES.txt'
[10.888s] running build
[10.888s] running build_py
[10.890s] running install
[10.892s] running install_lib
[10.901s] running install_data
[10.902s] running install_egg_info
[10.914s] removing '/home/ubuntu/ros2_ws/install/mini_pupper_driver/lib/python3.10/site-packages/mini_pupper_driver-0.0.1-py3.10.egg-info' (and everything under it)
[10.917s] Copying ../../../build/mini_pupper_driver/mini_pupper_driver.egg-info to /home/ubuntu/ros2_ws/install/mini_pupper_driver/lib/python3.10/site-packages/mini_pupper_driver-0.0.1-py3.10.egg-info
[10.931s] running install_scripts
[11.090s] Installing display_interface script to /home/ubuntu/ros2_ws/install/mini_pupper_driver/lib/mini_pupper_driver
[11.092s] Installing imu_interface script to /home/ubuntu/ros2_ws/install/mini_pupper_driver/lib/mini_pupper_driver
[11.093s] Installing servo_interface script to /home/ubuntu/ros2_ws/install/mini_pupper_driver/lib/mini_pupper_driver
[11.096s] writing list of installed files to '/home/ubuntu/ros2_ws/build/mini_pupper_driver/install.log'
[11.378s] Invoked command in '/home/ubuntu/ros2_ws/src/mini_pupper_ros/mini_pupper_driver' returned '0': PYTHONPATH=/home/ubuntu/ros2_ws/build/mini_pupper_driver/prefix_override:/home/ubuntu/ros2_ws/install/mini_pupper_driver/lib/python3.10/site-packages:${PYTHONPATH} /usr/bin/python3 -W ignore:setup.py install is deprecated setup.py egg_info --egg-base ../../../build/mini_pupper_driver build --build-base /home/ubuntu/ros2_ws/build/mini_pupper_driver/build install --record /home/ubuntu/ros2_ws/build/mini_pupper_driver/install.log --single-version-externally-managed install_data
