[0.090s] Invoking command in '/home/ubuntu/ros2_ws/build/pupper_interfaces': CMAKE_PREFIX_PATH=${CMAKE_PREFIX_PATH}:/home/ubuntu/ros2_ws/install/go_pupper_srv:/home/ubuntu/ros2_ws/install/mini_pupper_music:/home/ubuntu/ros2_ws/install/mini_pupper_dance:/home/ubuntu/ros2_ws/install/mini_pupper_driver:/opt/ros/humble /usr/bin/cmake --build /home/ubuntu/ros2_ws/build/pupper_interfaces -- -j4 -l4
[0.516s] [ 10%] Built target pupper_interfaces__rosidl_generator_c
[0.524s] [ 12%] Built target pupper_interfaces__cpp
[0.674s] [ 12%] Built target ament_cmake_python_copy_pupper_interfaces
[0.758s] [ 23%] Built target pupper_interfaces__rosidl_typesupport_introspection_c
[0.803s] [ 33%] Built target pupper_interfaces__rosidl_typesupport_fastrtps_c
[0.831s] [ 43%] Built target pupper_interfaces__rosidl_typesupport_c
[0.991s] [ 53%] Built target pupper_interfaces__rosidl_typesupport_fastrtps_cpp
[1.093s] [ 64%] Built target pupper_interfaces__rosidl_typesupport_introspection_cpp
[1.213s] [ 74%] Built target pupper_interfaces__rosidl_typesupport_cpp
[1.433s] [ 74%] Built target pupper_interfaces
[1.612s] [ 76%] Built target pupper_interfaces__py
[1.779s] [ 84%] Built target pupper_interfaces__rosidl_generator_py
[2.065s] [ 89%] Built target pupper_interfaces__rosidl_typesupport_fastrtps_c__pyext
[2.087s] [ 94%] Built target pupper_interfaces__rosidl_typesupport_c__pyext
[2.104s] [100%] Built target pupper_interfaces__rosidl_typesupport_introspection_c__pyext
[3.361s] running egg_info
[3.374s] writing pupper_interfaces.egg-info/PKG-INFO
[3.396s] writing dependency_links to pupper_interfaces.egg-info/dependency_links.txt
[3.398s] writing top-level names to pupper_interfaces.egg-info/top_level.txt
[3.413s] reading manifest file 'pupper_interfaces.egg-info/SOURCES.txt'
[3.418s] writing manifest file 'pupper_interfaces.egg-info/SOURCES.txt'
[3.674s] [100%] Built target ament_cmake_python_build_pupper_interfaces_egg
[3.736s] Invoked command in '/home/ubuntu/ros2_ws/build/pupper_interfaces' returned '0': CMAKE_PREFIX_PATH=${CMAKE_PREFIX_PATH}:/home/ubuntu/ros2_ws/install/go_pupper_srv:/home/ubuntu/ros2_ws/install/mini_pupper_music:/home/ubuntu/ros2_ws/install/mini_pupper_dance:/home/ubuntu/ros2_ws/install/mini_pupper_driver:/opt/ros/humble /usr/bin/cmake --build /home/ubuntu/ros2_ws/build/pupper_interfaces -- -j4 -l4
[4.527s] Invoking command in '/home/ubuntu/ros2_ws/build/pupper_interfaces': CMAKE_PREFIX_PATH=${CMAKE_PREFIX_PATH}:/home/ubuntu/ros2_ws/install/go_pupper_srv:/home/ubuntu/ros2_ws/install/mini_pupper_music:/home/ubuntu/ros2_ws/install/mini_pupper_dance:/home/ubuntu/ros2_ws/install/mini_pupper_driver:/opt/ros/humble /usr/bin/cmake --install /home/ubuntu/ros2_ws/build/pupper_interfaces
[4.583s] -- Install configuration: ""
[4.585s] -- Up-to-date: /home/ubuntu/ros2_ws/install/pupper_interfaces/share/ament_index/resource_index/rosidl_interfaces/pupper_interfaces
[4.586s] -- Up-to-date: /home/ubuntu/ros2_ws/install/pupper_interfaces/include/pupper_interfaces/pupper_interfaces
[4.587s] -- Up-to-date: /home/ubuntu/ros2_ws/install/pupper_interfaces/include/pupper_interfaces/pupper_interfaces/srv
[4.589s] -- Up-to-date: /home/ubuntu/ros2_ws/install/pupper_interfaces/include/pupper_interfaces/pupper_interfaces/srv/go_pupper.h
[4.591s] -- Up-to-date: /home/ubuntu/ros2_ws/install/pupper_interfaces/include/pupper_interfaces/pupper_interfaces/srv/detail
[4.592s] -- Up-to-date: /home/ubuntu/ros2_ws/install/pupper_interfaces/include/pupper_interfaces/pupper_interfaces/srv/detail/go_pupper__functions.h
[4.596s] -- Up-to-date: /home/ubuntu/ros2_ws/install/pupper_interfaces/include/pupper_interfaces/pupper_interfaces/srv/detail/go_pupper__functions.c
[4.603s] -- Up-to-date: /home/ubuntu/ros2_ws/install/pupper_interfaces/include/pupper_interfaces/pupper_interfaces/srv/detail/go_pupper__type_support.h
[4.606s] -- Up-to-date: /home/ubuntu/ros2_ws/install/pupper_interfaces/include/pupper_interfaces/pupper_interfaces/srv/detail/go_pupper__struct.h
[4.641s] -- Up-to-date: /home/ubuntu/ros2_ws/install/pupper_interfaces/include/pupper_interfaces/pupper_interfaces/msg
[4.643s] -- Up-to-date: /home/ubuntu/ros2_ws/install/pupper_interfaces/include/pupper_interfaces/pupper_interfaces/msg/command.h
[4.643s] -- Up-to-date: /home/ubuntu/ros2_ws/install/pupper_interfaces/include/pupper_interfaces/pupper_interfaces/msg/detail
[4.644s] -- Up-to-date: /home/ubuntu/ros2_ws/install/pupper_interfaces/include/pupper_interfaces/pupper_interfaces/msg/detail/command__struct.h
[4.644s] -- Up-to-date: /home/ubuntu/ros2_ws/install/pupper_interfaces/include/pupper_interfaces/pupper_interfaces/msg/detail/command__functions.c
[4.650s] -- Up-to-date: /home/ubuntu/ros2_ws/install/pupper_interfaces/include/pupper_interfaces/pupper_interfaces/msg/detail/command__functions.h
[4.653s] -- Up-to-date: /home/ubuntu/ros2_ws/install/pupper_interfaces/include/pupper_interfaces/pupper_interfaces/msg/detail/command__type_support.h
[4.654s] -- Up-to-date: /home/ubuntu/ros2_ws/install/pupper_interfaces/include/pupper_interfaces/pupper_interfaces/msg/rosidl_generator_c__visibility_control.h
[4.655s] -- Up-to-date: /home/ubuntu/ros2_ws/install/pupper_interfaces/share/pupper_interfaces/environment/library_path.sh
[4.655s] -- Up-to-date: /home/ubuntu/ros2_ws/install/pupper_interfaces/share/pupper_interfaces/environment/library_path.dsv
[4.656s] -- Up-to-date: /home/ubuntu/ros2_ws/install/pupper_interfaces/lib/libpupper_interfaces__rosidl_generator_c.so
[4.657s] -- Up-to-date: /home/ubuntu/ros2_ws/install/pupper_interfaces/include/pupper_interfaces/pupper_interfaces
[4.658s] -- Up-to-date: /home/ubuntu/ros2_ws/install/pupper_interfaces/include/pupper_interfaces/pupper_interfaces/srv
[4.659s] -- Up-to-date: /home/ubuntu/ros2_ws/install/pupper_interfaces/include/pupper_interfaces/pupper_interfaces/srv/detail
[4.659s] -- Up-to-date: /home/ubuntu/ros2_ws/install/pupper_interfaces/include/pupper_interfaces/pupper_interfaces/srv/detail/go_pupper__rosidl_typesupport_fastrtps_c.h
[4.661s] -- Up-to-date: /home/ubuntu/ros2_ws/install/pupper_interfaces/include/pupper_interfaces/pupper_interfaces/msg
[4.662s] -- Up-to-date: /home/ubuntu/ros2_ws/install/pupper_interfaces/include/pupper_interfaces/pupper_interfaces/msg/rosidl_typesupport_fastrtps_c__visibility_control.h
[4.667s] -- Up-to-date: /home/ubuntu/ros2_ws/install/pupper_interfaces/include/pupper_interfaces/pupper_interfaces/msg/detail
[4.668s] -- Up-to-date: /home/ubuntu/ros2_ws/install/pupper_interfaces/include/pupper_interfaces/pupper_interfaces/msg/detail/command__rosidl_typesupport_fastrtps_c.h
[4.672s] -- Up-to-date: /home/ubuntu/ros2_ws/install/pupper_interfaces/lib/libpupper_interfaces__rosidl_typesupport_fastrtps_c.so
[4.673s] -- Up-to-date: /home/ubuntu/ros2_ws/install/pupper_interfaces/include/pupper_interfaces/pupper_interfaces
[4.674s] -- Up-to-date: /home/ubuntu/ros2_ws/install/pupper_interfaces/include/pupper_interfaces/pupper_interfaces/srv
[4.676s] -- Up-to-date: /home/ubuntu/ros2_ws/install/pupper_interfaces/include/pupper_interfaces/pupper_interfaces/srv/detail
[4.676s] -- Up-to-date: /home/ubuntu/ros2_ws/install/pupper_interfaces/include/pupper_interfaces/pupper_interfaces/srv/detail/go_pupper__type_support.c
[4.677s] -- Up-to-date: /home/ubuntu/ros2_ws/install/pupper_interfaces/include/pupper_interfaces/pupper_interfaces/srv/detail/go_pupper__rosidl_typesupport_introspection_c.h
[4.678s] -- Up-to-date: /home/ubuntu/ros2_ws/install/pupper_interfaces/include/pupper_interfaces/pupper_interfaces/msg
[4.678s] -- Up-to-date: /home/ubuntu/ros2_ws/install/pupper_interfaces/include/pupper_interfaces/pupper_interfaces/msg/detail
[4.679s] -- Up-to-date: /home/ubuntu/ros2_ws/install/pupper_interfaces/include/pupper_interfaces/pupper_interfaces/msg/detail/command__rosidl_typesupport_introspection_c.h
[4.679s] -- Up-to-date: /home/ubuntu/ros2_ws/install/pupper_interfaces/include/pupper_interfaces/pupper_interfaces/msg/detail/command__type_support.c
[4.680s] -- Up-to-date: /home/ubuntu/ros2_ws/install/pupper_interfaces/include/pupper_interfaces/pupper_interfaces/msg/rosidl_typesupport_introspection_c__visibility_control.h
[4.680s] -- Up-to-date: /home/ubuntu/ros2_ws/install/pupper_interfaces/lib/libpupper_interfaces__rosidl_typesupport_introspection_c.so
[4.681s] -- Up-to-date: /home/ubuntu/ros2_ws/install/pupper_interfaces/lib/libpupper_interfaces__rosidl_typesupport_c.so
[4.681s] -- Up-to-date: /home/ubuntu/ros2_ws/install/pupper_interfaces/include/pupper_interfaces/pupper_interfaces
[4.682s] -- Up-to-date: /home/ubuntu/ros2_ws/install/pupper_interfaces/include/pupper_interfaces/pupper_interfaces/srv
[4.682s] -- Up-to-date: /home/ubuntu/ros2_ws/install/pupper_interfaces/include/pupper_interfaces/pupper_interfaces/srv/detail
[4.684s] -- Up-to-date: /home/ubuntu/ros2_ws/install/pupper_interfaces/include/pupper_interfaces/pupper_interfaces/srv/detail/go_pupper__builder.hpp
[4.684s] -- Up-to-date: /home/ubuntu/ros2_ws/install/pupper_interfaces/include/pupper_interfaces/pupper_interfaces/srv/detail/go_pupper__struct.hpp
[4.685s] -- Up-to-date: /home/ubuntu/ros2_ws/install/pupper_interfaces/include/pupper_interfaces/pupper_interfaces/srv/detail/go_pupper__traits.hpp
[4.685s] -- Up-to-date: /home/ubuntu/ros2_ws/install/pupper_interfaces/include/pupper_interfaces/pupper_interfaces/srv/go_pupper.hpp
[4.686s] -- Up-to-date: /home/ubuntu/ros2_ws/install/pupper_interfaces/include/pupper_interfaces/pupper_interfaces/msg
[4.686s] -- Up-to-date: /home/ubuntu/ros2_ws/install/pupper_interfaces/include/pupper_interfaces/pupper_interfaces/msg/command.hpp
[4.688s] -- Up-to-date: /home/ubuntu/ros2_ws/install/pupper_interfaces/include/pupper_interfaces/pupper_interfaces/msg/detail
[4.689s] -- Up-to-date: /home/ubuntu/ros2_ws/install/pupper_interfaces/include/pupper_interfaces/pupper_interfaces/msg/detail/command__builder.hpp
[4.690s] -- Up-to-date: /home/ubuntu/ros2_ws/install/pupper_interfaces/include/pupper_interfaces/pupper_interfaces/msg/detail/command__struct.hpp
[4.691s] -- Up-to-date: /home/ubuntu/ros2_ws/install/pupper_interfaces/include/pupper_interfaces/pupper_interfaces/msg/detail/command__traits.hpp
[4.691s] -- Up-to-date: /home/ubuntu/ros2_ws/install/pupper_interfaces/include/pupper_interfaces/pupper_interfaces
[4.692s] -- Up-to-date: /home/ubuntu/ros2_ws/install/pupper_interfaces/include/pupper_interfaces/pupper_interfaces/srv
[4.697s] -- Up-to-date: /home/ubuntu/ros2_ws/install/pupper_interfaces/include/pupper_interfaces/pupper_interfaces/srv/detail
[4.698s] -- Up-to-date: /home/ubuntu/ros2_ws/install/pupper_interfaces/include/pupper_interfaces/pupper_interfaces/srv/detail/dds_fastrtps
[4.698s] -- Up-to-date: /home/ubuntu/ros2_ws/install/pupper_interfaces/include/pupper_interfaces/pupper_interfaces/srv/detail/go_pupper__rosidl_typesupport_fastrtps_cpp.hpp
[4.699s] -- Up-to-date: /home/ubuntu/ros2_ws/install/pupper_interfaces/include/pupper_interfaces/pupper_interfaces/msg
[4.699s] -- Up-to-date: /home/ubuntu/ros2_ws/install/pupper_interfaces/include/pupper_interfaces/pupper_interfaces/msg/rosidl_typesupport_fastrtps_cpp__visibility_control.h
[4.700s] -- Up-to-date: /home/ubuntu/ros2_ws/install/pupper_interfaces/include/pupper_interfaces/pupper_interfaces/msg/detail
[4.700s] -- Up-to-date: /home/ubuntu/ros2_ws/install/pupper_interfaces/include/pupper_interfaces/pupper_interfaces/msg/detail/command__rosidl_typesupport_fastrtps_cpp.hpp
[4.700s] -- Up-to-date: /home/ubuntu/ros2_ws/install/pupper_interfaces/include/pupper_interfaces/pupper_interfaces/msg/detail/dds_fastrtps
[4.701s] -- Up-to-date: /home/ubuntu/ros2_ws/install/pupper_interfaces/lib/libpupper_interfaces__rosidl_typesupport_fastrtps_cpp.so
[4.701s] -- Up-to-date: /home/ubuntu/ros2_ws/install/pupper_interfaces/include/pupper_interfaces/pupper_interfaces
[4.702s] -- Up-to-date: /home/ubuntu/ros2_ws/install/pupper_interfaces/include/pupper_interfaces/pupper_interfaces/srv
[4.702s] -- Up-to-date: /home/ubuntu/ros2_ws/install/pupper_interfaces/include/pupper_interfaces/pupper_interfaces/srv/detail
[4.702s] -- Up-to-date: /home/ubuntu/ros2_ws/install/pupper_interfaces/include/pupper_interfaces/pupper_interfaces/srv/detail/go_pupper__type_support.cpp
[4.703s] -- Up-to-date: /home/ubuntu/ros2_ws/install/pupper_interfaces/include/pupper_interfaces/pupper_interfaces/srv/detail/go_pupper__rosidl_typesupport_introspection_cpp.hpp
[4.703s] -- Up-to-date: /home/ubuntu/ros2_ws/install/pupper_interfaces/include/pupper_interfaces/pupper_interfaces/msg
[4.704s] -- Up-to-date: /home/ubuntu/ros2_ws/install/pupper_interfaces/include/pupper_interfaces/pupper_interfaces/msg/detail
[4.705s] -- Up-to-date: /home/ubuntu/ros2_ws/install/pupper_interfaces/include/pupper_interfaces/pupper_interfaces/msg/detail/command__rosidl_typesupport_introspection_cpp.hpp
[4.705s] -- Up-to-date: /home/ubuntu/ros2_ws/install/pupper_interfaces/include/pupper_interfaces/pupper_interfaces/msg/detail/command__type_support.cpp
[4.706s] -- Up-to-date: /home/ubuntu/ros2_ws/install/pupper_interfaces/lib/libpupper_interfaces__rosidl_typesupport_introspection_cpp.so
[4.706s] -- Up-to-date: /home/ubuntu/ros2_ws/install/pupper_interfaces/lib/libpupper_interfaces__rosidl_typesupport_cpp.so
[4.706s] -- Up-to-date: /home/ubuntu/ros2_ws/install/pupper_interfaces/share/pupper_interfaces/environment/pythonpath.sh
[4.707s] -- Up-to-date: /home/ubuntu/ros2_ws/install/pupper_interfaces/share/pupper_interfaces/environment/pythonpath.dsv
[4.707s] -- Up-to-date: /home/ubuntu/ros2_ws/install/pupper_interfaces/local/lib/python3.10/dist-packages/pupper_interfaces-0.0.0-py3.10.egg-info
[4.707s] -- Installing: /home/ubuntu/ros2_ws/install/pupper_interfaces/local/lib/python3.10/dist-packages/pupper_interfaces-0.0.0-py3.10.egg-info/SOURCES.txt
[4.708s] -- Installing: /home/ubuntu/ros2_ws/install/pupper_interfaces/local/lib/python3.10/dist-packages/pupper_interfaces-0.0.0-py3.10.egg-info/dependency_links.txt
[4.708s] -- Installing: /home/ubuntu/ros2_ws/install/pupper_interfaces/local/lib/python3.10/dist-packages/pupper_interfaces-0.0.0-py3.10.egg-info/PKG-INFO
[4.708s] -- Installing: /home/ubuntu/ros2_ws/install/pupper_interfaces/local/lib/python3.10/dist-packages/pupper_interfaces-0.0.0-py3.10.egg-info/top_level.txt
[4.709s] -- Up-to-date: /home/ubuntu/ros2_ws/install/pupper_interfaces/local/lib/python3.10/dist-packages/pupper_interfaces
[4.709s] -- Up-to-date: /home/ubuntu/ros2_ws/install/pupper_interfaces/local/lib/python3.10/dist-packages/pupper_interfaces/__init__.py
[4.710s] -- Up-to-date: /home/ubuntu/ros2_ws/install/pupper_interfaces/local/lib/python3.10/dist-packages/pupper_interfaces/_pupper_interfaces_s.ep.rosidl_typesupport_fastrtps_c.c
[4.710s] -- Up-to-date: /home/ubuntu/ros2_ws/install/pupper_interfaces/local/lib/python3.10/dist-packages/pupper_interfaces/_pupper_interfaces_s.ep.rosidl_typesupport_c.c
[4.710s] -- Up-to-date: /home/ubuntu/ros2_ws/install/pupper_interfaces/local/lib/python3.10/dist-packages/pupper_interfaces/_pupper_interfaces_s.ep.rosidl_typesupport_introspection_c.c
[4.711s] -- Up-to-date: /home/ubuntu/ros2_ws/install/pupper_interfaces/local/lib/python3.10/dist-packages/pupper_interfaces/libpupper_interfaces__rosidl_generator_py.so
[4.711s] -- Up-to-date: /home/ubuntu/ros2_ws/install/pupper_interfaces/local/lib/python3.10/dist-packages/pupper_interfaces/pupper_interfaces_s__rosidl_typesupport_introspection_c.cpython-310-aarch64-linux-gnu.so
[4.711s] -- Up-to-date: /home/ubuntu/ros2_ws/install/pupper_interfaces/local/lib/python3.10/dist-packages/pupper_interfaces/srv
[4.712s] -- Up-to-date: /home/ubuntu/ros2_ws/install/pupper_interfaces/local/lib/python3.10/dist-packages/pupper_interfaces/srv/__init__.py
[4.712s] -- Up-to-date: /home/ubuntu/ros2_ws/install/pupper_interfaces/local/lib/python3.10/dist-packages/pupper_interfaces/srv/_go_pupper.py
[4.713s] -- Up-to-date: /home/ubuntu/ros2_ws/install/pupper_interfaces/local/lib/python3.10/dist-packages/pupper_interfaces/srv/_go_pupper_s.c
[4.713s] -- Up-to-date: /home/ubuntu/ros2_ws/install/pupper_interfaces/local/lib/python3.10/dist-packages/pupper_interfaces/pupper_interfaces_s__rosidl_typesupport_c.cpython-310-aarch64-linux-gnu.so
[4.713s] -- Up-to-date: /home/ubuntu/ros2_ws/install/pupper_interfaces/local/lib/python3.10/dist-packages/pupper_interfaces/pupper_interfaces_s__rosidl_typesupport_fastrtps_c.cpython-310-aarch64-linux-gnu.so
[4.714s] -- Up-to-date: /home/ubuntu/ros2_ws/install/pupper_interfaces/local/lib/python3.10/dist-packages/pupper_interfaces/msg
[4.715s] -- Up-to-date: /home/ubuntu/ros2_ws/install/pupper_interfaces/local/lib/python3.10/dist-packages/pupper_interfaces/msg/__init__.py
[4.718s] -- Up-to-date: /home/ubuntu/ros2_ws/install/pupper_interfaces/local/lib/python3.10/dist-packages/pupper_interfaces/msg/_command.py
[4.719s] -- Up-to-date: /home/ubuntu/ros2_ws/install/pupper_interfaces/local/lib/python3.10/dist-packages/pupper_interfaces/msg/_command_s.c
[4.939s] Listing '/home/ubuntu/ros2_ws/install/pupper_interfaces/local/lib/python3.10/dist-packages/pupper_interfaces'...
[4.940s] Listing '/home/ubuntu/ros2_ws/install/pupper_interfaces/local/lib/python3.10/dist-packages/pupper_interfaces/msg'...
[4.942s] Listing '/home/ubuntu/ros2_ws/install/pupper_interfaces/local/lib/python3.10/dist-packages/pupper_interfaces/srv'...
[4.966s] -- Up-to-date: /home/ubuntu/ros2_ws/install/pupper_interfaces/local/lib/python3.10/dist-packages/pupper_interfaces/pupper_interfaces_s__rosidl_typesupport_fastrtps_c.cpython-310-aarch64-linux-gnu.so
[4.969s] -- Up-to-date: /home/ubuntu/ros2_ws/install/pupper_interfaces/local/lib/python3.10/dist-packages/pupper_interfaces/pupper_interfaces_s__rosidl_typesupport_introspection_c.cpython-310-aarch64-linux-gnu.so
[4.972s] -- Up-to-date: /home/ubuntu/ros2_ws/install/pupper_interfaces/local/lib/python3.10/dist-packages/pupper_interfaces/pupper_interfaces_s__rosidl_typesupport_c.cpython-310-aarch64-linux-gnu.so
[4.974s] -- Up-to-date: /home/ubuntu/ros2_ws/install/pupper_interfaces/lib/libpupper_interfaces__rosidl_generator_py.so
[4.976s] -- Up-to-date: /home/ubuntu/ros2_ws/install/pupper_interfaces/share/pupper_interfaces/msg/Command.idl
[4.978s] -- Up-to-date: /home/ubuntu/ros2_ws/install/pupper_interfaces/share/pupper_interfaces/srv/GoPupper.idl
[4.978s] -- Up-to-date: /home/ubuntu/ros2_ws/install/pupper_interfaces/share/pupper_interfaces/msg/Command.msg
[4.979s] -- Up-to-date: /home/ubuntu/ros2_ws/install/pupper_interfaces/share/pupper_interfaces/srv/GoPupper.srv
[4.980s] -- Up-to-date: /home/ubuntu/ros2_ws/install/pupper_interfaces/share/pupper_interfaces/srv/GoPupper_Request.msg
[4.982s] -- Up-to-date: /home/ubuntu/ros2_ws/install/pupper_interfaces/share/pupper_interfaces/srv/GoPupper_Response.msg
[4.983s] -- Up-to-date: /home/ubuntu/ros2_ws/install/pupper_interfaces/share/ament_index/resource_index/package_run_dependencies/pupper_interfaces
[4.984s] -- Up-to-date: /home/ubuntu/ros2_ws/install/pupper_interfaces/share/ament_index/resource_index/parent_prefix_path/pupper_interfaces
[4.985s] -- Up-to-date: /home/ubuntu/ros2_ws/install/pupper_interfaces/share/pupper_interfaces/environment/ament_prefix_path.sh
[4.986s] -- Up-to-date: /home/ubuntu/ros2_ws/install/pupper_interfaces/share/pupper_interfaces/environment/ament_prefix_path.dsv
[4.988s] -- Up-to-date: /home/ubuntu/ros2_ws/install/pupper_interfaces/share/pupper_interfaces/environment/path.sh
[4.989s] -- Up-to-date: /home/ubuntu/ros2_ws/install/pupper_interfaces/share/pupper_interfaces/environment/path.dsv
[4.990s] -- Up-to-date: /home/ubuntu/ros2_ws/install/pupper_interfaces/share/pupper_interfaces/local_setup.bash
[4.991s] -- Up-to-date: /home/ubuntu/ros2_ws/install/pupper_interfaces/share/pupper_interfaces/local_setup.sh
[4.993s] -- Up-to-date: /home/ubuntu/ros2_ws/install/pupper_interfaces/share/pupper_interfaces/local_setup.zsh
[4.995s] -- Up-to-date: /home/ubuntu/ros2_ws/install/pupper_interfaces/share/pupper_interfaces/local_setup.dsv
[4.999s] -- Installing: /home/ubuntu/ros2_ws/install/pupper_interfaces/share/pupper_interfaces/package.dsv
[5.000s] -- Up-to-date: /home/ubuntu/ros2_ws/install/pupper_interfaces/share/ament_index/resource_index/packages/pupper_interfaces
[5.000s] -- Up-to-date: /home/ubuntu/ros2_ws/install/pupper_interfaces/share/pupper_interfaces/cmake/export_pupper_interfaces__rosidl_generator_cExport.cmake
[5.001s] -- Up-to-date: /home/ubuntu/ros2_ws/install/pupper_interfaces/share/pupper_interfaces/cmake/export_pupper_interfaces__rosidl_generator_cExport-noconfig.cmake
[5.002s] -- Up-to-date: /home/ubuntu/ros2_ws/install/pupper_interfaces/share/pupper_interfaces/cmake/export_pupper_interfaces__rosidl_typesupport_fastrtps_cExport.cmake
[5.002s] -- Up-to-date: /home/ubuntu/ros2_ws/install/pupper_interfaces/share/pupper_interfaces/cmake/export_pupper_interfaces__rosidl_typesupport_fastrtps_cExport-noconfig.cmake
[5.003s] -- Up-to-date: /home/ubuntu/ros2_ws/install/pupper_interfaces/share/pupper_interfaces/cmake/pupper_interfaces__rosidl_typesupport_introspection_cExport.cmake
[5.003s] -- Up-to-date: /home/ubuntu/ros2_ws/install/pupper_interfaces/share/pupper_interfaces/cmake/pupper_interfaces__rosidl_typesupport_introspection_cExport-noconfig.cmake
[5.004s] -- Up-to-date: /home/ubuntu/ros2_ws/install/pupper_interfaces/share/pupper_interfaces/cmake/pupper_interfaces__rosidl_typesupport_cExport.cmake
[5.006s] -- Up-to-date: /home/ubuntu/ros2_ws/install/pupper_interfaces/share/pupper_interfaces/cmake/pupper_interfaces__rosidl_typesupport_cExport-noconfig.cmake
[5.008s] -- Up-to-date: /home/ubuntu/ros2_ws/install/pupper_interfaces/share/pupper_interfaces/cmake/export_pupper_interfaces__rosidl_generator_cppExport.cmake
[5.010s] -- Up-to-date: /home/ubuntu/ros2_ws/install/pupper_interfaces/share/pupper_interfaces/cmake/export_pupper_interfaces__rosidl_typesupport_fastrtps_cppExport.cmake
[5.012s] -- Up-to-date: /home/ubuntu/ros2_ws/install/pupper_interfaces/share/pupper_interfaces/cmake/export_pupper_interfaces__rosidl_typesupport_fastrtps_cppExport-noconfig.cmake
[5.015s] -- Up-to-date: /home/ubuntu/ros2_ws/install/pupper_interfaces/share/pupper_interfaces/cmake/pupper_interfaces__rosidl_typesupport_introspection_cppExport.cmake
[5.017s] -- Up-to-date: /home/ubuntu/ros2_ws/install/pupper_interfaces/share/pupper_interfaces/cmake/pupper_interfaces__rosidl_typesupport_introspection_cppExport-noconfig.cmake
[5.019s] -- Up-to-date: /home/ubuntu/ros2_ws/install/pupper_interfaces/share/pupper_interfaces/cmake/pupper_interfaces__rosidl_typesupport_cppExport.cmake
[5.021s] -- Up-to-date: /home/ubuntu/ros2_ws/install/pupper_interfaces/share/pupper_interfaces/cmake/pupper_interfaces__rosidl_typesupport_cppExport-noconfig.cmake
[5.027s] -- Up-to-date: /home/ubuntu/ros2_ws/install/pupper_interfaces/share/pupper_interfaces/cmake/export_pupper_interfaces__rosidl_generator_pyExport.cmake
[5.029s] -- Up-to-date: /home/ubuntu/ros2_ws/install/pupper_interfaces/share/pupper_interfaces/cmake/export_pupper_interfaces__rosidl_generator_pyExport-noconfig.cmake
[5.031s] -- Up-to-date: /home/ubuntu/ros2_ws/install/pupper_interfaces/share/pupper_interfaces/cmake/rosidl_cmake-extras.cmake
[5.032s] -- Up-to-date: /home/ubuntu/ros2_ws/install/pupper_interfaces/share/pupper_interfaces/cmake/ament_cmake_export_dependencies-extras.cmake
[5.033s] -- Up-to-date: /home/ubuntu/ros2_ws/install/pupper_interfaces/share/pupper_interfaces/cmake/ament_cmake_export_include_directories-extras.cmake
[5.034s] -- Up-to-date: /home/ubuntu/ros2_ws/install/pupper_interfaces/share/pupper_interfaces/cmake/ament_cmake_export_libraries-extras.cmake
[5.035s] -- Up-to-date: /home/ubuntu/ros2_ws/install/pupper_interfaces/share/pupper_interfaces/cmake/ament_cmake_export_targets-extras.cmake
[5.035s] -- Up-to-date: /home/ubuntu/ros2_ws/install/pupper_interfaces/share/pupper_interfaces/cmake/rosidl_cmake_export_typesupport_targets-extras.cmake
[5.036s] -- Up-to-date: /home/ubuntu/ros2_ws/install/pupper_interfaces/share/pupper_interfaces/cmake/rosidl_cmake_export_typesupport_libraries-extras.cmake
[5.037s] -- Up-to-date: /home/ubuntu/ros2_ws/install/pupper_interfaces/share/pupper_interfaces/cmake/pupper_interfacesConfig.cmake
[5.037s] -- Up-to-date: /home/ubuntu/ros2_ws/install/pupper_interfaces/share/pupper_interfaces/cmake/pupper_interfacesConfig-version.cmake
[5.038s] -- Up-to-date: /home/ubuntu/ros2_ws/install/pupper_interfaces/share/pupper_interfaces/package.xml
[5.045s] Invoked command in '/home/ubuntu/ros2_ws/build/pupper_interfaces' returned '0': CMAKE_PREFIX_PATH=${CMAKE_PREFIX_PATH}:/home/ubuntu/ros2_ws/install/go_pupper_srv:/home/ubuntu/ros2_ws/install/mini_pupper_music:/home/ubuntu/ros2_ws/install/mini_pupper_dance:/home/ubuntu/ros2_ws/install/mini_pupper_driver:/opt/ros/humble /usr/bin/cmake --install /home/ubuntu/ros2_ws/build/pupper_interfaces
