-- Found ament_cmake: 1.3.8 (/opt/ros/humble/share/ament_cmake/cmake)
-- Override CMake install command with custom implementation using symlinks instead of copying resources
-- Found ament_lint_auto: 0.12.10 (/opt/ros/humble/share/ament_lint_auto/cmake)
-- Added test 'copyright' to check source files copyright and LICENSE
-- Added test 'flake8' to check Python code syntax and style conventions
-- Added test 'lint_cmake' to check CMake code style
-- Added test 'pep257' to check Python code against some of the docstring style conventions in PEP 257
-- Added test 'xmllint' to check XML markup files
-- Configuring done
-- Generating done
-- Build files have been written to: /home/ubuntu/ros2_ws/build/mini_pupper_2_description
-- Install configuration: ""
-- Execute custom install script
-- Up-to-date symlink: /home/ubuntu/ros2_ws/install/mini_pupper_2_description/share/mini_pupper_2_description/launch/description.launch.py
-- Up-to-date symlink: /home/ubuntu/ros2_ws/install/mini_pupper_2_description/share/mini_pupper_2_description/config/champ/gait.yaml
-- Up-to-date symlink: /home/ubuntu/ros2_ws/install/mini_pupper_2_description/share/mini_pupper_2_description/config/champ/joints.yaml
-- Up-to-date symlink: /home/ubuntu/ros2_ws/install/mini_pupper_2_description/share/mini_pupper_2_description/config/champ/links.yaml
-- Up-to-date symlink: /home/ubuntu/ros2_ws/install/mini_pupper_2_description/share/mini_pupper_2_description/config/ros_control/mini_pupper_controller.yaml
-- Up-to-date symlink: /home/ubuntu/ros2_ws/install/mini_pupper_2_description/share/mini_pupper_2_description/rviz/urdf_viewer.rviz
-- Up-to-date symlink: /home/ubuntu/ros2_ws/install/mini_pupper_2_description/share/mini_pupper_2_description/urdf/materials.xacro
-- Up-to-date symlink: /home/ubuntu/ros2_ws/install/mini_pupper_2_description/share/mini_pupper_2_description/urdf/mini_pupper_description.trans
-- Up-to-date symlink: /home/ubuntu/ros2_ws/install/mini_pupper_2_description/share/mini_pupper_2_description/urdf/mini_pupper_description.urdf.xacro
-- Up-to-date symlink: /home/ubuntu/ros2_ws/install/mini_pupper_2_description/share/mini_pupper_2_description/meshes/Board_PCB.stl
-- Up-to-date symlink: /home/ubuntu/ros2_ws/install/mini_pupper_2_description/share/mini_pupper_2_description/meshes/Board_connectors_1.stl
-- Up-to-date symlink: /home/ubuntu/ros2_ws/install/mini_pupper_2_description/share/mini_pupper_2_description/meshes/Board_connectors_2.stl
-- Up-to-date symlink: /home/ubuntu/ros2_ws/install/mini_pupper_2_description/share/mini_pupper_2_description/meshes/Body_front.stl
-- Up-to-date symlink: /home/ubuntu/ros2_ws/install/mini_pupper_2_description/share/mini_pupper_2_description/meshes/Shell_Side.stl
-- Up-to-date symlink: /home/ubuntu/ros2_ws/install/mini_pupper_2_description/share/mini_pupper_2_description/meshes/base_link.stl
-- Up-to-date symlink: /home/ubuntu/ros2_ws/install/mini_pupper_2_description/share/mini_pupper_2_description/meshes/lb1.stl
-- Up-to-date symlink: /home/ubuntu/ros2_ws/install/mini_pupper_2_description/share/mini_pupper_2_description/meshes/lb2.stl
-- Up-to-date symlink: /home/ubuntu/ros2_ws/install/mini_pupper_2_description/share/mini_pupper_2_description/meshes/lb3.stl
-- Up-to-date symlink: /home/ubuntu/ros2_ws/install/mini_pupper_2_description/share/mini_pupper_2_description/meshes/lbfoot.stl
-- Up-to-date symlink: /home/ubuntu/ros2_ws/install/mini_pupper_2_description/share/mini_pupper_2_description/meshes/lf1.stl
-- Up-to-date symlink: /home/ubuntu/ros2_ws/install/mini_pupper_2_description/share/mini_pupper_2_description/meshes/lf2.stl
-- Up-to-date symlink: /home/ubuntu/ros2_ws/install/mini_pupper_2_description/share/mini_pupper_2_description/meshes/lf3.stl
-- Up-to-date symlink: /home/ubuntu/ros2_ws/install/mini_pupper_2_description/share/mini_pupper_2_description/meshes/lffoot.stl
-- Up-to-date symlink: /home/ubuntu/ros2_ws/install/mini_pupper_2_description/share/mini_pupper_2_description/meshes/lidar.stl
-- Up-to-date symlink: /home/ubuntu/ros2_ws/install/mini_pupper_2_description/share/mini_pupper_2_description/meshes/lpb1.stl
-- Up-to-date symlink: /home/ubuntu/ros2_ws/install/mini_pupper_2_description/share/mini_pupper_2_description/meshes/lpb2.stl
-- Up-to-date symlink: /home/ubuntu/ros2_ws/install/mini_pupper_2_description/share/mini_pupper_2_description/meshes/lpf1.stl
-- Up-to-date symlink: /home/ubuntu/ros2_ws/install/mini_pupper_2_description/share/mini_pupper_2_description/meshes/lpf2.stl
-- Up-to-date symlink: /home/ubuntu/ros2_ws/install/mini_pupper_2_description/share/mini_pupper_2_description/meshes/rb1.stl
-- Up-to-date symlink: /home/ubuntu/ros2_ws/install/mini_pupper_2_description/share/mini_pupper_2_description/meshes/rb2.stl
-- Up-to-date symlink: /home/ubuntu/ros2_ws/install/mini_pupper_2_description/share/mini_pupper_2_description/meshes/rb3.stl
-- Up-to-date symlink: /home/ubuntu/ros2_ws/install/mini_pupper_2_description/share/mini_pupper_2_description/meshes/rbfoot.stl
-- Up-to-date symlink: /home/ubuntu/ros2_ws/install/mini_pupper_2_description/share/mini_pupper_2_description/meshes/rf1.stl
-- Up-to-date symlink: /home/ubuntu/ros2_ws/install/mini_pupper_2_description/share/mini_pupper_2_description/meshes/rf2.stl
-- Up-to-date symlink: /home/ubuntu/ros2_ws/install/mini_pupper_2_description/share/mini_pupper_2_description/meshes/rf3.stl
-- Up-to-date symlink: /home/ubuntu/ros2_ws/install/mini_pupper_2_description/share/mini_pupper_2_description/meshes/rffoot.stl
-- Up-to-date symlink: /home/ubuntu/ros2_ws/install/mini_pupper_2_description/share/mini_pupper_2_description/meshes/rpb1.stl
-- Up-to-date symlink: /home/ubuntu/ros2_ws/install/mini_pupper_2_description/share/mini_pupper_2_description/meshes/rpb2.stl
-- Up-to-date symlink: /home/ubuntu/ros2_ws/install/mini_pupper_2_description/share/mini_pupper_2_description/meshes/rpf1.stl
-- Up-to-date symlink: /home/ubuntu/ros2_ws/install/mini_pupper_2_description/share/mini_pupper_2_description/meshes/rpf2.stl
-- Up-to-date symlink: /home/ubuntu/ros2_ws/install/mini_pupper_2_description/share/ament_index/resource_index/package_run_dependencies/mini_pupper_2_description
-- Up-to-date symlink: /home/ubuntu/ros2_ws/install/mini_pupper_2_description/share/ament_index/resource_index/parent_prefix_path/mini_pupper_2_description
-- Up-to-date symlink: /home/ubuntu/ros2_ws/install/mini_pupper_2_description/share/mini_pupper_2_description/environment/ament_prefix_path.sh
-- Up-to-date symlink: /home/ubuntu/ros2_ws/install/mini_pupper_2_description/share/mini_pupper_2_description/environment/ament_prefix_path.dsv
-- Up-to-date symlink: /home/ubuntu/ros2_ws/install/mini_pupper_2_description/share/mini_pupper_2_description/environment/path.sh
-- Up-to-date symlink: /home/ubuntu/ros2_ws/install/mini_pupper_2_description/share/mini_pupper_2_description/environment/path.dsv
-- Up-to-date symlink: /home/ubuntu/ros2_ws/install/mini_pupper_2_description/share/mini_pupper_2_description/local_setup.bash
-- Up-to-date symlink: /home/ubuntu/ros2_ws/install/mini_pupper_2_description/share/mini_pupper_2_description/local_setup.sh
-- Up-to-date symlink: /home/ubuntu/ros2_ws/install/mini_pupper_2_description/share/mini_pupper_2_description/local_setup.zsh
-- Up-to-date symlink: /home/ubuntu/ros2_ws/install/mini_pupper_2_description/share/mini_pupper_2_description/local_setup.dsv
-- Symlinking: /home/ubuntu/ros2_ws/install/mini_pupper_2_description/share/mini_pupper_2_description/package.dsv
-- Up-to-date symlink: /home/ubuntu/ros2_ws/install/mini_pupper_2_description/share/ament_index/resource_index/packages/mini_pupper_2_description
-- Up-to-date symlink: /home/ubuntu/ros2_ws/install/mini_pupper_2_description/share/mini_pupper_2_description/cmake/mini_pupper_2_descriptionConfig.cmake
-- Up-to-date symlink: /home/ubuntu/ros2_ws/install/mini_pupper_2_description/share/mini_pupper_2_description/cmake/mini_pupper_2_descriptionConfig-version.cmake
-- Up-to-date symlink: /home/ubuntu/ros2_ws/install/mini_pupper_2_description/share/mini_pupper_2_description/package.xml
