[7.271s] Invoking command in '/home/ubuntu/ros2_ws/build/mini_pupper_driver': PYTHONPATH=/home/ubuntu/ros2_ws/build/mini_pupper_driver/prefix_override:/home/ubuntu/ros2_ws/install/mini_pupper_driver/lib/python3.10/site-packages:${PYTHONPATH} /usr/bin/python3 -W ignore:setup.py install is deprecated setup.py develop --uninstall --editable --build-directory /home/ubuntu/ros2_ws/build/mini_pupper_driver/build
[10.552s] running develop
[13.018s] Removing /home/ubuntu/ros2_ws/install/mini_pupper_driver/lib/python3.10/site-packages/mini-pupper-driver.egg-link (link to .)
[13.512s] Invoked command in '/home/ubuntu/ros2_ws/build/mini_pupper_driver' returned '0': PYTHONPATH=/home/ubuntu/ros2_ws/build/mini_pupper_driver/prefix_override:/home/ubuntu/ros2_ws/install/mini_pupper_driver/lib/python3.10/site-packages:${PYTHONPATH} /usr/bin/python3 -W ignore:setup.py install is deprecated setup.py develop --uninstall --editable --build-directory /home/ubuntu/ros2_ws/build/mini_pupper_driver/build
[13.534s] Invoking command in '/home/ubuntu/ros2_ws/src/mini_pupper_ros/mini_pupper_driver': PYTHONPATH=/home/ubuntu/ros2_ws/build/mini_pupper_driver/prefix_override:/home/ubuntu/ros2_ws/install/mini_pupper_driver/lib/python3.10/site-packages:${PYTHONPATH} /usr/bin/python3 -W ignore:setup.py install is deprecated setup.py egg_info --egg-base ../../../build/mini_pupper_driver build --build-base /home/ubuntu/ros2_ws/build/mini_pupper_driver/build install --record /home/ubuntu/ros2_ws/build/mini_pupper_driver/install.log --single-version-externally-managed install_data --force
[17.181s] running egg_info
[17.189s] writing ../../../build/mini_pupper_driver/mini_pupper_driver.egg-info/PKG-INFO
[17.190s] writing dependency_links to ../../../build/mini_pupper_driver/mini_pupper_driver.egg-info/dependency_links.txt
[17.190s] writing entry points to ../../../build/mini_pupper_driver/mini_pupper_driver.egg-info/entry_points.txt
[17.197s] writing requirements to ../../../build/mini_pupper_driver/mini_pupper_driver.egg-info/requires.txt
[17.198s] writing top-level names to ../../../build/mini_pupper_driver/mini_pupper_driver.egg-info/top_level.txt
[17.207s] reading manifest file '../../../build/mini_pupper_driver/mini_pupper_driver.egg-info/SOURCES.txt'
[17.216s] writing manifest file '../../../build/mini_pupper_driver/mini_pupper_driver.egg-info/SOURCES.txt'
[17.218s] running build
[17.219s] running build_py
[17.222s] creating /home/ubuntu/ros2_ws/build/mini_pupper_driver/build
[17.223s] creating /home/ubuntu/ros2_ws/build/mini_pupper_driver/build/lib
[17.225s] creating /home/ubuntu/ros2_ws/build/mini_pupper_driver/build/lib/mini_pupper_driver
[17.227s] copying mini_pupper_driver/__init__.py -> /home/ubuntu/ros2_ws/build/mini_pupper_driver/build/lib/mini_pupper_driver
[17.230s] copying mini_pupper_driver/imu_interface.py -> /home/ubuntu/ros2_ws/build/mini_pupper_driver/build/lib/mini_pupper_driver
[17.233s] copying mini_pupper_driver/display_interface.py -> /home/ubuntu/ros2_ws/build/mini_pupper_driver/build/lib/mini_pupper_driver
[17.236s] copying mini_pupper_driver/servo_interface.py -> /home/ubuntu/ros2_ws/build/mini_pupper_driver/build/lib/mini_pupper_driver
[17.239s] running install
[17.242s] running install_lib
[17.248s] creating /home/ubuntu/ros2_ws/install/mini_pupper_driver/lib/python3.10/site-packages/mini_pupper_driver
[17.250s] copying /home/ubuntu/ros2_ws/build/mini_pupper_driver/build/lib/mini_pupper_driver/__init__.py -> /home/ubuntu/ros2_ws/install/mini_pupper_driver/lib/python3.10/site-packages/mini_pupper_driver
[17.253s] copying /home/ubuntu/ros2_ws/build/mini_pupper_driver/build/lib/mini_pupper_driver/imu_interface.py -> /home/ubuntu/ros2_ws/install/mini_pupper_driver/lib/python3.10/site-packages/mini_pupper_driver
[17.255s] copying /home/ubuntu/ros2_ws/build/mini_pupper_driver/build/lib/mini_pupper_driver/display_interface.py -> /home/ubuntu/ros2_ws/install/mini_pupper_driver/lib/python3.10/site-packages/mini_pupper_driver
[17.258s] copying /home/ubuntu/ros2_ws/build/mini_pupper_driver/build/lib/mini_pupper_driver/servo_interface.py -> /home/ubuntu/ros2_ws/install/mini_pupper_driver/lib/python3.10/site-packages/mini_pupper_driver
[17.265s] byte-compiling /home/ubuntu/ros2_ws/install/mini_pupper_driver/lib/python3.10/site-packages/mini_pupper_driver/__init__.py to __init__.cpython-310.pyc
[17.270s] byte-compiling /home/ubuntu/ros2_ws/install/mini_pupper_driver/lib/python3.10/site-packages/mini_pupper_driver/imu_interface.py to imu_interface.cpython-310.pyc
[17.278s] byte-compiling /home/ubuntu/ros2_ws/install/mini_pupper_driver/lib/python3.10/site-packages/mini_pupper_driver/display_interface.py to display_interface.cpython-310.pyc
[17.318s] byte-compiling /home/ubuntu/ros2_ws/install/mini_pupper_driver/lib/python3.10/site-packages/mini_pupper_driver/servo_interface.py to servo_interface.cpython-310.pyc
[17.330s] running install_data
[17.333s] copying resource/mini_pupper_driver -> /home/ubuntu/ros2_ws/install/mini_pupper_driver/share/ament_index/resource_index/packages
[17.340s] copying package.xml -> /home/ubuntu/ros2_ws/install/mini_pupper_driver/share/mini_pupper_driver
[17.344s] copying launch/imu_interface.launch.py -> /home/ubuntu/ros2_ws/install/mini_pupper_driver/share/mini_pupper_driver/launch
[17.350s] copying launch/display_interface.launch.py -> /home/ubuntu/ros2_ws/install/mini_pupper_driver/share/mini_pupper_driver/launch
[17.358s] copying launch/servo_interface.launch.py -> /home/ubuntu/ros2_ws/install/mini_pupper_driver/share/mini_pupper_driver/launch
[17.366s] running install_egg_info
[17.427s] Copying ../../../build/mini_pupper_driver/mini_pupper_driver.egg-info to /home/ubuntu/ros2_ws/install/mini_pupper_driver/lib/python3.10/site-packages/mini_pupper_driver-0.0.1-py3.10.egg-info
[17.455s] running install_scripts
[17.712s] Installing display_interface script to /home/ubuntu/ros2_ws/install/mini_pupper_driver/lib/mini_pupper_driver
[17.714s] Installing imu_interface script to /home/ubuntu/ros2_ws/install/mini_pupper_driver/lib/mini_pupper_driver
[17.715s] Installing servo_interface script to /home/ubuntu/ros2_ws/install/mini_pupper_driver/lib/mini_pupper_driver
[17.718s] writing list of installed files to '/home/ubuntu/ros2_ws/build/mini_pupper_driver/install.log'
[18.040s] Invoked command in '/home/ubuntu/ros2_ws/src/mini_pupper_ros/mini_pupper_driver' returned '0': PYTHONPATH=/home/ubuntu/ros2_ws/build/mini_pupper_driver/prefix_override:/home/ubuntu/ros2_ws/install/mini_pupper_driver/lib/python3.10/site-packages:${PYTHONPATH} /usr/bin/python3 -W ignore:setup.py install is deprecated setup.py egg_info --egg-base ../../../build/mini_pupper_driver build --build-base /home/ubuntu/ros2_ws/build/mini_pupper_driver/build install --record /home/ubuntu/ros2_ws/build/mini_pupper_driver/install.log --single-version-externally-managed install_data --force
