[0.055s] Invoking command in '/home/ubuntu/ros2_ws/build/champ': CMAKE_PREFIX_PATH=/opt/ros/humble /usr/bin/cmake /home/ubuntu/ros2_ws/src/champ/champ/champ -DAMENT_CMAKE_SYMLINK_INSTALL=1 -DCMAKE_INSTALL_PREFIX=/home/ubuntu/ros2_ws/install/champ
[0.999s] -- The C compiler identification is GNU 11.4.0
[1.658s] -- The CXX compiler identification is GNU 11.4.0
[1.701s] -- Detecting C compiler ABI info
[2.030s] -- Detecting C compiler ABI info - done
[2.054s] -- Check for working C compiler: /usr/bin/cc - skipped
[2.061s] -- Detecting C compile features
[2.064s] -- Detecting C compile features - done
[2.078s] -- Detecting CXX compiler ABI info
[2.408s] -- Detecting CXX compiler ABI info - done
[2.432s] -- Check for working CXX compiler: /usr/bin/c++ - skipped
[2.433s] -- Detecting CXX compile features
[2.435s] -- Detecting CXX compile features - done
[2.473s] -- Found ament_cmake: 1.3.8 (/opt/ros/humble/share/ament_cmake/cmake)
[3.202s] -- Found Python3: /usr/bin/python3 (found version "3.10.12") found components: Interpreter 
[3.509s] -- Override CMake install command with custom implementation using symlinks instead of copying resources
[3.873s] -- Found rclcpp: 16.0.8 (/opt/ros/humble/share/rclcpp/cmake)
[4.311s] -- Found rosidl_generator_c: 3.1.5 (/opt/ros/humble/share/rosidl_generator_c/cmake)
[4.398s] -- Found rosidl_adapter: 3.1.5 (/opt/ros/humble/share/rosidl_adapter/cmake)
[4.476s] -- Found rosidl_generator_cpp: 3.1.5 (/opt/ros/humble/share/rosidl_generator_cpp/cmake)
[4.573s] -- Using all available rosidl_typesupport_c: rosidl_typesupport_fastrtps_c;rosidl_typesupport_introspection_c
[4.717s] -- Using all available rosidl_typesupport_cpp: rosidl_typesupport_fastrtps_cpp;rosidl_typesupport_introspection_cpp
[5.190s] -- Found rmw_implementation_cmake: 6.1.1 (/opt/ros/humble/share/rmw_implementation_cmake/cmake)
[5.221s] -- Found rmw_fastrtps_cpp: 6.2.6 (/opt/ros/humble/share/rmw_fastrtps_cpp/cmake)
[5.850s] -- Found OpenSSL: /usr/lib/aarch64-linux-gnu/libcrypto.so (found version "3.0.2")  
[6.088s] -- Found FastRTPS: /opt/ros/humble/include  
[6.493s] -- Using RMW implementation 'rmw_fastrtps_cpp' as default
[6.604s] -- Looking for pthread.h
[6.931s] -- Looking for pthread.h - found
[6.932s] -- Performing Test CMAKE_HAVE_LIBC_PTHREAD
[7.239s] -- Performing Test CMAKE_HAVE_LIBC_PTHREAD - Success
[7.242s] -- Found Threads: TRUE  
[8.006s] -- Found ament_lint_auto: 0.12.10 (/opt/ros/humble/share/ament_lint_auto/cmake)
[8.309s] -- Configuring done
[8.342s] -- Generating done
[8.348s] -- Build files have been written to: /home/ubuntu/ros2_ws/build/champ
[8.382s] Invoked command in '/home/ubuntu/ros2_ws/build/champ' returned '0': CMAKE_PREFIX_PATH=/opt/ros/humble /usr/bin/cmake /home/ubuntu/ros2_ws/src/champ/champ/champ -DAMENT_CMAKE_SYMLINK_INSTALL=1 -DCMAKE_INSTALL_PREFIX=/home/ubuntu/ros2_ws/install/champ
[8.390s] Invoking command in '/home/ubuntu/ros2_ws/build/champ': CMAKE_PREFIX_PATH=/opt/ros/humble /usr/bin/cmake --build /home/ubuntu/ros2_ws/build/champ
[8.534s] Invoked command in '/home/ubuntu/ros2_ws/build/champ' returned '0': CMAKE_PREFIX_PATH=/opt/ros/humble /usr/bin/cmake --build /home/ubuntu/ros2_ws/build/champ
[8.655s] Invoking command in '/home/ubuntu/ros2_ws/build/champ': CMAKE_PREFIX_PATH=/opt/ros/humble /usr/bin/cmake --install /home/ubuntu/ros2_ws/build/champ
[8.678s] -- Install configuration: ""
[8.680s] -- Execute custom install script
[8.684s] -- Symlinking: /home/ubuntu/ros2_ws/install/champ/include/champ/.git
[8.713s] -- Symlinking: /home/ubuntu/ros2_ws/install/champ/include/champ/LICENSE
[8.742s] -- Symlinking: /home/ubuntu/ros2_ws/install/champ/include/champ/README.md
[8.772s] -- Symlinking: /home/ubuntu/ros2_ws/install/champ/include/champ/bla/basic_linear_algebra.h
[8.801s] -- Symlinking: /home/ubuntu/ros2_ws/install/champ/include/champ/bla/memory_delegate.h
[8.831s] -- Symlinking: /home/ubuntu/ros2_ws/install/champ/include/champ/body_controller/body_controller.h
[8.861s] -- Symlinking: /home/ubuntu/ros2_ws/install/champ/include/champ/geometry/geometry.h
[8.891s] -- Symlinking: /home/ubuntu/ros2_ws/install/champ/include/champ/kinematics/kinematics.h
[8.920s] -- Symlinking: /home/ubuntu/ros2_ws/install/champ/include/champ/leg_controller/leg_controller.h
[8.949s] -- Symlinking: /home/ubuntu/ros2_ws/install/champ/include/champ/leg_controller/phase_generator.h
[8.978s] -- Symlinking: /home/ubuntu/ros2_ws/install/champ/include/champ/leg_controller/trajectory_planner.h
[9.009s] -- Symlinking: /home/ubuntu/ros2_ws/install/champ/include/champ/macros/macros.h
[9.041s] -- Symlinking: /home/ubuntu/ros2_ws/install/champ/include/champ/odometry/odometry.h
[9.070s] -- Symlinking: /home/ubuntu/ros2_ws/install/champ/include/champ/quadruped_base/quadruped_base.h
[9.100s] -- Symlinking: /home/ubuntu/ros2_ws/install/champ/include/champ/quadruped_base/quadruped_components.h
[9.129s] -- Symlinking: /home/ubuntu/ros2_ws/install/champ/include/champ/quadruped_base/quadruped_joint.h
[9.158s] -- Symlinking: /home/ubuntu/ros2_ws/install/champ/include/champ/quadruped_base/quadruped_leg.h
[9.187s] -- Symlinking: /home/ubuntu/ros2_ws/install/champ/include/champ/utils/urdf_loader.h
[9.216s] -- Symlinking: /home/ubuntu/ros2_ws/install/champ/include/champ/utils/xmlrpc_helpers.h
[9.245s] -- Symlinking: /home/ubuntu/ros2_ws/install/champ/share/ament_index/resource_index/package_run_dependencies/champ
[9.275s] -- Symlinking: /home/ubuntu/ros2_ws/install/champ/share/ament_index/resource_index/parent_prefix_path/champ
[9.305s] -- Symlinking: /home/ubuntu/ros2_ws/install/champ/share/champ/environment/ament_prefix_path.sh
[9.367s] -- Symlinking: /home/ubuntu/ros2_ws/install/champ/share/champ/environment/ament_prefix_path.dsv
[9.396s] -- Symlinking: /home/ubuntu/ros2_ws/install/champ/share/champ/environment/path.sh
[9.425s] -- Symlinking: /home/ubuntu/ros2_ws/install/champ/share/champ/environment/path.dsv
[9.455s] -- Symlinking: /home/ubuntu/ros2_ws/install/champ/share/champ/local_setup.bash
[9.485s] -- Symlinking: /home/ubuntu/ros2_ws/install/champ/share/champ/local_setup.sh
[9.514s] -- Symlinking: /home/ubuntu/ros2_ws/install/champ/share/champ/local_setup.zsh
[9.543s] -- Symlinking: /home/ubuntu/ros2_ws/install/champ/share/champ/local_setup.dsv
[9.572s] -- Symlinking: /home/ubuntu/ros2_ws/install/champ/share/champ/package.dsv
[9.602s] -- Symlinking: /home/ubuntu/ros2_ws/install/champ/share/ament_index/resource_index/packages/champ
[9.631s] -- Symlinking: /home/ubuntu/ros2_ws/install/champ/share/champ/cmake/ament_cmake_export_include_directories-extras.cmake
[9.661s] -- Symlinking: /home/ubuntu/ros2_ws/install/champ/share/champ/cmake/champConfig.cmake
[9.689s] -- Symlinking: /home/ubuntu/ros2_ws/install/champ/share/champ/cmake/champConfig-version.cmake
[9.719s] -- Symlinking: /home/ubuntu/ros2_ws/install/champ/share/champ/package.xml
[9.753s] Invoked command in '/home/ubuntu/ros2_ws/build/champ' returned '0': CMAKE_PREFIX_PATH=/opt/ros/humble /usr/bin/cmake --install /home/ubuntu/ros2_ws/build/champ
