[0.217s] Invoking command in '/home/ubuntu/ros2_ws/build/champ': CMAKE_PREFIX_PATH=${CMAKE_PREFIX_PATH}:/home/ubuntu/ros2_ws/install/go_pupper_srv:/home/ubuntu/ros2_ws/install/mini_pupper_music:/home/ubuntu/ros2_ws/install/mini_pupper_dance:/home/ubuntu/ros2_ws/install/mini_pupper_driver:/opt/ros/humble /usr/bin/cmake --build /home/ubuntu/ros2_ws/build/champ -- -j4 -l4
[0.605s] Invoked command in '/home/ubuntu/ros2_ws/build/champ' returned '0': CMAKE_PREFIX_PATH=${CMAKE_PREFIX_PATH}:/home/ubuntu/ros2_ws/install/go_pupper_srv:/home/ubuntu/ros2_ws/install/mini_pupper_music:/home/ubuntu/ros2_ws/install/mini_pupper_dance:/home/ubuntu/ros2_ws/install/mini_pupper_driver:/opt/ros/humble /usr/bin/cmake --build /home/ubuntu/ros2_ws/build/champ -- -j4 -l4
[1.384s] Invoking command in '/home/ubuntu/ros2_ws/build/champ': CMAKE_PREFIX_PATH=${CMAKE_PREFIX_PATH}:/home/ubuntu/ros2_ws/install/go_pupper_srv:/home/ubuntu/ros2_ws/install/mini_pupper_music:/home/ubuntu/ros2_ws/install/mini_pupper_dance:/home/ubuntu/ros2_ws/install/mini_pupper_driver:/opt/ros/humble /usr/bin/cmake --install /home/ubuntu/ros2_ws/build/champ
[1.533s] -- Install configuration: ""
[1.552s] -- Execute custom install script
[1.595s] -- Up-to-date symlink: /home/ubuntu/ros2_ws/install/champ/include/champ/.git
[1.601s] -- Up-to-date symlink: /home/ubuntu/ros2_ws/install/champ/include/champ/LICENSE
[1.610s] -- Up-to-date symlink: /home/ubuntu/ros2_ws/install/champ/include/champ/README.md
[1.622s] -- Up-to-date symlink: /home/ubuntu/ros2_ws/install/champ/include/champ/bla/basic_linear_algebra.h
[1.628s] -- Up-to-date symlink: /home/ubuntu/ros2_ws/install/champ/include/champ/bla/memory_delegate.h
[1.638s] -- Up-to-date symlink: /home/ubuntu/ros2_ws/install/champ/include/champ/body_controller/body_controller.h
[1.646s] -- Up-to-date symlink: /home/ubuntu/ros2_ws/install/champ/include/champ/geometry/geometry.h
[1.652s] -- Up-to-date symlink: /home/ubuntu/ros2_ws/install/champ/include/champ/kinematics/kinematics.h
[1.663s] -- Up-to-date symlink: /home/ubuntu/ros2_ws/install/champ/include/champ/leg_controller/leg_controller.h
[1.667s] -- Up-to-date symlink: /home/ubuntu/ros2_ws/install/champ/include/champ/leg_controller/phase_generator.h
[1.673s] -- Up-to-date symlink: /home/ubuntu/ros2_ws/install/champ/include/champ/leg_controller/trajectory_planner.h
[1.680s] -- Up-to-date symlink: /home/ubuntu/ros2_ws/install/champ/include/champ/macros/macros.h
[1.700s] -- Up-to-date symlink: /home/ubuntu/ros2_ws/install/champ/include/champ/odometry/odometry.h
[1.710s] -- Up-to-date symlink: /home/ubuntu/ros2_ws/install/champ/include/champ/quadruped_base/quadruped_base.h
[1.717s] -- Up-to-date symlink: /home/ubuntu/ros2_ws/install/champ/include/champ/quadruped_base/quadruped_components.h
[1.721s] -- Up-to-date symlink: /home/ubuntu/ros2_ws/install/champ/include/champ/quadruped_base/quadruped_joint.h
[1.725s] -- Up-to-date symlink: /home/ubuntu/ros2_ws/install/champ/include/champ/quadruped_base/quadruped_leg.h
[1.726s] -- Up-to-date symlink: /home/ubuntu/ros2_ws/install/champ/include/champ/utils/urdf_loader.h
[1.729s] -- Up-to-date symlink: /home/ubuntu/ros2_ws/install/champ/include/champ/utils/xmlrpc_helpers.h
[1.740s] -- Up-to-date symlink: /home/ubuntu/ros2_ws/install/champ/share/ament_index/resource_index/package_run_dependencies/champ
[1.751s] -- Up-to-date symlink: /home/ubuntu/ros2_ws/install/champ/share/ament_index/resource_index/parent_prefix_path/champ
[1.752s] -- Up-to-date symlink: /home/ubuntu/ros2_ws/install/champ/share/champ/environment/ament_prefix_path.sh
[1.760s] -- Up-to-date symlink: /home/ubuntu/ros2_ws/install/champ/share/champ/environment/ament_prefix_path.dsv
[1.764s] -- Up-to-date symlink: /home/ubuntu/ros2_ws/install/champ/share/champ/environment/path.sh
[1.781s] -- Up-to-date symlink: /home/ubuntu/ros2_ws/install/champ/share/champ/environment/path.dsv
[1.782s] -- Up-to-date symlink: /home/ubuntu/ros2_ws/install/champ/share/champ/local_setup.bash
[1.783s] -- Up-to-date symlink: /home/ubuntu/ros2_ws/install/champ/share/champ/local_setup.sh
[1.783s] -- Up-to-date symlink: /home/ubuntu/ros2_ws/install/champ/share/champ/local_setup.zsh
[1.795s] -- Up-to-date symlink: /home/ubuntu/ros2_ws/install/champ/share/champ/local_setup.dsv
[1.795s] -- Symlinking: /home/ubuntu/ros2_ws/install/champ/share/champ/package.dsv
[1.963s] -- Up-to-date symlink: /home/ubuntu/ros2_ws/install/champ/share/ament_index/resource_index/packages/champ
[1.967s] -- Up-to-date symlink: /home/ubuntu/ros2_ws/install/champ/share/champ/cmake/ament_cmake_export_include_directories-extras.cmake
[1.971s] -- Up-to-date symlink: /home/ubuntu/ros2_ws/install/champ/share/champ/cmake/champConfig.cmake
[1.976s] -- Up-to-date symlink: /home/ubuntu/ros2_ws/install/champ/share/champ/cmake/champConfig-version.cmake
[1.987s] -- Up-to-date symlink: /home/ubuntu/ros2_ws/install/champ/share/champ/package.xml
[2.011s] Invoked command in '/home/ubuntu/ros2_ws/build/champ' returned '0': CMAKE_PREFIX_PATH=${CMAKE_PREFIX_PATH}:/home/ubuntu/ros2_ws/install/go_pupper_srv:/home/ubuntu/ros2_ws/install/mini_pupper_music:/home/ubuntu/ros2_ws/install/mini_pupper_dance:/home/ubuntu/ros2_ws/install/mini_pupper_driver:/opt/ros/humble /usr/bin/cmake --install /home/ubuntu/ros2_ws/build/champ
