[0.122s] Invoking command in '/home/ubuntu/ros2_ws/build/mini_pupper_2_description': CMAKE_PREFIX_PATH=${CMAKE_PREFIX_PATH}:/home/ubuntu/ros2_ws/install/go_pupper_srv:/home/ubuntu/ros2_ws/install/mini_pupper_music:/home/ubuntu/ros2_ws/install/mini_pupper_dance:/home/ubuntu/ros2_ws/install/mini_pupper_driver:/opt/ros/humble /usr/bin/cmake --build /home/ubuntu/ros2_ws/build/mini_pupper_2_description -- -j4 -l4
[0.529s] Invoked command in '/home/ubuntu/ros2_ws/build/mini_pupper_2_description' returned '0': CMAKE_PREFIX_PATH=${CMAKE_PREFIX_PATH}:/home/ubuntu/ros2_ws/install/go_pupper_srv:/home/ubuntu/ros2_ws/install/mini_pupper_music:/home/ubuntu/ros2_ws/install/mini_pupper_dance:/home/ubuntu/ros2_ws/install/mini_pupper_driver:/opt/ros/humble /usr/bin/cmake --build /home/ubuntu/ros2_ws/build/mini_pupper_2_description -- -j4 -l4
[0.785s] Invoking command in '/home/ubuntu/ros2_ws/build/mini_pupper_2_description': CMAKE_PREFIX_PATH=${CMAKE_PREFIX_PATH}:/home/ubuntu/ros2_ws/install/go_pupper_srv:/home/ubuntu/ros2_ws/install/mini_pupper_music:/home/ubuntu/ros2_ws/install/mini_pupper_dance:/home/ubuntu/ros2_ws/install/mini_pupper_driver:/opt/ros/humble /usr/bin/cmake --install /home/ubuntu/ros2_ws/build/mini_pupper_2_description
[0.837s] -- Install configuration: ""
[0.841s] -- Execute custom install script
[0.849s] -- Up-to-date symlink: /home/ubuntu/ros2_ws/install/mini_pupper_2_description/share/mini_pupper_2_description/launch/description.launch.py
[0.856s] -- Up-to-date symlink: /home/ubuntu/ros2_ws/install/mini_pupper_2_description/share/mini_pupper_2_description/config/champ/gait.yaml
[0.857s] -- Up-to-date symlink: /home/ubuntu/ros2_ws/install/mini_pupper_2_description/share/mini_pupper_2_description/config/champ/joints.yaml
[0.859s] -- Up-to-date symlink: /home/ubuntu/ros2_ws/install/mini_pupper_2_description/share/mini_pupper_2_description/config/champ/links.yaml
[0.860s] -- Up-to-date symlink: /home/ubuntu/ros2_ws/install/mini_pupper_2_description/share/mini_pupper_2_description/config/ros_control/mini_pupper_controller.yaml
[0.862s] -- Up-to-date symlink: /home/ubuntu/ros2_ws/install/mini_pupper_2_description/share/mini_pupper_2_description/rviz/urdf_viewer.rviz
[0.864s] -- Up-to-date symlink: /home/ubuntu/ros2_ws/install/mini_pupper_2_description/share/mini_pupper_2_description/urdf/materials.xacro
[0.866s] -- Up-to-date symlink: /home/ubuntu/ros2_ws/install/mini_pupper_2_description/share/mini_pupper_2_description/urdf/mini_pupper_description.trans
[0.867s] -- Up-to-date symlink: /home/ubuntu/ros2_ws/install/mini_pupper_2_description/share/mini_pupper_2_description/urdf/mini_pupper_description.urdf.xacro
[0.872s] -- Up-to-date symlink: /home/ubuntu/ros2_ws/install/mini_pupper_2_description/share/mini_pupper_2_description/meshes/Board_PCB.stl
[0.873s] -- Up-to-date symlink: /home/ubuntu/ros2_ws/install/mini_pupper_2_description/share/mini_pupper_2_description/meshes/Board_connectors_1.stl
[0.874s] -- Up-to-date symlink: /home/ubuntu/ros2_ws/install/mini_pupper_2_description/share/mini_pupper_2_description/meshes/Board_connectors_2.stl
[0.875s] -- Up-to-date symlink: /home/ubuntu/ros2_ws/install/mini_pupper_2_description/share/mini_pupper_2_description/meshes/Body_front.stl
[0.877s] -- Up-to-date symlink: /home/ubuntu/ros2_ws/install/mini_pupper_2_description/share/mini_pupper_2_description/meshes/Shell_Side.stl
[0.878s] -- Up-to-date symlink: /home/ubuntu/ros2_ws/install/mini_pupper_2_description/share/mini_pupper_2_description/meshes/base_link.stl
[0.887s] -- Up-to-date symlink: /home/ubuntu/ros2_ws/install/mini_pupper_2_description/share/mini_pupper_2_description/meshes/lb1.stl
[0.890s] -- Up-to-date symlink: /home/ubuntu/ros2_ws/install/mini_pupper_2_description/share/mini_pupper_2_description/meshes/lb2.stl
[0.895s] -- Up-to-date symlink: /home/ubuntu/ros2_ws/install/mini_pupper_2_description/share/mini_pupper_2_description/meshes/lb3.stl
[0.896s] -- Up-to-date symlink: /home/ubuntu/ros2_ws/install/mini_pupper_2_description/share/mini_pupper_2_description/meshes/lbfoot.stl
[0.897s] -- Up-to-date symlink: /home/ubuntu/ros2_ws/install/mini_pupper_2_description/share/mini_pupper_2_description/meshes/lf1.stl
[0.898s] -- Up-to-date symlink: /home/ubuntu/ros2_ws/install/mini_pupper_2_description/share/mini_pupper_2_description/meshes/lf2.stl
[0.900s] -- Up-to-date symlink: /home/ubuntu/ros2_ws/install/mini_pupper_2_description/share/mini_pupper_2_description/meshes/lf3.stl
[0.901s] -- Up-to-date symlink: /home/ubuntu/ros2_ws/install/mini_pupper_2_description/share/mini_pupper_2_description/meshes/lffoot.stl
[0.902s] -- Up-to-date symlink: /home/ubuntu/ros2_ws/install/mini_pupper_2_description/share/mini_pupper_2_description/meshes/lidar.stl
[0.903s] -- Up-to-date symlink: /home/ubuntu/ros2_ws/install/mini_pupper_2_description/share/mini_pupper_2_description/meshes/lpb1.stl
[0.905s] -- Up-to-date symlink: /home/ubuntu/ros2_ws/install/mini_pupper_2_description/share/mini_pupper_2_description/meshes/lpb2.stl
[0.907s] -- Up-to-date symlink: /home/ubuntu/ros2_ws/install/mini_pupper_2_description/share/mini_pupper_2_description/meshes/lpf1.stl
[0.909s] -- Up-to-date symlink: /home/ubuntu/ros2_ws/install/mini_pupper_2_description/share/mini_pupper_2_description/meshes/lpf2.stl
[0.911s] -- Up-to-date symlink: /home/ubuntu/ros2_ws/install/mini_pupper_2_description/share/mini_pupper_2_description/meshes/rb1.stl
[0.912s] -- Up-to-date symlink: /home/ubuntu/ros2_ws/install/mini_pupper_2_description/share/mini_pupper_2_description/meshes/rb2.stl
[0.913s] -- Up-to-date symlink: /home/ubuntu/ros2_ws/install/mini_pupper_2_description/share/mini_pupper_2_description/meshes/rb3.stl
[0.915s] -- Up-to-date symlink: /home/ubuntu/ros2_ws/install/mini_pupper_2_description/share/mini_pupper_2_description/meshes/rbfoot.stl
[0.918s] -- Up-to-date symlink: /home/ubuntu/ros2_ws/install/mini_pupper_2_description/share/mini_pupper_2_description/meshes/rf1.stl
[0.918s] -- Up-to-date symlink: /home/ubuntu/ros2_ws/install/mini_pupper_2_description/share/mini_pupper_2_description/meshes/rf2.stl
[0.919s] -- Up-to-date symlink: /home/ubuntu/ros2_ws/install/mini_pupper_2_description/share/mini_pupper_2_description/meshes/rf3.stl
[0.921s] -- Up-to-date symlink: /home/ubuntu/ros2_ws/install/mini_pupper_2_description/share/mini_pupper_2_description/meshes/rffoot.stl
[0.922s] -- Up-to-date symlink: /home/ubuntu/ros2_ws/install/mini_pupper_2_description/share/mini_pupper_2_description/meshes/rpb1.stl
[0.923s] -- Up-to-date symlink: /home/ubuntu/ros2_ws/install/mini_pupper_2_description/share/mini_pupper_2_description/meshes/rpb2.stl
[0.924s] -- Up-to-date symlink: /home/ubuntu/ros2_ws/install/mini_pupper_2_description/share/mini_pupper_2_description/meshes/rpf1.stl
[0.925s] -- Up-to-date symlink: /home/ubuntu/ros2_ws/install/mini_pupper_2_description/share/mini_pupper_2_description/meshes/rpf2.stl
[0.927s] -- Up-to-date symlink: /home/ubuntu/ros2_ws/install/mini_pupper_2_description/share/ament_index/resource_index/package_run_dependencies/mini_pupper_2_description
[0.929s] -- Up-to-date symlink: /home/ubuntu/ros2_ws/install/mini_pupper_2_description/share/ament_index/resource_index/parent_prefix_path/mini_pupper_2_description
[0.930s] -- Up-to-date symlink: /home/ubuntu/ros2_ws/install/mini_pupper_2_description/share/mini_pupper_2_description/environment/ament_prefix_path.sh
[0.931s] -- Up-to-date symlink: /home/ubuntu/ros2_ws/install/mini_pupper_2_description/share/mini_pupper_2_description/environment/ament_prefix_path.dsv
[0.933s] -- Up-to-date symlink: /home/ubuntu/ros2_ws/install/mini_pupper_2_description/share/mini_pupper_2_description/environment/path.sh
[0.934s] -- Up-to-date symlink: /home/ubuntu/ros2_ws/install/mini_pupper_2_description/share/mini_pupper_2_description/environment/path.dsv
[0.935s] -- Up-to-date symlink: /home/ubuntu/ros2_ws/install/mini_pupper_2_description/share/mini_pupper_2_description/local_setup.bash
[0.937s] -- Up-to-date symlink: /home/ubuntu/ros2_ws/install/mini_pupper_2_description/share/mini_pupper_2_description/local_setup.sh
[0.938s] -- Up-to-date symlink: /home/ubuntu/ros2_ws/install/mini_pupper_2_description/share/mini_pupper_2_description/local_setup.zsh
[0.939s] -- Up-to-date symlink: /home/ubuntu/ros2_ws/install/mini_pupper_2_description/share/mini_pupper_2_description/local_setup.dsv
[0.947s] -- Symlinking: /home/ubuntu/ros2_ws/install/mini_pupper_2_description/share/mini_pupper_2_description/package.dsv
[1.010s] -- Up-to-date symlink: /home/ubuntu/ros2_ws/install/mini_pupper_2_description/share/ament_index/resource_index/packages/mini_pupper_2_description
[1.012s] -- Up-to-date symlink: /home/ubuntu/ros2_ws/install/mini_pupper_2_description/share/mini_pupper_2_description/cmake/mini_pupper_2_descriptionConfig.cmake
[1.013s] -- Up-to-date symlink: /home/ubuntu/ros2_ws/install/mini_pupper_2_description/share/mini_pupper_2_description/cmake/mini_pupper_2_descriptionConfig-version.cmake
[1.014s] -- Up-to-date symlink: /home/ubuntu/ros2_ws/install/mini_pupper_2_description/share/mini_pupper_2_description/package.xml
[1.024s] Invoked command in '/home/ubuntu/ros2_ws/build/mini_pupper_2_description' returned '0': CMAKE_PREFIX_PATH=${CMAKE_PREFIX_PATH}:/home/ubuntu/ros2_ws/install/go_pupper_srv:/home/ubuntu/ros2_ws/install/mini_pupper_music:/home/ubuntu/ros2_ws/install/mini_pupper_dance:/home/ubuntu/ros2_ws/install/mini_pupper_driver:/opt/ros/humble /usr/bin/cmake --install /home/ubuntu/ros2_ws/build/mini_pupper_2_description
