[0.193s] Invoking command in '/home/ubuntu/ros2_ws/build/mini_pupper_description': CMAKE_PREFIX_PATH=${CMAKE_PREFIX_PATH}:/home/ubuntu/ros2_ws/install/go_pupper_srv:/home/ubuntu/ros2_ws/install/mini_pupper_music:/home/ubuntu/ros2_ws/install/mini_pupper_dance:/home/ubuntu/ros2_ws/install/mini_pupper_driver:/opt/ros/humble /usr/bin/cmake --build /home/ubuntu/ros2_ws/build/mini_pupper_description -- -j4 -l4
[0.735s] Invoked command in '/home/ubuntu/ros2_ws/build/mini_pupper_description' returned '0': CMAKE_PREFIX_PATH=${CMAKE_PREFIX_PATH}:/home/ubuntu/ros2_ws/install/go_pupper_srv:/home/ubuntu/ros2_ws/install/mini_pupper_music:/home/ubuntu/ros2_ws/install/mini_pupper_dance:/home/ubuntu/ros2_ws/install/mini_pupper_driver:/opt/ros/humble /usr/bin/cmake --build /home/ubuntu/ros2_ws/build/mini_pupper_description -- -j4 -l4
[1.161s] Invoking command in '/home/ubuntu/ros2_ws/build/mini_pupper_description': CMAKE_PREFIX_PATH=${CMAKE_PREFIX_PATH}:/home/ubuntu/ros2_ws/install/go_pupper_srv:/home/ubuntu/ros2_ws/install/mini_pupper_music:/home/ubuntu/ros2_ws/install/mini_pupper_dance:/home/ubuntu/ros2_ws/install/mini_pupper_driver:/opt/ros/humble /usr/bin/cmake --install /home/ubuntu/ros2_ws/build/mini_pupper_description
[1.286s] -- Install configuration: ""
[1.287s] -- Execute custom install script
[1.288s] -- Up-to-date symlink: /home/ubuntu/ros2_ws/install/mini_pupper_description/share/mini_pupper_description/launch/description.launch.py
[1.290s] -- Up-to-date symlink: /home/ubuntu/ros2_ws/install/mini_pupper_description/share/mini_pupper_description/config/champ/gait.yaml
[1.292s] -- Up-to-date symlink: /home/ubuntu/ros2_ws/install/mini_pupper_description/share/mini_pupper_description/config/champ/joints.yaml
[1.293s] -- Up-to-date symlink: /home/ubuntu/ros2_ws/install/mini_pupper_description/share/mini_pupper_description/config/champ/links.yaml
[1.298s] -- Up-to-date symlink: /home/ubuntu/ros2_ws/install/mini_pupper_description/share/mini_pupper_description/config/ros_control/mini_pupper_controller.yaml
[1.302s] -- Up-to-date symlink: /home/ubuntu/ros2_ws/install/mini_pupper_description/share/mini_pupper_description/rviz/urdf_viewer.rviz
[1.302s] -- Up-to-date symlink: /home/ubuntu/ros2_ws/install/mini_pupper_description/share/mini_pupper_description/urdf/_d435.urdf.xacro
[1.307s] -- Up-to-date symlink: /home/ubuntu/ros2_ws/install/mini_pupper_description/share/mini_pupper_description/urdf/_materials.urdf.xacro
[1.308s] -- Up-to-date symlink: /home/ubuntu/ros2_ws/install/mini_pupper_description/share/mini_pupper_description/urdf/_usb_plug.urdf.xacro
[1.309s] -- Up-to-date symlink: /home/ubuntu/ros2_ws/install/mini_pupper_description/share/mini_pupper_description/urdf/mini_pupper_description.csv
[1.310s] -- Up-to-date symlink: /home/ubuntu/ros2_ws/install/mini_pupper_description/share/mini_pupper_description/urdf/mini_pupper_description.urdf
[1.310s] -- Up-to-date symlink: /home/ubuntu/ros2_ws/install/mini_pupper_description/share/mini_pupper_description/urdf/mini_pupper_description.urdf.xacro
[1.311s] -- Up-to-date symlink: /home/ubuntu/ros2_ws/install/mini_pupper_description/share/mini_pupper_description/meshes/base_link.STL
[1.311s] -- Up-to-date symlink: /home/ubuntu/ros2_ws/install/mini_pupper_description/share/mini_pupper_description/meshes/d435.dae
[1.312s] -- Up-to-date symlink: /home/ubuntu/ros2_ws/install/mini_pupper_description/share/mini_pupper_description/meshes/lb1.STL
[1.313s] -- Up-to-date symlink: /home/ubuntu/ros2_ws/install/mini_pupper_description/share/mini_pupper_description/meshes/lb2.STL
[1.314s] -- Up-to-date symlink: /home/ubuntu/ros2_ws/install/mini_pupper_description/share/mini_pupper_description/meshes/lb3.STL
[1.315s] -- Up-to-date symlink: /home/ubuntu/ros2_ws/install/mini_pupper_description/share/mini_pupper_description/meshes/lbfoot.STL
[1.316s] -- Up-to-date symlink: /home/ubuntu/ros2_ws/install/mini_pupper_description/share/mini_pupper_description/meshes/lf1.STL
[1.317s] -- Up-to-date symlink: /home/ubuntu/ros2_ws/install/mini_pupper_description/share/mini_pupper_description/meshes/lf2.STL
[1.318s] -- Up-to-date symlink: /home/ubuntu/ros2_ws/install/mini_pupper_description/share/mini_pupper_description/meshes/lf3.STL
[1.319s] -- Up-to-date symlink: /home/ubuntu/ros2_ws/install/mini_pupper_description/share/mini_pupper_description/meshes/lffoot.STL
[1.320s] -- Up-to-date symlink: /home/ubuntu/ros2_ws/install/mini_pupper_description/share/mini_pupper_description/meshes/lidar.STL
[1.320s] -- Up-to-date symlink: /home/ubuntu/ros2_ws/install/mini_pupper_description/share/mini_pupper_description/meshes/lpb1.STL
[1.321s] -- Up-to-date symlink: /home/ubuntu/ros2_ws/install/mini_pupper_description/share/mini_pupper_description/meshes/lpb2.STL
[1.321s] -- Up-to-date symlink: /home/ubuntu/ros2_ws/install/mini_pupper_description/share/mini_pupper_description/meshes/lpf1.STL
[1.322s] -- Up-to-date symlink: /home/ubuntu/ros2_ws/install/mini_pupper_description/share/mini_pupper_description/meshes/lpf2.STL
[1.323s] -- Up-to-date symlink: /home/ubuntu/ros2_ws/install/mini_pupper_description/share/mini_pupper_description/meshes/plug.stl
[1.323s] -- Up-to-date symlink: /home/ubuntu/ros2_ws/install/mini_pupper_description/share/mini_pupper_description/meshes/plug_collision.stl
[1.335s] -- Up-to-date symlink: /home/ubuntu/ros2_ws/install/mini_pupper_description/share/mini_pupper_description/meshes/rb1.STL
[1.338s] -- Up-to-date symlink: /home/ubuntu/ros2_ws/install/mini_pupper_description/share/mini_pupper_description/meshes/rb2.STL
[1.343s] -- Up-to-date symlink: /home/ubuntu/ros2_ws/install/mini_pupper_description/share/mini_pupper_description/meshes/rb3.STL
[1.345s] -- Up-to-date symlink: /home/ubuntu/ros2_ws/install/mini_pupper_description/share/mini_pupper_description/meshes/rbfoot.STL
[1.349s] -- Up-to-date symlink: /home/ubuntu/ros2_ws/install/mini_pupper_description/share/mini_pupper_description/meshes/rf1.STL
[1.355s] -- Up-to-date symlink: /home/ubuntu/ros2_ws/install/mini_pupper_description/share/mini_pupper_description/meshes/rf2.STL
[1.361s] -- Up-to-date symlink: /home/ubuntu/ros2_ws/install/mini_pupper_description/share/mini_pupper_description/meshes/rf3.STL
[1.363s] -- Up-to-date symlink: /home/ubuntu/ros2_ws/install/mini_pupper_description/share/mini_pupper_description/meshes/rffoot.STL
[1.365s] -- Up-to-date symlink: /home/ubuntu/ros2_ws/install/mini_pupper_description/share/mini_pupper_description/meshes/rpb1.STL
[1.368s] -- Up-to-date symlink: /home/ubuntu/ros2_ws/install/mini_pupper_description/share/mini_pupper_description/meshes/rpb2.STL
[1.369s] -- Up-to-date symlink: /home/ubuntu/ros2_ws/install/mini_pupper_description/share/mini_pupper_description/meshes/rpf1.STL
[1.369s] -- Up-to-date symlink: /home/ubuntu/ros2_ws/install/mini_pupper_description/share/mini_pupper_description/meshes/rpf2.STL
[1.373s] -- Up-to-date symlink: /home/ubuntu/ros2_ws/install/mini_pupper_description/share/mini_pupper_description/meshes/yellow_plate.STL
[1.374s] -- Up-to-date symlink: /home/ubuntu/ros2_ws/install/mini_pupper_description/share/ament_index/resource_index/package_run_dependencies/mini_pupper_description
[1.375s] -- Up-to-date symlink: /home/ubuntu/ros2_ws/install/mini_pupper_description/share/ament_index/resource_index/parent_prefix_path/mini_pupper_description
[1.379s] -- Up-to-date symlink: /home/ubuntu/ros2_ws/install/mini_pupper_description/share/mini_pupper_description/environment/ament_prefix_path.sh
[1.384s] -- Up-to-date symlink: /home/ubuntu/ros2_ws/install/mini_pupper_description/share/mini_pupper_description/environment/ament_prefix_path.dsv
[1.385s] -- Up-to-date symlink: /home/ubuntu/ros2_ws/install/mini_pupper_description/share/mini_pupper_description/environment/path.sh
[1.387s] -- Up-to-date symlink: /home/ubuntu/ros2_ws/install/mini_pupper_description/share/mini_pupper_description/environment/path.dsv
[1.389s] -- Up-to-date symlink: /home/ubuntu/ros2_ws/install/mini_pupper_description/share/mini_pupper_description/local_setup.bash
[1.391s] -- Up-to-date symlink: /home/ubuntu/ros2_ws/install/mini_pupper_description/share/mini_pupper_description/local_setup.sh
[1.394s] -- Up-to-date symlink: /home/ubuntu/ros2_ws/install/mini_pupper_description/share/mini_pupper_description/local_setup.zsh
[1.395s] -- Up-to-date symlink: /home/ubuntu/ros2_ws/install/mini_pupper_description/share/mini_pupper_description/local_setup.dsv
[1.396s] -- Symlinking: /home/ubuntu/ros2_ws/install/mini_pupper_description/share/mini_pupper_description/package.dsv
[1.506s] -- Up-to-date symlink: /home/ubuntu/ros2_ws/install/mini_pupper_description/share/ament_index/resource_index/packages/mini_pupper_description
[1.508s] -- Up-to-date symlink: /home/ubuntu/ros2_ws/install/mini_pupper_description/share/mini_pupper_description/cmake/mini_pupper_descriptionConfig.cmake
[1.509s] -- Up-to-date symlink: /home/ubuntu/ros2_ws/install/mini_pupper_description/share/mini_pupper_description/cmake/mini_pupper_descriptionConfig-version.cmake
[1.511s] -- Up-to-date symlink: /home/ubuntu/ros2_ws/install/mini_pupper_description/share/mini_pupper_description/package.xml
[4.097s] Invoked command in '/home/ubuntu/ros2_ws/build/mini_pupper_description' returned '0': CMAKE_PREFIX_PATH=${CMAKE_PREFIX_PATH}:/home/ubuntu/ros2_ws/install/go_pupper_srv:/home/ubuntu/ros2_ws/install/mini_pupper_music:/home/ubuntu/ros2_ws/install/mini_pupper_dance:/home/ubuntu/ros2_ws/install/mini_pupper_driver:/opt/ros/humble /usr/bin/cmake --install /home/ubuntu/ros2_ws/build/mini_pupper_description
