[9.631s] Invoking command in '/home/ubuntu/ros2_ws/src/mini_pupper_ros/mini_pupper_dance': CMAKE_PREFIX_PATH=/home/ubuntu/ros2_ws/install/mini_pupper_interfaces:/home/ubuntu/ros2_ws/install/pupper_interfaces:/home/ubuntu/ros2_ws/install/mini_pupper_description:/home/ubuntu/ros2_ws/install/mini_pupper_bringup:/home/ubuntu/ros2_ws/install/mini_pupper_2_description:/home/ubuntu/ros2_ws/install/ldlidar_stl_ros2:/home/ubuntu/ros2_ws/install/champ_teleop:/home/ubuntu/ros2_ws/install/champ_bringup:/home/ubuntu/ros2_ws/install/champ_base:/home/ubuntu/ros2_ws/install/champ_msgs:/home/ubuntu/ros2_ws/install/champ_description:/home/ubuntu/ros2_ws/install/champ_config:/home/ubuntu/ros2_ws/install/champ LD_LIBRARY_PATH=/home/ubuntu/ros2_ws/install/mini_pupper_interfaces/lib:/home/ubuntu/ros2_ws/install/pupper_interfaces/lib:/home/ubuntu/ros2_ws/install/champ_base/lib:/home/ubuntu/ros2_ws/install/champ_msgs/lib:/opt/ros/humble/opt/rviz_ogre_vendor/lib:/opt/ros/humble/lib/aarch64-linux-gnu:/opt/ros/humble/lib PYTHONPATH=/home/ubuntu/ros2_ws/build/mini_pupper_dance/prefix_override:/home/ubuntu/ros2_ws/install/mini_pupper_dance/lib/python3.10/site-packages:${PYTHONPATH} /usr/bin/python3 -W ignore:setup.py install is deprecated setup.py egg_info --egg-base ../../../build/mini_pupper_dance build --build-base /home/ubuntu/ros2_ws/build/mini_pupper_dance/build install --record /home/ubuntu/ros2_ws/build/mini_pupper_dance/install.log --single-version-externally-managed install_data
[11.647s] running egg_info
[11.651s] writing ../../../build/mini_pupper_dance/mini_pupper_dance.egg-info/PKG-INFO
[11.654s] writing dependency_links to ../../../build/mini_pupper_dance/mini_pupper_dance.egg-info/dependency_links.txt
[11.655s] writing entry points to ../../../build/mini_pupper_dance/mini_pupper_dance.egg-info/entry_points.txt
[11.657s] writing requirements to ../../../build/mini_pupper_dance/mini_pupper_dance.egg-info/requires.txt
[11.660s] writing top-level names to ../../../build/mini_pupper_dance/mini_pupper_dance.egg-info/top_level.txt
[11.673s] reading manifest file '../../../build/mini_pupper_dance/mini_pupper_dance.egg-info/SOURCES.txt'
[11.679s] writing manifest file '../../../build/mini_pupper_dance/mini_pupper_dance.egg-info/SOURCES.txt'
[11.680s] running build
[11.681s] running build_py
[11.683s] running install
[11.685s] running install_lib
[11.695s] running install_data
[11.696s] running install_egg_info
[11.705s] removing '/home/ubuntu/ros2_ws/install/mini_pupper_dance/lib/python3.10/site-packages/mini_pupper_dance-0.0.0-py3.10.egg-info' (and everything under it)
[11.707s] Copying ../../../build/mini_pupper_dance/mini_pupper_dance.egg-info to /home/ubuntu/ros2_ws/install/mini_pupper_dance/lib/python3.10/site-packages/mini_pupper_dance-0.0.0-py3.10.egg-info
[11.714s] running install_scripts
[11.820s] Installing client script to /home/ubuntu/ros2_ws/install/mini_pupper_dance/lib/mini_pupper_dance
[11.821s] Installing pose_controller script to /home/ubuntu/ros2_ws/install/mini_pupper_dance/lib/mini_pupper_dance
[11.822s] Installing service script to /home/ubuntu/ros2_ws/install/mini_pupper_dance/lib/mini_pupper_dance
[11.824s] writing list of installed files to '/home/ubuntu/ros2_ws/build/mini_pupper_dance/install.log'
[11.994s] Invoked command in '/home/ubuntu/ros2_ws/src/mini_pupper_ros/mini_pupper_dance' returned '0': CMAKE_PREFIX_PATH=/home/ubuntu/ros2_ws/install/mini_pupper_interfaces:/home/ubuntu/ros2_ws/install/pupper_interfaces:/home/ubuntu/ros2_ws/install/mini_pupper_description:/home/ubuntu/ros2_ws/install/mini_pupper_bringup:/home/ubuntu/ros2_ws/install/mini_pupper_2_description:/home/ubuntu/ros2_ws/install/ldlidar_stl_ros2:/home/ubuntu/ros2_ws/install/champ_teleop:/home/ubuntu/ros2_ws/install/champ_bringup:/home/ubuntu/ros2_ws/install/champ_base:/home/ubuntu/ros2_ws/install/champ_msgs:/home/ubuntu/ros2_ws/install/champ_description:/home/ubuntu/ros2_ws/install/champ_config:/home/ubuntu/ros2_ws/install/champ LD_LIBRARY_PATH=/home/ubuntu/ros2_ws/install/mini_pupper_interfaces/lib:/home/ubuntu/ros2_ws/install/pupper_interfaces/lib:/home/ubuntu/ros2_ws/install/champ_base/lib:/home/ubuntu/ros2_ws/install/champ_msgs/lib:/opt/ros/humble/opt/rviz_ogre_vendor/lib:/opt/ros/humble/lib/aarch64-linux-gnu:/opt/ros/humble/lib PYTHONPATH=/home/ubuntu/ros2_ws/build/mini_pupper_dance/prefix_override:/home/ubuntu/ros2_ws/install/mini_pupper_dance/lib/python3.10/site-packages:${PYTHONPATH} /usr/bin/python3 -W ignore:setup.py install is deprecated setup.py egg_info --egg-base ../../../build/mini_pupper_dance build --build-base /home/ubuntu/ros2_ws/build/mini_pupper_dance/build install --record /home/ubuntu/ros2_ws/build/mini_pupper_dance/install.log --single-version-externally-managed install_data
