[0.193s] Invoking command in '/home/ubuntu/ros2_ws/build/champ_base': CMAKE_PREFIX_PATH=/home/ubuntu/ros2_ws/install/champ_msgs:/home/ubuntu/ros2_ws/install/champ:/home/ubuntu/ros2_ws/install/pupper_interfaces:/home/ubuntu/ros2_ws/install/mini_pupper_interfaces:/home/ubuntu/ros2_ws/install/mini_pupper_description:/home/ubuntu/ros2_ws/install/mini_pupper_bringup:/home/ubuntu/ros2_ws/install/mini_pupper_2_description:/home/ubuntu/ros2_ws/install/ldlidar_stl_ros2:/home/ubuntu/ros2_ws/install/champ_teleop:/home/ubuntu/ros2_ws/install/champ_bringup:/home/ubuntu/ros2_ws/install/champ_base:/home/ubuntu/ros2_ws/install/champ_description:/home/ubuntu/ros2_ws/install/champ_config:/home/ubuntu/ros2_ws/install/go_pupper_srv:/home/ubuntu/ros2_ws/install/mini_pupper_music:/home/ubuntu/ros2_ws/install/mini_pupper_dance:/home/ubuntu/ros2_ws/install/mini_pupper_driver:/opt/ros/humble LD_LIBRARY_PATH=/home/ubuntu/ros2_ws/install/champ_msgs/lib:/home/ubuntu/ros2_ws/install/pupper_interfaces/lib:/home/ubuntu/ros2_ws/install/mini_pupper_interfaces/lib:/home/ubuntu/ros2_ws/install/champ_base/lib:/opt/ros/humble/opt/rviz_ogre_vendor/lib:/opt/ros/humble/lib/aarch64-linux-gnu:/opt/ros/humble/lib /usr/bin/cmake --build /home/ubuntu/ros2_ws/build/champ_base -- -j4 -l4
[1.020s] [ 16%] Built target quadruped_controller
[1.360s] [ 33%] Built target state_estimation
[1.714s] [ 50%] Built target quadruped_controller_node
[1.997s] [ 66%] Built target state_estimation_node
[2.373s] [ 83%] Built target message_relay
[2.671s] [100%] Built target message_relay_node
[3.870s] Invoked command in '/home/ubuntu/ros2_ws/build/champ_base' returned '0': CMAKE_PREFIX_PATH=/home/ubuntu/ros2_ws/install/champ_msgs:/home/ubuntu/ros2_ws/install/champ:/home/ubuntu/ros2_ws/install/pupper_interfaces:/home/ubuntu/ros2_ws/install/mini_pupper_interfaces:/home/ubuntu/ros2_ws/install/mini_pupper_description:/home/ubuntu/ros2_ws/install/mini_pupper_bringup:/home/ubuntu/ros2_ws/install/mini_pupper_2_description:/home/ubuntu/ros2_ws/install/ldlidar_stl_ros2:/home/ubuntu/ros2_ws/install/champ_teleop:/home/ubuntu/ros2_ws/install/champ_bringup:/home/ubuntu/ros2_ws/install/champ_base:/home/ubuntu/ros2_ws/install/champ_description:/home/ubuntu/ros2_ws/install/champ_config:/home/ubuntu/ros2_ws/install/go_pupper_srv:/home/ubuntu/ros2_ws/install/mini_pupper_music:/home/ubuntu/ros2_ws/install/mini_pupper_dance:/home/ubuntu/ros2_ws/install/mini_pupper_driver:/opt/ros/humble LD_LIBRARY_PATH=/home/ubuntu/ros2_ws/install/champ_msgs/lib:/home/ubuntu/ros2_ws/install/pupper_interfaces/lib:/home/ubuntu/ros2_ws/install/mini_pupper_interfaces/lib:/home/ubuntu/ros2_ws/install/champ_base/lib:/opt/ros/humble/opt/rviz_ogre_vendor/lib:/opt/ros/humble/lib/aarch64-linux-gnu:/opt/ros/humble/lib /usr/bin/cmake --build /home/ubuntu/ros2_ws/build/champ_base -- -j4 -l4
[6.848s] Invoking command in '/home/ubuntu/ros2_ws/build/champ_base': CMAKE_PREFIX_PATH=/home/ubuntu/ros2_ws/install/champ_msgs:/home/ubuntu/ros2_ws/install/champ:/home/ubuntu/ros2_ws/install/pupper_interfaces:/home/ubuntu/ros2_ws/install/mini_pupper_interfaces:/home/ubuntu/ros2_ws/install/mini_pupper_description:/home/ubuntu/ros2_ws/install/mini_pupper_bringup:/home/ubuntu/ros2_ws/install/mini_pupper_2_description:/home/ubuntu/ros2_ws/install/ldlidar_stl_ros2:/home/ubuntu/ros2_ws/install/champ_teleop:/home/ubuntu/ros2_ws/install/champ_bringup:/home/ubuntu/ros2_ws/install/champ_base:/home/ubuntu/ros2_ws/install/champ_description:/home/ubuntu/ros2_ws/install/champ_config:/home/ubuntu/ros2_ws/install/go_pupper_srv:/home/ubuntu/ros2_ws/install/mini_pupper_music:/home/ubuntu/ros2_ws/install/mini_pupper_dance:/home/ubuntu/ros2_ws/install/mini_pupper_driver:/opt/ros/humble LD_LIBRARY_PATH=/home/ubuntu/ros2_ws/install/champ_msgs/lib:/home/ubuntu/ros2_ws/install/pupper_interfaces/lib:/home/ubuntu/ros2_ws/install/mini_pupper_interfaces/lib:/home/ubuntu/ros2_ws/install/champ_base/lib:/opt/ros/humble/opt/rviz_ogre_vendor/lib:/opt/ros/humble/lib/aarch64-linux-gnu:/opt/ros/humble/lib /usr/bin/cmake --install /home/ubuntu/ros2_ws/build/champ_base
[6.923s] -- Install configuration: ""
[6.925s] -- Execute custom install script
[6.927s] -- Up-to-date symlink: /home/ubuntu/ros2_ws/install/champ_base/share/champ_base/config/ekf/base_to_footprint.yaml
[6.928s] -- Up-to-date symlink: /home/ubuntu/ros2_ws/install/champ_base/share/champ_base/config/ekf/footprint_to_odom.yaml
[6.929s] -- Up-to-date symlink: /home/ubuntu/ros2_ws/install/champ_base/share/champ_base/config/velocity_smoother/velocity_smoother.yaml
[6.931s] -- Up-to-date symlink: /home/ubuntu/ros2_ws/install/champ_base/lib/libquadruped_controller.so
[6.933s] -- Up-to-date symlink: /home/ubuntu/ros2_ws/install/champ_base/bin/quadruped_controller_node
[6.933s] -- Up-to-date symlink: /home/ubuntu/ros2_ws/install/champ_base/lib/libmessage_relay.so
[6.935s] -- Up-to-date symlink: /home/ubuntu/ros2_ws/install/champ_base/bin/message_relay_node
[6.936s] -- Up-to-date symlink: /home/ubuntu/ros2_ws/install/champ_base/lib/libstate_estimation.so
[6.937s] -- Up-to-date symlink: /home/ubuntu/ros2_ws/install/champ_base/bin/state_estimation_node
[6.939s] -- Up-to-date symlink: /home/ubuntu/ros2_ws/install/champ_base/lib/champ_base/quadruped_controller_node
[6.940s] -- Up-to-date symlink: /home/ubuntu/ros2_ws/install/champ_base/lib/champ_base/message_relay_node
[6.941s] -- Up-to-date symlink: /home/ubuntu/ros2_ws/install/champ_base/lib/champ_base/state_estimation_node
[6.943s] -- Up-to-date symlink: /home/ubuntu/ros2_ws/install/champ_base/share/ament_index/resource_index/package_run_dependencies/champ_base
[6.946s] -- Up-to-date symlink: /home/ubuntu/ros2_ws/install/champ_base/share/ament_index/resource_index/parent_prefix_path/champ_base
[6.947s] -- Up-to-date symlink: /home/ubuntu/ros2_ws/install/champ_base/share/champ_base/environment/ament_prefix_path.sh
[6.948s] -- Up-to-date symlink: /home/ubuntu/ros2_ws/install/champ_base/share/champ_base/environment/ament_prefix_path.dsv
[6.951s] -- Up-to-date symlink: /home/ubuntu/ros2_ws/install/champ_base/share/champ_base/environment/path.sh
[6.958s] -- Up-to-date symlink: /home/ubuntu/ros2_ws/install/champ_base/share/champ_base/environment/path.dsv
[6.959s] -- Up-to-date symlink: /home/ubuntu/ros2_ws/install/champ_base/share/champ_base/local_setup.bash
[6.959s] -- Up-to-date symlink: /home/ubuntu/ros2_ws/install/champ_base/share/champ_base/local_setup.sh
[6.960s] -- Up-to-date symlink: /home/ubuntu/ros2_ws/install/champ_base/share/champ_base/local_setup.zsh
[6.960s] -- Up-to-date symlink: /home/ubuntu/ros2_ws/install/champ_base/share/champ_base/local_setup.dsv
[6.961s] -- Symlinking: /home/ubuntu/ros2_ws/install/champ_base/share/champ_base/package.dsv
[7.015s] -- Up-to-date symlink: /home/ubuntu/ros2_ws/install/champ_base/share/ament_index/resource_index/packages/champ_base
[7.018s] -- Up-to-date symlink: /home/ubuntu/ros2_ws/install/champ_base/share/champ_base/cmake/ament_cmake_export_include_directories-extras.cmake
[7.021s] -- Up-to-date symlink: /home/ubuntu/ros2_ws/install/champ_base/share/champ_base/cmake/ament_cmake_export_dependencies-extras.cmake
[7.023s] -- Up-to-date symlink: /home/ubuntu/ros2_ws/install/champ_base/share/champ_base/cmake/champ_baseConfig.cmake
[7.023s] -- Up-to-date symlink: /home/ubuntu/ros2_ws/install/champ_base/share/champ_base/cmake/champ_baseConfig-version.cmake
[7.025s] -- Up-to-date symlink: /home/ubuntu/ros2_ws/install/champ_base/share/champ_base/package.xml
[7.041s] Invoked command in '/home/ubuntu/ros2_ws/build/champ_base' returned '0': CMAKE_PREFIX_PATH=/home/ubuntu/ros2_ws/install/champ_msgs:/home/ubuntu/ros2_ws/install/champ:/home/ubuntu/ros2_ws/install/pupper_interfaces:/home/ubuntu/ros2_ws/install/mini_pupper_interfaces:/home/ubuntu/ros2_ws/install/mini_pupper_description:/home/ubuntu/ros2_ws/install/mini_pupper_bringup:/home/ubuntu/ros2_ws/install/mini_pupper_2_description:/home/ubuntu/ros2_ws/install/ldlidar_stl_ros2:/home/ubuntu/ros2_ws/install/champ_teleop:/home/ubuntu/ros2_ws/install/champ_bringup:/home/ubuntu/ros2_ws/install/champ_base:/home/ubuntu/ros2_ws/install/champ_description:/home/ubuntu/ros2_ws/install/champ_config:/home/ubuntu/ros2_ws/install/go_pupper_srv:/home/ubuntu/ros2_ws/install/mini_pupper_music:/home/ubuntu/ros2_ws/install/mini_pupper_dance:/home/ubuntu/ros2_ws/install/mini_pupper_driver:/opt/ros/humble LD_LIBRARY_PATH=/home/ubuntu/ros2_ws/install/champ_msgs/lib:/home/ubuntu/ros2_ws/install/pupper_interfaces/lib:/home/ubuntu/ros2_ws/install/mini_pupper_interfaces/lib:/home/ubuntu/ros2_ws/install/champ_base/lib:/opt/ros/humble/opt/rviz_ogre_vendor/lib:/opt/ros/humble/lib/aarch64-linux-gnu:/opt/ros/humble/lib /usr/bin/cmake --install /home/ubuntu/ros2_ws/build/champ_base
