[0.803s] DEBUG:colcon:Command line arguments: ['/usr/bin/colcon', 'build', '--packages-select', 'pupper_interfaces']
[0.804s] DEBUG:colcon:Parsed command line arguments: Namespace(log_base=None, log_level=None, verb_name='build', build_base='build', install_base='install', merge_install=False, symlink_install=False, test_result_base=None, continue_on_error=False, executor='parallel', parallel_workers=4, event_handlers=None, ignore_user_meta=False, metas=['./colcon.meta'], base_paths=['.'], packages_ignore=None, packages_ignore_regex=None, paths=None, packages_up_to=None, packages_up_to_regex=None, packages_above=None, packages_above_and_dependencies=None, packages_above_depth=None, packages_select_by_dep=None, packages_skip_by_dep=None, packages_skip_up_to=None, packages_select_build_failed=False, packages_skip_build_finished=False, packages_select_test_failures=False, packages_skip_test_passed=False, packages_select=['pupper_interfaces'], packages_skip=None, packages_select_regex=None, packages_skip_regex=None, packages_start=None, packages_end=None, allow_overriding=[], cmake_args=None, cmake_target=None, cmake_target_skip_unavailable=False, cmake_clean_cache=False, cmake_clean_first=False, cmake_force_configure=False, ament_cmake_args=None, catkin_cmake_args=None, catkin_skip_building_tests=False, verb_parser=<colcon_defaults.argument_parser.defaults.DefaultArgumentsDecorator object at 0xffff88a058a0>, verb_extension=<colcon_core.verb.build.BuildVerb object at 0xffff88baac80>, main=<bound method BuildVerb.main of <colcon_core.verb.build.BuildVerb object at 0xffff88baac80>>)
[2.016s] Level 1:colcon.colcon_core.package_discovery:discover_packages(colcon_meta) check parameters
[2.017s] Level 1:colcon.colcon_core.package_discovery:discover_packages(recursive) check parameters
[2.017s] Level 1:colcon.colcon_core.package_discovery:discover_packages(ignore) check parameters
[2.018s] Level 1:colcon.colcon_core.package_discovery:discover_packages(path) check parameters
[2.018s] Level 1:colcon.colcon_core.package_discovery:discover_packages(colcon_meta) discover
[2.018s] Level 1:colcon.colcon_core.package_discovery:discover_packages(recursive) discover
[2.018s] INFO:colcon.colcon_core.package_discovery:Crawling recursively for packages in '/home/ubuntu/ros2_ws'
[2.019s] Level 1:colcon.colcon_core.package_identification:_identify(.) by extensions ['ignore', 'ignore_ament_install']
[2.019s] Level 1:colcon.colcon_core.package_identification:_identify(.) by extension 'ignore'
[2.020s] Level 1:colcon.colcon_core.package_identification:_identify(.) by extension 'ignore_ament_install'
[2.020s] Level 1:colcon.colcon_core.package_identification:_identify(.) by extensions ['colcon_pkg']
[2.021s] Level 1:colcon.colcon_core.package_identification:_identify(.) by extension 'colcon_pkg'
[2.021s] Level 1:colcon.colcon_core.package_identification:_identify(.) by extensions ['colcon_meta']
[2.021s] Level 1:colcon.colcon_core.package_identification:_identify(.) by extension 'colcon_meta'
[2.021s] Level 1:colcon.colcon_core.package_identification:_identify(.) by extensions ['ros']
[2.022s] Level 1:colcon.colcon_core.package_identification:_identify(.) by extension 'ros'
[2.120s] Level 1:colcon.colcon_core.package_identification:_identify(.) by extensions ['cmake', 'python']
[2.120s] Level 1:colcon.colcon_core.package_identification:_identify(.) by extension 'cmake'
[2.121s] Level 1:colcon.colcon_core.package_identification:_identify(.) by extension 'python'
[2.121s] Level 1:colcon.colcon_core.package_identification:_identify(.) by extensions ['python_setup_py']
[2.121s] Level 1:colcon.colcon_core.package_identification:_identify(.) by extension 'python_setup_py'
[2.122s] Level 1:colcon.colcon_core.package_identification:_identify(build) by extensions ['ignore', 'ignore_ament_install']
[2.122s] Level 1:colcon.colcon_core.package_identification:_identify(build) by extension 'ignore'
[2.123s] Level 1:colcon.colcon_core.package_identification:_identify(build) ignored
[2.123s] Level 1:colcon.colcon_core.package_identification:_identify(img) by extensions ['ignore', 'ignore_ament_install']
[2.124s] Level 1:colcon.colcon_core.package_identification:_identify(img) by extension 'ignore'
[2.124s] Level 1:colcon.colcon_core.package_identification:_identify(img) by extension 'ignore_ament_install'
[2.124s] Level 1:colcon.colcon_core.package_identification:_identify(img) by extensions ['colcon_pkg']
[2.124s] Level 1:colcon.colcon_core.package_identification:_identify(img) by extension 'colcon_pkg'
[2.125s] Level 1:colcon.colcon_core.package_identification:_identify(img) by extensions ['colcon_meta']
[2.125s] Level 1:colcon.colcon_core.package_identification:_identify(img) by extension 'colcon_meta'
[2.125s] Level 1:colcon.colcon_core.package_identification:_identify(img) by extensions ['ros']
[2.125s] Level 1:colcon.colcon_core.package_identification:_identify(img) by extension 'ros'
[2.126s] Level 1:colcon.colcon_core.package_identification:_identify(img) by extensions ['cmake', 'python']
[2.126s] Level 1:colcon.colcon_core.package_identification:_identify(img) by extension 'cmake'
[2.126s] Level 1:colcon.colcon_core.package_identification:_identify(img) by extension 'python'
[2.126s] Level 1:colcon.colcon_core.package_identification:_identify(img) by extensions ['python_setup_py']
[2.126s] Level 1:colcon.colcon_core.package_identification:_identify(img) by extension 'python_setup_py'
[2.127s] Level 1:colcon.colcon_core.package_identification:_identify(install) by extensions ['ignore', 'ignore_ament_install']
[2.127s] Level 1:colcon.colcon_core.package_identification:_identify(install) by extension 'ignore'
[2.128s] Level 1:colcon.colcon_core.package_identification:_identify(install) ignored
[2.128s] Level 1:colcon.colcon_core.package_identification:_identify(log) by extensions ['ignore', 'ignore_ament_install']
[2.129s] Level 1:colcon.colcon_core.package_identification:_identify(log) by extension 'ignore'
[2.129s] Level 1:colcon.colcon_core.package_identification:_identify(log) ignored
[2.130s] Level 1:colcon.colcon_core.package_identification:_identify(sound) by extensions ['ignore', 'ignore_ament_install']
[2.130s] Level 1:colcon.colcon_core.package_identification:_identify(sound) by extension 'ignore'
[2.130s] Level 1:colcon.colcon_core.package_identification:_identify(sound) by extension 'ignore_ament_install'
[2.130s] Level 1:colcon.colcon_core.package_identification:_identify(sound) by extensions ['colcon_pkg']
[2.131s] Level 1:colcon.colcon_core.package_identification:_identify(sound) by extension 'colcon_pkg'
[2.131s] Level 1:colcon.colcon_core.package_identification:_identify(sound) by extensions ['colcon_meta']
[2.131s] Level 1:colcon.colcon_core.package_identification:_identify(sound) by extension 'colcon_meta'
[2.131s] Level 1:colcon.colcon_core.package_identification:_identify(sound) by extensions ['ros']
[2.131s] Level 1:colcon.colcon_core.package_identification:_identify(sound) by extension 'ros'
[2.132s] Level 1:colcon.colcon_core.package_identification:_identify(sound) by extensions ['cmake', 'python']
[2.132s] Level 1:colcon.colcon_core.package_identification:_identify(sound) by extension 'cmake'
[2.132s] Level 1:colcon.colcon_core.package_identification:_identify(sound) by extension 'python'
[2.132s] Level 1:colcon.colcon_core.package_identification:_identify(sound) by extensions ['python_setup_py']
[2.132s] Level 1:colcon.colcon_core.package_identification:_identify(sound) by extension 'python_setup_py'
[2.133s] Level 1:colcon.colcon_core.package_identification:_identify(src) by extensions ['ignore', 'ignore_ament_install']
[2.133s] Level 1:colcon.colcon_core.package_identification:_identify(src) by extension 'ignore'
[2.134s] Level 1:colcon.colcon_core.package_identification:_identify(src) by extension 'ignore_ament_install'
[2.134s] Level 1:colcon.colcon_core.package_identification:_identify(src) by extensions ['colcon_pkg']
[2.134s] Level 1:colcon.colcon_core.package_identification:_identify(src) by extension 'colcon_pkg'
[2.134s] Level 1:colcon.colcon_core.package_identification:_identify(src) by extensions ['colcon_meta']
[2.134s] Level 1:colcon.colcon_core.package_identification:_identify(src) by extension 'colcon_meta'
[2.135s] Level 1:colcon.colcon_core.package_identification:_identify(src) by extensions ['ros']
[2.135s] Level 1:colcon.colcon_core.package_identification:_identify(src) by extension 'ros'
[2.135s] Level 1:colcon.colcon_core.package_identification:_identify(src) by extensions ['cmake', 'python']
[2.135s] Level 1:colcon.colcon_core.package_identification:_identify(src) by extension 'cmake'
[2.135s] Level 1:colcon.colcon_core.package_identification:_identify(src) by extension 'python'
[2.136s] Level 1:colcon.colcon_core.package_identification:_identify(src) by extensions ['python_setup_py']
[2.136s] Level 1:colcon.colcon_core.package_identification:_identify(src) by extension 'python_setup_py'
[2.136s] Level 1:colcon.colcon_core.package_identification:_identify(src/build) by extensions ['ignore', 'ignore_ament_install']
[2.137s] Level 1:colcon.colcon_core.package_identification:_identify(src/build) by extension 'ignore'
[2.137s] Level 1:colcon.colcon_core.package_identification:_identify(src/build) ignored
[2.138s] Level 1:colcon.colcon_core.package_identification:_identify(src/champ) by extensions ['ignore', 'ignore_ament_install']
[2.138s] Level 1:colcon.colcon_core.package_identification:_identify(src/champ) by extension 'ignore'
[2.138s] Level 1:colcon.colcon_core.package_identification:_identify(src/champ) by extension 'ignore_ament_install'
[2.138s] Level 1:colcon.colcon_core.package_identification:_identify(src/champ) by extensions ['colcon_pkg']
[2.139s] Level 1:colcon.colcon_core.package_identification:_identify(src/champ) by extension 'colcon_pkg'
[2.139s] Level 1:colcon.colcon_core.package_identification:_identify(src/champ) by extensions ['colcon_meta']
[2.139s] Level 1:colcon.colcon_core.package_identification:_identify(src/champ) by extension 'colcon_meta'
[2.139s] Level 1:colcon.colcon_core.package_identification:_identify(src/champ) by extensions ['ros']
[2.139s] Level 1:colcon.colcon_core.package_identification:_identify(src/champ) by extension 'ros'
[2.140s] Level 1:colcon.colcon_core.package_identification:_identify(src/champ) by extensions ['cmake', 'python']
[2.140s] Level 1:colcon.colcon_core.package_identification:_identify(src/champ) by extension 'cmake'
[2.140s] Level 1:colcon.colcon_core.package_identification:_identify(src/champ) by extension 'python'
[2.140s] Level 1:colcon.colcon_core.package_identification:_identify(src/champ) by extensions ['python_setup_py']
[2.140s] Level 1:colcon.colcon_core.package_identification:_identify(src/champ) by extension 'python_setup_py'
[2.141s] Level 1:colcon.colcon_core.package_identification:_identify(src/champ/champ) by extensions ['ignore', 'ignore_ament_install']
[2.142s] Level 1:colcon.colcon_core.package_identification:_identify(src/champ/champ) by extension 'ignore'
[2.142s] Level 1:colcon.colcon_core.package_identification:_identify(src/champ/champ) by extension 'ignore_ament_install'
[2.142s] Level 1:colcon.colcon_core.package_identification:_identify(src/champ/champ) by extensions ['colcon_pkg']
[2.142s] Level 1:colcon.colcon_core.package_identification:_identify(src/champ/champ) by extension 'colcon_pkg'
[2.142s] Level 1:colcon.colcon_core.package_identification:_identify(src/champ/champ) by extensions ['colcon_meta']
[2.143s] Level 1:colcon.colcon_core.package_identification:_identify(src/champ/champ) by extension 'colcon_meta'
[2.143s] Level 1:colcon.colcon_core.package_identification:_identify(src/champ/champ) by extensions ['ros']
[2.143s] Level 1:colcon.colcon_core.package_identification:_identify(src/champ/champ) by extension 'ros'
[2.143s] Level 1:colcon.colcon_core.package_identification:_identify(src/champ/champ) by extensions ['cmake', 'python']
[2.143s] Level 1:colcon.colcon_core.package_identification:_identify(src/champ/champ) by extension 'cmake'
[2.144s] Level 1:colcon.colcon_core.package_identification:_identify(src/champ/champ) by extension 'python'
[2.144s] Level 1:colcon.colcon_core.package_identification:_identify(src/champ/champ) by extensions ['python_setup_py']
[2.144s] Level 1:colcon.colcon_core.package_identification:_identify(src/champ/champ) by extension 'python_setup_py'
[2.145s] Level 1:colcon.colcon_core.package_identification:_identify(src/champ/champ/champ) by extensions ['ignore', 'ignore_ament_install']
[2.145s] Level 1:colcon.colcon_core.package_identification:_identify(src/champ/champ/champ) by extension 'ignore'
[2.145s] Level 1:colcon.colcon_core.package_identification:_identify(src/champ/champ/champ) by extension 'ignore_ament_install'
[2.146s] Level 1:colcon.colcon_core.package_identification:_identify(src/champ/champ/champ) by extensions ['colcon_pkg']
[2.146s] Level 1:colcon.colcon_core.package_identification:_identify(src/champ/champ/champ) by extension 'colcon_pkg'
[2.146s] Level 1:colcon.colcon_core.package_identification:_identify(src/champ/champ/champ) by extensions ['colcon_meta']
[2.146s] Level 1:colcon.colcon_core.package_identification:_identify(src/champ/champ/champ) by extension 'colcon_meta'
[2.146s] Level 1:colcon.colcon_core.package_identification:_identify(src/champ/champ/champ) by extensions ['ros']
[2.147s] Level 1:colcon.colcon_core.package_identification:_identify(src/champ/champ/champ) by extension 'ros'
[2.156s] DEBUG:colcon.colcon_core.package_identification:Package 'src/champ/champ/champ' with type 'ros.ament_cmake' and name 'champ'
[2.157s] Level 1:colcon.colcon_core.package_identification:_identify(src/champ/champ/champ_base) by extensions ['ignore', 'ignore_ament_install']
[2.158s] Level 1:colcon.colcon_core.package_identification:_identify(src/champ/champ/champ_base) by extension 'ignore'
[2.158s] Level 1:colcon.colcon_core.package_identification:_identify(src/champ/champ/champ_base) by extension 'ignore_ament_install'
[2.158s] Level 1:colcon.colcon_core.package_identification:_identify(src/champ/champ/champ_base) by extensions ['colcon_pkg']
[2.159s] Level 1:colcon.colcon_core.package_identification:_identify(src/champ/champ/champ_base) by extension 'colcon_pkg'
[2.159s] Level 1:colcon.colcon_core.package_identification:_identify(src/champ/champ/champ_base) by extensions ['colcon_meta']
[2.159s] Level 1:colcon.colcon_core.package_identification:_identify(src/champ/champ/champ_base) by extension 'colcon_meta'
[2.159s] Level 1:colcon.colcon_core.package_identification:_identify(src/champ/champ/champ_base) by extensions ['ros']
[2.159s] Level 1:colcon.colcon_core.package_identification:_identify(src/champ/champ/champ_base) by extension 'ros'
[2.165s] DEBUG:colcon.colcon_core.package_identification:Package 'src/champ/champ/champ_base' with type 'ros.ament_cmake' and name 'champ_base'
[2.166s] Level 1:colcon.colcon_core.package_identification:_identify(src/champ/champ/champ_bringup) by extensions ['ignore', 'ignore_ament_install']
[2.167s] Level 1:colcon.colcon_core.package_identification:_identify(src/champ/champ/champ_bringup) by extension 'ignore'
[2.167s] Level 1:colcon.colcon_core.package_identification:_identify(src/champ/champ/champ_bringup) by extension 'ignore_ament_install'
[2.167s] Level 1:colcon.colcon_core.package_identification:_identify(src/champ/champ/champ_bringup) by extensions ['colcon_pkg']
[2.167s] Level 1:colcon.colcon_core.package_identification:_identify(src/champ/champ/champ_bringup) by extension 'colcon_pkg'
[2.167s] Level 1:colcon.colcon_core.package_identification:_identify(src/champ/champ/champ_bringup) by extensions ['colcon_meta']
[2.168s] Level 1:colcon.colcon_core.package_identification:_identify(src/champ/champ/champ_bringup) by extension 'colcon_meta'
[2.168s] Level 1:colcon.colcon_core.package_identification:_identify(src/champ/champ/champ_bringup) by extensions ['ros']
[2.168s] Level 1:colcon.colcon_core.package_identification:_identify(src/champ/champ/champ_bringup) by extension 'ros'
[2.171s] DEBUG:colcon.colcon_core.package_identification:Package 'src/champ/champ/champ_bringup' with type 'ros.ament_cmake' and name 'champ_bringup'
[2.172s] Level 1:colcon.colcon_core.package_identification:_identify(src/champ/champ/champ_config) by extensions ['ignore', 'ignore_ament_install']
[2.172s] Level 1:colcon.colcon_core.package_identification:_identify(src/champ/champ/champ_config) by extension 'ignore'
[2.173s] Level 1:colcon.colcon_core.package_identification:_identify(src/champ/champ/champ_config) by extension 'ignore_ament_install'
[2.173s] Level 1:colcon.colcon_core.package_identification:_identify(src/champ/champ/champ_config) by extensions ['colcon_pkg']
[2.173s] Level 1:colcon.colcon_core.package_identification:_identify(src/champ/champ/champ_config) by extension 'colcon_pkg'
[2.173s] Level 1:colcon.colcon_core.package_identification:_identify(src/champ/champ/champ_config) by extensions ['colcon_meta']
[2.173s] Level 1:colcon.colcon_core.package_identification:_identify(src/champ/champ/champ_config) by extension 'colcon_meta'
[2.174s] Level 1:colcon.colcon_core.package_identification:_identify(src/champ/champ/champ_config) by extensions ['ros']
[2.174s] Level 1:colcon.colcon_core.package_identification:_identify(src/champ/champ/champ_config) by extension 'ros'
[2.176s] DEBUG:colcon.colcon_core.package_identification:Package 'src/champ/champ/champ_config' with type 'ros.ament_cmake' and name 'champ_config'
[2.177s] Level 1:colcon.colcon_core.package_identification:_identify(src/champ/champ/champ_description) by extensions ['ignore', 'ignore_ament_install']
[2.177s] Level 1:colcon.colcon_core.package_identification:_identify(src/champ/champ/champ_description) by extension 'ignore'
[2.178s] Level 1:colcon.colcon_core.package_identification:_identify(src/champ/champ/champ_description) by extension 'ignore_ament_install'
[2.178s] Level 1:colcon.colcon_core.package_identification:_identify(src/champ/champ/champ_description) by extensions ['colcon_pkg']
[2.178s] Level 1:colcon.colcon_core.package_identification:_identify(src/champ/champ/champ_description) by extension 'colcon_pkg'
[2.178s] Level 1:colcon.colcon_core.package_identification:_identify(src/champ/champ/champ_description) by extensions ['colcon_meta']
[2.178s] Level 1:colcon.colcon_core.package_identification:_identify(src/champ/champ/champ_description) by extension 'colcon_meta'
[2.179s] Level 1:colcon.colcon_core.package_identification:_identify(src/champ/champ/champ_description) by extensions ['ros']
[2.179s] Level 1:colcon.colcon_core.package_identification:_identify(src/champ/champ/champ_description) by extension 'ros'
[2.181s] DEBUG:colcon.colcon_core.package_identification:Package 'src/champ/champ/champ_description' with type 'ros.ament_cmake' and name 'champ_description'
[2.182s] Level 1:colcon.colcon_core.package_identification:_identify(src/champ/champ/champ_gazebo) by extensions ['ignore', 'ignore_ament_install']
[2.183s] Level 1:colcon.colcon_core.package_identification:_identify(src/champ/champ/champ_gazebo) by extension 'ignore'
[2.183s] Level 1:colcon.colcon_core.package_identification:_identify(src/champ/champ/champ_gazebo) by extension 'ignore_ament_install'
[2.183s] Level 1:colcon.colcon_core.package_identification:_identify(src/champ/champ/champ_gazebo) by extensions ['colcon_pkg']
[2.183s] Level 1:colcon.colcon_core.package_identification:_identify(src/champ/champ/champ_gazebo) by extension 'colcon_pkg'
[2.183s] Level 1:colcon.colcon_core.package_identification:_identify(src/champ/champ/champ_gazebo) by extensions ['colcon_meta']
[2.184s] Level 1:colcon.colcon_core.package_identification:_identify(src/champ/champ/champ_gazebo) by extension 'colcon_meta'
[2.184s] Level 1:colcon.colcon_core.package_identification:_identify(src/champ/champ/champ_gazebo) by extensions ['ros']
[2.184s] Level 1:colcon.colcon_core.package_identification:_identify(src/champ/champ/champ_gazebo) by extension 'ros'
[2.184s] Level 1:colcon.colcon_core.package_identification:_identify(src/champ/champ/champ_gazebo) ignored
[2.185s] Level 1:colcon.colcon_core.package_identification:_identify(src/champ/champ/champ_msgs) by extensions ['ignore', 'ignore_ament_install']
[2.185s] Level 1:colcon.colcon_core.package_identification:_identify(src/champ/champ/champ_msgs) by extension 'ignore'
[2.186s] Level 1:colcon.colcon_core.package_identification:_identify(src/champ/champ/champ_msgs) by extension 'ignore_ament_install'
[2.186s] Level 1:colcon.colcon_core.package_identification:_identify(src/champ/champ/champ_msgs) by extensions ['colcon_pkg']
[2.186s] Level 1:colcon.colcon_core.package_identification:_identify(src/champ/champ/champ_msgs) by extension 'colcon_pkg'
[2.186s] Level 1:colcon.colcon_core.package_identification:_identify(src/champ/champ/champ_msgs) by extensions ['colcon_meta']
[2.186s] Level 1:colcon.colcon_core.package_identification:_identify(src/champ/champ/champ_msgs) by extension 'colcon_meta'
[2.187s] Level 1:colcon.colcon_core.package_identification:_identify(src/champ/champ/champ_msgs) by extensions ['ros']
[2.187s] Level 1:colcon.colcon_core.package_identification:_identify(src/champ/champ/champ_msgs) by extension 'ros'
[2.190s] DEBUG:colcon.colcon_core.package_identification:Package 'src/champ/champ/champ_msgs' with type 'ros.ament_cmake' and name 'champ_msgs'
[2.191s] Level 1:colcon.colcon_core.package_identification:_identify(src/champ/champ/champ_navigation) by extensions ['ignore', 'ignore_ament_install']
[2.191s] Level 1:colcon.colcon_core.package_identification:_identify(src/champ/champ/champ_navigation) by extension 'ignore'
[2.191s] Level 1:colcon.colcon_core.package_identification:_identify(src/champ/champ/champ_navigation) by extension 'ignore_ament_install'
[2.192s] Level 1:colcon.colcon_core.package_identification:_identify(src/champ/champ/champ_navigation) by extensions ['colcon_pkg']
[2.192s] Level 1:colcon.colcon_core.package_identification:_identify(src/champ/champ/champ_navigation) by extension 'colcon_pkg'
[2.192s] Level 1:colcon.colcon_core.package_identification:_identify(src/champ/champ/champ_navigation) by extensions ['colcon_meta']
[2.192s] Level 1:colcon.colcon_core.package_identification:_identify(src/champ/champ/champ_navigation) by extension 'colcon_meta'
[2.192s] Level 1:colcon.colcon_core.package_identification:_identify(src/champ/champ/champ_navigation) by extensions ['ros']
[2.193s] Level 1:colcon.colcon_core.package_identification:_identify(src/champ/champ/champ_navigation) by extension 'ros'
[2.193s] Level 1:colcon.colcon_core.package_identification:_identify(src/champ/champ/champ_navigation) ignored
[2.194s] Level 1:colcon.colcon_core.package_identification:_identify(src/champ/champ/docs) by extensions ['ignore', 'ignore_ament_install']
[2.194s] Level 1:colcon.colcon_core.package_identification:_identify(src/champ/champ/docs) by extension 'ignore'
[2.194s] Level 1:colcon.colcon_core.package_identification:_identify(src/champ/champ/docs) by extension 'ignore_ament_install'
[2.194s] Level 1:colcon.colcon_core.package_identification:_identify(src/champ/champ/docs) by extensions ['colcon_pkg']
[2.195s] Level 1:colcon.colcon_core.package_identification:_identify(src/champ/champ/docs) by extension 'colcon_pkg'
[2.195s] Level 1:colcon.colcon_core.package_identification:_identify(src/champ/champ/docs) by extensions ['colcon_meta']
[2.195s] Level 1:colcon.colcon_core.package_identification:_identify(src/champ/champ/docs) by extension 'colcon_meta'
[2.195s] Level 1:colcon.colcon_core.package_identification:_identify(src/champ/champ/docs) by extensions ['ros']
[2.195s] Level 1:colcon.colcon_core.package_identification:_identify(src/champ/champ/docs) by extension 'ros'
[2.196s] Level 1:colcon.colcon_core.package_identification:_identify(src/champ/champ/docs) by extensions ['cmake', 'python']
[2.196s] Level 1:colcon.colcon_core.package_identification:_identify(src/champ/champ/docs) by extension 'cmake'
[2.196s] Level 1:colcon.colcon_core.package_identification:_identify(src/champ/champ/docs) by extension 'python'
[2.196s] Level 1:colcon.colcon_core.package_identification:_identify(src/champ/champ/docs) by extensions ['python_setup_py']
[2.196s] Level 1:colcon.colcon_core.package_identification:_identify(src/champ/champ/docs) by extension 'python_setup_py'
[2.197s] Level 1:colcon.colcon_core.package_identification:_identify(src/champ/champ/docs/images) by extensions ['ignore', 'ignore_ament_install']
[2.198s] Level 1:colcon.colcon_core.package_identification:_identify(src/champ/champ/docs/images) by extension 'ignore'
[2.198s] Level 1:colcon.colcon_core.package_identification:_identify(src/champ/champ/docs/images) by extension 'ignore_ament_install'
[2.198s] Level 1:colcon.colcon_core.package_identification:_identify(src/champ/champ/docs/images) by extensions ['colcon_pkg']
[2.198s] Level 1:colcon.colcon_core.package_identification:_identify(src/champ/champ/docs/images) by extension 'colcon_pkg'
[2.198s] Level 1:colcon.colcon_core.package_identification:_identify(src/champ/champ/docs/images) by extensions ['colcon_meta']
[2.199s] Level 1:colcon.colcon_core.package_identification:_identify(src/champ/champ/docs/images) by extension 'colcon_meta'
[2.199s] Level 1:colcon.colcon_core.package_identification:_identify(src/champ/champ/docs/images) by extensions ['ros']
[2.199s] Level 1:colcon.colcon_core.package_identification:_identify(src/champ/champ/docs/images) by extension 'ros'
[2.200s] Level 1:colcon.colcon_core.package_identification:_identify(src/champ/champ/docs/images) by extensions ['cmake', 'python']
[2.200s] Level 1:colcon.colcon_core.package_identification:_identify(src/champ/champ/docs/images) by extension 'cmake'
[2.200s] Level 1:colcon.colcon_core.package_identification:_identify(src/champ/champ/docs/images) by extension 'python'
[2.200s] Level 1:colcon.colcon_core.package_identification:_identify(src/champ/champ/docs/images) by extensions ['python_setup_py']
[2.200s] Level 1:colcon.colcon_core.package_identification:_identify(src/champ/champ/docs/images) by extension 'python_setup_py'
[2.201s] Level 1:colcon.colcon_core.package_identification:_identify(src/champ/champ_teleop) by extensions ['ignore', 'ignore_ament_install']
[2.201s] Level 1:colcon.colcon_core.package_identification:_identify(src/champ/champ_teleop) by extension 'ignore'
[2.201s] Level 1:colcon.colcon_core.package_identification:_identify(src/champ/champ_teleop) by extension 'ignore_ament_install'
[2.202s] Level 1:colcon.colcon_core.package_identification:_identify(src/champ/champ_teleop) by extensions ['colcon_pkg']
[2.202s] Level 1:colcon.colcon_core.package_identification:_identify(src/champ/champ_teleop) by extension 'colcon_pkg'
[2.202s] Level 1:colcon.colcon_core.package_identification:_identify(src/champ/champ_teleop) by extensions ['colcon_meta']
[2.202s] Level 1:colcon.colcon_core.package_identification:_identify(src/champ/champ_teleop) by extension 'colcon_meta'
[2.202s] Level 1:colcon.colcon_core.package_identification:_identify(src/champ/champ_teleop) by extensions ['ros']
[2.203s] Level 1:colcon.colcon_core.package_identification:_identify(src/champ/champ_teleop) by extension 'ros'
[2.205s] DEBUG:colcon.colcon_core.package_identification:Package 'src/champ/champ_teleop' with type 'ros.ament_cmake' and name 'champ_teleop'
[2.206s] Level 1:colcon.colcon_core.package_identification:_identify(src/go_pupper_srv) by extensions ['ignore', 'ignore_ament_install']
[2.207s] Level 1:colcon.colcon_core.package_identification:_identify(src/go_pupper_srv) by extension 'ignore'
[2.207s] Level 1:colcon.colcon_core.package_identification:_identify(src/go_pupper_srv) by extension 'ignore_ament_install'
[2.207s] Level 1:colcon.colcon_core.package_identification:_identify(src/go_pupper_srv) by extensions ['colcon_pkg']
[2.207s] Level 1:colcon.colcon_core.package_identification:_identify(src/go_pupper_srv) by extension 'colcon_pkg'
[2.208s] Level 1:colcon.colcon_core.package_identification:_identify(src/go_pupper_srv) by extensions ['colcon_meta']
[2.208s] Level 1:colcon.colcon_core.package_identification:_identify(src/go_pupper_srv) by extension 'colcon_meta'
[2.208s] Level 1:colcon.colcon_core.package_identification:_identify(src/go_pupper_srv) by extensions ['ros']
[2.208s] Level 1:colcon.colcon_core.package_identification:_identify(src/go_pupper_srv) by extension 'ros'
[2.211s] DEBUG:colcon.colcon_core.package_identification:Package 'src/go_pupper_srv' with type 'ros.ament_python' and name 'go_pupper_srv'
[2.211s] Level 1:colcon.colcon_core.package_identification:_identify(src/install) by extensions ['ignore', 'ignore_ament_install']
[2.212s] Level 1:colcon.colcon_core.package_identification:_identify(src/install) by extension 'ignore'
[2.212s] Level 1:colcon.colcon_core.package_identification:_identify(src/install) ignored
[2.213s] Level 1:colcon.colcon_core.package_identification:_identify(src/ldlidar_stl_ros) by extensions ['ignore', 'ignore_ament_install']
[2.213s] Level 1:colcon.colcon_core.package_identification:_identify(src/ldlidar_stl_ros) by extension 'ignore'
[2.213s] Level 1:colcon.colcon_core.package_identification:_identify(src/ldlidar_stl_ros) by extension 'ignore_ament_install'
[2.214s] Level 1:colcon.colcon_core.package_identification:_identify(src/ldlidar_stl_ros) by extensions ['colcon_pkg']
[2.214s] Level 1:colcon.colcon_core.package_identification:_identify(src/ldlidar_stl_ros) by extension 'colcon_pkg'
[2.214s] Level 1:colcon.colcon_core.package_identification:_identify(src/ldlidar_stl_ros) by extensions ['colcon_meta']
[2.214s] Level 1:colcon.colcon_core.package_identification:_identify(src/ldlidar_stl_ros) by extension 'colcon_meta'
[2.214s] Level 1:colcon.colcon_core.package_identification:_identify(src/ldlidar_stl_ros) by extensions ['ros']
[2.215s] Level 1:colcon.colcon_core.package_identification:_identify(src/ldlidar_stl_ros) by extension 'ros'
[2.218s] DEBUG:colcon.colcon_core.package_identification:Package 'src/ldlidar_stl_ros' with type 'ros.ament_cmake' and name 'ldlidar_stl_ros2'
[2.219s] Level 1:colcon.colcon_core.package_identification:_identify(src/log) by extensions ['ignore', 'ignore_ament_install']
[2.219s] Level 1:colcon.colcon_core.package_identification:_identify(src/log) by extension 'ignore'
[2.219s] Level 1:colcon.colcon_core.package_identification:_identify(src/log) ignored
[2.220s] Level 1:colcon.colcon_core.package_identification:_identify(src/mini_pupper_ros) by extensions ['ignore', 'ignore_ament_install']
[2.220s] Level 1:colcon.colcon_core.package_identification:_identify(src/mini_pupper_ros) by extension 'ignore'
[2.220s] Level 1:colcon.colcon_core.package_identification:_identify(src/mini_pupper_ros) by extension 'ignore_ament_install'
[2.221s] Level 1:colcon.colcon_core.package_identification:_identify(src/mini_pupper_ros) by extensions ['colcon_pkg']
[2.221s] Level 1:colcon.colcon_core.package_identification:_identify(src/mini_pupper_ros) by extension 'colcon_pkg'
[2.221s] Level 1:colcon.colcon_core.package_identification:_identify(src/mini_pupper_ros) by extensions ['colcon_meta']
[2.221s] Level 1:colcon.colcon_core.package_identification:_identify(src/mini_pupper_ros) by extension 'colcon_meta'
[2.222s] Level 1:colcon.colcon_core.package_identification:_identify(src/mini_pupper_ros) by extensions ['ros']
[2.222s] Level 1:colcon.colcon_core.package_identification:_identify(src/mini_pupper_ros) by extension 'ros'
[2.222s] Level 1:colcon.colcon_core.package_identification:_identify(src/mini_pupper_ros) by extensions ['cmake', 'python']
[2.222s] Level 1:colcon.colcon_core.package_identification:_identify(src/mini_pupper_ros) by extension 'cmake'
[2.223s] Level 1:colcon.colcon_core.package_identification:_identify(src/mini_pupper_ros) by extension 'python'
[2.223s] Level 1:colcon.colcon_core.package_identification:_identify(src/mini_pupper_ros) by extensions ['python_setup_py']
[2.223s] Level 1:colcon.colcon_core.package_identification:_identify(src/mini_pupper_ros) by extension 'python_setup_py'
[2.224s] Level 1:colcon.colcon_core.package_identification:_identify(src/mini_pupper_ros/mini_pupper_2_description) by extensions ['ignore', 'ignore_ament_install']
[2.224s] Level 1:colcon.colcon_core.package_identification:_identify(src/mini_pupper_ros/mini_pupper_2_description) by extension 'ignore'
[2.224s] Level 1:colcon.colcon_core.package_identification:_identify(src/mini_pupper_ros/mini_pupper_2_description) by extension 'ignore_ament_install'
[2.224s] Level 1:colcon.colcon_core.package_identification:_identify(src/mini_pupper_ros/mini_pupper_2_description) by extensions ['colcon_pkg']
[2.225s] Level 1:colcon.colcon_core.package_identification:_identify(src/mini_pupper_ros/mini_pupper_2_description) by extension 'colcon_pkg'
[2.225s] Level 1:colcon.colcon_core.package_identification:_identify(src/mini_pupper_ros/mini_pupper_2_description) by extensions ['colcon_meta']
[2.225s] Level 1:colcon.colcon_core.package_identification:_identify(src/mini_pupper_ros/mini_pupper_2_description) by extension 'colcon_meta'
[2.225s] Level 1:colcon.colcon_core.package_identification:_identify(src/mini_pupper_ros/mini_pupper_2_description) by extensions ['ros']
[2.225s] Level 1:colcon.colcon_core.package_identification:_identify(src/mini_pupper_ros/mini_pupper_2_description) by extension 'ros'
[2.228s] DEBUG:colcon.colcon_core.package_identification:Package 'src/mini_pupper_ros/mini_pupper_2_description' with type 'ros.ament_cmake' and name 'mini_pupper_2_description'
[2.229s] Level 1:colcon.colcon_core.package_identification:_identify(src/mini_pupper_ros/mini_pupper_bringup) by extensions ['ignore', 'ignore_ament_install']
[2.229s] Level 1:colcon.colcon_core.package_identification:_identify(src/mini_pupper_ros/mini_pupper_bringup) by extension 'ignore'
[2.229s] Level 1:colcon.colcon_core.package_identification:_identify(src/mini_pupper_ros/mini_pupper_bringup) by extension 'ignore_ament_install'
[2.230s] Level 1:colcon.colcon_core.package_identification:_identify(src/mini_pupper_ros/mini_pupper_bringup) by extensions ['colcon_pkg']
[2.230s] Level 1:colcon.colcon_core.package_identification:_identify(src/mini_pupper_ros/mini_pupper_bringup) by extension 'colcon_pkg'
[2.230s] Level 1:colcon.colcon_core.package_identification:_identify(src/mini_pupper_ros/mini_pupper_bringup) by extensions ['colcon_meta']
[2.230s] Level 1:colcon.colcon_core.package_identification:_identify(src/mini_pupper_ros/mini_pupper_bringup) by extension 'colcon_meta'
[2.230s] Level 1:colcon.colcon_core.package_identification:_identify(src/mini_pupper_ros/mini_pupper_bringup) by extensions ['ros']
[2.231s] Level 1:colcon.colcon_core.package_identification:_identify(src/mini_pupper_ros/mini_pupper_bringup) by extension 'ros'
[2.233s] DEBUG:colcon.colcon_core.package_identification:Package 'src/mini_pupper_ros/mini_pupper_bringup' with type 'ros.ament_cmake' and name 'mini_pupper_bringup'
[2.234s] Level 1:colcon.colcon_core.package_identification:_identify(src/mini_pupper_ros/mini_pupper_dance) by extensions ['ignore', 'ignore_ament_install']
[2.234s] Level 1:colcon.colcon_core.package_identification:_identify(src/mini_pupper_ros/mini_pupper_dance) by extension 'ignore'
[2.234s] Level 1:colcon.colcon_core.package_identification:_identify(src/mini_pupper_ros/mini_pupper_dance) by extension 'ignore_ament_install'
[2.235s] Level 1:colcon.colcon_core.package_identification:_identify(src/mini_pupper_ros/mini_pupper_dance) by extensions ['colcon_pkg']
[2.235s] Level 1:colcon.colcon_core.package_identification:_identify(src/mini_pupper_ros/mini_pupper_dance) by extension 'colcon_pkg'
[2.235s] Level 1:colcon.colcon_core.package_identification:_identify(src/mini_pupper_ros/mini_pupper_dance) by extensions ['colcon_meta']
[2.235s] Level 1:colcon.colcon_core.package_identification:_identify(src/mini_pupper_ros/mini_pupper_dance) by extension 'colcon_meta'
[2.236s] Level 1:colcon.colcon_core.package_identification:_identify(src/mini_pupper_ros/mini_pupper_dance) by extensions ['ros']
[2.236s] Level 1:colcon.colcon_core.package_identification:_identify(src/mini_pupper_ros/mini_pupper_dance) by extension 'ros'
[2.238s] DEBUG:colcon.colcon_core.package_identification:Package 'src/mini_pupper_ros/mini_pupper_dance' with type 'ros.ament_python' and name 'mini_pupper_dance'
[2.239s] Level 1:colcon.colcon_core.package_identification:_identify(src/mini_pupper_ros/mini_pupper_description) by extensions ['ignore', 'ignore_ament_install']
[2.239s] Level 1:colcon.colcon_core.package_identification:_identify(src/mini_pupper_ros/mini_pupper_description) by extension 'ignore'
[2.240s] Level 1:colcon.colcon_core.package_identification:_identify(src/mini_pupper_ros/mini_pupper_description) by extension 'ignore_ament_install'
[2.240s] Level 1:colcon.colcon_core.package_identification:_identify(src/mini_pupper_ros/mini_pupper_description) by extensions ['colcon_pkg']
[2.240s] Level 1:colcon.colcon_core.package_identification:_identify(src/mini_pupper_ros/mini_pupper_description) by extension 'colcon_pkg'
[2.240s] Level 1:colcon.colcon_core.package_identification:_identify(src/mini_pupper_ros/mini_pupper_description) by extensions ['colcon_meta']
[2.240s] Level 1:colcon.colcon_core.package_identification:_identify(src/mini_pupper_ros/mini_pupper_description) by extension 'colcon_meta'
[2.241s] Level 1:colcon.colcon_core.package_identification:_identify(src/mini_pupper_ros/mini_pupper_description) by extensions ['ros']
[2.241s] Level 1:colcon.colcon_core.package_identification:_identify(src/mini_pupper_ros/mini_pupper_description) by extension 'ros'
[2.243s] DEBUG:colcon.colcon_core.package_identification:Package 'src/mini_pupper_ros/mini_pupper_description' with type 'ros.ament_cmake' and name 'mini_pupper_description'
[2.244s] Level 1:colcon.colcon_core.package_identification:_identify(src/mini_pupper_ros/mini_pupper_driver) by extensions ['ignore', 'ignore_ament_install']
[2.244s] Level 1:colcon.colcon_core.package_identification:_identify(src/mini_pupper_ros/mini_pupper_driver) by extension 'ignore'
[2.245s] Level 1:colcon.colcon_core.package_identification:_identify(src/mini_pupper_ros/mini_pupper_driver) by extension 'ignore_ament_install'
[2.245s] Level 1:colcon.colcon_core.package_identification:_identify(src/mini_pupper_ros/mini_pupper_driver) by extensions ['colcon_pkg']
[2.245s] Level 1:colcon.colcon_core.package_identification:_identify(src/mini_pupper_ros/mini_pupper_driver) by extension 'colcon_pkg'
[2.245s] Level 1:colcon.colcon_core.package_identification:_identify(src/mini_pupper_ros/mini_pupper_driver) by extensions ['colcon_meta']
[2.246s] Level 1:colcon.colcon_core.package_identification:_identify(src/mini_pupper_ros/mini_pupper_driver) by extension 'colcon_meta'
[2.246s] Level 1:colcon.colcon_core.package_identification:_identify(src/mini_pupper_ros/mini_pupper_driver) by extensions ['ros']
[2.246s] Level 1:colcon.colcon_core.package_identification:_identify(src/mini_pupper_ros/mini_pupper_driver) by extension 'ros'
[2.249s] DEBUG:colcon.colcon_core.package_identification:Package 'src/mini_pupper_ros/mini_pupper_driver' with type 'ros.ament_python' and name 'mini_pupper_driver'
[2.250s] Level 1:colcon.colcon_core.package_identification:_identify(src/mini_pupper_ros/mini_pupper_gazebo) by extensions ['ignore', 'ignore_ament_install']
[2.251s] Level 1:colcon.colcon_core.package_identification:_identify(src/mini_pupper_ros/mini_pupper_gazebo) by extension 'ignore'
[2.251s] Level 1:colcon.colcon_core.package_identification:_identify(src/mini_pupper_ros/mini_pupper_gazebo) by extension 'ignore_ament_install'
[2.252s] Level 1:colcon.colcon_core.package_identification:_identify(src/mini_pupper_ros/mini_pupper_gazebo) by extensions ['colcon_pkg']
[2.252s] Level 1:colcon.colcon_core.package_identification:_identify(src/mini_pupper_ros/mini_pupper_gazebo) by extension 'colcon_pkg'
[2.252s] Level 1:colcon.colcon_core.package_identification:_identify(src/mini_pupper_ros/mini_pupper_gazebo) by extensions ['colcon_meta']
[2.252s] Level 1:colcon.colcon_core.package_identification:_identify(src/mini_pupper_ros/mini_pupper_gazebo) by extension 'colcon_meta'
[2.252s] Level 1:colcon.colcon_core.package_identification:_identify(src/mini_pupper_ros/mini_pupper_gazebo) by extensions ['ros']
[2.253s] Level 1:colcon.colcon_core.package_identification:_identify(src/mini_pupper_ros/mini_pupper_gazebo) by extension 'ros'
[2.253s] Level 1:colcon.colcon_core.package_identification:_identify(src/mini_pupper_ros/mini_pupper_gazebo) ignored
[2.253s] Level 1:colcon.colcon_core.package_identification:_identify(src/mini_pupper_ros/mini_pupper_interfaces) by extensions ['ignore', 'ignore_ament_install']
[2.254s] Level 1:colcon.colcon_core.package_identification:_identify(src/mini_pupper_ros/mini_pupper_interfaces) by extension 'ignore'
[2.254s] Level 1:colcon.colcon_core.package_identification:_identify(src/mini_pupper_ros/mini_pupper_interfaces) by extension 'ignore_ament_install'
[2.254s] Level 1:colcon.colcon_core.package_identification:_identify(src/mini_pupper_ros/mini_pupper_interfaces) by extensions ['colcon_pkg']
[2.255s] Level 1:colcon.colcon_core.package_identification:_identify(src/mini_pupper_ros/mini_pupper_interfaces) by extension 'colcon_pkg'
[2.255s] Level 1:colcon.colcon_core.package_identification:_identify(src/mini_pupper_ros/mini_pupper_interfaces) by extensions ['colcon_meta']
[2.255s] Level 1:colcon.colcon_core.package_identification:_identify(src/mini_pupper_ros/mini_pupper_interfaces) by extension 'colcon_meta'
[2.255s] Level 1:colcon.colcon_core.package_identification:_identify(src/mini_pupper_ros/mini_pupper_interfaces) by extensions ['ros']
[2.255s] Level 1:colcon.colcon_core.package_identification:_identify(src/mini_pupper_ros/mini_pupper_interfaces) by extension 'ros'
[2.258s] DEBUG:colcon.colcon_core.package_identification:Package 'src/mini_pupper_ros/mini_pupper_interfaces' with type 'ros.ament_cmake' and name 'mini_pupper_interfaces'
[2.259s] Level 1:colcon.colcon_core.package_identification:_identify(src/mini_pupper_ros/mini_pupper_music) by extensions ['ignore', 'ignore_ament_install']
[2.259s] Level 1:colcon.colcon_core.package_identification:_identify(src/mini_pupper_ros/mini_pupper_music) by extension 'ignore'
[2.259s] Level 1:colcon.colcon_core.package_identification:_identify(src/mini_pupper_ros/mini_pupper_music) by extension 'ignore_ament_install'
[2.260s] Level 1:colcon.colcon_core.package_identification:_identify(src/mini_pupper_ros/mini_pupper_music) by extensions ['colcon_pkg']
[2.260s] Level 1:colcon.colcon_core.package_identification:_identify(src/mini_pupper_ros/mini_pupper_music) by extension 'colcon_pkg'
[2.260s] Level 1:colcon.colcon_core.package_identification:_identify(src/mini_pupper_ros/mini_pupper_music) by extensions ['colcon_meta']
[2.260s] Level 1:colcon.colcon_core.package_identification:_identify(src/mini_pupper_ros/mini_pupper_music) by extension 'colcon_meta'
[2.260s] Level 1:colcon.colcon_core.package_identification:_identify(src/mini_pupper_ros/mini_pupper_music) by extensions ['ros']
[2.261s] Level 1:colcon.colcon_core.package_identification:_identify(src/mini_pupper_ros/mini_pupper_music) by extension 'ros'
[2.263s] DEBUG:colcon.colcon_core.package_identification:Package 'src/mini_pupper_ros/mini_pupper_music' with type 'ros.ament_python' and name 'mini_pupper_music'
[2.264s] Level 1:colcon.colcon_core.package_identification:_identify(src/mini_pupper_ros/mini_pupper_navigation) by extensions ['ignore', 'ignore_ament_install']
[2.264s] Level 1:colcon.colcon_core.package_identification:_identify(src/mini_pupper_ros/mini_pupper_navigation) by extension 'ignore'
[2.264s] Level 1:colcon.colcon_core.package_identification:_identify(src/mini_pupper_ros/mini_pupper_navigation) by extension 'ignore_ament_install'
[2.265s] Level 1:colcon.colcon_core.package_identification:_identify(src/mini_pupper_ros/mini_pupper_navigation) by extensions ['colcon_pkg']
[2.265s] Level 1:colcon.colcon_core.package_identification:_identify(src/mini_pupper_ros/mini_pupper_navigation) by extension 'colcon_pkg'
[2.265s] Level 1:colcon.colcon_core.package_identification:_identify(src/mini_pupper_ros/mini_pupper_navigation) by extensions ['colcon_meta']
[2.265s] Level 1:colcon.colcon_core.package_identification:_identify(src/mini_pupper_ros/mini_pupper_navigation) by extension 'colcon_meta'
[2.265s] Level 1:colcon.colcon_core.package_identification:_identify(src/mini_pupper_ros/mini_pupper_navigation) by extensions ['ros']
[2.266s] Level 1:colcon.colcon_core.package_identification:_identify(src/mini_pupper_ros/mini_pupper_navigation) by extension 'ros'
[2.266s] Level 1:colcon.colcon_core.package_identification:_identify(src/mini_pupper_ros/mini_pupper_navigation) ignored
[2.266s] Level 1:colcon.colcon_core.package_identification:_identify(src/pupper_interfaces) by extensions ['ignore', 'ignore_ament_install']
[2.267s] Level 1:colcon.colcon_core.package_identification:_identify(src/pupper_interfaces) by extension 'ignore'
[2.267s] Level 1:colcon.colcon_core.package_identification:_identify(src/pupper_interfaces) by extension 'ignore_ament_install'
[2.267s] Level 1:colcon.colcon_core.package_identification:_identify(src/pupper_interfaces) by extensions ['colcon_pkg']
[2.268s] Level 1:colcon.colcon_core.package_identification:_identify(src/pupper_interfaces) by extension 'colcon_pkg'
[2.268s] Level 1:colcon.colcon_core.package_identification:_identify(src/pupper_interfaces) by extensions ['colcon_meta']
[2.268s] Level 1:colcon.colcon_core.package_identification:_identify(src/pupper_interfaces) by extension 'colcon_meta'
[2.268s] Level 1:colcon.colcon_core.package_identification:_identify(src/pupper_interfaces) by extensions ['ros']
[2.268s] Level 1:colcon.colcon_core.package_identification:_identify(src/pupper_interfaces) by extension 'ros'
[2.271s] DEBUG:colcon.colcon_core.package_identification:Package 'src/pupper_interfaces' with type 'ros.ament_cmake' and name 'pupper_interfaces'
[2.271s] Level 1:colcon.colcon_core.package_discovery:discover_packages(recursive) using defaults
[2.271s] Level 1:colcon.colcon_core.package_discovery:discover_packages(ignore) discover
[2.271s] Level 1:colcon.colcon_core.package_discovery:discover_packages(ignore) using defaults
[2.272s] Level 1:colcon.colcon_core.package_discovery:discover_packages(path) discover
[2.272s] Level 1:colcon.colcon_core.package_discovery:discover_packages(path) using defaults
[2.391s] INFO:colcon.colcon_core.package_selection:Skipping not selected package 'champ' in 'src/champ/champ/champ'
[2.392s] INFO:colcon.colcon_core.package_selection:Skipping not selected package 'champ_config' in 'src/champ/champ/champ_config'
[2.392s] INFO:colcon.colcon_core.package_selection:Skipping not selected package 'champ_description' in 'src/champ/champ/champ_description'
[2.392s] INFO:colcon.colcon_core.package_selection:Skipping not selected package 'champ_msgs' in 'src/champ/champ/champ_msgs'
[2.392s] INFO:colcon.colcon_core.package_selection:Skipping not selected package 'champ_teleop' in 'src/champ/champ_teleop'
[2.392s] INFO:colcon.colcon_core.package_selection:Skipping not selected package 'ldlidar_stl_ros2' in 'src/ldlidar_stl_ros'
[2.393s] INFO:colcon.colcon_core.package_selection:Skipping not selected package 'mini_pupper_2_description' in 'src/mini_pupper_ros/mini_pupper_2_description'
[2.393s] INFO:colcon.colcon_core.package_selection:Skipping not selected package 'mini_pupper_description' in 'src/mini_pupper_ros/mini_pupper_description'
[2.393s] INFO:colcon.colcon_core.package_selection:Skipping not selected package 'mini_pupper_driver' in 'src/mini_pupper_ros/mini_pupper_driver'
[2.393s] INFO:colcon.colcon_core.package_selection:Skipping not selected package 'mini_pupper_interfaces' in 'src/mini_pupper_ros/mini_pupper_interfaces'
[2.393s] INFO:colcon.colcon_core.package_selection:Skipping not selected package 'mini_pupper_music' in 'src/mini_pupper_ros/mini_pupper_music'
[2.393s] INFO:colcon.colcon_core.package_selection:Skipping not selected package 'champ_base' in 'src/champ/champ/champ_base'
[2.394s] INFO:colcon.colcon_core.package_selection:Skipping not selected package 'go_pupper_srv' in 'src/go_pupper_srv'
[2.394s] INFO:colcon.colcon_core.package_selection:Skipping not selected package 'mini_pupper_dance' in 'src/mini_pupper_ros/mini_pupper_dance'
[2.394s] INFO:colcon.colcon_core.package_selection:Skipping not selected package 'champ_bringup' in 'src/champ/champ/champ_bringup'
[2.394s] INFO:colcon.colcon_core.package_selection:Skipping not selected package 'mini_pupper_bringup' in 'src/mini_pupper_ros/mini_pupper_bringup'
[2.396s] Level 1:colcon.colcon_core.package_discovery:discover_packages(prefix_path) check parameters
[2.397s] Level 1:colcon.colcon_core.package_discovery:discover_packages(prefix_path) discover
[2.404s] WARNING:colcon.colcon_ros.prefix_path.ament:The path '/home/ubuntu/ros2_ws/install/pupper_interfaces' in the environment variable AMENT_PREFIX_PATH doesn't exist
[2.411s] WARNING:colcon.colcon_ros.prefix_path.catkin:The path '/home/ubuntu/ros2_ws/install/pupper_interfaces' in the environment variable CMAKE_PREFIX_PATH doesn't exist
[2.420s] DEBUG:colcon.colcon_installed_package_information.package_discovery:Found 16 installed packages in /home/ubuntu/ros2_ws/install
[2.433s] DEBUG:colcon.colcon_installed_package_information.package_discovery:Found 275 installed packages in /opt/ros/humble
[2.441s] Level 1:colcon.colcon_core.package_discovery:discover_packages(prefix_path) using defaults
[2.716s] Level 5:colcon.colcon_core.verb:set package 'pupper_interfaces' build argument 'cmake_args' from command line to 'None'
[2.716s] Level 5:colcon.colcon_core.verb:set package 'pupper_interfaces' build argument 'cmake_target' from command line to 'None'
[2.717s] Level 5:colcon.colcon_core.verb:set package 'pupper_interfaces' build argument 'cmake_target_skip_unavailable' from command line to 'False'
[2.717s] Level 5:colcon.colcon_core.verb:set package 'pupper_interfaces' build argument 'cmake_clean_cache' from command line to 'False'
[2.717s] Level 5:colcon.colcon_core.verb:set package 'pupper_interfaces' build argument 'cmake_clean_first' from command line to 'False'
[2.717s] Level 5:colcon.colcon_core.verb:set package 'pupper_interfaces' build argument 'cmake_force_configure' from command line to 'False'
[2.717s] Level 5:colcon.colcon_core.verb:set package 'pupper_interfaces' build argument 'ament_cmake_args' from command line to 'None'
[2.717s] Level 5:colcon.colcon_core.verb:set package 'pupper_interfaces' build argument 'catkin_cmake_args' from command line to 'None'
[2.718s] Level 5:colcon.colcon_core.verb:set package 'pupper_interfaces' build argument 'catkin_skip_building_tests' from command line to 'False'
[2.718s] DEBUG:colcon.colcon_core.verb:Building package 'pupper_interfaces' with the following arguments: {'ament_cmake_args': None, 'build_base': '/home/ubuntu/ros2_ws/build/pupper_interfaces', 'catkin_cmake_args': None, 'catkin_skip_building_tests': False, 'cmake_args': None, 'cmake_clean_cache': False, 'cmake_clean_first': False, 'cmake_force_configure': False, 'cmake_target': None, 'cmake_target_skip_unavailable': False, 'install_base': '/home/ubuntu/ros2_ws/install/pupper_interfaces', 'merge_install': False, 'path': '/home/ubuntu/ros2_ws/src/pupper_interfaces', 'symlink_install': False, 'test_result_base': None}
[2.719s] INFO:colcon.colcon_core.executor:Executing jobs using 'parallel' executor
[2.723s] DEBUG:colcon.colcon_parallel_executor.executor.parallel:run_until_complete
[2.725s] INFO:colcon.colcon_ros.task.ament_cmake.build:Building ROS package in '/home/ubuntu/ros2_ws/src/pupper_interfaces' with build type 'ament_cmake'
[2.726s] INFO:colcon.colcon_cmake.task.cmake.build:Building CMake package in '/home/ubuntu/ros2_ws/src/pupper_interfaces'
[2.746s] INFO:colcon.colcon_core.plugin_system:Skipping extension 'colcon_core.shell.bat': Not used on non-Windows systems
[2.748s] INFO:colcon.colcon_core.shell:Skip shell extension 'powershell' for command environment: Not usable outside of PowerShell
[2.750s] DEBUG:colcon.colcon_core.shell:Skip shell extension 'dsv' for command environment
[2.829s] DEBUG:colcon.colcon_core.event_handler.log_command:Invoking command in '/home/ubuntu/ros2_ws/build/pupper_interfaces': CMAKE_PREFIX_PATH=${CMAKE_PREFIX_PATH}:/home/ubuntu/ros2_ws/install/go_pupper_srv:/home/ubuntu/ros2_ws/install/mini_pupper_music:/home/ubuntu/ros2_ws/install/mini_pupper_dance:/home/ubuntu/ros2_ws/install/mini_pupper_driver:/opt/ros/humble /usr/bin/cmake --build /home/ubuntu/ros2_ws/build/pupper_interfaces -- -j4 -l4
[6.063s] DEBUG:colcon.colcon_core.event_handler.log_command:Invoked command in '/home/ubuntu/ros2_ws/build/pupper_interfaces' returned '0': CMAKE_PREFIX_PATH=${CMAKE_PREFIX_PATH}:/home/ubuntu/ros2_ws/install/go_pupper_srv:/home/ubuntu/ros2_ws/install/mini_pupper_music:/home/ubuntu/ros2_ws/install/mini_pupper_dance:/home/ubuntu/ros2_ws/install/mini_pupper_driver:/opt/ros/humble /usr/bin/cmake --build /home/ubuntu/ros2_ws/build/pupper_interfaces -- -j4 -l4
[6.966s] DEBUG:colcon.colcon_core.event_handler.log_command:Invoking command in '/home/ubuntu/ros2_ws/build/pupper_interfaces': CMAKE_PREFIX_PATH=${CMAKE_PREFIX_PATH}:/home/ubuntu/ros2_ws/install/go_pupper_srv:/home/ubuntu/ros2_ws/install/mini_pupper_music:/home/ubuntu/ros2_ws/install/mini_pupper_dance:/home/ubuntu/ros2_ws/install/mini_pupper_driver:/opt/ros/humble /usr/bin/cmake --install /home/ubuntu/ros2_ws/build/pupper_interfaces
[7.803s] Level 1:colcon.colcon_core.environment:create_environment_scripts_only(pupper_interfaces)
[7.806s] DEBUG:colcon.colcon_core.event_handler.log_command:Invoked command in '/home/ubuntu/ros2_ws/build/pupper_interfaces' returned '0': CMAKE_PREFIX_PATH=${CMAKE_PREFIX_PATH}:/home/ubuntu/ros2_ws/install/go_pupper_srv:/home/ubuntu/ros2_ws/install/mini_pupper_music:/home/ubuntu/ros2_ws/install/mini_pupper_dance:/home/ubuntu/ros2_ws/install/mini_pupper_driver:/opt/ros/humble /usr/bin/cmake --install /home/ubuntu/ros2_ws/build/pupper_interfaces
[7.820s] Level 1:colcon.colcon_core.environment:checking '/home/ubuntu/ros2_ws/install/pupper_interfaces' for CMake module files
[7.826s] Level 1:colcon.colcon_core.environment:checking '/home/ubuntu/ros2_ws/install/pupper_interfaces' for CMake config files
[7.834s] Level 1:colcon.colcon_core.shell:create_environment_hook('pupper_interfaces', 'cmake_prefix_path')
[7.839s] INFO:colcon.colcon_core.shell:Creating environment hook '/home/ubuntu/ros2_ws/install/pupper_interfaces/share/pupper_interfaces/hook/cmake_prefix_path.ps1'
[7.843s] INFO:colcon.colcon_core.shell:Creating environment descriptor '/home/ubuntu/ros2_ws/install/pupper_interfaces/share/pupper_interfaces/hook/cmake_prefix_path.dsv'
[7.846s] INFO:colcon.colcon_core.shell:Creating environment hook '/home/ubuntu/ros2_ws/install/pupper_interfaces/share/pupper_interfaces/hook/cmake_prefix_path.sh'
[7.851s] Level 1:colcon.colcon_core.environment:checking '/home/ubuntu/ros2_ws/install/pupper_interfaces/lib'
[7.853s] Level 1:colcon.colcon_core.shell:create_environment_hook('pupper_interfaces', 'ld_library_path_lib')
[7.854s] INFO:colcon.colcon_core.shell:Creating environment hook '/home/ubuntu/ros2_ws/install/pupper_interfaces/share/pupper_interfaces/hook/ld_library_path_lib.ps1'
[7.857s] INFO:colcon.colcon_core.shell:Creating environment descriptor '/home/ubuntu/ros2_ws/install/pupper_interfaces/share/pupper_interfaces/hook/ld_library_path_lib.dsv'
[7.861s] INFO:colcon.colcon_core.shell:Creating environment hook '/home/ubuntu/ros2_ws/install/pupper_interfaces/share/pupper_interfaces/hook/ld_library_path_lib.sh'
[7.864s] Level 1:colcon.colcon_core.environment:checking '/home/ubuntu/ros2_ws/install/pupper_interfaces/bin'
[7.865s] Level 1:colcon.colcon_core.environment:checking '/home/ubuntu/ros2_ws/install/pupper_interfaces/lib/pkgconfig/pupper_interfaces.pc'
[7.866s] Level 1:colcon.colcon_core.environment:checking '/home/ubuntu/ros2_ws/install/pupper_interfaces/lib/python3.10/site-packages'
[7.867s] Level 1:colcon.colcon_core.environment:checking '/home/ubuntu/ros2_ws/install/pupper_interfaces/bin'
[7.869s] INFO:colcon.colcon_core.shell:Creating package script '/home/ubuntu/ros2_ws/install/pupper_interfaces/share/pupper_interfaces/package.ps1'
[7.874s] INFO:colcon.colcon_core.shell:Creating package descriptor '/home/ubuntu/ros2_ws/install/pupper_interfaces/share/pupper_interfaces/package.dsv'
[7.877s] INFO:colcon.colcon_core.shell:Creating package script '/home/ubuntu/ros2_ws/install/pupper_interfaces/share/pupper_interfaces/package.sh'
[7.881s] INFO:colcon.colcon_core.shell:Creating package script '/home/ubuntu/ros2_ws/install/pupper_interfaces/share/pupper_interfaces/package.bash'
[7.885s] INFO:colcon.colcon_core.shell:Creating package script '/home/ubuntu/ros2_ws/install/pupper_interfaces/share/pupper_interfaces/package.zsh'
[7.889s] Level 1:colcon.colcon_core.environment:create_file_with_runtime_dependencies(/home/ubuntu/ros2_ws/install/pupper_interfaces/share/colcon-core/packages/pupper_interfaces)
[8.651s] Level 1:colcon.colcon_core.environment:create_environment_scripts_only(pupper_interfaces)
[8.652s] Level 1:colcon.colcon_core.environment:checking '/home/ubuntu/ros2_ws/install/pupper_interfaces' for CMake module files
[8.658s] Level 1:colcon.colcon_core.environment:checking '/home/ubuntu/ros2_ws/install/pupper_interfaces' for CMake config files
[8.662s] Level 1:colcon.colcon_core.shell:create_environment_hook('pupper_interfaces', 'cmake_prefix_path')
[8.664s] INFO:colcon.colcon_core.shell:Creating environment hook '/home/ubuntu/ros2_ws/install/pupper_interfaces/share/pupper_interfaces/hook/cmake_prefix_path.ps1'
[8.672s] INFO:colcon.colcon_core.shell:Creating environment descriptor '/home/ubuntu/ros2_ws/install/pupper_interfaces/share/pupper_interfaces/hook/cmake_prefix_path.dsv'
[8.675s] INFO:colcon.colcon_core.shell:Creating environment hook '/home/ubuntu/ros2_ws/install/pupper_interfaces/share/pupper_interfaces/hook/cmake_prefix_path.sh'
[8.682s] Level 1:colcon.colcon_core.environment:checking '/home/ubuntu/ros2_ws/install/pupper_interfaces/lib'
[8.683s] Level 1:colcon.colcon_core.shell:create_environment_hook('pupper_interfaces', 'ld_library_path_lib')
[8.685s] INFO:colcon.colcon_core.shell:Creating environment hook '/home/ubuntu/ros2_ws/install/pupper_interfaces/share/pupper_interfaces/hook/ld_library_path_lib.ps1'
[8.687s] INFO:colcon.colcon_core.shell:Creating environment descriptor '/home/ubuntu/ros2_ws/install/pupper_interfaces/share/pupper_interfaces/hook/ld_library_path_lib.dsv'
[8.690s] INFO:colcon.colcon_core.shell:Creating environment hook '/home/ubuntu/ros2_ws/install/pupper_interfaces/share/pupper_interfaces/hook/ld_library_path_lib.sh'
[8.692s] Level 1:colcon.colcon_core.environment:checking '/home/ubuntu/ros2_ws/install/pupper_interfaces/bin'
[8.693s] Level 1:colcon.colcon_core.environment:checking '/home/ubuntu/ros2_ws/install/pupper_interfaces/lib/pkgconfig/pupper_interfaces.pc'
[8.694s] Level 1:colcon.colcon_core.environment:checking '/home/ubuntu/ros2_ws/install/pupper_interfaces/lib/python3.10/site-packages'
[8.696s] Level 1:colcon.colcon_core.environment:checking '/home/ubuntu/ros2_ws/install/pupper_interfaces/bin'
[8.698s] INFO:colcon.colcon_core.shell:Creating package script '/home/ubuntu/ros2_ws/install/pupper_interfaces/share/pupper_interfaces/package.ps1'
[8.701s] INFO:colcon.colcon_core.shell:Creating package descriptor '/home/ubuntu/ros2_ws/install/pupper_interfaces/share/pupper_interfaces/package.dsv'
[8.704s] INFO:colcon.colcon_core.shell:Creating package script '/home/ubuntu/ros2_ws/install/pupper_interfaces/share/pupper_interfaces/package.sh'
[8.708s] INFO:colcon.colcon_core.shell:Creating package script '/home/ubuntu/ros2_ws/install/pupper_interfaces/share/pupper_interfaces/package.bash'
[8.711s] INFO:colcon.colcon_core.shell:Creating package script '/home/ubuntu/ros2_ws/install/pupper_interfaces/share/pupper_interfaces/package.zsh'
[8.714s] Level 1:colcon.colcon_core.environment:create_file_with_runtime_dependencies(/home/ubuntu/ros2_ws/install/pupper_interfaces/share/colcon-core/packages/pupper_interfaces)
[8.715s] DEBUG:colcon.colcon_parallel_executor.executor.parallel:closing loop
[8.717s] DEBUG:colcon.colcon_parallel_executor.executor.parallel:loop closed
[8.718s] DEBUG:colcon.colcon_parallel_executor.executor.parallel:run_until_complete finished with '0'
[8.718s] DEBUG:colcon.colcon_core.event_reactor:joining thread
[8.754s] INFO:colcon.colcon_core.plugin_system:Skipping extension 'colcon_notification.desktop_notification.terminal_notifier': Not used on non-Darwin systems
[8.755s] INFO:colcon.colcon_core.plugin_system:Skipping extension 'colcon_notification.desktop_notification.win32': Not used on non-Windows systems
[8.755s] INFO:colcon.colcon_notification.desktop_notification:Sending desktop notification using 'notify2'
[8.844s] DEBUG:colcon.colcon_core.event_reactor:joined thread
[8.846s] INFO:colcon.colcon_core.shell:Creating prefix script '/home/ubuntu/ros2_ws/install/local_setup.ps1'
[8.851s] INFO:colcon.colcon_core.shell:Creating prefix util module '/home/ubuntu/ros2_ws/install/_local_setup_util_ps1.py'
[8.860s] INFO:colcon.colcon_core.shell:Creating prefix chain script '/home/ubuntu/ros2_ws/install/setup.ps1'
[8.876s] INFO:colcon.colcon_core.shell:Creating prefix script '/home/ubuntu/ros2_ws/install/local_setup.sh'
[8.880s] INFO:colcon.colcon_core.shell:Creating prefix util module '/home/ubuntu/ros2_ws/install/_local_setup_util_sh.py'
[8.884s] INFO:colcon.colcon_core.shell:Creating prefix chain script '/home/ubuntu/ros2_ws/install/setup.sh'
[8.907s] INFO:colcon.colcon_core.shell:Creating prefix script '/home/ubuntu/ros2_ws/install/local_setup.bash'
[8.916s] INFO:colcon.colcon_core.shell:Creating prefix chain script '/home/ubuntu/ros2_ws/install/setup.bash'
[8.961s] INFO:colcon.colcon_core.shell:Creating prefix script '/home/ubuntu/ros2_ws/install/local_setup.zsh'
[8.974s] INFO:colcon.colcon_core.shell:Creating prefix chain script '/home/ubuntu/ros2_ws/install/setup.zsh'
