[0.380s] Invoking command in '/home/ubuntu/ros2_ws/build/pupper_interfaces': CMAKE_PREFIX_PATH=${CMAKE_PREFIX_PATH}:/home/ubuntu/ros2_ws/install/go_pupper_srv:/home/ubuntu/ros2_ws/install/mini_pupper_music:/home/ubuntu/ros2_ws/install/mini_pupper_dance:/home/ubuntu/ros2_ws/install/mini_pupper_driver:/opt/ros/humble /usr/bin/cmake --build /home/ubuntu/ros2_ws/build/pupper_interfaces -- -j4 -l4
[1.474s] [  2%] Built target pupper_interfaces__cpp
[1.556s] [ 12%] Built target pupper_interfaces__rosidl_generator_c
[1.867s] [ 12%] Built target ament_cmake_python_copy_pupper_interfaces
[1.948s] [ 23%] Built target pupper_interfaces__rosidl_typesupport_cpp
[1.953s] [ 33%] Built target pupper_interfaces__rosidl_typesupport_fastrtps_cpp
[2.201s] [ 43%] Built target pupper_interfaces__rosidl_typesupport_introspection_cpp
[2.362s] [ 53%] Built target pupper_interfaces__rosidl_typesupport_introspection_c
[2.454s] [ 64%] Built target pupper_interfaces__rosidl_typesupport_fastrtps_c
[2.458s] [ 74%] Built target pupper_interfaces__rosidl_typesupport_c
[2.762s] [ 74%] Built target pupper_interfaces
[3.034s] [ 76%] Built target pupper_interfaces__py
[3.403s] [ 84%] Built target pupper_interfaces__rosidl_generator_py
[3.943s] [ 89%] Built target pupper_interfaces__rosidl_typesupport_fastrtps_c__pyext
[3.999s] [100%] Built target pupper_interfaces__rosidl_typesupport_introspection_c__pyext
[4.007s] [100%] Built target pupper_interfaces__rosidl_typesupport_c__pyext
[7.125s] running egg_info
[7.139s] writing pupper_interfaces.egg-info/PKG-INFO
[7.167s] writing dependency_links to pupper_interfaces.egg-info/dependency_links.txt
[7.171s] writing top-level names to pupper_interfaces.egg-info/top_level.txt
[7.218s] reading manifest file 'pupper_interfaces.egg-info/SOURCES.txt'
[7.226s] writing manifest file 'pupper_interfaces.egg-info/SOURCES.txt'
[7.601s] [100%] Built target ament_cmake_python_build_pupper_interfaces_egg
[7.776s] Invoked command in '/home/ubuntu/ros2_ws/build/pupper_interfaces' returned '0': CMAKE_PREFIX_PATH=${CMAKE_PREFIX_PATH}:/home/ubuntu/ros2_ws/install/go_pupper_srv:/home/ubuntu/ros2_ws/install/mini_pupper_music:/home/ubuntu/ros2_ws/install/mini_pupper_dance:/home/ubuntu/ros2_ws/install/mini_pupper_driver:/opt/ros/humble /usr/bin/cmake --build /home/ubuntu/ros2_ws/build/pupper_interfaces -- -j4 -l4
[9.511s] Invoking command in '/home/ubuntu/ros2_ws/build/pupper_interfaces': CMAKE_PREFIX_PATH=${CMAKE_PREFIX_PATH}:/home/ubuntu/ros2_ws/install/go_pupper_srv:/home/ubuntu/ros2_ws/install/mini_pupper_music:/home/ubuntu/ros2_ws/install/mini_pupper_dance:/home/ubuntu/ros2_ws/install/mini_pupper_driver:/opt/ros/humble /usr/bin/cmake --install /home/ubuntu/ros2_ws/build/pupper_interfaces
[9.609s] -- Install configuration: ""
[9.611s] -- Up-to-date: /home/ubuntu/ros2_ws/install/pupper_interfaces/share/ament_index/resource_index/rosidl_interfaces/pupper_interfaces
[9.615s] -- Up-to-date: /home/ubuntu/ros2_ws/install/pupper_interfaces/include/pupper_interfaces/pupper_interfaces
[9.626s] -- Up-to-date: /home/ubuntu/ros2_ws/install/pupper_interfaces/include/pupper_interfaces/pupper_interfaces/srv
[9.627s] -- Up-to-date: /home/ubuntu/ros2_ws/install/pupper_interfaces/include/pupper_interfaces/pupper_interfaces/srv/go_pupper.h
[9.627s] -- Up-to-date: /home/ubuntu/ros2_ws/install/pupper_interfaces/include/pupper_interfaces/pupper_interfaces/srv/detail
[9.628s] -- Up-to-date: /home/ubuntu/ros2_ws/install/pupper_interfaces/include/pupper_interfaces/pupper_interfaces/srv/detail/go_pupper__functions.h
[9.628s] -- Up-to-date: /home/ubuntu/ros2_ws/install/pupper_interfaces/include/pupper_interfaces/pupper_interfaces/srv/detail/go_pupper__functions.c
[9.629s] -- Up-to-date: /home/ubuntu/ros2_ws/install/pupper_interfaces/include/pupper_interfaces/pupper_interfaces/srv/detail/go_pupper__type_support.h
[9.630s] -- Up-to-date: /home/ubuntu/ros2_ws/install/pupper_interfaces/include/pupper_interfaces/pupper_interfaces/srv/detail/go_pupper__struct.h
[9.631s] -- Up-to-date: /home/ubuntu/ros2_ws/install/pupper_interfaces/include/pupper_interfaces/pupper_interfaces/msg
[9.631s] -- Up-to-date: /home/ubuntu/ros2_ws/install/pupper_interfaces/include/pupper_interfaces/pupper_interfaces/msg/command.h
[9.632s] -- Up-to-date: /home/ubuntu/ros2_ws/install/pupper_interfaces/include/pupper_interfaces/pupper_interfaces/msg/detail
[9.632s] -- Up-to-date: /home/ubuntu/ros2_ws/install/pupper_interfaces/include/pupper_interfaces/pupper_interfaces/msg/detail/command__struct.h
[9.632s] -- Up-to-date: /home/ubuntu/ros2_ws/install/pupper_interfaces/include/pupper_interfaces/pupper_interfaces/msg/detail/command__functions.c
[9.633s] -- Up-to-date: /home/ubuntu/ros2_ws/install/pupper_interfaces/include/pupper_interfaces/pupper_interfaces/msg/detail/command__functions.h
[9.633s] -- Up-to-date: /home/ubuntu/ros2_ws/install/pupper_interfaces/include/pupper_interfaces/pupper_interfaces/msg/detail/command__type_support.h
[9.634s] -- Up-to-date: /home/ubuntu/ros2_ws/install/pupper_interfaces/include/pupper_interfaces/pupper_interfaces/msg/rosidl_generator_c__visibility_control.h
[9.634s] -- Up-to-date: /home/ubuntu/ros2_ws/install/pupper_interfaces/share/pupper_interfaces/environment/library_path.sh
[9.634s] -- Up-to-date: /home/ubuntu/ros2_ws/install/pupper_interfaces/share/pupper_interfaces/environment/library_path.dsv
[9.660s] -- Up-to-date: /home/ubuntu/ros2_ws/install/pupper_interfaces/lib/libpupper_interfaces__rosidl_generator_c.so
[9.662s] -- Up-to-date: /home/ubuntu/ros2_ws/install/pupper_interfaces/include/pupper_interfaces/pupper_interfaces
[9.662s] -- Up-to-date: /home/ubuntu/ros2_ws/install/pupper_interfaces/include/pupper_interfaces/pupper_interfaces/srv
[9.664s] -- Up-to-date: /home/ubuntu/ros2_ws/install/pupper_interfaces/include/pupper_interfaces/pupper_interfaces/srv/detail
[9.665s] -- Up-to-date: /home/ubuntu/ros2_ws/install/pupper_interfaces/include/pupper_interfaces/pupper_interfaces/srv/detail/go_pupper__rosidl_typesupport_fastrtps_c.h
[9.665s] -- Up-to-date: /home/ubuntu/ros2_ws/install/pupper_interfaces/include/pupper_interfaces/pupper_interfaces/msg
[9.666s] -- Up-to-date: /home/ubuntu/ros2_ws/install/pupper_interfaces/include/pupper_interfaces/pupper_interfaces/msg/rosidl_typesupport_fastrtps_c__visibility_control.h
[9.666s] -- Up-to-date: /home/ubuntu/ros2_ws/install/pupper_interfaces/include/pupper_interfaces/pupper_interfaces/msg/detail
[9.667s] -- Up-to-date: /home/ubuntu/ros2_ws/install/pupper_interfaces/include/pupper_interfaces/pupper_interfaces/msg/detail/command__rosidl_typesupport_fastrtps_c.h
[9.691s] -- Up-to-date: /home/ubuntu/ros2_ws/install/pupper_interfaces/lib/libpupper_interfaces__rosidl_typesupport_fastrtps_c.so
[9.692s] -- Up-to-date: /home/ubuntu/ros2_ws/install/pupper_interfaces/include/pupper_interfaces/pupper_interfaces
[9.706s] -- Up-to-date: /home/ubuntu/ros2_ws/install/pupper_interfaces/include/pupper_interfaces/pupper_interfaces/srv
[9.707s] -- Up-to-date: /home/ubuntu/ros2_ws/install/pupper_interfaces/include/pupper_interfaces/pupper_interfaces/srv/detail
[9.708s] -- Up-to-date: /home/ubuntu/ros2_ws/install/pupper_interfaces/include/pupper_interfaces/pupper_interfaces/srv/detail/go_pupper__type_support.c
[9.709s] -- Up-to-date: /home/ubuntu/ros2_ws/install/pupper_interfaces/include/pupper_interfaces/pupper_interfaces/srv/detail/go_pupper__rosidl_typesupport_introspection_c.h
[9.709s] -- Up-to-date: /home/ubuntu/ros2_ws/install/pupper_interfaces/include/pupper_interfaces/pupper_interfaces/msg
[9.710s] -- Up-to-date: /home/ubuntu/ros2_ws/install/pupper_interfaces/include/pupper_interfaces/pupper_interfaces/msg/detail
[9.710s] -- Up-to-date: /home/ubuntu/ros2_ws/install/pupper_interfaces/include/pupper_interfaces/pupper_interfaces/msg/detail/command__rosidl_typesupport_introspection_c.h
[9.711s] -- Up-to-date: /home/ubuntu/ros2_ws/install/pupper_interfaces/include/pupper_interfaces/pupper_interfaces/msg/detail/command__type_support.c
[9.712s] -- Up-to-date: /home/ubuntu/ros2_ws/install/pupper_interfaces/include/pupper_interfaces/pupper_interfaces/msg/rosidl_typesupport_introspection_c__visibility_control.h
[9.712s] -- Up-to-date: /home/ubuntu/ros2_ws/install/pupper_interfaces/lib/libpupper_interfaces__rosidl_typesupport_introspection_c.so
[9.714s] -- Up-to-date: /home/ubuntu/ros2_ws/install/pupper_interfaces/lib/libpupper_interfaces__rosidl_typesupport_c.so
[9.718s] -- Up-to-date: /home/ubuntu/ros2_ws/install/pupper_interfaces/include/pupper_interfaces/pupper_interfaces
[9.720s] -- Up-to-date: /home/ubuntu/ros2_ws/install/pupper_interfaces/include/pupper_interfaces/pupper_interfaces/srv
[9.727s] -- Up-to-date: /home/ubuntu/ros2_ws/install/pupper_interfaces/include/pupper_interfaces/pupper_interfaces/srv/detail
[9.739s] -- Up-to-date: /home/ubuntu/ros2_ws/install/pupper_interfaces/include/pupper_interfaces/pupper_interfaces/srv/detail/go_pupper__builder.hpp
[9.742s] -- Up-to-date: /home/ubuntu/ros2_ws/install/pupper_interfaces/include/pupper_interfaces/pupper_interfaces/srv/detail/go_pupper__struct.hpp
[9.744s] -- Up-to-date: /home/ubuntu/ros2_ws/install/pupper_interfaces/include/pupper_interfaces/pupper_interfaces/srv/detail/go_pupper__traits.hpp
[9.745s] -- Up-to-date: /home/ubuntu/ros2_ws/install/pupper_interfaces/include/pupper_interfaces/pupper_interfaces/srv/go_pupper.hpp
[9.745s] -- Up-to-date: /home/ubuntu/ros2_ws/install/pupper_interfaces/include/pupper_interfaces/pupper_interfaces/msg
[9.751s] -- Up-to-date: /home/ubuntu/ros2_ws/install/pupper_interfaces/include/pupper_interfaces/pupper_interfaces/msg/command.hpp
[9.756s] -- Up-to-date: /home/ubuntu/ros2_ws/install/pupper_interfaces/include/pupper_interfaces/pupper_interfaces/msg/detail
[9.757s] -- Up-to-date: /home/ubuntu/ros2_ws/install/pupper_interfaces/include/pupper_interfaces/pupper_interfaces/msg/detail/command__builder.hpp
[9.758s] -- Up-to-date: /home/ubuntu/ros2_ws/install/pupper_interfaces/include/pupper_interfaces/pupper_interfaces/msg/detail/command__struct.hpp
[9.759s] -- Up-to-date: /home/ubuntu/ros2_ws/install/pupper_interfaces/include/pupper_interfaces/pupper_interfaces/msg/detail/command__traits.hpp
[9.759s] -- Up-to-date: /home/ubuntu/ros2_ws/install/pupper_interfaces/include/pupper_interfaces/pupper_interfaces
[9.760s] -- Up-to-date: /home/ubuntu/ros2_ws/install/pupper_interfaces/include/pupper_interfaces/pupper_interfaces/srv
[9.760s] -- Up-to-date: /home/ubuntu/ros2_ws/install/pupper_interfaces/include/pupper_interfaces/pupper_interfaces/srv/detail
[9.760s] -- Up-to-date: /home/ubuntu/ros2_ws/install/pupper_interfaces/include/pupper_interfaces/pupper_interfaces/srv/detail/dds_fastrtps
[9.761s] -- Up-to-date: /home/ubuntu/ros2_ws/install/pupper_interfaces/include/pupper_interfaces/pupper_interfaces/srv/detail/go_pupper__rosidl_typesupport_fastrtps_cpp.hpp
[9.761s] -- Up-to-date: /home/ubuntu/ros2_ws/install/pupper_interfaces/include/pupper_interfaces/pupper_interfaces/msg
[9.762s] -- Up-to-date: /home/ubuntu/ros2_ws/install/pupper_interfaces/include/pupper_interfaces/pupper_interfaces/msg/rosidl_typesupport_fastrtps_cpp__visibility_control.h
[9.763s] -- Up-to-date: /home/ubuntu/ros2_ws/install/pupper_interfaces/include/pupper_interfaces/pupper_interfaces/msg/detail
[9.763s] -- Up-to-date: /home/ubuntu/ros2_ws/install/pupper_interfaces/include/pupper_interfaces/pupper_interfaces/msg/detail/command__rosidl_typesupport_fastrtps_cpp.hpp
[9.763s] -- Up-to-date: /home/ubuntu/ros2_ws/install/pupper_interfaces/include/pupper_interfaces/pupper_interfaces/msg/detail/dds_fastrtps
[9.764s] -- Up-to-date: /home/ubuntu/ros2_ws/install/pupper_interfaces/lib/libpupper_interfaces__rosidl_typesupport_fastrtps_cpp.so
[9.765s] -- Up-to-date: /home/ubuntu/ros2_ws/install/pupper_interfaces/include/pupper_interfaces/pupper_interfaces
[9.765s] -- Up-to-date: /home/ubuntu/ros2_ws/install/pupper_interfaces/include/pupper_interfaces/pupper_interfaces/srv
[9.778s] -- Up-to-date: /home/ubuntu/ros2_ws/install/pupper_interfaces/include/pupper_interfaces/pupper_interfaces/srv/detail
[9.779s] -- Up-to-date: /home/ubuntu/ros2_ws/install/pupper_interfaces/include/pupper_interfaces/pupper_interfaces/srv/detail/go_pupper__type_support.cpp
[9.780s] -- Up-to-date: /home/ubuntu/ros2_ws/install/pupper_interfaces/include/pupper_interfaces/pupper_interfaces/srv/detail/go_pupper__rosidl_typesupport_introspection_cpp.hpp
[9.790s] -- Up-to-date: /home/ubuntu/ros2_ws/install/pupper_interfaces/include/pupper_interfaces/pupper_interfaces/msg
[9.793s] -- Up-to-date: /home/ubuntu/ros2_ws/install/pupper_interfaces/include/pupper_interfaces/pupper_interfaces/msg/detail
[9.800s] -- Up-to-date: /home/ubuntu/ros2_ws/install/pupper_interfaces/include/pupper_interfaces/pupper_interfaces/msg/detail/command__rosidl_typesupport_introspection_cpp.hpp
[9.807s] -- Up-to-date: /home/ubuntu/ros2_ws/install/pupper_interfaces/include/pupper_interfaces/pupper_interfaces/msg/detail/command__type_support.cpp
[9.808s] -- Up-to-date: /home/ubuntu/ros2_ws/install/pupper_interfaces/lib/libpupper_interfaces__rosidl_typesupport_introspection_cpp.so
[9.808s] -- Up-to-date: /home/ubuntu/ros2_ws/install/pupper_interfaces/lib/libpupper_interfaces__rosidl_typesupport_cpp.so
[9.809s] -- Up-to-date: /home/ubuntu/ros2_ws/install/pupper_interfaces/share/pupper_interfaces/environment/pythonpath.sh
[9.809s] -- Up-to-date: /home/ubuntu/ros2_ws/install/pupper_interfaces/share/pupper_interfaces/environment/pythonpath.dsv
[9.810s] -- Up-to-date: /home/ubuntu/ros2_ws/install/pupper_interfaces/local/lib/python3.10/dist-packages/pupper_interfaces-0.0.0-py3.10.egg-info
[9.810s] -- Installing: /home/ubuntu/ros2_ws/install/pupper_interfaces/local/lib/python3.10/dist-packages/pupper_interfaces-0.0.0-py3.10.egg-info/SOURCES.txt
[9.811s] -- Installing: /home/ubuntu/ros2_ws/install/pupper_interfaces/local/lib/python3.10/dist-packages/pupper_interfaces-0.0.0-py3.10.egg-info/dependency_links.txt
[9.811s] -- Installing: /home/ubuntu/ros2_ws/install/pupper_interfaces/local/lib/python3.10/dist-packages/pupper_interfaces-0.0.0-py3.10.egg-info/PKG-INFO
[9.812s] -- Installing: /home/ubuntu/ros2_ws/install/pupper_interfaces/local/lib/python3.10/dist-packages/pupper_interfaces-0.0.0-py3.10.egg-info/top_level.txt
[9.813s] -- Up-to-date: /home/ubuntu/ros2_ws/install/pupper_interfaces/local/lib/python3.10/dist-packages/pupper_interfaces
[9.814s] -- Up-to-date: /home/ubuntu/ros2_ws/install/pupper_interfaces/local/lib/python3.10/dist-packages/pupper_interfaces/__init__.py
[9.814s] -- Up-to-date: /home/ubuntu/ros2_ws/install/pupper_interfaces/local/lib/python3.10/dist-packages/pupper_interfaces/_pupper_interfaces_s.ep.rosidl_typesupport_fastrtps_c.c
[9.815s] -- Up-to-date: /home/ubuntu/ros2_ws/install/pupper_interfaces/local/lib/python3.10/dist-packages/pupper_interfaces/_pupper_interfaces_s.ep.rosidl_typesupport_c.c
[9.815s] -- Up-to-date: /home/ubuntu/ros2_ws/install/pupper_interfaces/local/lib/python3.10/dist-packages/pupper_interfaces/_pupper_interfaces_s.ep.rosidl_typesupport_introspection_c.c
[9.816s] -- Up-to-date: /home/ubuntu/ros2_ws/install/pupper_interfaces/local/lib/python3.10/dist-packages/pupper_interfaces/libpupper_interfaces__rosidl_generator_py.so
[9.823s] -- Up-to-date: /home/ubuntu/ros2_ws/install/pupper_interfaces/local/lib/python3.10/dist-packages/pupper_interfaces/pupper_interfaces_s__rosidl_typesupport_introspection_c.cpython-310-aarch64-linux-gnu.so
[9.824s] -- Up-to-date: /home/ubuntu/ros2_ws/install/pupper_interfaces/local/lib/python3.10/dist-packages/pupper_interfaces/srv
[9.827s] -- Up-to-date: /home/ubuntu/ros2_ws/install/pupper_interfaces/local/lib/python3.10/dist-packages/pupper_interfaces/srv/__init__.py
[9.827s] -- Up-to-date: /home/ubuntu/ros2_ws/install/pupper_interfaces/local/lib/python3.10/dist-packages/pupper_interfaces/srv/_go_pupper.py
[9.828s] -- Up-to-date: /home/ubuntu/ros2_ws/install/pupper_interfaces/local/lib/python3.10/dist-packages/pupper_interfaces/srv/_go_pupper_s.c
[9.828s] -- Up-to-date: /home/ubuntu/ros2_ws/install/pupper_interfaces/local/lib/python3.10/dist-packages/pupper_interfaces/pupper_interfaces_s__rosidl_typesupport_c.cpython-310-aarch64-linux-gnu.so
[9.829s] -- Up-to-date: /home/ubuntu/ros2_ws/install/pupper_interfaces/local/lib/python3.10/dist-packages/pupper_interfaces/pupper_interfaces_s__rosidl_typesupport_fastrtps_c.cpython-310-aarch64-linux-gnu.so
[9.829s] -- Up-to-date: /home/ubuntu/ros2_ws/install/pupper_interfaces/local/lib/python3.10/dist-packages/pupper_interfaces/msg
[9.837s] -- Up-to-date: /home/ubuntu/ros2_ws/install/pupper_interfaces/local/lib/python3.10/dist-packages/pupper_interfaces/msg/__init__.py
[9.837s] -- Up-to-date: /home/ubuntu/ros2_ws/install/pupper_interfaces/local/lib/python3.10/dist-packages/pupper_interfaces/msg/_command.py
[9.838s] -- Up-to-date: /home/ubuntu/ros2_ws/install/pupper_interfaces/local/lib/python3.10/dist-packages/pupper_interfaces/msg/_command_s.c
[10.259s] Listing '/home/ubuntu/ros2_ws/install/pupper_interfaces/local/lib/python3.10/dist-packages/pupper_interfaces'...
[10.261s] Listing '/home/ubuntu/ros2_ws/install/pupper_interfaces/local/lib/python3.10/dist-packages/pupper_interfaces/msg'...
[10.270s] Listing '/home/ubuntu/ros2_ws/install/pupper_interfaces/local/lib/python3.10/dist-packages/pupper_interfaces/srv'...
[10.341s] -- Up-to-date: /home/ubuntu/ros2_ws/install/pupper_interfaces/local/lib/python3.10/dist-packages/pupper_interfaces/pupper_interfaces_s__rosidl_typesupport_fastrtps_c.cpython-310-aarch64-linux-gnu.so
[10.344s] -- Up-to-date: /home/ubuntu/ros2_ws/install/pupper_interfaces/local/lib/python3.10/dist-packages/pupper_interfaces/pupper_interfaces_s__rosidl_typesupport_introspection_c.cpython-310-aarch64-linux-gnu.so
[10.348s] -- Up-to-date: /home/ubuntu/ros2_ws/install/pupper_interfaces/local/lib/python3.10/dist-packages/pupper_interfaces/pupper_interfaces_s__rosidl_typesupport_c.cpython-310-aarch64-linux-gnu.so
[10.350s] -- Up-to-date: /home/ubuntu/ros2_ws/install/pupper_interfaces/lib/libpupper_interfaces__rosidl_generator_py.so
[10.360s] -- Up-to-date: /home/ubuntu/ros2_ws/install/pupper_interfaces/share/pupper_interfaces/msg/Command.idl
[10.360s] -- Up-to-date: /home/ubuntu/ros2_ws/install/pupper_interfaces/share/pupper_interfaces/srv/GoPupper.idl
[10.361s] -- Up-to-date: /home/ubuntu/ros2_ws/install/pupper_interfaces/share/pupper_interfaces/msg/Command.msg
[10.362s] -- Up-to-date: /home/ubuntu/ros2_ws/install/pupper_interfaces/share/pupper_interfaces/srv/GoPupper.srv
[10.362s] -- Up-to-date: /home/ubuntu/ros2_ws/install/pupper_interfaces/share/pupper_interfaces/srv/GoPupper_Request.msg
[10.363s] -- Up-to-date: /home/ubuntu/ros2_ws/install/pupper_interfaces/share/pupper_interfaces/srv/GoPupper_Response.msg
[10.363s] -- Up-to-date: /home/ubuntu/ros2_ws/install/pupper_interfaces/share/ament_index/resource_index/package_run_dependencies/pupper_interfaces
[10.364s] -- Up-to-date: /home/ubuntu/ros2_ws/install/pupper_interfaces/share/ament_index/resource_index/parent_prefix_path/pupper_interfaces
[10.365s] -- Up-to-date: /home/ubuntu/ros2_ws/install/pupper_interfaces/share/pupper_interfaces/environment/ament_prefix_path.sh
[10.366s] -- Up-to-date: /home/ubuntu/ros2_ws/install/pupper_interfaces/share/pupper_interfaces/environment/ament_prefix_path.dsv
[10.367s] -- Up-to-date: /home/ubuntu/ros2_ws/install/pupper_interfaces/share/pupper_interfaces/environment/path.sh
[10.367s] -- Up-to-date: /home/ubuntu/ros2_ws/install/pupper_interfaces/share/pupper_interfaces/environment/path.dsv
[10.368s] -- Up-to-date: /home/ubuntu/ros2_ws/install/pupper_interfaces/share/pupper_interfaces/local_setup.bash
[10.368s] -- Up-to-date: /home/ubuntu/ros2_ws/install/pupper_interfaces/share/pupper_interfaces/local_setup.sh
[10.369s] -- Up-to-date: /home/ubuntu/ros2_ws/install/pupper_interfaces/share/pupper_interfaces/local_setup.zsh
[10.386s] -- Up-to-date: /home/ubuntu/ros2_ws/install/pupper_interfaces/share/pupper_interfaces/local_setup.dsv
[10.387s] -- Installing: /home/ubuntu/ros2_ws/install/pupper_interfaces/share/pupper_interfaces/package.dsv
[10.388s] -- Up-to-date: /home/ubuntu/ros2_ws/install/pupper_interfaces/share/ament_index/resource_index/packages/pupper_interfaces
[10.388s] -- Up-to-date: /home/ubuntu/ros2_ws/install/pupper_interfaces/share/pupper_interfaces/cmake/export_pupper_interfaces__rosidl_generator_cExport.cmake
[10.389s] -- Up-to-date: /home/ubuntu/ros2_ws/install/pupper_interfaces/share/pupper_interfaces/cmake/export_pupper_interfaces__rosidl_generator_cExport-noconfig.cmake
[10.391s] -- Up-to-date: /home/ubuntu/ros2_ws/install/pupper_interfaces/share/pupper_interfaces/cmake/export_pupper_interfaces__rosidl_typesupport_fastrtps_cExport.cmake
[10.391s] -- Up-to-date: /home/ubuntu/ros2_ws/install/pupper_interfaces/share/pupper_interfaces/cmake/export_pupper_interfaces__rosidl_typesupport_fastrtps_cExport-noconfig.cmake
[10.392s] -- Up-to-date: /home/ubuntu/ros2_ws/install/pupper_interfaces/share/pupper_interfaces/cmake/pupper_interfaces__rosidl_typesupport_introspection_cExport.cmake
[10.392s] -- Up-to-date: /home/ubuntu/ros2_ws/install/pupper_interfaces/share/pupper_interfaces/cmake/pupper_interfaces__rosidl_typesupport_introspection_cExport-noconfig.cmake
[10.404s] -- Up-to-date: /home/ubuntu/ros2_ws/install/pupper_interfaces/share/pupper_interfaces/cmake/pupper_interfaces__rosidl_typesupport_cExport.cmake
[10.406s] -- Up-to-date: /home/ubuntu/ros2_ws/install/pupper_interfaces/share/pupper_interfaces/cmake/pupper_interfaces__rosidl_typesupport_cExport-noconfig.cmake
[10.412s] -- Up-to-date: /home/ubuntu/ros2_ws/install/pupper_interfaces/share/pupper_interfaces/cmake/export_pupper_interfaces__rosidl_generator_cppExport.cmake
[10.414s] -- Up-to-date: /home/ubuntu/ros2_ws/install/pupper_interfaces/share/pupper_interfaces/cmake/export_pupper_interfaces__rosidl_typesupport_fastrtps_cppExport.cmake
[10.415s] -- Up-to-date: /home/ubuntu/ros2_ws/install/pupper_interfaces/share/pupper_interfaces/cmake/export_pupper_interfaces__rosidl_typesupport_fastrtps_cppExport-noconfig.cmake
[10.441s] -- Up-to-date: /home/ubuntu/ros2_ws/install/pupper_interfaces/share/pupper_interfaces/cmake/pupper_interfaces__rosidl_typesupport_introspection_cppExport.cmake
[10.442s] -- Up-to-date: /home/ubuntu/ros2_ws/install/pupper_interfaces/share/pupper_interfaces/cmake/pupper_interfaces__rosidl_typesupport_introspection_cppExport-noconfig.cmake
[10.442s] -- Up-to-date: /home/ubuntu/ros2_ws/install/pupper_interfaces/share/pupper_interfaces/cmake/pupper_interfaces__rosidl_typesupport_cppExport.cmake
[10.467s] -- Up-to-date: /home/ubuntu/ros2_ws/install/pupper_interfaces/share/pupper_interfaces/cmake/pupper_interfaces__rosidl_typesupport_cppExport-noconfig.cmake
[10.468s] -- Up-to-date: /home/ubuntu/ros2_ws/install/pupper_interfaces/share/pupper_interfaces/cmake/export_pupper_interfaces__rosidl_generator_pyExport.cmake
[10.468s] -- Up-to-date: /home/ubuntu/ros2_ws/install/pupper_interfaces/share/pupper_interfaces/cmake/export_pupper_interfaces__rosidl_generator_pyExport-noconfig.cmake
[10.469s] -- Up-to-date: /home/ubuntu/ros2_ws/install/pupper_interfaces/share/pupper_interfaces/cmake/rosidl_cmake-extras.cmake
[10.469s] -- Up-to-date: /home/ubuntu/ros2_ws/install/pupper_interfaces/share/pupper_interfaces/cmake/ament_cmake_export_dependencies-extras.cmake
[10.476s] -- Up-to-date: /home/ubuntu/ros2_ws/install/pupper_interfaces/share/pupper_interfaces/cmake/ament_cmake_export_include_directories-extras.cmake
[10.477s] -- Up-to-date: /home/ubuntu/ros2_ws/install/pupper_interfaces/share/pupper_interfaces/cmake/ament_cmake_export_libraries-extras.cmake
[10.478s] -- Up-to-date: /home/ubuntu/ros2_ws/install/pupper_interfaces/share/pupper_interfaces/cmake/ament_cmake_export_targets-extras.cmake
[10.478s] -- Up-to-date: /home/ubuntu/ros2_ws/install/pupper_interfaces/share/pupper_interfaces/cmake/rosidl_cmake_export_typesupport_targets-extras.cmake
[10.479s] -- Up-to-date: /home/ubuntu/ros2_ws/install/pupper_interfaces/share/pupper_interfaces/cmake/rosidl_cmake_export_typesupport_libraries-extras.cmake
[10.479s] -- Up-to-date: /home/ubuntu/ros2_ws/install/pupper_interfaces/share/pupper_interfaces/cmake/pupper_interfacesConfig.cmake
[10.479s] -- Up-to-date: /home/ubuntu/ros2_ws/install/pupper_interfaces/share/pupper_interfaces/cmake/pupper_interfacesConfig-version.cmake
[10.484s] -- Up-to-date: /home/ubuntu/ros2_ws/install/pupper_interfaces/share/pupper_interfaces/package.xml
[10.492s] Invoked command in '/home/ubuntu/ros2_ws/build/pupper_interfaces' returned '0': CMAKE_PREFIX_PATH=${CMAKE_PREFIX_PATH}:/home/ubuntu/ros2_ws/install/go_pupper_srv:/home/ubuntu/ros2_ws/install/mini_pupper_music:/home/ubuntu/ros2_ws/install/mini_pupper_dance:/home/ubuntu/ros2_ws/install/mini_pupper_driver:/opt/ros/humble /usr/bin/cmake --install /home/ubuntu/ros2_ws/build/pupper_interfaces
