[0.235s] Invoking command in '/home/ubuntu/ros2_ws/build/champ_msgs': CMAKE_PREFIX_PATH=${CMAKE_PREFIX_PATH}:/home/ubuntu/ros2_ws/install/go_pupper_srv:/home/ubuntu/ros2_ws/install/mini_pupper_music:/home/ubuntu/ros2_ws/install/mini_pupper_dance:/home/ubuntu/ros2_ws/install/mini_pupper_driver:/opt/ros/humble /usr/bin/cmake /home/ubuntu/ros2_ws/src/champ/champ/champ_msgs -DCMAKE_INSTALL_PREFIX=/home/ubuntu/ros2_ws/install/champ_msgs
[0.329s] -- Found ament_cmake: 1.3.8 (/opt/ros/humble/share/ament_cmake/cmake)
[2.030s] -- Override CMake install command with custom implementation using symlinks instead of copying resources
[2.161s] -- Found rosidl_default_generators: 1.2.0 (/opt/ros/humble/share/rosidl_default_generators/cmake)
[2.230s] -- Using all available rosidl_typesupport_c: rosidl_typesupport_fastrtps_c;rosidl_typesupport_introspection_c
[2.267s] -- Found rosidl_adapter: 3.1.5 (/opt/ros/humble/share/rosidl_adapter/cmake)
[2.757s] -- Using all available rosidl_typesupport_cpp: rosidl_typesupport_fastrtps_cpp;rosidl_typesupport_introspection_cpp
[3.087s] -- Found std_msgs: 4.2.3 (/opt/ros/humble/share/std_msgs/cmake)
[3.521s] -- Found geometry_msgs: 4.2.3 (/opt/ros/humble/share/geometry_msgs/cmake)
[8.772s] -- Found ament_cmake_ros: 0.10.0 (/opt/ros/humble/share/ament_cmake_ros/cmake)
[11.753s] -- Using all available rosidl_typesupport_c: rosidl_typesupport_fastrtps_c;rosidl_typesupport_introspection_c
[16.276s] -- Using all available rosidl_typesupport_cpp: rosidl_typesupport_fastrtps_cpp;rosidl_typesupport_introspection_cpp
[16.519s] -- Found python_cmake_module: 0.10.0 (/opt/ros/humble/share/python_cmake_module/cmake)
[16.854s] -- Using PYTHON_EXECUTABLE: /usr/bin/python3
[16.867s] -- Using PYTHON_INCLUDE_DIRS: /usr/include/python3.10
[16.869s] -- Using PYTHON_LIBRARIES: /usr/lib/aarch64-linux-gnu/libpython3.10.so
[17.472s] -- Found ament_lint_auto: 0.12.10 (/opt/ros/humble/share/ament_lint_auto/cmake)
[17.773s] -- Configuring done
[19.125s] -- Generating done
[19.175s] -- Build files have been written to: /home/ubuntu/ros2_ws/build/champ_msgs
[19.250s] Invoked command in '/home/ubuntu/ros2_ws/build/champ_msgs' returned '0': CMAKE_PREFIX_PATH=${CMAKE_PREFIX_PATH}:/home/ubuntu/ros2_ws/install/go_pupper_srv:/home/ubuntu/ros2_ws/install/mini_pupper_music:/home/ubuntu/ros2_ws/install/mini_pupper_dance:/home/ubuntu/ros2_ws/install/mini_pupper_driver:/opt/ros/humble /usr/bin/cmake /home/ubuntu/ros2_ws/src/champ/champ/champ_msgs -DCMAKE_INSTALL_PREFIX=/home/ubuntu/ros2_ws/install/champ_msgs
[19.260s] Invoking command in '/home/ubuntu/ros2_ws/build/champ_msgs': CMAKE_PREFIX_PATH=${CMAKE_PREFIX_PATH}:/home/ubuntu/ros2_ws/install/go_pupper_srv:/home/ubuntu/ros2_ws/install/mini_pupper_music:/home/ubuntu/ros2_ws/install/mini_pupper_dance:/home/ubuntu/ros2_ws/install/mini_pupper_driver:/opt/ros/humble /usr/bin/cmake --build /home/ubuntu/ros2_ws/build/champ_msgs -- -j4 -l4
[20.175s] [35m[1mConsolidate compiler generated dependencies of target champ_msgs__rosidl_generator_c[0m
[20.185s] [  1%] Built target champ_msgs__cpp
[20.350s] [  1%] Built target ament_cmake_python_symlink_champ_msgs
[20.380s] [35m[1mConsolidate compiler generated dependencies of target champ_msgs__rosidl_typesupport_cpp[0m
[20.468s] [35m[1mConsolidate compiler generated dependencies of target champ_msgs__rosidl_typesupport_fastrtps_cpp[0m
[20.590s] [35m[1mConsolidate compiler generated dependencies of target champ_msgs__rosidl_typesupport_introspection_cpp[0m
[20.642s] [ 12%] Built target champ_msgs__rosidl_generator_c
[20.712s] [ 24%] Built target champ_msgs__rosidl_typesupport_cpp
[20.859s] [ 35%] Built target champ_msgs__rosidl_typesupport_introspection_cpp
[20.929s] [ 47%] Built target champ_msgs__rosidl_typesupport_fastrtps_cpp
[21.083s] [35m[1mConsolidate compiler generated dependencies of target champ_msgs__rosidl_typesupport_introspection_c[0m
[21.102s] [35m[1mConsolidate compiler generated dependencies of target champ_msgs__rosidl_typesupport_fastrtps_c[0m
[21.284s] [35m[1mConsolidate compiler generated dependencies of target champ_msgs__rosidl_typesupport_c[0m
[21.367s] [ 58%] Built target champ_msgs__rosidl_typesupport_introspection_c
[21.405s] [ 70%] Built target champ_msgs__rosidl_typesupport_fastrtps_c
[21.540s] [ 82%] Built target champ_msgs__rosidl_typesupport_c
[22.007s] [ 82%] Built target champ_msgs
[22.391s] [ 83%] Built target champ_msgs__py
[22.612s] [35m[1mConsolidate compiler generated dependencies of target champ_msgs__rosidl_generator_py[0m
[23.124s] [ 93%] Built target champ_msgs__rosidl_generator_py
[23.220s] [35m[1mConsolidate compiler generated dependencies of target champ_msgs__rosidl_typesupport_fastrtps_c__pyext[0m
[23.295s] [35m[1mConsolidate compiler generated dependencies of target champ_msgs__rosidl_typesupport_introspection_c__pyext[0m
[23.403s] [ 95%] Built target champ_msgs__rosidl_typesupport_fastrtps_c__pyext
[23.455s] [35m[1mConsolidate compiler generated dependencies of target champ_msgs__rosidl_typesupport_c__pyext[0m
[23.525s] [ 97%] Built target champ_msgs__rosidl_typesupport_introspection_c__pyext
[23.628s] [100%] Built target champ_msgs__rosidl_typesupport_c__pyext
[24.976s] running egg_info
[24.981s] writing champ_msgs.egg-info/PKG-INFO
[24.986s] writing dependency_links to champ_msgs.egg-info/dependency_links.txt
[24.992s] writing top-level names to champ_msgs.egg-info/top_level.txt
[25.015s] reading manifest file 'champ_msgs.egg-info/SOURCES.txt'
[25.021s] writing manifest file 'champ_msgs.egg-info/SOURCES.txt'
[25.264s] [100%] Built target ament_cmake_python_build_champ_msgs_egg
[25.370s] Invoked command in '/home/ubuntu/ros2_ws/build/champ_msgs' returned '0': CMAKE_PREFIX_PATH=${CMAKE_PREFIX_PATH}:/home/ubuntu/ros2_ws/install/go_pupper_srv:/home/ubuntu/ros2_ws/install/mini_pupper_music:/home/ubuntu/ros2_ws/install/mini_pupper_dance:/home/ubuntu/ros2_ws/install/mini_pupper_driver:/opt/ros/humble /usr/bin/cmake --build /home/ubuntu/ros2_ws/build/champ_msgs -- -j4 -l4
[30.897s] Invoking command in '/home/ubuntu/ros2_ws/build/champ_msgs': CMAKE_PREFIX_PATH=${CMAKE_PREFIX_PATH}:/home/ubuntu/ros2_ws/install/go_pupper_srv:/home/ubuntu/ros2_ws/install/mini_pupper_music:/home/ubuntu/ros2_ws/install/mini_pupper_dance:/home/ubuntu/ros2_ws/install/mini_pupper_driver:/opt/ros/humble /usr/bin/cmake --install /home/ubuntu/ros2_ws/build/champ_msgs
[30.976s] -- Install configuration: ""
[30.982s] -- Execute custom install script
[30.989s] -- Up-to-date symlink: /home/ubuntu/ros2_ws/install/champ_msgs/share/ament_index/resource_index/rosidl_interfaces/champ_msgs
[31.018s] -- Up-to-date symlink: /home/ubuntu/ros2_ws/install/champ_msgs/include/champ_msgs/champ_msgs/msg/contacts.h
[31.023s] -- Up-to-date symlink: /home/ubuntu/ros2_ws/install/champ_msgs/include/champ_msgs/champ_msgs/msg/contacts_stamped.h
[31.052s] -- Up-to-date symlink: /home/ubuntu/ros2_ws/install/champ_msgs/include/champ_msgs/champ_msgs/msg/detail/contacts__functions.h
[31.055s] -- Up-to-date symlink: /home/ubuntu/ros2_ws/install/champ_msgs/include/champ_msgs/champ_msgs/msg/detail/contacts__struct.h
[31.061s] -- Up-to-date symlink: /home/ubuntu/ros2_ws/install/champ_msgs/include/champ_msgs/champ_msgs/msg/detail/contacts__type_support.h
[31.064s] -- Up-to-date symlink: /home/ubuntu/ros2_ws/install/champ_msgs/include/champ_msgs/champ_msgs/msg/detail/contacts_stamped__functions.h
[31.067s] -- Up-to-date symlink: /home/ubuntu/ros2_ws/install/champ_msgs/include/champ_msgs/champ_msgs/msg/detail/contacts_stamped__struct.h
[31.070s] -- Up-to-date symlink: /home/ubuntu/ros2_ws/install/champ_msgs/include/champ_msgs/champ_msgs/msg/detail/contacts_stamped__type_support.h
[31.074s] -- Up-to-date symlink: /home/ubuntu/ros2_ws/install/champ_msgs/include/champ_msgs/champ_msgs/msg/detail/imu__functions.h
[31.076s] -- Up-to-date symlink: /home/ubuntu/ros2_ws/install/champ_msgs/include/champ_msgs/champ_msgs/msg/detail/imu__struct.h
[31.079s] -- Up-to-date symlink: /home/ubuntu/ros2_ws/install/champ_msgs/include/champ_msgs/champ_msgs/msg/detail/imu__type_support.h
[31.083s] -- Up-to-date symlink: /home/ubuntu/ros2_ws/install/champ_msgs/include/champ_msgs/champ_msgs/msg/detail/joints__functions.h
[31.087s] -- Up-to-date symlink: /home/ubuntu/ros2_ws/install/champ_msgs/include/champ_msgs/champ_msgs/msg/detail/joints__struct.h
[31.095s] -- Up-to-date symlink: /home/ubuntu/ros2_ws/install/champ_msgs/include/champ_msgs/champ_msgs/msg/detail/joints__type_support.h
[31.096s] -- Up-to-date symlink: /home/ubuntu/ros2_ws/install/champ_msgs/include/champ_msgs/champ_msgs/msg/detail/pid__functions.h
[31.097s] -- Up-to-date symlink: /home/ubuntu/ros2_ws/install/champ_msgs/include/champ_msgs/champ_msgs/msg/detail/pid__struct.h
[31.100s] -- Up-to-date symlink: /home/ubuntu/ros2_ws/install/champ_msgs/include/champ_msgs/champ_msgs/msg/detail/pid__type_support.h
[31.103s] -- Up-to-date symlink: /home/ubuntu/ros2_ws/install/champ_msgs/include/champ_msgs/champ_msgs/msg/detail/point__functions.h
[31.106s] -- Up-to-date symlink: /home/ubuntu/ros2_ws/install/champ_msgs/include/champ_msgs/champ_msgs/msg/detail/point__struct.h
[31.109s] -- Up-to-date symlink: /home/ubuntu/ros2_ws/install/champ_msgs/include/champ_msgs/champ_msgs/msg/detail/point__type_support.h
[31.112s] -- Up-to-date symlink: /home/ubuntu/ros2_ws/install/champ_msgs/include/champ_msgs/champ_msgs/msg/detail/point_array__functions.h
[31.114s] -- Up-to-date symlink: /home/ubuntu/ros2_ws/install/champ_msgs/include/champ_msgs/champ_msgs/msg/detail/point_array__struct.h
[31.117s] -- Up-to-date symlink: /home/ubuntu/ros2_ws/install/champ_msgs/include/champ_msgs/champ_msgs/msg/detail/point_array__type_support.h
[31.120s] -- Up-to-date symlink: /home/ubuntu/ros2_ws/install/champ_msgs/include/champ_msgs/champ_msgs/msg/detail/pose__functions.h
[31.123s] -- Up-to-date symlink: /home/ubuntu/ros2_ws/install/champ_msgs/include/champ_msgs/champ_msgs/msg/detail/pose__struct.h
[31.131s] -- Up-to-date symlink: /home/ubuntu/ros2_ws/install/champ_msgs/include/champ_msgs/champ_msgs/msg/detail/pose__type_support.h
[31.133s] -- Up-to-date symlink: /home/ubuntu/ros2_ws/install/champ_msgs/include/champ_msgs/champ_msgs/msg/detail/velocities__functions.h
[31.136s] -- Up-to-date symlink: /home/ubuntu/ros2_ws/install/champ_msgs/include/champ_msgs/champ_msgs/msg/detail/velocities__struct.h
[31.139s] -- Up-to-date symlink: /home/ubuntu/ros2_ws/install/champ_msgs/include/champ_msgs/champ_msgs/msg/detail/velocities__type_support.h
[31.142s] -- Up-to-date symlink: /home/ubuntu/ros2_ws/install/champ_msgs/include/champ_msgs/champ_msgs/msg/imu.h
[31.144s] -- Up-to-date symlink: /home/ubuntu/ros2_ws/install/champ_msgs/include/champ_msgs/champ_msgs/msg/joints.h
[31.147s] -- Up-to-date symlink: /home/ubuntu/ros2_ws/install/champ_msgs/include/champ_msgs/champ_msgs/msg/pid.h
[31.149s] -- Up-to-date symlink: /home/ubuntu/ros2_ws/install/champ_msgs/include/champ_msgs/champ_msgs/msg/point.h
[31.152s] -- Up-to-date symlink: /home/ubuntu/ros2_ws/install/champ_msgs/include/champ_msgs/champ_msgs/msg/point_array.h
[31.155s] -- Up-to-date symlink: /home/ubuntu/ros2_ws/install/champ_msgs/include/champ_msgs/champ_msgs/msg/pose.h
[31.158s] -- Up-to-date symlink: /home/ubuntu/ros2_ws/install/champ_msgs/include/champ_msgs/champ_msgs/msg/rosidl_generator_c__visibility_control.h
[31.161s] -- Up-to-date symlink: /home/ubuntu/ros2_ws/install/champ_msgs/include/champ_msgs/champ_msgs/msg/velocities.h
[31.168s] -- Up-to-date symlink: /home/ubuntu/ros2_ws/install/champ_msgs/share/champ_msgs/environment/library_path.sh
[31.176s] -- Up-to-date symlink: /home/ubuntu/ros2_ws/install/champ_msgs/share/champ_msgs/environment/library_path.dsv
[31.181s] -- Up-to-date symlink: /home/ubuntu/ros2_ws/install/champ_msgs/include/champ_msgs/champ_msgs/msg/detail/contacts__rosidl_typesupport_fastrtps_c.h
[31.183s] -- Up-to-date symlink: /home/ubuntu/ros2_ws/install/champ_msgs/include/champ_msgs/champ_msgs/msg/detail/contacts_stamped__rosidl_typesupport_fastrtps_c.h
[31.188s] -- Up-to-date symlink: /home/ubuntu/ros2_ws/install/champ_msgs/include/champ_msgs/champ_msgs/msg/detail/imu__rosidl_typesupport_fastrtps_c.h
[31.194s] -- Up-to-date symlink: /home/ubuntu/ros2_ws/install/champ_msgs/include/champ_msgs/champ_msgs/msg/detail/joints__rosidl_typesupport_fastrtps_c.h
[31.210s] -- Up-to-date symlink: /home/ubuntu/ros2_ws/install/champ_msgs/include/champ_msgs/champ_msgs/msg/detail/pid__rosidl_typesupport_fastrtps_c.h
[31.215s] -- Up-to-date symlink: /home/ubuntu/ros2_ws/install/champ_msgs/include/champ_msgs/champ_msgs/msg/detail/point__rosidl_typesupport_fastrtps_c.h
[31.221s] -- Up-to-date symlink: /home/ubuntu/ros2_ws/install/champ_msgs/include/champ_msgs/champ_msgs/msg/detail/point_array__rosidl_typesupport_fastrtps_c.h
[31.243s] -- Up-to-date symlink: /home/ubuntu/ros2_ws/install/champ_msgs/include/champ_msgs/champ_msgs/msg/detail/pose__rosidl_typesupport_fastrtps_c.h
[31.244s] -- Up-to-date symlink: /home/ubuntu/ros2_ws/install/champ_msgs/include/champ_msgs/champ_msgs/msg/detail/velocities__rosidl_typesupport_fastrtps_c.h
[31.245s] -- Up-to-date symlink: /home/ubuntu/ros2_ws/install/champ_msgs/include/champ_msgs/champ_msgs/msg/rosidl_typesupport_fastrtps_c__visibility_control.h
[31.250s] -- Up-to-date symlink: /home/ubuntu/ros2_ws/install/champ_msgs/include/champ_msgs/champ_msgs/msg/detail/contacts__rosidl_typesupport_introspection_c.h
[31.251s] -- Up-to-date symlink: /home/ubuntu/ros2_ws/install/champ_msgs/include/champ_msgs/champ_msgs/msg/detail/contacts_stamped__rosidl_typesupport_introspection_c.h
[31.253s] -- Up-to-date symlink: /home/ubuntu/ros2_ws/install/champ_msgs/include/champ_msgs/champ_msgs/msg/detail/imu__rosidl_typesupport_introspection_c.h
[31.258s] -- Up-to-date symlink: /home/ubuntu/ros2_ws/install/champ_msgs/include/champ_msgs/champ_msgs/msg/detail/joints__rosidl_typesupport_introspection_c.h
[31.259s] -- Up-to-date symlink: /home/ubuntu/ros2_ws/install/champ_msgs/include/champ_msgs/champ_msgs/msg/detail/pid__rosidl_typesupport_introspection_c.h
[31.275s] -- Up-to-date symlink: /home/ubuntu/ros2_ws/install/champ_msgs/include/champ_msgs/champ_msgs/msg/detail/point__rosidl_typesupport_introspection_c.h
[31.275s] -- Up-to-date symlink: /home/ubuntu/ros2_ws/install/champ_msgs/include/champ_msgs/champ_msgs/msg/detail/point_array__rosidl_typesupport_introspection_c.h
[31.277s] -- Up-to-date symlink: /home/ubuntu/ros2_ws/install/champ_msgs/include/champ_msgs/champ_msgs/msg/detail/pose__rosidl_typesupport_introspection_c.h
[31.279s] -- Up-to-date symlink: /home/ubuntu/ros2_ws/install/champ_msgs/include/champ_msgs/champ_msgs/msg/detail/velocities__rosidl_typesupport_introspection_c.h
[31.284s] -- Up-to-date symlink: /home/ubuntu/ros2_ws/install/champ_msgs/include/champ_msgs/champ_msgs/msg/rosidl_typesupport_introspection_c__visibility_control.h
[31.296s] -- Up-to-date symlink: /home/ubuntu/ros2_ws/install/champ_msgs/include/champ_msgs/champ_msgs/msg/contacts.hpp
[31.308s] -- Up-to-date symlink: /home/ubuntu/ros2_ws/install/champ_msgs/include/champ_msgs/champ_msgs/msg/contacts_stamped.hpp
[31.312s] -- Up-to-date symlink: /home/ubuntu/ros2_ws/install/champ_msgs/include/champ_msgs/champ_msgs/msg/detail/contacts__builder.hpp
[31.319s] -- Up-to-date symlink: /home/ubuntu/ros2_ws/install/champ_msgs/include/champ_msgs/champ_msgs/msg/detail/contacts__struct.hpp
[31.325s] -- Up-to-date symlink: /home/ubuntu/ros2_ws/install/champ_msgs/include/champ_msgs/champ_msgs/msg/detail/contacts__traits.hpp
[31.335s] -- Up-to-date symlink: /home/ubuntu/ros2_ws/install/champ_msgs/include/champ_msgs/champ_msgs/msg/detail/contacts_stamped__builder.hpp
[31.336s] -- Up-to-date symlink: /home/ubuntu/ros2_ws/install/champ_msgs/include/champ_msgs/champ_msgs/msg/detail/contacts_stamped__struct.hpp
[31.339s] -- Up-to-date symlink: /home/ubuntu/ros2_ws/install/champ_msgs/include/champ_msgs/champ_msgs/msg/detail/contacts_stamped__traits.hpp
[31.385s] -- Up-to-date symlink: /home/ubuntu/ros2_ws/install/champ_msgs/include/champ_msgs/champ_msgs/msg/detail/imu__builder.hpp
[31.387s] -- Up-to-date symlink: /home/ubuntu/ros2_ws/install/champ_msgs/include/champ_msgs/champ_msgs/msg/detail/imu__struct.hpp
[31.392s] -- Up-to-date symlink: /home/ubuntu/ros2_ws/install/champ_msgs/include/champ_msgs/champ_msgs/msg/detail/imu__traits.hpp
[31.396s] -- Up-to-date symlink: /home/ubuntu/ros2_ws/install/champ_msgs/include/champ_msgs/champ_msgs/msg/detail/joints__builder.hpp
[31.398s] -- Up-to-date symlink: /home/ubuntu/ros2_ws/install/champ_msgs/include/champ_msgs/champ_msgs/msg/detail/joints__struct.hpp
[31.408s] -- Up-to-date symlink: /home/ubuntu/ros2_ws/install/champ_msgs/include/champ_msgs/champ_msgs/msg/detail/joints__traits.hpp
[31.410s] -- Up-to-date symlink: /home/ubuntu/ros2_ws/install/champ_msgs/include/champ_msgs/champ_msgs/msg/detail/pid__builder.hpp
[31.413s] -- Up-to-date symlink: /home/ubuntu/ros2_ws/install/champ_msgs/include/champ_msgs/champ_msgs/msg/detail/pid__struct.hpp
[31.420s] -- Up-to-date symlink: /home/ubuntu/ros2_ws/install/champ_msgs/include/champ_msgs/champ_msgs/msg/detail/pid__traits.hpp
[31.441s] -- Up-to-date symlink: /home/ubuntu/ros2_ws/install/champ_msgs/include/champ_msgs/champ_msgs/msg/detail/point__builder.hpp
[31.444s] -- Up-to-date symlink: /home/ubuntu/ros2_ws/install/champ_msgs/include/champ_msgs/champ_msgs/msg/detail/point__struct.hpp
[31.446s] -- Up-to-date symlink: /home/ubuntu/ros2_ws/install/champ_msgs/include/champ_msgs/champ_msgs/msg/detail/point__traits.hpp
[31.460s] -- Up-to-date symlink: /home/ubuntu/ros2_ws/install/champ_msgs/include/champ_msgs/champ_msgs/msg/detail/point_array__builder.hpp
[31.462s] -- Up-to-date symlink: /home/ubuntu/ros2_ws/install/champ_msgs/include/champ_msgs/champ_msgs/msg/detail/point_array__struct.hpp
[31.465s] -- Up-to-date symlink: /home/ubuntu/ros2_ws/install/champ_msgs/include/champ_msgs/champ_msgs/msg/detail/point_array__traits.hpp
[31.467s] -- Up-to-date symlink: /home/ubuntu/ros2_ws/install/champ_msgs/include/champ_msgs/champ_msgs/msg/detail/pose__builder.hpp
[31.470s] -- Up-to-date symlink: /home/ubuntu/ros2_ws/install/champ_msgs/include/champ_msgs/champ_msgs/msg/detail/pose__struct.hpp
[31.472s] -- Up-to-date symlink: /home/ubuntu/ros2_ws/install/champ_msgs/include/champ_msgs/champ_msgs/msg/detail/pose__traits.hpp
[31.477s] -- Up-to-date symlink: /home/ubuntu/ros2_ws/install/champ_msgs/include/champ_msgs/champ_msgs/msg/detail/velocities__builder.hpp
[31.480s] -- Up-to-date symlink: /home/ubuntu/ros2_ws/install/champ_msgs/include/champ_msgs/champ_msgs/msg/detail/velocities__struct.hpp
[31.484s] -- Up-to-date symlink: /home/ubuntu/ros2_ws/install/champ_msgs/include/champ_msgs/champ_msgs/msg/detail/velocities__traits.hpp
[31.494s] -- Up-to-date symlink: /home/ubuntu/ros2_ws/install/champ_msgs/include/champ_msgs/champ_msgs/msg/imu.hpp
[31.495s] -- Up-to-date symlink: /home/ubuntu/ros2_ws/install/champ_msgs/include/champ_msgs/champ_msgs/msg/joints.hpp
[31.500s] -- Up-to-date symlink: /home/ubuntu/ros2_ws/install/champ_msgs/include/champ_msgs/champ_msgs/msg/pid.hpp
[31.511s] -- Up-to-date symlink: /home/ubuntu/ros2_ws/install/champ_msgs/include/champ_msgs/champ_msgs/msg/point.hpp
[31.512s] -- Up-to-date symlink: /home/ubuntu/ros2_ws/install/champ_msgs/include/champ_msgs/champ_msgs/msg/point_array.hpp
[31.512s] -- Up-to-date symlink: /home/ubuntu/ros2_ws/install/champ_msgs/include/champ_msgs/champ_msgs/msg/pose.hpp
[31.513s] -- Up-to-date symlink: /home/ubuntu/ros2_ws/install/champ_msgs/include/champ_msgs/champ_msgs/msg/velocities.hpp
[31.532s] -- Up-to-date symlink: /home/ubuntu/ros2_ws/install/champ_msgs/include/champ_msgs/champ_msgs/msg/detail/contacts__rosidl_typesupport_fastrtps_cpp.hpp
[31.546s] -- Up-to-date symlink: /home/ubuntu/ros2_ws/install/champ_msgs/include/champ_msgs/champ_msgs/msg/detail/contacts_stamped__rosidl_typesupport_fastrtps_cpp.hpp
[31.551s] -- Up-to-date symlink: /home/ubuntu/ros2_ws/install/champ_msgs/include/champ_msgs/champ_msgs/msg/detail/imu__rosidl_typesupport_fastrtps_cpp.hpp
[31.552s] -- Up-to-date symlink: /home/ubuntu/ros2_ws/install/champ_msgs/include/champ_msgs/champ_msgs/msg/detail/joints__rosidl_typesupport_fastrtps_cpp.hpp
[31.556s] -- Up-to-date symlink: /home/ubuntu/ros2_ws/install/champ_msgs/include/champ_msgs/champ_msgs/msg/detail/pid__rosidl_typesupport_fastrtps_cpp.hpp
[31.559s] -- Up-to-date symlink: /home/ubuntu/ros2_ws/install/champ_msgs/include/champ_msgs/champ_msgs/msg/detail/point__rosidl_typesupport_fastrtps_cpp.hpp
[31.560s] -- Up-to-date symlink: /home/ubuntu/ros2_ws/install/champ_msgs/include/champ_msgs/champ_msgs/msg/detail/point_array__rosidl_typesupport_fastrtps_cpp.hpp
[31.568s] -- Up-to-date symlink: /home/ubuntu/ros2_ws/install/champ_msgs/include/champ_msgs/champ_msgs/msg/detail/pose__rosidl_typesupport_fastrtps_cpp.hpp
[31.575s] -- Up-to-date symlink: /home/ubuntu/ros2_ws/install/champ_msgs/include/champ_msgs/champ_msgs/msg/detail/velocities__rosidl_typesupport_fastrtps_cpp.hpp
[31.601s] -- Up-to-date symlink: /home/ubuntu/ros2_ws/install/champ_msgs/include/champ_msgs/champ_msgs/msg/rosidl_typesupport_fastrtps_cpp__visibility_control.h
[31.602s] -- Up-to-date symlink: /home/ubuntu/ros2_ws/install/champ_msgs/include/champ_msgs/champ_msgs/msg/detail/contacts__rosidl_typesupport_introspection_cpp.hpp
[31.603s] -- Up-to-date symlink: /home/ubuntu/ros2_ws/install/champ_msgs/include/champ_msgs/champ_msgs/msg/detail/contacts_stamped__rosidl_typesupport_introspection_cpp.hpp
[31.607s] -- Up-to-date symlink: /home/ubuntu/ros2_ws/install/champ_msgs/include/champ_msgs/champ_msgs/msg/detail/imu__rosidl_typesupport_introspection_cpp.hpp
[31.608s] -- Up-to-date symlink: /home/ubuntu/ros2_ws/install/champ_msgs/include/champ_msgs/champ_msgs/msg/detail/joints__rosidl_typesupport_introspection_cpp.hpp
[31.608s] -- Up-to-date symlink: /home/ubuntu/ros2_ws/install/champ_msgs/include/champ_msgs/champ_msgs/msg/detail/pid__rosidl_typesupport_introspection_cpp.hpp
[31.609s] -- Up-to-date symlink: /home/ubuntu/ros2_ws/install/champ_msgs/include/champ_msgs/champ_msgs/msg/detail/point__rosidl_typesupport_introspection_cpp.hpp
[31.614s] -- Up-to-date symlink: /home/ubuntu/ros2_ws/install/champ_msgs/include/champ_msgs/champ_msgs/msg/detail/point_array__rosidl_typesupport_introspection_cpp.hpp
[31.619s] -- Up-to-date symlink: /home/ubuntu/ros2_ws/install/champ_msgs/include/champ_msgs/champ_msgs/msg/detail/pose__rosidl_typesupport_introspection_cpp.hpp
[31.620s] -- Up-to-date symlink: /home/ubuntu/ros2_ws/install/champ_msgs/include/champ_msgs/champ_msgs/msg/detail/velocities__rosidl_typesupport_introspection_cpp.hpp
[31.632s] -- Up-to-date symlink: /home/ubuntu/ros2_ws/install/champ_msgs/share/champ_msgs/environment/pythonpath.sh
[31.636s] -- Up-to-date symlink: /home/ubuntu/ros2_ws/install/champ_msgs/share/champ_msgs/environment/pythonpath.dsv
[31.651s] -- Up-to-date symlink: /home/ubuntu/ros2_ws/install/champ_msgs/local/lib/python3.10/dist-packages/champ_msgs-0.1.0-py3.10.egg-info/PKG-INFO
[31.657s] -- Up-to-date symlink: /home/ubuntu/ros2_ws/install/champ_msgs/local/lib/python3.10/dist-packages/champ_msgs-0.1.0-py3.10.egg-info/SOURCES.txt
[31.665s] -- Up-to-date symlink: /home/ubuntu/ros2_ws/install/champ_msgs/local/lib/python3.10/dist-packages/champ_msgs-0.1.0-py3.10.egg-info/dependency_links.txt
[31.666s] -- Up-to-date symlink: /home/ubuntu/ros2_ws/install/champ_msgs/local/lib/python3.10/dist-packages/champ_msgs-0.1.0-py3.10.egg-info/top_level.txt
[31.693s] -- Up-to-date symlink: /home/ubuntu/ros2_ws/install/champ_msgs/local/lib/python3.10/dist-packages/champ_msgs/__init__.py
[31.696s] -- Up-to-date symlink: /home/ubuntu/ros2_ws/install/champ_msgs/local/lib/python3.10/dist-packages/champ_msgs/_champ_msgs_s.ep.rosidl_typesupport_c.c
[31.699s] -- Up-to-date symlink: /home/ubuntu/ros2_ws/install/champ_msgs/local/lib/python3.10/dist-packages/champ_msgs/_champ_msgs_s.ep.rosidl_typesupport_fastrtps_c.c
[31.715s] -- Up-to-date symlink: /home/ubuntu/ros2_ws/install/champ_msgs/local/lib/python3.10/dist-packages/champ_msgs/_champ_msgs_s.ep.rosidl_typesupport_introspection_c.c
[31.722s] -- Up-to-date symlink: /home/ubuntu/ros2_ws/install/champ_msgs/local/lib/python3.10/dist-packages/champ_msgs/champ_msgs_s__rosidl_typesupport_c.cpython-310-aarch64-linux-gnu.so
[31.729s] -- Up-to-date symlink: /home/ubuntu/ros2_ws/install/champ_msgs/local/lib/python3.10/dist-packages/champ_msgs/champ_msgs_s__rosidl_typesupport_fastrtps_c.cpython-310-aarch64-linux-gnu.so
[31.735s] -- Up-to-date symlink: /home/ubuntu/ros2_ws/install/champ_msgs/local/lib/python3.10/dist-packages/champ_msgs/champ_msgs_s__rosidl_typesupport_introspection_c.cpython-310-aarch64-linux-gnu.so
[31.767s] -- Up-to-date symlink: /home/ubuntu/ros2_ws/install/champ_msgs/local/lib/python3.10/dist-packages/champ_msgs/libchamp_msgs__rosidl_generator_py.so
[31.768s] -- Up-to-date symlink: /home/ubuntu/ros2_ws/install/champ_msgs/local/lib/python3.10/dist-packages/champ_msgs/msg/__init__.py
[31.769s] -- Up-to-date symlink: /home/ubuntu/ros2_ws/install/champ_msgs/local/lib/python3.10/dist-packages/champ_msgs/msg/_contacts.py
[31.769s] -- Up-to-date symlink: /home/ubuntu/ros2_ws/install/champ_msgs/local/lib/python3.10/dist-packages/champ_msgs/msg/_contacts_s.c
[31.787s] -- Up-to-date symlink: /home/ubuntu/ros2_ws/install/champ_msgs/local/lib/python3.10/dist-packages/champ_msgs/msg/_contacts_stamped.py
[31.788s] -- Up-to-date symlink: /home/ubuntu/ros2_ws/install/champ_msgs/local/lib/python3.10/dist-packages/champ_msgs/msg/_contacts_stamped_s.c
[31.788s] -- Up-to-date symlink: /home/ubuntu/ros2_ws/install/champ_msgs/local/lib/python3.10/dist-packages/champ_msgs/msg/_imu.py
[31.800s] -- Up-to-date symlink: /home/ubuntu/ros2_ws/install/champ_msgs/local/lib/python3.10/dist-packages/champ_msgs/msg/_imu_s.c
[31.802s] -- Up-to-date symlink: /home/ubuntu/ros2_ws/install/champ_msgs/local/lib/python3.10/dist-packages/champ_msgs/msg/_joints.py
[31.802s] -- Up-to-date symlink: /home/ubuntu/ros2_ws/install/champ_msgs/local/lib/python3.10/dist-packages/champ_msgs/msg/_joints_s.c
[31.803s] -- Up-to-date symlink: /home/ubuntu/ros2_ws/install/champ_msgs/local/lib/python3.10/dist-packages/champ_msgs/msg/_pid.py
[31.812s] -- Up-to-date symlink: /home/ubuntu/ros2_ws/install/champ_msgs/local/lib/python3.10/dist-packages/champ_msgs/msg/_pid_s.c
[31.818s] -- Up-to-date symlink: /home/ubuntu/ros2_ws/install/champ_msgs/local/lib/python3.10/dist-packages/champ_msgs/msg/_point.py
[31.822s] -- Up-to-date symlink: /home/ubuntu/ros2_ws/install/champ_msgs/local/lib/python3.10/dist-packages/champ_msgs/msg/_point_array.py
[31.833s] -- Up-to-date symlink: /home/ubuntu/ros2_ws/install/champ_msgs/local/lib/python3.10/dist-packages/champ_msgs/msg/_point_array_s.c
[31.836s] -- Up-to-date symlink: /home/ubuntu/ros2_ws/install/champ_msgs/local/lib/python3.10/dist-packages/champ_msgs/msg/_point_s.c
[31.840s] -- Up-to-date symlink: /home/ubuntu/ros2_ws/install/champ_msgs/local/lib/python3.10/dist-packages/champ_msgs/msg/_pose.py
[31.841s] -- Up-to-date symlink: /home/ubuntu/ros2_ws/install/champ_msgs/local/lib/python3.10/dist-packages/champ_msgs/msg/_pose_s.c
[31.842s] -- Up-to-date symlink: /home/ubuntu/ros2_ws/install/champ_msgs/local/lib/python3.10/dist-packages/champ_msgs/msg/_velocities.py
[31.843s] -- Up-to-date symlink: /home/ubuntu/ros2_ws/install/champ_msgs/local/lib/python3.10/dist-packages/champ_msgs/msg/_velocities_s.c
[31.844s] -- Up-to-date symlink: /home/ubuntu/ros2_ws/install/champ_msgs/local/lib/python3.10/dist-packages/champ_msgs/champ_msgs_s__rosidl_typesupport_fastrtps_c.cpython-310-aarch64-linux-gnu.so
[31.846s] -- Up-to-date symlink: /home/ubuntu/ros2_ws/install/champ_msgs/local/lib/python3.10/dist-packages/champ_msgs/champ_msgs_s__rosidl_typesupport_introspection_c.cpython-310-aarch64-linux-gnu.so
[31.856s] -- Up-to-date symlink: /home/ubuntu/ros2_ws/install/champ_msgs/local/lib/python3.10/dist-packages/champ_msgs/champ_msgs_s__rosidl_typesupport_c.cpython-310-aarch64-linux-gnu.so
[31.865s] -- Up-to-date symlink: /home/ubuntu/ros2_ws/install/champ_msgs/share/champ_msgs/msg/Velocities.idl
[31.872s] -- Up-to-date symlink: /home/ubuntu/ros2_ws/install/champ_msgs/share/champ_msgs/msg/PID.idl
[31.878s] -- Up-to-date symlink: /home/ubuntu/ros2_ws/install/champ_msgs/share/champ_msgs/msg/Imu.idl
[31.888s] -- Up-to-date symlink: /home/ubuntu/ros2_ws/install/champ_msgs/share/champ_msgs/msg/Point.idl
[31.893s] -- Up-to-date symlink: /home/ubuntu/ros2_ws/install/champ_msgs/share/champ_msgs/msg/PointArray.idl
[31.899s] -- Up-to-date symlink: /home/ubuntu/ros2_ws/install/champ_msgs/share/champ_msgs/msg/Joints.idl
[31.902s] -- Up-to-date symlink: /home/ubuntu/ros2_ws/install/champ_msgs/share/champ_msgs/msg/Contacts.idl
[31.905s] -- Up-to-date symlink: /home/ubuntu/ros2_ws/install/champ_msgs/share/champ_msgs/msg/ContactsStamped.idl
[31.908s] -- Up-to-date symlink: /home/ubuntu/ros2_ws/install/champ_msgs/share/champ_msgs/msg/Pose.idl
[31.922s] -- Up-to-date symlink: /home/ubuntu/ros2_ws/install/champ_msgs/share/champ_msgs/msg/Velocities.msg
[31.924s] -- Up-to-date symlink: /home/ubuntu/ros2_ws/install/champ_msgs/share/champ_msgs/msg/PID.msg
[31.924s] -- Up-to-date symlink: /home/ubuntu/ros2_ws/install/champ_msgs/share/champ_msgs/msg/Imu.msg
[31.964s] -- Up-to-date symlink: /home/ubuntu/ros2_ws/install/champ_msgs/share/champ_msgs/msg/Point.msg
[31.971s] -- Up-to-date symlink: /home/ubuntu/ros2_ws/install/champ_msgs/share/champ_msgs/msg/PointArray.msg
[31.976s] -- Up-to-date symlink: /home/ubuntu/ros2_ws/install/champ_msgs/share/champ_msgs/msg/Joints.msg
[31.976s] -- Up-to-date symlink: /home/ubuntu/ros2_ws/install/champ_msgs/share/champ_msgs/msg/Contacts.msg
[31.977s] -- Up-to-date symlink: /home/ubuntu/ros2_ws/install/champ_msgs/share/champ_msgs/msg/ContactsStamped.msg
[31.979s] -- Up-to-date symlink: /home/ubuntu/ros2_ws/install/champ_msgs/share/champ_msgs/msg/Pose.msg
[31.986s] -- Up-to-date symlink: /home/ubuntu/ros2_ws/install/champ_msgs/share/ament_index/resource_index/package_run_dependencies/champ_msgs
[31.987s] -- Up-to-date symlink: /home/ubuntu/ros2_ws/install/champ_msgs/share/ament_index/resource_index/parent_prefix_path/champ_msgs
[31.987s] -- Up-to-date symlink: /home/ubuntu/ros2_ws/install/champ_msgs/share/champ_msgs/environment/ament_prefix_path.sh
[31.988s] -- Up-to-date symlink: /home/ubuntu/ros2_ws/install/champ_msgs/share/champ_msgs/environment/ament_prefix_path.dsv
[31.990s] -- Up-to-date symlink: /home/ubuntu/ros2_ws/install/champ_msgs/share/champ_msgs/environment/path.sh
[31.990s] -- Up-to-date symlink: /home/ubuntu/ros2_ws/install/champ_msgs/share/champ_msgs/environment/path.dsv
[31.991s] -- Up-to-date symlink: /home/ubuntu/ros2_ws/install/champ_msgs/share/champ_msgs/local_setup.bash
[31.991s] -- Up-to-date symlink: /home/ubuntu/ros2_ws/install/champ_msgs/share/champ_msgs/local_setup.sh
[31.992s] -- Up-to-date symlink: /home/ubuntu/ros2_ws/install/champ_msgs/share/champ_msgs/local_setup.zsh
[31.993s] -- Up-to-date symlink: /home/ubuntu/ros2_ws/install/champ_msgs/share/champ_msgs/local_setup.dsv
[31.993s] -- Symlinking: /home/ubuntu/ros2_ws/install/champ_msgs/share/champ_msgs/package.dsv
[32.048s] -- Up-to-date symlink: /home/ubuntu/ros2_ws/install/champ_msgs/share/ament_index/resource_index/packages/champ_msgs
[32.050s] -- Up-to-date symlink: /home/ubuntu/ros2_ws/install/champ_msgs/share/champ_msgs/cmake/rosidl_cmake-extras.cmake
[32.054s] -- Up-to-date symlink: /home/ubuntu/ros2_ws/install/champ_msgs/share/champ_msgs/cmake/ament_cmake_export_dependencies-extras.cmake
[32.057s] -- Up-to-date symlink: /home/ubuntu/ros2_ws/install/champ_msgs/share/champ_msgs/cmake/ament_cmake_export_include_directories-extras.cmake
[32.059s] -- Up-to-date symlink: /home/ubuntu/ros2_ws/install/champ_msgs/share/champ_msgs/cmake/ament_cmake_export_libraries-extras.cmake
[32.061s] -- Up-to-date symlink: /home/ubuntu/ros2_ws/install/champ_msgs/share/champ_msgs/cmake/ament_cmake_export_targets-extras.cmake
[32.083s] -- Up-to-date symlink: /home/ubuntu/ros2_ws/install/champ_msgs/share/champ_msgs/cmake/rosidl_cmake_export_typesupport_targets-extras.cmake
[32.084s] -- Up-to-date symlink: /home/ubuntu/ros2_ws/install/champ_msgs/share/champ_msgs/cmake/rosidl_cmake_export_typesupport_libraries-extras.cmake
[32.093s] -- Up-to-date symlink: /home/ubuntu/ros2_ws/install/champ_msgs/share/champ_msgs/cmake/champ_msgsConfig.cmake
[32.103s] -- Up-to-date symlink: /home/ubuntu/ros2_ws/install/champ_msgs/share/champ_msgs/cmake/champ_msgsConfig-version.cmake
[32.104s] -- Up-to-date symlink: /home/ubuntu/ros2_ws/install/champ_msgs/share/champ_msgs/package.xml
[32.114s] -- Up-to-date: /home/ubuntu/ros2_ws/install/champ_msgs/lib/libchamp_msgs__rosidl_generator_c.so
[32.131s] -- Up-to-date: /home/ubuntu/ros2_ws/install/champ_msgs/lib/libchamp_msgs__rosidl_typesupport_fastrtps_c.so
[32.144s] -- Up-to-date: /home/ubuntu/ros2_ws/install/champ_msgs/lib/libchamp_msgs__rosidl_typesupport_introspection_c.so
[32.158s] -- Up-to-date: /home/ubuntu/ros2_ws/install/champ_msgs/lib/libchamp_msgs__rosidl_typesupport_c.so
[32.173s] -- Up-to-date: /home/ubuntu/ros2_ws/install/champ_msgs/lib/libchamp_msgs__rosidl_typesupport_fastrtps_cpp.so
[32.187s] -- Up-to-date: /home/ubuntu/ros2_ws/install/champ_msgs/lib/libchamp_msgs__rosidl_typesupport_introspection_cpp.so
[32.214s] -- Up-to-date: /home/ubuntu/ros2_ws/install/champ_msgs/lib/libchamp_msgs__rosidl_typesupport_cpp.so
[32.717s] Listing '/home/ubuntu/ros2_ws/install/champ_msgs/local/lib/python3.10/dist-packages/champ_msgs'...
[32.718s] Compiling '/home/ubuntu/ros2_ws/install/champ_msgs/local/lib/python3.10/dist-packages/champ_msgs/__init__.py'...
[32.719s] Listing '/home/ubuntu/ros2_ws/install/champ_msgs/local/lib/python3.10/dist-packages/champ_msgs/msg'...
[32.776s] -- Up-to-date: /home/ubuntu/ros2_ws/install/champ_msgs/lib/libchamp_msgs__rosidl_generator_py.so
[32.777s] -- Up-to-date: /home/ubuntu/ros2_ws/install/champ_msgs/share/champ_msgs/cmake/export_champ_msgs__rosidl_generator_cExport.cmake
[32.778s] -- Up-to-date: /home/ubuntu/ros2_ws/install/champ_msgs/share/champ_msgs/cmake/export_champ_msgs__rosidl_generator_cExport-noconfig.cmake
[32.781s] -- Up-to-date: /home/ubuntu/ros2_ws/install/champ_msgs/share/champ_msgs/cmake/export_champ_msgs__rosidl_typesupport_fastrtps_cExport.cmake
[32.782s] -- Up-to-date: /home/ubuntu/ros2_ws/install/champ_msgs/share/champ_msgs/cmake/export_champ_msgs__rosidl_typesupport_fastrtps_cExport-noconfig.cmake
[32.787s] -- Up-to-date: /home/ubuntu/ros2_ws/install/champ_msgs/share/champ_msgs/cmake/champ_msgs__rosidl_typesupport_introspection_cExport.cmake
[32.794s] -- Up-to-date: /home/ubuntu/ros2_ws/install/champ_msgs/share/champ_msgs/cmake/champ_msgs__rosidl_typesupport_introspection_cExport-noconfig.cmake
[32.795s] -- Up-to-date: /home/ubuntu/ros2_ws/install/champ_msgs/share/champ_msgs/cmake/champ_msgs__rosidl_typesupport_cExport.cmake
[32.796s] -- Up-to-date: /home/ubuntu/ros2_ws/install/champ_msgs/share/champ_msgs/cmake/champ_msgs__rosidl_typesupport_cExport-noconfig.cmake
[32.796s] -- Up-to-date: /home/ubuntu/ros2_ws/install/champ_msgs/share/champ_msgs/cmake/export_champ_msgs__rosidl_generator_cppExport.cmake
[32.797s] -- Up-to-date: /home/ubuntu/ros2_ws/install/champ_msgs/share/champ_msgs/cmake/export_champ_msgs__rosidl_typesupport_fastrtps_cppExport.cmake
[32.798s] -- Up-to-date: /home/ubuntu/ros2_ws/install/champ_msgs/share/champ_msgs/cmake/export_champ_msgs__rosidl_typesupport_fastrtps_cppExport-noconfig.cmake
[32.801s] -- Up-to-date: /home/ubuntu/ros2_ws/install/champ_msgs/share/champ_msgs/cmake/champ_msgs__rosidl_typesupport_introspection_cppExport.cmake
[32.805s] -- Up-to-date: /home/ubuntu/ros2_ws/install/champ_msgs/share/champ_msgs/cmake/champ_msgs__rosidl_typesupport_introspection_cppExport-noconfig.cmake
[32.830s] -- Up-to-date: /home/ubuntu/ros2_ws/install/champ_msgs/share/champ_msgs/cmake/champ_msgs__rosidl_typesupport_cppExport.cmake
[32.833s] -- Up-to-date: /home/ubuntu/ros2_ws/install/champ_msgs/share/champ_msgs/cmake/champ_msgs__rosidl_typesupport_cppExport-noconfig.cmake
[32.833s] -- Up-to-date: /home/ubuntu/ros2_ws/install/champ_msgs/share/champ_msgs/cmake/export_champ_msgs__rosidl_generator_pyExport.cmake
[32.834s] -- Up-to-date: /home/ubuntu/ros2_ws/install/champ_msgs/share/champ_msgs/cmake/export_champ_msgs__rosidl_generator_pyExport-noconfig.cmake
[35.781s] Invoked command in '/home/ubuntu/ros2_ws/build/champ_msgs' returned '0': CMAKE_PREFIX_PATH=${CMAKE_PREFIX_PATH}:/home/ubuntu/ros2_ws/install/go_pupper_srv:/home/ubuntu/ros2_ws/install/mini_pupper_music:/home/ubuntu/ros2_ws/install/mini_pupper_dance:/home/ubuntu/ros2_ws/install/mini_pupper_driver:/opt/ros/humble /usr/bin/cmake --install /home/ubuntu/ros2_ws/build/champ_msgs
