[19.053s] Invoking command in '/home/ubuntu/ros2_ws/src/go_pupper_srv': PYTHONPATH=/home/ubuntu/ros2_ws/build/go_pupper_srv/prefix_override:/home/ubuntu/ros2_ws/install/go_pupper_srv/lib/python3.10/site-packages:${PYTHONPATH} /usr/bin/python3 -W ignore:setup.py install is deprecated setup.py egg_info --egg-base ../../build/go_pupper_srv build --build-base /home/ubuntu/ros2_ws/build/go_pupper_srv/build install --record /home/ubuntu/ros2_ws/build/go_pupper_srv/install.log --single-version-externally-managed install_data
[26.402s] running egg_info
[26.417s] writing ../../build/go_pupper_srv/go_pupper_srv.egg-info/PKG-INFO
[26.425s] writing dependency_links to ../../build/go_pupper_srv/go_pupper_srv.egg-info/dependency_links.txt
[26.440s] writing entry points to ../../build/go_pupper_srv/go_pupper_srv.egg-info/entry_points.txt
[26.442s] writing requirements to ../../build/go_pupper_srv/go_pupper_srv.egg-info/requires.txt
[26.444s] writing top-level names to ../../build/go_pupper_srv/go_pupper_srv.egg-info/top_level.txt
[26.466s] reading manifest file '../../build/go_pupper_srv/go_pupper_srv.egg-info/SOURCES.txt'
[26.473s] adding license file 'LICENSE'
[26.490s] writing manifest file '../../build/go_pupper_srv/go_pupper_srv.egg-info/SOURCES.txt'
[26.496s] running build
[26.499s] running build_py
[26.510s] copying go_pupper_srv/audio.py -> /home/ubuntu/ros2_ws/build/go_pupper_srv/build/lib/go_pupper_srv
[26.526s] running install
[26.531s] running install_lib
[26.554s] copying /home/ubuntu/ros2_ws/build/go_pupper_srv/build/lib/go_pupper_srv/audio.py -> /home/ubuntu/ros2_ws/install/go_pupper_srv/lib/python3.10/site-packages/go_pupper_srv
[26.561s] byte-compiling /home/ubuntu/ros2_ws/install/go_pupper_srv/lib/python3.10/site-packages/go_pupper_srv/audio.py to audio.cpython-310.pyc
[26.567s] running install_data
[26.570s] running install_egg_info
[26.584s] removing '/home/ubuntu/ros2_ws/install/go_pupper_srv/lib/python3.10/site-packages/go_pupper_srv-0.0.0-py3.10.egg-info' (and everything under it)
[26.589s] Copying ../../build/go_pupper_srv/go_pupper_srv.egg-info to /home/ubuntu/ros2_ws/install/go_pupper_srv/lib/python3.10/site-packages/go_pupper_srv-0.0.0-py3.10.egg-info
[26.621s] running install_scripts
[26.882s] Installing audio script to /home/ubuntu/ros2_ws/install/go_pupper_srv/lib/go_pupper_srv
[26.891s] Installing client script to /home/ubuntu/ros2_ws/install/go_pupper_srv/lib/go_pupper_srv
[26.901s] Installing salsa script to /home/ubuntu/ros2_ws/install/go_pupper_srv/lib/go_pupper_srv
[26.906s] Installing service script to /home/ubuntu/ros2_ws/install/go_pupper_srv/lib/go_pupper_srv
[26.916s] writing list of installed files to '/home/ubuntu/ros2_ws/build/go_pupper_srv/install.log'
[27.494s] Invoked command in '/home/ubuntu/ros2_ws/src/go_pupper_srv' returned '0': PYTHONPATH=/home/ubuntu/ros2_ws/build/go_pupper_srv/prefix_override:/home/ubuntu/ros2_ws/install/go_pupper_srv/lib/python3.10/site-packages:${PYTHONPATH} /usr/bin/python3 -W ignore:setup.py install is deprecated setup.py egg_info --egg-base ../../build/go_pupper_srv build --build-base /home/ubuntu/ros2_ws/build/go_pupper_srv/build install --record /home/ubuntu/ros2_ws/build/go_pupper_srv/install.log --single-version-externally-managed install_data
