[0.214s] Invoking command in '/home/ubuntu/ros2_ws/build/pupper_interfaces': CMAKE_PREFIX_PATH=${CMAKE_PREFIX_PATH}:/home/ubuntu/ros2_ws/install/go_pupper_srv:/home/ubuntu/ros2_ws/install/mini_pupper_music:/home/ubuntu/ros2_ws/install/mini_pupper_dance:/home/ubuntu/ros2_ws/install/mini_pupper_driver:/opt/ros/humble /usr/bin/cmake --build /home/ubuntu/ros2_ws/build/pupper_interfaces -- -j4 -l4
[1.255s] [  2%] Built target pupper_interfaces__cpp
[1.293s] [ 12%] Built target pupper_interfaces__rosidl_generator_c
[1.649s] [ 12%] Built target ament_cmake_python_copy_pupper_interfaces
[1.755s] [ 23%] Built target pupper_interfaces__rosidl_typesupport_cpp
[1.842s] [ 33%] Built target pupper_interfaces__rosidl_typesupport_introspection_cpp
[1.889s] [ 43%] Built target pupper_interfaces__rosidl_typesupport_fastrtps_cpp
[2.043s] [ 53%] Built target pupper_interfaces__rosidl_typesupport_fastrtps_c
[5.679s] running egg_info
[5.683s] writing pupper_interfaces.egg-info/PKG-INFO
[5.686s] writing dependency_links to pupper_interfaces.egg-info/dependency_links.txt
[5.688s] writing top-level names to pupper_interfaces.egg-info/top_level.txt
[5.701s] reading manifest file 'pupper_interfaces.egg-info/SOURCES.txt'
[5.707s] writing manifest file 'pupper_interfaces.egg-info/SOURCES.txt'
[5.964s] [ 53%] Built target ament_cmake_python_build_pupper_interfaces_egg
[6.222s] [ 64%] Built target pupper_interfaces__rosidl_typesupport_c
[6.488s] [ 74%] Built target pupper_interfaces__rosidl_typesupport_introspection_c
[6.713s] [ 74%] Built target pupper_interfaces
[6.936s] [ 76%] Built target pupper_interfaces__py
[7.157s] [ 84%] Built target pupper_interfaces__rosidl_generator_py
[7.394s] [ 89%] Built target pupper_interfaces__rosidl_typesupport_fastrtps_c__pyext
[7.610s] [ 94%] Built target pupper_interfaces__rosidl_typesupport_c__pyext
[7.822s] [100%] Built target pupper_interfaces__rosidl_typesupport_introspection_c__pyext
[7.920s] Invoked command in '/home/ubuntu/ros2_ws/build/pupper_interfaces' returned '0': CMAKE_PREFIX_PATH=${CMAKE_PREFIX_PATH}:/home/ubuntu/ros2_ws/install/go_pupper_srv:/home/ubuntu/ros2_ws/install/mini_pupper_music:/home/ubuntu/ros2_ws/install/mini_pupper_dance:/home/ubuntu/ros2_ws/install/mini_pupper_driver:/opt/ros/humble /usr/bin/cmake --build /home/ubuntu/ros2_ws/build/pupper_interfaces -- -j4 -l4
[11.088s] Invoking command in '/home/ubuntu/ros2_ws/build/pupper_interfaces': CMAKE_PREFIX_PATH=${CMAKE_PREFIX_PATH}:/home/ubuntu/ros2_ws/install/go_pupper_srv:/home/ubuntu/ros2_ws/install/mini_pupper_music:/home/ubuntu/ros2_ws/install/mini_pupper_dance:/home/ubuntu/ros2_ws/install/mini_pupper_driver:/opt/ros/humble /usr/bin/cmake --install /home/ubuntu/ros2_ws/build/pupper_interfaces
[11.194s] -- Install configuration: ""
[11.197s] -- Up-to-date: /home/ubuntu/ros2_ws/install/pupper_interfaces/share/ament_index/resource_index/rosidl_interfaces/pupper_interfaces
[11.201s] -- Up-to-date: /home/ubuntu/ros2_ws/install/pupper_interfaces/include/pupper_interfaces/pupper_interfaces
[11.204s] -- Up-to-date: /home/ubuntu/ros2_ws/install/pupper_interfaces/include/pupper_interfaces/pupper_interfaces/srv
[11.206s] -- Up-to-date: /home/ubuntu/ros2_ws/install/pupper_interfaces/include/pupper_interfaces/pupper_interfaces/srv/go_pupper.h
[11.216s] -- Up-to-date: /home/ubuntu/ros2_ws/install/pupper_interfaces/include/pupper_interfaces/pupper_interfaces/srv/detail
[11.219s] -- Up-to-date: /home/ubuntu/ros2_ws/install/pupper_interfaces/include/pupper_interfaces/pupper_interfaces/srv/detail/go_pupper__functions.h
[11.221s] -- Up-to-date: /home/ubuntu/ros2_ws/install/pupper_interfaces/include/pupper_interfaces/pupper_interfaces/srv/detail/go_pupper__functions.c
[11.225s] -- Up-to-date: /home/ubuntu/ros2_ws/install/pupper_interfaces/include/pupper_interfaces/pupper_interfaces/srv/detail/go_pupper__type_support.h
[11.237s] -- Up-to-date: /home/ubuntu/ros2_ws/install/pupper_interfaces/include/pupper_interfaces/pupper_interfaces/srv/detail/go_pupper__struct.h
[11.244s] -- Up-to-date: /home/ubuntu/ros2_ws/install/pupper_interfaces/include/pupper_interfaces/pupper_interfaces/msg
[11.253s] -- Up-to-date: /home/ubuntu/ros2_ws/install/pupper_interfaces/include/pupper_interfaces/pupper_interfaces/msg/command.h
[11.255s] -- Up-to-date: /home/ubuntu/ros2_ws/install/pupper_interfaces/include/pupper_interfaces/pupper_interfaces/msg/detail
[11.256s] -- Up-to-date: /home/ubuntu/ros2_ws/install/pupper_interfaces/include/pupper_interfaces/pupper_interfaces/msg/detail/command__struct.h
[11.258s] -- Up-to-date: /home/ubuntu/ros2_ws/install/pupper_interfaces/include/pupper_interfaces/pupper_interfaces/msg/detail/command__functions.c
[11.267s] -- Up-to-date: /home/ubuntu/ros2_ws/install/pupper_interfaces/include/pupper_interfaces/pupper_interfaces/msg/detail/command__functions.h
[11.281s] -- Up-to-date: /home/ubuntu/ros2_ws/install/pupper_interfaces/include/pupper_interfaces/pupper_interfaces/msg/detail/command__type_support.h
[11.282s] -- Up-to-date: /home/ubuntu/ros2_ws/install/pupper_interfaces/include/pupper_interfaces/pupper_interfaces/msg/rosidl_generator_c__visibility_control.h
[11.283s] -- Up-to-date: /home/ubuntu/ros2_ws/install/pupper_interfaces/share/pupper_interfaces/environment/library_path.sh
[11.283s] -- Up-to-date: /home/ubuntu/ros2_ws/install/pupper_interfaces/share/pupper_interfaces/environment/library_path.dsv
[11.284s] -- Up-to-date: /home/ubuntu/ros2_ws/install/pupper_interfaces/lib/libpupper_interfaces__rosidl_generator_c.so
[11.285s] -- Up-to-date: /home/ubuntu/ros2_ws/install/pupper_interfaces/include/pupper_interfaces/pupper_interfaces
[11.287s] -- Up-to-date: /home/ubuntu/ros2_ws/install/pupper_interfaces/include/pupper_interfaces/pupper_interfaces/srv
[11.313s] -- Up-to-date: /home/ubuntu/ros2_ws/install/pupper_interfaces/include/pupper_interfaces/pupper_interfaces/srv/detail
[11.313s] -- Up-to-date: /home/ubuntu/ros2_ws/install/pupper_interfaces/include/pupper_interfaces/pupper_interfaces/srv/detail/go_pupper__rosidl_typesupport_fastrtps_c.h
[11.314s] -- Up-to-date: /home/ubuntu/ros2_ws/install/pupper_interfaces/include/pupper_interfaces/pupper_interfaces/msg
[11.315s] -- Up-to-date: /home/ubuntu/ros2_ws/install/pupper_interfaces/include/pupper_interfaces/pupper_interfaces/msg/rosidl_typesupport_fastrtps_c__visibility_control.h
[11.315s] -- Up-to-date: /home/ubuntu/ros2_ws/install/pupper_interfaces/include/pupper_interfaces/pupper_interfaces/msg/detail
[11.316s] -- Up-to-date: /home/ubuntu/ros2_ws/install/pupper_interfaces/include/pupper_interfaces/pupper_interfaces/msg/detail/command__rosidl_typesupport_fastrtps_c.h
[11.317s] -- Up-to-date: /home/ubuntu/ros2_ws/install/pupper_interfaces/lib/libpupper_interfaces__rosidl_typesupport_fastrtps_c.so
[11.317s] -- Up-to-date: /home/ubuntu/ros2_ws/install/pupper_interfaces/include/pupper_interfaces/pupper_interfaces
[11.317s] -- Up-to-date: /home/ubuntu/ros2_ws/install/pupper_interfaces/include/pupper_interfaces/pupper_interfaces/srv
[11.318s] -- Up-to-date: /home/ubuntu/ros2_ws/install/pupper_interfaces/include/pupper_interfaces/pupper_interfaces/srv/detail
[11.321s] -- Up-to-date: /home/ubuntu/ros2_ws/install/pupper_interfaces/include/pupper_interfaces/pupper_interfaces/srv/detail/go_pupper__type_support.c
[11.321s] -- Up-to-date: /home/ubuntu/ros2_ws/install/pupper_interfaces/include/pupper_interfaces/pupper_interfaces/srv/detail/go_pupper__rosidl_typesupport_introspection_c.h
[11.322s] -- Up-to-date: /home/ubuntu/ros2_ws/install/pupper_interfaces/include/pupper_interfaces/pupper_interfaces/msg
[11.322s] -- Up-to-date: /home/ubuntu/ros2_ws/install/pupper_interfaces/include/pupper_interfaces/pupper_interfaces/msg/detail
[11.323s] -- Up-to-date: /home/ubuntu/ros2_ws/install/pupper_interfaces/include/pupper_interfaces/pupper_interfaces/msg/detail/command__rosidl_typesupport_introspection_c.h
[11.323s] -- Up-to-date: /home/ubuntu/ros2_ws/install/pupper_interfaces/include/pupper_interfaces/pupper_interfaces/msg/detail/command__type_support.c
[11.323s] -- Up-to-date: /home/ubuntu/ros2_ws/install/pupper_interfaces/include/pupper_interfaces/pupper_interfaces/msg/rosidl_typesupport_introspection_c__visibility_control.h
[11.324s] -- Up-to-date: /home/ubuntu/ros2_ws/install/pupper_interfaces/lib/libpupper_interfaces__rosidl_typesupport_introspection_c.so
[11.336s] -- Up-to-date: /home/ubuntu/ros2_ws/install/pupper_interfaces/lib/libpupper_interfaces__rosidl_typesupport_c.so
[11.337s] -- Up-to-date: /home/ubuntu/ros2_ws/install/pupper_interfaces/include/pupper_interfaces/pupper_interfaces
[11.338s] -- Up-to-date: /home/ubuntu/ros2_ws/install/pupper_interfaces/include/pupper_interfaces/pupper_interfaces/srv
[11.342s] -- Up-to-date: /home/ubuntu/ros2_ws/install/pupper_interfaces/include/pupper_interfaces/pupper_interfaces/srv/detail
[11.343s] -- Up-to-date: /home/ubuntu/ros2_ws/install/pupper_interfaces/include/pupper_interfaces/pupper_interfaces/srv/detail/go_pupper__builder.hpp
[11.344s] -- Up-to-date: /home/ubuntu/ros2_ws/install/pupper_interfaces/include/pupper_interfaces/pupper_interfaces/srv/detail/go_pupper__struct.hpp
[11.345s] -- Up-to-date: /home/ubuntu/ros2_ws/install/pupper_interfaces/include/pupper_interfaces/pupper_interfaces/srv/detail/go_pupper__traits.hpp
[11.346s] -- Up-to-date: /home/ubuntu/ros2_ws/install/pupper_interfaces/include/pupper_interfaces/pupper_interfaces/srv/go_pupper.hpp
[11.346s] -- Up-to-date: /home/ubuntu/ros2_ws/install/pupper_interfaces/include/pupper_interfaces/pupper_interfaces/msg
[11.347s] -- Up-to-date: /home/ubuntu/ros2_ws/install/pupper_interfaces/include/pupper_interfaces/pupper_interfaces/msg/command.hpp
[11.347s] -- Up-to-date: /home/ubuntu/ros2_ws/install/pupper_interfaces/include/pupper_interfaces/pupper_interfaces/msg/detail
[11.348s] -- Up-to-date: /home/ubuntu/ros2_ws/install/pupper_interfaces/include/pupper_interfaces/pupper_interfaces/msg/detail/command__builder.hpp
[11.349s] -- Up-to-date: /home/ubuntu/ros2_ws/install/pupper_interfaces/include/pupper_interfaces/pupper_interfaces/msg/detail/command__struct.hpp
[11.349s] -- Up-to-date: /home/ubuntu/ros2_ws/install/pupper_interfaces/include/pupper_interfaces/pupper_interfaces/msg/detail/command__traits.hpp
[11.350s] -- Up-to-date: /home/ubuntu/ros2_ws/install/pupper_interfaces/include/pupper_interfaces/pupper_interfaces
[11.350s] -- Up-to-date: /home/ubuntu/ros2_ws/install/pupper_interfaces/include/pupper_interfaces/pupper_interfaces/srv
[11.352s] -- Up-to-date: /home/ubuntu/ros2_ws/install/pupper_interfaces/include/pupper_interfaces/pupper_interfaces/srv/detail
[11.356s] -- Up-to-date: /home/ubuntu/ros2_ws/install/pupper_interfaces/include/pupper_interfaces/pupper_interfaces/srv/detail/dds_fastrtps
[11.356s] -- Up-to-date: /home/ubuntu/ros2_ws/install/pupper_interfaces/include/pupper_interfaces/pupper_interfaces/srv/detail/go_pupper__rosidl_typesupport_fastrtps_cpp.hpp
[11.357s] -- Up-to-date: /home/ubuntu/ros2_ws/install/pupper_interfaces/include/pupper_interfaces/pupper_interfaces/msg
[11.358s] -- Up-to-date: /home/ubuntu/ros2_ws/install/pupper_interfaces/include/pupper_interfaces/pupper_interfaces/msg/rosidl_typesupport_fastrtps_cpp__visibility_control.h
[11.358s] -- Up-to-date: /home/ubuntu/ros2_ws/install/pupper_interfaces/include/pupper_interfaces/pupper_interfaces/msg/detail
[11.359s] -- Up-to-date: /home/ubuntu/ros2_ws/install/pupper_interfaces/include/pupper_interfaces/pupper_interfaces/msg/detail/command__rosidl_typesupport_fastrtps_cpp.hpp
[11.359s] -- Up-to-date: /home/ubuntu/ros2_ws/install/pupper_interfaces/include/pupper_interfaces/pupper_interfaces/msg/detail/dds_fastrtps
[11.364s] -- Up-to-date: /home/ubuntu/ros2_ws/install/pupper_interfaces/lib/libpupper_interfaces__rosidl_typesupport_fastrtps_cpp.so
[11.365s] -- Up-to-date: /home/ubuntu/ros2_ws/install/pupper_interfaces/include/pupper_interfaces/pupper_interfaces
[11.366s] -- Up-to-date: /home/ubuntu/ros2_ws/install/pupper_interfaces/include/pupper_interfaces/pupper_interfaces/srv
[11.366s] -- Up-to-date: /home/ubuntu/ros2_ws/install/pupper_interfaces/include/pupper_interfaces/pupper_interfaces/srv/detail
[11.367s] -- Up-to-date: /home/ubuntu/ros2_ws/install/pupper_interfaces/include/pupper_interfaces/pupper_interfaces/srv/detail/go_pupper__type_support.cpp
[11.371s] -- Up-to-date: /home/ubuntu/ros2_ws/install/pupper_interfaces/include/pupper_interfaces/pupper_interfaces/srv/detail/go_pupper__rosidl_typesupport_introspection_cpp.hpp
[11.372s] -- Up-to-date: /home/ubuntu/ros2_ws/install/pupper_interfaces/include/pupper_interfaces/pupper_interfaces/msg
[11.373s] -- Up-to-date: /home/ubuntu/ros2_ws/install/pupper_interfaces/include/pupper_interfaces/pupper_interfaces/msg/detail
[11.374s] -- Up-to-date: /home/ubuntu/ros2_ws/install/pupper_interfaces/include/pupper_interfaces/pupper_interfaces/msg/detail/command__rosidl_typesupport_introspection_cpp.hpp
[11.374s] -- Up-to-date: /home/ubuntu/ros2_ws/install/pupper_interfaces/include/pupper_interfaces/pupper_interfaces/msg/detail/command__type_support.cpp
[11.375s] -- Up-to-date: /home/ubuntu/ros2_ws/install/pupper_interfaces/lib/libpupper_interfaces__rosidl_typesupport_introspection_cpp.so
[11.375s] -- Up-to-date: /home/ubuntu/ros2_ws/install/pupper_interfaces/lib/libpupper_interfaces__rosidl_typesupport_cpp.so
[11.376s] -- Up-to-date: /home/ubuntu/ros2_ws/install/pupper_interfaces/share/pupper_interfaces/environment/pythonpath.sh
[11.376s] -- Up-to-date: /home/ubuntu/ros2_ws/install/pupper_interfaces/share/pupper_interfaces/environment/pythonpath.dsv
[11.377s] -- Up-to-date: /home/ubuntu/ros2_ws/install/pupper_interfaces/local/lib/python3.10/dist-packages/pupper_interfaces-0.0.0-py3.10.egg-info
[11.377s] -- Installing: /home/ubuntu/ros2_ws/install/pupper_interfaces/local/lib/python3.10/dist-packages/pupper_interfaces-0.0.0-py3.10.egg-info/SOURCES.txt
[11.377s] -- Installing: /home/ubuntu/ros2_ws/install/pupper_interfaces/local/lib/python3.10/dist-packages/pupper_interfaces-0.0.0-py3.10.egg-info/dependency_links.txt
[11.378s] -- Installing: /home/ubuntu/ros2_ws/install/pupper_interfaces/local/lib/python3.10/dist-packages/pupper_interfaces-0.0.0-py3.10.egg-info/PKG-INFO
[11.378s] -- Installing: /home/ubuntu/ros2_ws/install/pupper_interfaces/local/lib/python3.10/dist-packages/pupper_interfaces-0.0.0-py3.10.egg-info/top_level.txt
[11.379s] -- Up-to-date: /home/ubuntu/ros2_ws/install/pupper_interfaces/local/lib/python3.10/dist-packages/pupper_interfaces
[11.379s] -- Up-to-date: /home/ubuntu/ros2_ws/install/pupper_interfaces/local/lib/python3.10/dist-packages/pupper_interfaces/__init__.py
[11.385s] -- Up-to-date: /home/ubuntu/ros2_ws/install/pupper_interfaces/local/lib/python3.10/dist-packages/pupper_interfaces/_pupper_interfaces_s.ep.rosidl_typesupport_fastrtps_c.c
[11.386s] -- Up-to-date: /home/ubuntu/ros2_ws/install/pupper_interfaces/local/lib/python3.10/dist-packages/pupper_interfaces/_pupper_interfaces_s.ep.rosidl_typesupport_c.c
[11.387s] -- Up-to-date: /home/ubuntu/ros2_ws/install/pupper_interfaces/local/lib/python3.10/dist-packages/pupper_interfaces/_pupper_interfaces_s.ep.rosidl_typesupport_introspection_c.c
[11.387s] -- Up-to-date: /home/ubuntu/ros2_ws/install/pupper_interfaces/local/lib/python3.10/dist-packages/pupper_interfaces/libpupper_interfaces__rosidl_generator_py.so
[11.388s] -- Up-to-date: /home/ubuntu/ros2_ws/install/pupper_interfaces/local/lib/python3.10/dist-packages/pupper_interfaces/pupper_interfaces_s__rosidl_typesupport_introspection_c.cpython-310-aarch64-linux-gnu.so
[11.389s] -- Up-to-date: /home/ubuntu/ros2_ws/install/pupper_interfaces/local/lib/python3.10/dist-packages/pupper_interfaces/srv
[11.389s] -- Up-to-date: /home/ubuntu/ros2_ws/install/pupper_interfaces/local/lib/python3.10/dist-packages/pupper_interfaces/srv/__init__.py
[11.390s] -- Up-to-date: /home/ubuntu/ros2_ws/install/pupper_interfaces/local/lib/python3.10/dist-packages/pupper_interfaces/srv/_go_pupper.py
[11.393s] -- Up-to-date: /home/ubuntu/ros2_ws/install/pupper_interfaces/local/lib/python3.10/dist-packages/pupper_interfaces/srv/_go_pupper_s.c
[11.393s] -- Up-to-date: /home/ubuntu/ros2_ws/install/pupper_interfaces/local/lib/python3.10/dist-packages/pupper_interfaces/pupper_interfaces_s__rosidl_typesupport_c.cpython-310-aarch64-linux-gnu.so
[11.394s] -- Up-to-date: /home/ubuntu/ros2_ws/install/pupper_interfaces/local/lib/python3.10/dist-packages/pupper_interfaces/pupper_interfaces_s__rosidl_typesupport_fastrtps_c.cpython-310-aarch64-linux-gnu.so
[11.395s] -- Up-to-date: /home/ubuntu/ros2_ws/install/pupper_interfaces/local/lib/python3.10/dist-packages/pupper_interfaces/msg
[11.399s] -- Up-to-date: /home/ubuntu/ros2_ws/install/pupper_interfaces/local/lib/python3.10/dist-packages/pupper_interfaces/msg/__init__.py
[11.400s] -- Up-to-date: /home/ubuntu/ros2_ws/install/pupper_interfaces/local/lib/python3.10/dist-packages/pupper_interfaces/msg/_command.py
[11.401s] -- Up-to-date: /home/ubuntu/ros2_ws/install/pupper_interfaces/local/lib/python3.10/dist-packages/pupper_interfaces/msg/_command_s.c
[11.673s] Listing '/home/ubuntu/ros2_ws/install/pupper_interfaces/local/lib/python3.10/dist-packages/pupper_interfaces'...
[11.673s] Listing '/home/ubuntu/ros2_ws/install/pupper_interfaces/local/lib/python3.10/dist-packages/pupper_interfaces/msg'...
[11.674s] Listing '/home/ubuntu/ros2_ws/install/pupper_interfaces/local/lib/python3.10/dist-packages/pupper_interfaces/srv'...
[11.769s] -- Up-to-date: /home/ubuntu/ros2_ws/install/pupper_interfaces/local/lib/python3.10/dist-packages/pupper_interfaces/pupper_interfaces_s__rosidl_typesupport_fastrtps_c.cpython-310-aarch64-linux-gnu.so
[11.770s] -- Up-to-date: /home/ubuntu/ros2_ws/install/pupper_interfaces/local/lib/python3.10/dist-packages/pupper_interfaces/pupper_interfaces_s__rosidl_typesupport_introspection_c.cpython-310-aarch64-linux-gnu.so
[11.774s] -- Up-to-date: /home/ubuntu/ros2_ws/install/pupper_interfaces/local/lib/python3.10/dist-packages/pupper_interfaces/pupper_interfaces_s__rosidl_typesupport_c.cpython-310-aarch64-linux-gnu.so
[11.783s] -- Up-to-date: /home/ubuntu/ros2_ws/install/pupper_interfaces/lib/libpupper_interfaces__rosidl_generator_py.so
[11.784s] -- Up-to-date: /home/ubuntu/ros2_ws/install/pupper_interfaces/share/pupper_interfaces/msg/Command.idl
[11.797s] -- Up-to-date: /home/ubuntu/ros2_ws/install/pupper_interfaces/share/pupper_interfaces/srv/GoPupper.idl
[11.799s] -- Up-to-date: /home/ubuntu/ros2_ws/install/pupper_interfaces/share/pupper_interfaces/msg/Command.msg
[11.800s] -- Up-to-date: /home/ubuntu/ros2_ws/install/pupper_interfaces/share/pupper_interfaces/srv/GoPupper.srv
[11.800s] -- Up-to-date: /home/ubuntu/ros2_ws/install/pupper_interfaces/share/pupper_interfaces/srv/GoPupper_Request.msg
[11.801s] -- Up-to-date: /home/ubuntu/ros2_ws/install/pupper_interfaces/share/pupper_interfaces/srv/GoPupper_Response.msg
[11.802s] -- Up-to-date: /home/ubuntu/ros2_ws/install/pupper_interfaces/share/ament_index/resource_index/package_run_dependencies/pupper_interfaces
[11.802s] -- Up-to-date: /home/ubuntu/ros2_ws/install/pupper_interfaces/share/ament_index/resource_index/parent_prefix_path/pupper_interfaces
[11.804s] -- Up-to-date: /home/ubuntu/ros2_ws/install/pupper_interfaces/share/pupper_interfaces/environment/ament_prefix_path.sh
[11.806s] -- Up-to-date: /home/ubuntu/ros2_ws/install/pupper_interfaces/share/pupper_interfaces/environment/ament_prefix_path.dsv
[11.808s] -- Up-to-date: /home/ubuntu/ros2_ws/install/pupper_interfaces/share/pupper_interfaces/environment/path.sh
[11.810s] -- Up-to-date: /home/ubuntu/ros2_ws/install/pupper_interfaces/share/pupper_interfaces/environment/path.dsv
[11.812s] -- Up-to-date: /home/ubuntu/ros2_ws/install/pupper_interfaces/share/pupper_interfaces/local_setup.bash
[11.816s] -- Up-to-date: /home/ubuntu/ros2_ws/install/pupper_interfaces/share/pupper_interfaces/local_setup.sh
[11.822s] -- Up-to-date: /home/ubuntu/ros2_ws/install/pupper_interfaces/share/pupper_interfaces/local_setup.zsh
[11.831s] -- Up-to-date: /home/ubuntu/ros2_ws/install/pupper_interfaces/share/pupper_interfaces/local_setup.dsv
[11.840s] -- Installing: /home/ubuntu/ros2_ws/install/pupper_interfaces/share/pupper_interfaces/package.dsv
[11.847s] -- Up-to-date: /home/ubuntu/ros2_ws/install/pupper_interfaces/share/ament_index/resource_index/packages/pupper_interfaces
[11.854s] -- Up-to-date: /home/ubuntu/ros2_ws/install/pupper_interfaces/share/pupper_interfaces/cmake/export_pupper_interfaces__rosidl_generator_cExport.cmake
[11.859s] -- Up-to-date: /home/ubuntu/ros2_ws/install/pupper_interfaces/share/pupper_interfaces/cmake/export_pupper_interfaces__rosidl_generator_cExport-noconfig.cmake
[11.869s] -- Up-to-date: /home/ubuntu/ros2_ws/install/pupper_interfaces/share/pupper_interfaces/cmake/export_pupper_interfaces__rosidl_typesupport_fastrtps_cExport.cmake
[11.871s] -- Up-to-date: /home/ubuntu/ros2_ws/install/pupper_interfaces/share/pupper_interfaces/cmake/export_pupper_interfaces__rosidl_typesupport_fastrtps_cExport-noconfig.cmake
[11.873s] -- Up-to-date: /home/ubuntu/ros2_ws/install/pupper_interfaces/share/pupper_interfaces/cmake/pupper_interfaces__rosidl_typesupport_introspection_cExport.cmake
[11.874s] -- Up-to-date: /home/ubuntu/ros2_ws/install/pupper_interfaces/share/pupper_interfaces/cmake/pupper_interfaces__rosidl_typesupport_introspection_cExport-noconfig.cmake
[11.877s] -- Up-to-date: /home/ubuntu/ros2_ws/install/pupper_interfaces/share/pupper_interfaces/cmake/pupper_interfaces__rosidl_typesupport_cExport.cmake
[11.878s] -- Up-to-date: /home/ubuntu/ros2_ws/install/pupper_interfaces/share/pupper_interfaces/cmake/pupper_interfaces__rosidl_typesupport_cExport-noconfig.cmake
[11.880s] -- Up-to-date: /home/ubuntu/ros2_ws/install/pupper_interfaces/share/pupper_interfaces/cmake/export_pupper_interfaces__rosidl_generator_cppExport.cmake
[11.897s] -- Up-to-date: /home/ubuntu/ros2_ws/install/pupper_interfaces/share/pupper_interfaces/cmake/export_pupper_interfaces__rosidl_typesupport_fastrtps_cppExport.cmake
[11.898s] -- Up-to-date: /home/ubuntu/ros2_ws/install/pupper_interfaces/share/pupper_interfaces/cmake/export_pupper_interfaces__rosidl_typesupport_fastrtps_cppExport-noconfig.cmake
[11.900s] -- Up-to-date: /home/ubuntu/ros2_ws/install/pupper_interfaces/share/pupper_interfaces/cmake/pupper_interfaces__rosidl_typesupport_introspection_cppExport.cmake
[11.901s] -- Up-to-date: /home/ubuntu/ros2_ws/install/pupper_interfaces/share/pupper_interfaces/cmake/pupper_interfaces__rosidl_typesupport_introspection_cppExport-noconfig.cmake
[11.901s] -- Up-to-date: /home/ubuntu/ros2_ws/install/pupper_interfaces/share/pupper_interfaces/cmake/pupper_interfaces__rosidl_typesupport_cppExport.cmake
[11.902s] -- Up-to-date: /home/ubuntu/ros2_ws/install/pupper_interfaces/share/pupper_interfaces/cmake/pupper_interfaces__rosidl_typesupport_cppExport-noconfig.cmake
[11.902s] -- Up-to-date: /home/ubuntu/ros2_ws/install/pupper_interfaces/share/pupper_interfaces/cmake/export_pupper_interfaces__rosidl_generator_pyExport.cmake
[11.902s] -- Up-to-date: /home/ubuntu/ros2_ws/install/pupper_interfaces/share/pupper_interfaces/cmake/export_pupper_interfaces__rosidl_generator_pyExport-noconfig.cmake
[11.903s] -- Up-to-date: /home/ubuntu/ros2_ws/install/pupper_interfaces/share/pupper_interfaces/cmake/rosidl_cmake-extras.cmake
[11.926s] -- Up-to-date: /home/ubuntu/ros2_ws/install/pupper_interfaces/share/pupper_interfaces/cmake/ament_cmake_export_dependencies-extras.cmake
[11.927s] -- Up-to-date: /home/ubuntu/ros2_ws/install/pupper_interfaces/share/pupper_interfaces/cmake/ament_cmake_export_include_directories-extras.cmake
[11.927s] -- Up-to-date: /home/ubuntu/ros2_ws/install/pupper_interfaces/share/pupper_interfaces/cmake/ament_cmake_export_libraries-extras.cmake
[11.951s] -- Up-to-date: /home/ubuntu/ros2_ws/install/pupper_interfaces/share/pupper_interfaces/cmake/ament_cmake_export_targets-extras.cmake
[11.952s] -- Up-to-date: /home/ubuntu/ros2_ws/install/pupper_interfaces/share/pupper_interfaces/cmake/rosidl_cmake_export_typesupport_targets-extras.cmake
[11.953s] -- Up-to-date: /home/ubuntu/ros2_ws/install/pupper_interfaces/share/pupper_interfaces/cmake/rosidl_cmake_export_typesupport_libraries-extras.cmake
[11.954s] -- Up-to-date: /home/ubuntu/ros2_ws/install/pupper_interfaces/share/pupper_interfaces/cmake/pupper_interfacesConfig.cmake
[11.957s] -- Up-to-date: /home/ubuntu/ros2_ws/install/pupper_interfaces/share/pupper_interfaces/cmake/pupper_interfacesConfig-version.cmake
[11.964s] -- Up-to-date: /home/ubuntu/ros2_ws/install/pupper_interfaces/share/pupper_interfaces/package.xml
[11.965s] Invoked command in '/home/ubuntu/ros2_ws/build/pupper_interfaces' returned '0': CMAKE_PREFIX_PATH=${CMAKE_PREFIX_PATH}:/home/ubuntu/ros2_ws/install/go_pupper_srv:/home/ubuntu/ros2_ws/install/mini_pupper_music:/home/ubuntu/ros2_ws/install/mini_pupper_dance:/home/ubuntu/ros2_ws/install/mini_pupper_driver:/opt/ros/humble /usr/bin/cmake --install /home/ubuntu/ros2_ws/build/pupper_interfaces
