[10.724s] Invoking command in '/home/ubuntu/ros2_ws/src/mini_pupper_ros/mini_pupper_music': PYTHONPATH=/home/ubuntu/ros2_ws/build/mini_pupper_music/prefix_override:/home/ubuntu/ros2_ws/install/mini_pupper_music/lib/python3.10/site-packages:${PYTHONPATH} /usr/bin/python3 -W ignore:setup.py install is deprecated setup.py egg_info --egg-base ../../../build/mini_pupper_music build --build-base /home/ubuntu/ros2_ws/build/mini_pupper_music/build install --record /home/ubuntu/ros2_ws/build/mini_pupper_music/install.log --single-version-externally-managed install_data
[14.413s] running egg_info
[14.418s] writing ../../../build/mini_pupper_music/mini_pupper_music.egg-info/PKG-INFO
[14.420s] writing dependency_links to ../../../build/mini_pupper_music/mini_pupper_music.egg-info/dependency_links.txt
[14.425s] writing entry points to ../../../build/mini_pupper_music/mini_pupper_music.egg-info/entry_points.txt
[14.427s] writing requirements to ../../../build/mini_pupper_music/mini_pupper_music.egg-info/requires.txt
[14.430s] writing top-level names to ../../../build/mini_pupper_music/mini_pupper_music.egg-info/top_level.txt
[14.452s] reading manifest file '../../../build/mini_pupper_music/mini_pupper_music.egg-info/SOURCES.txt'
[14.464s] writing manifest file '../../../build/mini_pupper_music/mini_pupper_music.egg-info/SOURCES.txt'
[14.465s] running build
[14.467s] running build_py
[14.472s] running install
[14.475s] running install_lib
[14.495s] running install_data
[14.500s] running install_egg_info
[14.531s] removing '/home/ubuntu/ros2_ws/install/mini_pupper_music/lib/python3.10/site-packages/mini_pupper_music-1.0.0-py3.10.egg-info' (and everything under it)
[14.543s] Copying ../../../build/mini_pupper_music/mini_pupper_music.egg-info to /home/ubuntu/ros2_ws/install/mini_pupper_music/lib/python3.10/site-packages/mini_pupper_music-1.0.0-py3.10.egg-info
[14.590s] running install_scripts
[14.764s] Installing service script to /home/ubuntu/ros2_ws/install/mini_pupper_music/lib/mini_pupper_music
[14.769s] writing list of installed files to '/home/ubuntu/ros2_ws/build/mini_pupper_music/install.log'
[15.227s] Invoked command in '/home/ubuntu/ros2_ws/src/mini_pupper_ros/mini_pupper_music' returned '0': PYTHONPATH=/home/ubuntu/ros2_ws/build/mini_pupper_music/prefix_override:/home/ubuntu/ros2_ws/install/mini_pupper_music/lib/python3.10/site-packages:${PYTHONPATH} /usr/bin/python3 -W ignore:setup.py install is deprecated setup.py egg_info --egg-base ../../../build/mini_pupper_music build --build-base /home/ubuntu/ros2_ws/build/mini_pupper_music/build install --record /home/ubuntu/ros2_ws/build/mini_pupper_music/install.log --single-version-externally-managed install_data
