[5.590s] Invoking command in '/home/ubuntu/ros2_ws/src/go_pupper_srv': PYTHONPATH=/home/ubuntu/ros2_ws/build/go_pupper_srv/prefix_override:/home/ubuntu/ros2_ws/install/go_pupper_srv/lib/python3.10/site-packages:${PYTHONPATH} /usr/bin/python3 -W ignore:setup.py install is deprecated setup.py egg_info --egg-base ../../build/go_pupper_srv build --build-base /home/ubuntu/ros2_ws/build/go_pupper_srv/build install --record /home/ubuntu/ros2_ws/build/go_pupper_srv/install.log --single-version-externally-managed install_data
[7.594s] running egg_info
[7.724s] writing ../../build/go_pupper_srv/go_pupper_srv.egg-info/PKG-INFO
[7.728s] writing dependency_links to ../../build/go_pupper_srv/go_pupper_srv.egg-info/dependency_links.txt
[7.730s] writing entry points to ../../build/go_pupper_srv/go_pupper_srv.egg-info/entry_points.txt
[7.732s] writing requirements to ../../build/go_pupper_srv/go_pupper_srv.egg-info/requires.txt
[7.734s] writing top-level names to ../../build/go_pupper_srv/go_pupper_srv.egg-info/top_level.txt
[8.000s] reading manifest file '../../build/go_pupper_srv/go_pupper_srv.egg-info/SOURCES.txt'
[8.004s] adding license file 'LICENSE'
[8.007s] writing manifest file '../../build/go_pupper_srv/go_pupper_srv.egg-info/SOURCES.txt'
[8.008s] running build
[8.010s] running build_py
[8.011s] copying go_pupper_srv/task2.py -> /home/ubuntu/ros2_ws/build/go_pupper_srv/build/lib/go_pupper_srv
[8.013s] copying go_pupper_srv/task3.py -> /home/ubuntu/ros2_ws/build/go_pupper_srv/build/lib/go_pupper_srv
[8.015s] copying go_pupper_srv/task1.py -> /home/ubuntu/ros2_ws/build/go_pupper_srv/build/lib/go_pupper_srv
[8.016s] copying go_pupper_srv/audio.py -> /home/ubuntu/ros2_ws/build/go_pupper_srv/build/lib/go_pupper_srv
[8.019s] copying go_pupper_srv/client_go_pupper.py -> /home/ubuntu/ros2_ws/build/go_pupper_srv/build/lib/go_pupper_srv
[8.021s] copying go_pupper_srv/energy1.py -> /home/ubuntu/ros2_ws/build/go_pupper_srv/build/lib/go_pupper_srv
[8.028s] running install
[8.058s] running install_lib
[8.165s] copying /home/ubuntu/ros2_ws/build/go_pupper_srv/build/lib/go_pupper_srv/task2.py -> /home/ubuntu/ros2_ws/install/go_pupper_srv/lib/python3.10/site-packages/go_pupper_srv
[8.171s] byte-compiling /home/ubuntu/ros2_ws/install/go_pupper_srv/lib/python3.10/site-packages/go_pupper_srv/task2.py to task2.cpython-310.pyc
[8.173s] Sorry: TabError: inconsistent use of tabs and spaces in indentation (task2.py, line 137)
[8.174s] running install_data
[8.175s] running install_egg_info
[8.286s] removing '/home/ubuntu/ros2_ws/install/go_pupper_srv/lib/python3.10/site-packages/go_pupper_srv-0.0.0-py3.10.egg-info' (and everything under it)
[8.288s] Copying ../../build/go_pupper_srv/go_pupper_srv.egg-info to /home/ubuntu/ros2_ws/install/go_pupper_srv/lib/python3.10/site-packages/go_pupper_srv-0.0.0-py3.10.egg-info
[8.295s] running install_scripts
[9.315s] Installing audio script to /home/ubuntu/ros2_ws/install/go_pupper_srv/lib/go_pupper_srv
[9.318s] Installing client script to /home/ubuntu/ros2_ws/install/go_pupper_srv/lib/go_pupper_srv
[9.320s] Installing salsa script to /home/ubuntu/ros2_ws/install/go_pupper_srv/lib/go_pupper_srv
[9.321s] Installing service script to /home/ubuntu/ros2_ws/install/go_pupper_srv/lib/go_pupper_srv
[9.323s] Installing task1 script to /home/ubuntu/ros2_ws/install/go_pupper_srv/lib/go_pupper_srv
[9.324s] Installing task2 script to /home/ubuntu/ros2_ws/install/go_pupper_srv/lib/go_pupper_srv
[9.335s] writing list of installed files to '/home/ubuntu/ros2_ws/build/go_pupper_srv/install.log'
[9.509s] Invoked command in '/home/ubuntu/ros2_ws/src/go_pupper_srv' returned '0': PYTHONPATH=/home/ubuntu/ros2_ws/build/go_pupper_srv/prefix_override:/home/ubuntu/ros2_ws/install/go_pupper_srv/lib/python3.10/site-packages:${PYTHONPATH} /usr/bin/python3 -W ignore:setup.py install is deprecated setup.py egg_info --egg-base ../../build/go_pupper_srv build --build-base /home/ubuntu/ros2_ws/build/go_pupper_srv/build install --record /home/ubuntu/ros2_ws/build/go_pupper_srv/install.log --single-version-externally-managed install_data
