[7.358s] Invoking command in '/home/ubuntu/ros2_ws/src/go_pupper_srv': AMENT_PREFIX_PATH=/home/ubuntu/ros2_ws/src/install/pupper_interfaces:${AMENT_PREFIX_PATH} CMAKE_PREFIX_PATH=/home/ubuntu/ros2_ws/src/install/pupper_interfaces:${CMAKE_PREFIX_PATH} LD_LIBRARY_PATH=/home/ubuntu/ros2_ws/src/install/pupper_interfaces/lib:${LD_LIBRARY_PATH} PYTHONPATH=/home/ubuntu/ros2_ws/src/build/go_pupper_srv/prefix_override:/home/ubuntu/ros2_ws/src/install/go_pupper_srv/lib/python3.10/site-packages:/home/ubuntu/ros2_ws/src/install/pupper_interfaces/local/lib/python3.10/dist-packages:${PYTHONPATH} /usr/bin/python3 -W ignore:setup.py install is deprecated setup.py egg_info --egg-base ../build/go_pupper_srv build --build-base /home/ubuntu/ros2_ws/src/build/go_pupper_srv/build install --record /home/ubuntu/ros2_ws/src/build/go_pupper_srv/install.log --single-version-externally-managed install_data
[9.639s] running egg_info
[9.808s] writing ../build/go_pupper_srv/go_pupper_srv.egg-info/PKG-INFO
[9.811s] writing dependency_links to ../build/go_pupper_srv/go_pupper_srv.egg-info/dependency_links.txt
[9.813s] writing entry points to ../build/go_pupper_srv/go_pupper_srv.egg-info/entry_points.txt
[9.815s] writing requirements to ../build/go_pupper_srv/go_pupper_srv.egg-info/requires.txt
[9.816s] writing top-level names to ../build/go_pupper_srv/go_pupper_srv.egg-info/top_level.txt
[10.154s] reading manifest file '../build/go_pupper_srv/go_pupper_srv.egg-info/SOURCES.txt'
[10.183s] adding license file 'LICENSE'
[10.186s] writing manifest file '../build/go_pupper_srv/go_pupper_srv.egg-info/SOURCES.txt'
[10.210s] running build
[10.211s] running build_py
[10.213s] copying go_pupper_srv/task2.py -> /home/ubuntu/ros2_ws/src/build/go_pupper_srv/build/lib/go_pupper_srv
[10.214s] copying go_pupper_srv/task3.py -> /home/ubuntu/ros2_ws/src/build/go_pupper_srv/build/lib/go_pupper_srv
[10.215s] copying go_pupper_srv/task1.py -> /home/ubuntu/ros2_ws/src/build/go_pupper_srv/build/lib/go_pupper_srv
[10.216s] copying go_pupper_srv/audio.py -> /home/ubuntu/ros2_ws/src/build/go_pupper_srv/build/lib/go_pupper_srv
[10.217s] copying go_pupper_srv/client_go_pupper.py -> /home/ubuntu/ros2_ws/src/build/go_pupper_srv/build/lib/go_pupper_srv
[10.219s] copying go_pupper_srv/energy1.py -> /home/ubuntu/ros2_ws/src/build/go_pupper_srv/build/lib/go_pupper_srv
[10.222s] running install
[10.260s] running install_lib
[10.373s] copying /home/ubuntu/ros2_ws/src/build/go_pupper_srv/build/lib/go_pupper_srv/task2.py -> /home/ubuntu/ros2_ws/src/install/go_pupper_srv/lib/python3.10/site-packages/go_pupper_srv
[10.381s] copying /home/ubuntu/ros2_ws/src/build/go_pupper_srv/build/lib/go_pupper_srv/task3.py -> /home/ubuntu/ros2_ws/src/install/go_pupper_srv/lib/python3.10/site-packages/go_pupper_srv
[10.383s] copying /home/ubuntu/ros2_ws/src/build/go_pupper_srv/build/lib/go_pupper_srv/task1.py -> /home/ubuntu/ros2_ws/src/install/go_pupper_srv/lib/python3.10/site-packages/go_pupper_srv
[10.384s] copying /home/ubuntu/ros2_ws/src/build/go_pupper_srv/build/lib/go_pupper_srv/audio.py -> /home/ubuntu/ros2_ws/src/install/go_pupper_srv/lib/python3.10/site-packages/go_pupper_srv
[10.386s] copying /home/ubuntu/ros2_ws/src/build/go_pupper_srv/build/lib/go_pupper_srv/energy1.py -> /home/ubuntu/ros2_ws/src/install/go_pupper_srv/lib/python3.10/site-packages/go_pupper_srv
[10.387s] byte-compiling /home/ubuntu/ros2_ws/src/install/go_pupper_srv/lib/python3.10/site-packages/go_pupper_srv/task2.py to task2.cpython-310.pyc
[10.390s] Sorry: TabError: inconsistent use of tabs and spaces in indentation (task2.py, line 153)
[10.392s] byte-compiling /home/ubuntu/ros2_ws/src/install/go_pupper_srv/lib/python3.10/site-packages/go_pupper_srv/task3.py to task3.cpython-310.pyc
[10.394s] byte-compiling /home/ubuntu/ros2_ws/src/install/go_pupper_srv/lib/python3.10/site-packages/go_pupper_srv/task1.py to task1.cpython-310.pyc
[10.399s] byte-compiling /home/ubuntu/ros2_ws/src/install/go_pupper_srv/lib/python3.10/site-packages/go_pupper_srv/audio.py to audio.cpython-310.pyc
[10.402s] byte-compiling /home/ubuntu/ros2_ws/src/install/go_pupper_srv/lib/python3.10/site-packages/go_pupper_srv/energy1.py to energy1.cpython-310.pyc
[10.408s] running install_data
[10.410s] running install_egg_info
[10.527s] removing '/home/ubuntu/ros2_ws/src/install/go_pupper_srv/lib/python3.10/site-packages/go_pupper_srv-0.0.0-py3.10.egg-info' (and everything under it)
[10.531s] Copying ../build/go_pupper_srv/go_pupper_srv.egg-info to /home/ubuntu/ros2_ws/src/install/go_pupper_srv/lib/python3.10/site-packages/go_pupper_srv-0.0.0-py3.10.egg-info
[10.541s] running install_scripts
[11.691s] Installing audio script to /home/ubuntu/ros2_ws/src/install/go_pupper_srv/lib/go_pupper_srv
[11.693s] Installing client script to /home/ubuntu/ros2_ws/src/install/go_pupper_srv/lib/go_pupper_srv
[11.699s] Installing salsa script to /home/ubuntu/ros2_ws/src/install/go_pupper_srv/lib/go_pupper_srv
[11.700s] Installing service script to /home/ubuntu/ros2_ws/src/install/go_pupper_srv/lib/go_pupper_srv
[11.701s] Installing task2 script to /home/ubuntu/ros2_ws/src/install/go_pupper_srv/lib/go_pupper_srv
[11.703s] writing list of installed files to '/home/ubuntu/ros2_ws/src/build/go_pupper_srv/install.log'
[11.900s] Invoked command in '/home/ubuntu/ros2_ws/src/go_pupper_srv' returned '0': AMENT_PREFIX_PATH=/home/ubuntu/ros2_ws/src/install/pupper_interfaces:${AMENT_PREFIX_PATH} CMAKE_PREFIX_PATH=/home/ubuntu/ros2_ws/src/install/pupper_interfaces:${CMAKE_PREFIX_PATH} LD_LIBRARY_PATH=/home/ubuntu/ros2_ws/src/install/pupper_interfaces/lib:${LD_LIBRARY_PATH} PYTHONPATH=/home/ubuntu/ros2_ws/src/build/go_pupper_srv/prefix_override:/home/ubuntu/ros2_ws/src/install/go_pupper_srv/lib/python3.10/site-packages:/home/ubuntu/ros2_ws/src/install/pupper_interfaces/local/lib/python3.10/dist-packages:${PYTHONPATH} /usr/bin/python3 -W ignore:setup.py install is deprecated setup.py egg_info --egg-base ../build/go_pupper_srv build --build-base /home/ubuntu/ros2_ws/src/build/go_pupper_srv/build install --record /home/ubuntu/ros2_ws/src/build/go_pupper_srv/install.log --single-version-externally-managed install_data
