running develop
running egg_info
creating mini_pupper_music.egg-info
writing mini_pupper_music.egg-info/PKG-INFO
writing dependency_links to mini_pupper_music.egg-info/dependency_links.txt
writing entry points to mini_pupper_music.egg-info/entry_points.txt
writing requirements to mini_pupper_music.egg-info/requires.txt
writing top-level names to mini_pupper_music.egg-info/top_level.txt
writing manifest file 'mini_pupper_music.egg-info/SOURCES.txt'
reading manifest file 'mini_pupper_music.egg-info/SOURCES.txt'
writing manifest file 'mini_pupper_music.egg-info/SOURCES.txt'
running build_ext
Creating /home/ubuntu/ros2_ws/install/mini_pupper_music/lib/python3.10/site-packages/mini-pupper-music.egg-link (link to .)
Installing service script to /home/ubuntu/ros2_ws/install/mini_pupper_music/lib/mini_pupper_music

Installed /home/ubuntu/ros2_ws/build/mini_pupper_music
running symlink_data
symbolically linking /home/ubuntu/ros2_ws/build/mini_pupper_music/package.xml -> /home/ubuntu/ros2_ws/install/mini_pupper_music/share/mini_pupper_music
creating /home/ubuntu/ros2_ws/install/mini_pupper_music/share/mini_pupper_music/resource
symbolically linking /home/ubuntu/ros2_ws/build/mini_pupper_music/resource/mini_pupper_music -> /home/ubuntu/ros2_ws/install/mini_pupper_music/share/mini_pupper_music/resource
symbolically linking /home/ubuntu/ros2_ws/build/mini_pupper_music/resource/robot1.wav -> /home/ubuntu/ros2_ws/install/mini_pupper_music/share/mini_pupper_music/resource
symbolically linking /home/ubuntu/ros2_ws/build/mini_pupper_music/resource/robot1.mp3 -> /home/ubuntu/ros2_ws/install/mini_pupper_music/share/mini_pupper_music/resource
symbolically linking /home/ubuntu/ros2_ws/build/mini_pupper_music/launch/music.launch.py -> /home/ubuntu/ros2_ws/install/mini_pupper_music/share/mini_pupper_music
