[2.999s] Invoking command in '/home/ubuntu/ros2_ws/build/mini_pupper_music': PYTHONPATH=/home/ubuntu/ros2_ws/build/mini_pupper_music/prefix_override:/home/ubuntu/ros2_ws/install/mini_pupper_music/lib/python3.10/site-packages:${PYTHONPATH} /usr/bin/python3 -W ignore:setup.py install is deprecated setup.py develop --editable --build-directory /home/ubuntu/ros2_ws/build/mini_pupper_music/build --no-deps symlink_data
[4.242s] running develop
[5.030s] running egg_info
[5.031s] creating mini_pupper_music.egg-info
[5.032s] writing mini_pupper_music.egg-info/PKG-INFO
[5.032s] writing dependency_links to mini_pupper_music.egg-info/dependency_links.txt
[5.033s] writing entry points to mini_pupper_music.egg-info/entry_points.txt
[5.034s] writing requirements to mini_pupper_music.egg-info/requires.txt
[5.034s] writing top-level names to mini_pupper_music.egg-info/top_level.txt
[5.035s] writing manifest file 'mini_pupper_music.egg-info/SOURCES.txt'
[5.041s] reading manifest file 'mini_pupper_music.egg-info/SOURCES.txt'
[5.044s] writing manifest file 'mini_pupper_music.egg-info/SOURCES.txt'
[5.049s] running build_ext
[5.050s] Creating /home/ubuntu/ros2_ws/install/mini_pupper_music/lib/python3.10/site-packages/mini-pupper-music.egg-link (link to .)
[5.053s] Installing service script to /home/ubuntu/ros2_ws/install/mini_pupper_music/lib/mini_pupper_music
[5.054s] 
[5.055s] Installed /home/ubuntu/ros2_ws/build/mini_pupper_music
[5.055s] running symlink_data
[5.056s] symbolically linking /home/ubuntu/ros2_ws/build/mini_pupper_music/package.xml -> /home/ubuntu/ros2_ws/install/mini_pupper_music/share/mini_pupper_music
[5.056s] creating /home/ubuntu/ros2_ws/install/mini_pupper_music/share/mini_pupper_music/resource
[5.056s] symbolically linking /home/ubuntu/ros2_ws/build/mini_pupper_music/resource/mini_pupper_music -> /home/ubuntu/ros2_ws/install/mini_pupper_music/share/mini_pupper_music/resource
[5.057s] symbolically linking /home/ubuntu/ros2_ws/build/mini_pupper_music/resource/robot1.wav -> /home/ubuntu/ros2_ws/install/mini_pupper_music/share/mini_pupper_music/resource
[5.057s] symbolically linking /home/ubuntu/ros2_ws/build/mini_pupper_music/resource/robot1.mp3 -> /home/ubuntu/ros2_ws/install/mini_pupper_music/share/mini_pupper_music/resource
[5.058s] symbolically linking /home/ubuntu/ros2_ws/build/mini_pupper_music/launch/music.launch.py -> /home/ubuntu/ros2_ws/install/mini_pupper_music/share/mini_pupper_music
[5.207s] Invoked command in '/home/ubuntu/ros2_ws/build/mini_pupper_music' returned '0': PYTHONPATH=/home/ubuntu/ros2_ws/build/mini_pupper_music/prefix_override:/home/ubuntu/ros2_ws/install/mini_pupper_music/lib/python3.10/site-packages:${PYTHONPATH} /usr/bin/python3 -W ignore:setup.py install is deprecated setup.py develop --editable --build-directory /home/ubuntu/ros2_ws/build/mini_pupper_music/build --no-deps symlink_data
