[0.226s] Invoking command in '/home/ubuntu/ros2_ws/build/champ_bringup': CMAKE_PREFIX_PATH=/home/ubuntu/ros2_ws/install/champ_base:/home/ubuntu/ros2_ws/install/champ_msgs:/home/ubuntu/ros2_ws/install/champ_description:/home/ubuntu/ros2_ws/install/champ:/home/ubuntu/ros2_ws/install/pupper_interfaces:/home/ubuntu/ros2_ws/install/mini_pupper_interfaces:/home/ubuntu/ros2_ws/install/mini_pupper_description:/home/ubuntu/ros2_ws/install/mini_pupper_bringup:/home/ubuntu/ros2_ws/install/mini_pupper_2_description:/home/ubuntu/ros2_ws/install/ldlidar_stl_ros2:/home/ubuntu/ros2_ws/install/champ_teleop:/home/ubuntu/ros2_ws/install/champ_bringup:/home/ubuntu/ros2_ws/install/champ_config:/home/ubuntu/ros2_ws/install/go_pupper_srv:/home/ubuntu/ros2_ws/install/mini_pupper_music:/home/ubuntu/ros2_ws/install/mini_pupper_dance:/home/ubuntu/ros2_ws/install/mini_pupper_driver:/opt/ros/humble LD_LIBRARY_PATH=/home/ubuntu/ros2_ws/install/champ_base/lib:/home/ubuntu/ros2_ws/install/champ_msgs/lib:/home/ubuntu/ros2_ws/install/pupper_interfaces/lib:/home/ubuntu/ros2_ws/install/mini_pupper_interfaces/lib:/opt/ros/humble/opt/rviz_ogre_vendor/lib:/opt/ros/humble/lib/aarch64-linux-gnu:/opt/ros/humble/lib /usr/bin/cmake --build /home/ubuntu/ros2_ws/build/champ_bringup -- -j4 -l4
[1.143s] Built target ament_cmake_python_symlink_champ_bringup
[5.634s] running egg_info
[5.638s] writing champ_bringup.egg-info/PKG-INFO
[5.641s] writing dependency_links to champ_bringup.egg-info/dependency_links.txt
[5.644s] writing top-level names to champ_bringup.egg-info/top_level.txt
[5.659s] reading manifest file 'champ_bringup.egg-info/SOURCES.txt'
[5.664s] writing manifest file 'champ_bringup.egg-info/SOURCES.txt'
[5.943s] Built target ament_cmake_python_build_champ_bringup_egg
[6.078s] Invoked command in '/home/ubuntu/ros2_ws/build/champ_bringup' returned '0': CMAKE_PREFIX_PATH=/home/ubuntu/ros2_ws/install/champ_base:/home/ubuntu/ros2_ws/install/champ_msgs:/home/ubuntu/ros2_ws/install/champ_description:/home/ubuntu/ros2_ws/install/champ:/home/ubuntu/ros2_ws/install/pupper_interfaces:/home/ubuntu/ros2_ws/install/mini_pupper_interfaces:/home/ubuntu/ros2_ws/install/mini_pupper_description:/home/ubuntu/ros2_ws/install/mini_pupper_bringup:/home/ubuntu/ros2_ws/install/mini_pupper_2_description:/home/ubuntu/ros2_ws/install/ldlidar_stl_ros2:/home/ubuntu/ros2_ws/install/champ_teleop:/home/ubuntu/ros2_ws/install/champ_bringup:/home/ubuntu/ros2_ws/install/champ_config:/home/ubuntu/ros2_ws/install/go_pupper_srv:/home/ubuntu/ros2_ws/install/mini_pupper_music:/home/ubuntu/ros2_ws/install/mini_pupper_dance:/home/ubuntu/ros2_ws/install/mini_pupper_driver:/opt/ros/humble LD_LIBRARY_PATH=/home/ubuntu/ros2_ws/install/champ_base/lib:/home/ubuntu/ros2_ws/install/champ_msgs/lib:/home/ubuntu/ros2_ws/install/pupper_interfaces/lib:/home/ubuntu/ros2_ws/install/mini_pupper_interfaces/lib:/opt/ros/humble/opt/rviz_ogre_vendor/lib:/opt/ros/humble/lib/aarch64-linux-gnu:/opt/ros/humble/lib /usr/bin/cmake --build /home/ubuntu/ros2_ws/build/champ_bringup -- -j4 -l4
[6.426s] Invoking command in '/home/ubuntu/ros2_ws/build/champ_bringup': CMAKE_PREFIX_PATH=/home/ubuntu/ros2_ws/install/champ_base:/home/ubuntu/ros2_ws/install/champ_msgs:/home/ubuntu/ros2_ws/install/champ_description:/home/ubuntu/ros2_ws/install/champ:/home/ubuntu/ros2_ws/install/pupper_interfaces:/home/ubuntu/ros2_ws/install/mini_pupper_interfaces:/home/ubuntu/ros2_ws/install/mini_pupper_description:/home/ubuntu/ros2_ws/install/mini_pupper_bringup:/home/ubuntu/ros2_ws/install/mini_pupper_2_description:/home/ubuntu/ros2_ws/install/ldlidar_stl_ros2:/home/ubuntu/ros2_ws/install/champ_teleop:/home/ubuntu/ros2_ws/install/champ_bringup:/home/ubuntu/ros2_ws/install/champ_config:/home/ubuntu/ros2_ws/install/go_pupper_srv:/home/ubuntu/ros2_ws/install/mini_pupper_music:/home/ubuntu/ros2_ws/install/mini_pupper_dance:/home/ubuntu/ros2_ws/install/mini_pupper_driver:/opt/ros/humble LD_LIBRARY_PATH=/home/ubuntu/ros2_ws/install/champ_base/lib:/home/ubuntu/ros2_ws/install/champ_msgs/lib:/home/ubuntu/ros2_ws/install/pupper_interfaces/lib:/home/ubuntu/ros2_ws/install/mini_pupper_interfaces/lib:/opt/ros/humble/opt/rviz_ogre_vendor/lib:/opt/ros/humble/lib/aarch64-linux-gnu:/opt/ros/humble/lib /usr/bin/cmake --install /home/ubuntu/ros2_ws/build/champ_bringup
[6.510s] -- Install configuration: ""
[6.513s] -- Execute custom install script
[6.523s] -- Up-to-date symlink: /home/ubuntu/ros2_ws/install/champ_bringup/share/champ_bringup/launch/bringup.launch
[6.529s] -- Up-to-date symlink: /home/ubuntu/ros2_ws/install/champ_bringup/share/champ_bringup/launch/bringup.launch.py
[6.535s] -- Up-to-date symlink: /home/ubuntu/ros2_ws/install/champ_bringup/share/champ_bringup/launch/include/laser/d435.launch
[6.535s] -- Up-to-date symlink: /home/ubuntu/ros2_ws/install/champ_bringup/share/champ_bringup/launch/include/laser/hokuyo.launch
[6.539s] -- Up-to-date symlink: /home/ubuntu/ros2_ws/install/champ_bringup/share/champ_bringup/launch/include/laser/kinect.launch
[6.541s] -- Up-to-date symlink: /home/ubuntu/ros2_ws/install/champ_bringup/share/champ_bringup/launch/include/laser/lms1xx.launch
[6.543s] -- Up-to-date symlink: /home/ubuntu/ros2_ws/install/champ_bringup/share/champ_bringup/launch/include/laser/realsense.launch
[6.544s] -- Up-to-date symlink: /home/ubuntu/ros2_ws/install/champ_bringup/share/champ_bringup/launch/include/laser/rplidar.launch
[6.545s] -- Up-to-date symlink: /home/ubuntu/ros2_ws/install/champ_bringup/share/champ_bringup/launch/include/laser/sim.launch
[6.545s] -- Up-to-date symlink: /home/ubuntu/ros2_ws/install/champ_bringup/share/champ_bringup/launch/include/laser/sweep.launch
[6.546s] -- Up-to-date symlink: /home/ubuntu/ros2_ws/install/champ_bringup/share/champ_bringup/launch/include/laser/xv11.launch
[6.546s] -- Up-to-date symlink: /home/ubuntu/ros2_ws/install/champ_bringup/share/champ_bringup/launch/include/laser/ydlidar.launch
[6.551s] -- Up-to-date symlink: /home/ubuntu/ros2_ws/install/champ_bringup/share/champ_bringup/launch/include/velocity_smoother.launch
[6.551s] -- Up-to-date symlink: /home/ubuntu/ros2_ws/install/champ_bringup/share/champ_bringup/launch/joints_gui.launch
[6.552s] -- Up-to-date symlink: /home/ubuntu/ros2_ws/install/champ_bringup/share/champ_bringup/launch/joints_gui.launch.py
[6.552s] -- Up-to-date symlink: /home/ubuntu/ros2_ws/install/champ_bringup/share/champ_bringup/environment/pythonpath.sh
[6.556s] -- Up-to-date symlink: /home/ubuntu/ros2_ws/install/champ_bringup/share/champ_bringup/environment/pythonpath.dsv
[6.556s] -- Up-to-date symlink: /home/ubuntu/ros2_ws/install/champ_bringup/local/lib/python3.10/dist-packages/champ_bringup-0.1.0-py3.10.egg-info/PKG-INFO
[6.559s] -- Up-to-date symlink: /home/ubuntu/ros2_ws/install/champ_bringup/local/lib/python3.10/dist-packages/champ_bringup-0.1.0-py3.10.egg-info/SOURCES.txt
[6.560s] -- Up-to-date symlink: /home/ubuntu/ros2_ws/install/champ_bringup/local/lib/python3.10/dist-packages/champ_bringup-0.1.0-py3.10.egg-info/dependency_links.txt
[6.562s] -- Up-to-date symlink: /home/ubuntu/ros2_ws/install/champ_bringup/local/lib/python3.10/dist-packages/champ_bringup-0.1.0-py3.10.egg-info/top_level.txt
[6.564s] -- Up-to-date symlink: /home/ubuntu/ros2_ws/install/champ_bringup/local/lib/python3.10/dist-packages/champ_bringup/__init__.py
[6.567s] -- Up-to-date symlink: /home/ubuntu/ros2_ws/install/champ_bringup/local/lib/python3.10/dist-packages/champ_bringup/joint_calibrator_relay.py
[6.568s] -- Up-to-date symlink: /home/ubuntu/ros2_ws/install/champ_bringup/lib/champ_bringup/joint_calibrator_relay.py
[6.570s] -- Up-to-date symlink: /home/ubuntu/ros2_ws/install/champ_bringup/share/ament_index/resource_index/package_run_dependencies/champ_bringup
[6.571s] -- Up-to-date symlink: /home/ubuntu/ros2_ws/install/champ_bringup/share/ament_index/resource_index/parent_prefix_path/champ_bringup
[6.571s] -- Up-to-date symlink: /home/ubuntu/ros2_ws/install/champ_bringup/share/champ_bringup/environment/ament_prefix_path.sh
[6.572s] -- Up-to-date symlink: /home/ubuntu/ros2_ws/install/champ_bringup/share/champ_bringup/environment/ament_prefix_path.dsv
[6.572s] -- Up-to-date symlink: /home/ubuntu/ros2_ws/install/champ_bringup/share/champ_bringup/environment/path.sh
[6.573s] -- Up-to-date symlink: /home/ubuntu/ros2_ws/install/champ_bringup/share/champ_bringup/environment/path.dsv
[6.573s] -- Up-to-date symlink: /home/ubuntu/ros2_ws/install/champ_bringup/share/champ_bringup/local_setup.bash
[6.574s] -- Up-to-date symlink: /home/ubuntu/ros2_ws/install/champ_bringup/share/champ_bringup/local_setup.sh
[6.575s] -- Up-to-date symlink: /home/ubuntu/ros2_ws/install/champ_bringup/share/champ_bringup/local_setup.zsh
[6.575s] -- Up-to-date symlink: /home/ubuntu/ros2_ws/install/champ_bringup/share/champ_bringup/local_setup.dsv
[6.576s] -- Symlinking: /home/ubuntu/ros2_ws/install/champ_bringup/share/champ_bringup/package.dsv
[6.627s] -- Up-to-date symlink: /home/ubuntu/ros2_ws/install/champ_bringup/share/ament_index/resource_index/packages/champ_bringup
[6.629s] -- Up-to-date symlink: /home/ubuntu/ros2_ws/install/champ_bringup/share/champ_bringup/cmake/champ_bringupConfig.cmake
[6.632s] -- Up-to-date symlink: /home/ubuntu/ros2_ws/install/champ_bringup/share/champ_bringup/cmake/champ_bringupConfig-version.cmake
[6.633s] -- Up-to-date symlink: /home/ubuntu/ros2_ws/install/champ_bringup/share/champ_bringup/package.xml
[6.904s] Listing '/home/ubuntu/ros2_ws/install/champ_bringup/local/lib/python3.10/dist-packages/champ_bringup'...
[6.956s] Invoked command in '/home/ubuntu/ros2_ws/build/champ_bringup' returned '0': CMAKE_PREFIX_PATH=/home/ubuntu/ros2_ws/install/champ_base:/home/ubuntu/ros2_ws/install/champ_msgs:/home/ubuntu/ros2_ws/install/champ_description:/home/ubuntu/ros2_ws/install/champ:/home/ubuntu/ros2_ws/install/pupper_interfaces:/home/ubuntu/ros2_ws/install/mini_pupper_interfaces:/home/ubuntu/ros2_ws/install/mini_pupper_description:/home/ubuntu/ros2_ws/install/mini_pupper_bringup:/home/ubuntu/ros2_ws/install/mini_pupper_2_description:/home/ubuntu/ros2_ws/install/ldlidar_stl_ros2:/home/ubuntu/ros2_ws/install/champ_teleop:/home/ubuntu/ros2_ws/install/champ_bringup:/home/ubuntu/ros2_ws/install/champ_config:/home/ubuntu/ros2_ws/install/go_pupper_srv:/home/ubuntu/ros2_ws/install/mini_pupper_music:/home/ubuntu/ros2_ws/install/mini_pupper_dance:/home/ubuntu/ros2_ws/install/mini_pupper_driver:/opt/ros/humble LD_LIBRARY_PATH=/home/ubuntu/ros2_ws/install/champ_base/lib:/home/ubuntu/ros2_ws/install/champ_msgs/lib:/home/ubuntu/ros2_ws/install/pupper_interfaces/lib:/home/ubuntu/ros2_ws/install/mini_pupper_interfaces/lib:/opt/ros/humble/opt/rviz_ogre_vendor/lib:/opt/ros/humble/lib/aarch64-linux-gnu:/opt/ros/humble/lib /usr/bin/cmake --install /home/ubuntu/ros2_ws/build/champ_bringup
