[0.112s] Invoking command in '/home/ubuntu/ros2_ws/build/pupper_interfaces': CMAKE_PREFIX_PATH=${CMAKE_PREFIX_PATH}:/home/ubuntu/ros2_ws/install/go_pupper_srv:/home/ubuntu/ros2_ws/install/mini_pupper_music:/home/ubuntu/ros2_ws/install/mini_pupper_dance:/home/ubuntu/ros2_ws/install/mini_pupper_driver:/opt/ros/humble /usr/bin/cmake --build /home/ubuntu/ros2_ws/build/pupper_interfaces -- -j4 -l4
[1.101s] [ 10%] Built target pupper_interfaces__rosidl_generator_c
[1.272s] [ 12%] Built target pupper_interfaces__cpp
[1.574s] [ 23%] Built target pupper_interfaces__rosidl_typesupport_fastrtps_c
[1.632s] [ 23%] Built target ament_cmake_python_copy_pupper_interfaces
[1.877s] [ 33%] Built target pupper_interfaces__rosidl_typesupport_introspection_c
[1.898s] [ 43%] Built target pupper_interfaces__rosidl_typesupport_c
[2.083s] [ 53%] Built target pupper_interfaces__rosidl_typesupport_introspection_cpp
[2.189s] [ 64%] Built target pupper_interfaces__rosidl_typesupport_fastrtps_cpp
[2.277s] [ 74%] Built target pupper_interfaces__rosidl_typesupport_cpp
[2.582s] [ 74%] Built target pupper_interfaces
[2.931s] [ 76%] Built target pupper_interfaces__py
[3.274s] [ 84%] Built target pupper_interfaces__rosidl_generator_py
[3.633s] [ 89%] Built target pupper_interfaces__rosidl_typesupport_c__pyext
[3.694s] [ 94%] Built target pupper_interfaces__rosidl_typesupport_introspection_c__pyext
[3.743s] [100%] Built target pupper_interfaces__rosidl_typesupport_fastrtps_c__pyext
[5.584s] running egg_info
[5.908s] writing pupper_interfaces.egg-info/PKG-INFO
[5.909s] writing dependency_links to pupper_interfaces.egg-info/dependency_links.txt
[5.910s] writing top-level names to pupper_interfaces.egg-info/top_level.txt
[6.464s] reading manifest file 'pupper_interfaces.egg-info/SOURCES.txt'
[6.469s] writing manifest file 'pupper_interfaces.egg-info/SOURCES.txt'
[6.767s] [100%] Built target ament_cmake_python_build_pupper_interfaces_egg
[6.856s] Invoked command in '/home/ubuntu/ros2_ws/build/pupper_interfaces' returned '0': CMAKE_PREFIX_PATH=${CMAKE_PREFIX_PATH}:/home/ubuntu/ros2_ws/install/go_pupper_srv:/home/ubuntu/ros2_ws/install/mini_pupper_music:/home/ubuntu/ros2_ws/install/mini_pupper_dance:/home/ubuntu/ros2_ws/install/mini_pupper_driver:/opt/ros/humble /usr/bin/cmake --build /home/ubuntu/ros2_ws/build/pupper_interfaces -- -j4 -l4
[8.041s] Invoking command in '/home/ubuntu/ros2_ws/build/pupper_interfaces': CMAKE_PREFIX_PATH=${CMAKE_PREFIX_PATH}:/home/ubuntu/ros2_ws/install/go_pupper_srv:/home/ubuntu/ros2_ws/install/mini_pupper_music:/home/ubuntu/ros2_ws/install/mini_pupper_dance:/home/ubuntu/ros2_ws/install/mini_pupper_driver:/opt/ros/humble /usr/bin/cmake --install /home/ubuntu/ros2_ws/build/pupper_interfaces
[8.153s] -- Install configuration: ""
[8.154s] -- Up-to-date: /home/ubuntu/ros2_ws/install/pupper_interfaces/share/ament_index/resource_index/rosidl_interfaces/pupper_interfaces
[8.155s] -- Up-to-date: /home/ubuntu/ros2_ws/install/pupper_interfaces/include/pupper_interfaces/pupper_interfaces
[8.156s] -- Up-to-date: /home/ubuntu/ros2_ws/install/pupper_interfaces/include/pupper_interfaces/pupper_interfaces/srv
[8.157s] -- Up-to-date: /home/ubuntu/ros2_ws/install/pupper_interfaces/include/pupper_interfaces/pupper_interfaces/srv/go_pupper.h
[8.158s] -- Up-to-date: /home/ubuntu/ros2_ws/install/pupper_interfaces/include/pupper_interfaces/pupper_interfaces/srv/detail
[8.158s] -- Up-to-date: /home/ubuntu/ros2_ws/install/pupper_interfaces/include/pupper_interfaces/pupper_interfaces/srv/detail/go_pupper__functions.h
[8.160s] -- Up-to-date: /home/ubuntu/ros2_ws/install/pupper_interfaces/include/pupper_interfaces/pupper_interfaces/srv/detail/go_pupper__functions.c
[8.160s] -- Up-to-date: /home/ubuntu/ros2_ws/install/pupper_interfaces/include/pupper_interfaces/pupper_interfaces/srv/detail/go_pupper__type_support.h
[8.161s] -- Up-to-date: /home/ubuntu/ros2_ws/install/pupper_interfaces/include/pupper_interfaces/pupper_interfaces/srv/detail/go_pupper__struct.h
[8.162s] -- Up-to-date: /home/ubuntu/ros2_ws/install/pupper_interfaces/include/pupper_interfaces/pupper_interfaces/msg
[8.163s] -- Up-to-date: /home/ubuntu/ros2_ws/install/pupper_interfaces/include/pupper_interfaces/pupper_interfaces/msg/command.h
[8.164s] -- Up-to-date: /home/ubuntu/ros2_ws/install/pupper_interfaces/include/pupper_interfaces/pupper_interfaces/msg/detail
[8.165s] -- Up-to-date: /home/ubuntu/ros2_ws/install/pupper_interfaces/include/pupper_interfaces/pupper_interfaces/msg/detail/command__struct.h
[8.185s] -- Up-to-date: /home/ubuntu/ros2_ws/install/pupper_interfaces/include/pupper_interfaces/pupper_interfaces/msg/detail/command__functions.c
[8.186s] -- Up-to-date: /home/ubuntu/ros2_ws/install/pupper_interfaces/include/pupper_interfaces/pupper_interfaces/msg/detail/command__functions.h
[8.187s] -- Up-to-date: /home/ubuntu/ros2_ws/install/pupper_interfaces/include/pupper_interfaces/pupper_interfaces/msg/detail/command__type_support.h
[8.187s] -- Up-to-date: /home/ubuntu/ros2_ws/install/pupper_interfaces/include/pupper_interfaces/pupper_interfaces/msg/rosidl_generator_c__visibility_control.h
[8.189s] -- Up-to-date: /home/ubuntu/ros2_ws/install/pupper_interfaces/share/pupper_interfaces/environment/library_path.sh
[8.190s] -- Up-to-date: /home/ubuntu/ros2_ws/install/pupper_interfaces/share/pupper_interfaces/environment/library_path.dsv
[8.191s] -- Up-to-date: /home/ubuntu/ros2_ws/install/pupper_interfaces/lib/libpupper_interfaces__rosidl_generator_c.so
[8.192s] -- Up-to-date: /home/ubuntu/ros2_ws/install/pupper_interfaces/include/pupper_interfaces/pupper_interfaces
[8.193s] -- Up-to-date: /home/ubuntu/ros2_ws/install/pupper_interfaces/include/pupper_interfaces/pupper_interfaces/srv
[8.194s] -- Up-to-date: /home/ubuntu/ros2_ws/install/pupper_interfaces/include/pupper_interfaces/pupper_interfaces/srv/detail
[8.198s] -- Up-to-date: /home/ubuntu/ros2_ws/install/pupper_interfaces/include/pupper_interfaces/pupper_interfaces/srv/detail/go_pupper__rosidl_typesupport_fastrtps_c.h
[8.200s] -- Up-to-date: /home/ubuntu/ros2_ws/install/pupper_interfaces/include/pupper_interfaces/pupper_interfaces/msg
[8.203s] -- Up-to-date: /home/ubuntu/ros2_ws/install/pupper_interfaces/include/pupper_interfaces/pupper_interfaces/msg/rosidl_typesupport_fastrtps_c__visibility_control.h
[8.203s] -- Up-to-date: /home/ubuntu/ros2_ws/install/pupper_interfaces/include/pupper_interfaces/pupper_interfaces/msg/detail
[8.204s] -- Up-to-date: /home/ubuntu/ros2_ws/install/pupper_interfaces/include/pupper_interfaces/pupper_interfaces/msg/detail/command__rosidl_typesupport_fastrtps_c.h
[8.204s] -- Up-to-date: /home/ubuntu/ros2_ws/install/pupper_interfaces/lib/libpupper_interfaces__rosidl_typesupport_fastrtps_c.so
[8.204s] -- Up-to-date: /home/ubuntu/ros2_ws/install/pupper_interfaces/include/pupper_interfaces/pupper_interfaces
[8.205s] -- Up-to-date: /home/ubuntu/ros2_ws/install/pupper_interfaces/include/pupper_interfaces/pupper_interfaces/srv
[8.215s] -- Up-to-date: /home/ubuntu/ros2_ws/install/pupper_interfaces/include/pupper_interfaces/pupper_interfaces/srv/detail
[8.220s] -- Up-to-date: /home/ubuntu/ros2_ws/install/pupper_interfaces/include/pupper_interfaces/pupper_interfaces/srv/detail/go_pupper__type_support.c
[8.222s] -- Up-to-date: /home/ubuntu/ros2_ws/install/pupper_interfaces/include/pupper_interfaces/pupper_interfaces/srv/detail/go_pupper__rosidl_typesupport_introspection_c.h
[8.222s] -- Up-to-date: /home/ubuntu/ros2_ws/install/pupper_interfaces/include/pupper_interfaces/pupper_interfaces/msg
[8.223s] -- Up-to-date: /home/ubuntu/ros2_ws/install/pupper_interfaces/include/pupper_interfaces/pupper_interfaces/msg/detail
[8.224s] -- Up-to-date: /home/ubuntu/ros2_ws/install/pupper_interfaces/include/pupper_interfaces/pupper_interfaces/msg/detail/command__rosidl_typesupport_introspection_c.h
[8.227s] -- Up-to-date: /home/ubuntu/ros2_ws/install/pupper_interfaces/include/pupper_interfaces/pupper_interfaces/msg/detail/command__type_support.c
[8.228s] -- Up-to-date: /home/ubuntu/ros2_ws/install/pupper_interfaces/include/pupper_interfaces/pupper_interfaces/msg/rosidl_typesupport_introspection_c__visibility_control.h
[8.228s] -- Up-to-date: /home/ubuntu/ros2_ws/install/pupper_interfaces/lib/libpupper_interfaces__rosidl_typesupport_introspection_c.so
[8.237s] -- Up-to-date: /home/ubuntu/ros2_ws/install/pupper_interfaces/lib/libpupper_interfaces__rosidl_typesupport_c.so
[8.239s] -- Up-to-date: /home/ubuntu/ros2_ws/install/pupper_interfaces/include/pupper_interfaces/pupper_interfaces
[8.240s] -- Up-to-date: /home/ubuntu/ros2_ws/install/pupper_interfaces/include/pupper_interfaces/pupper_interfaces/srv
[8.242s] -- Up-to-date: /home/ubuntu/ros2_ws/install/pupper_interfaces/include/pupper_interfaces/pupper_interfaces/srv/detail
[8.242s] -- Up-to-date: /home/ubuntu/ros2_ws/install/pupper_interfaces/include/pupper_interfaces/pupper_interfaces/srv/detail/go_pupper__builder.hpp
[8.243s] -- Up-to-date: /home/ubuntu/ros2_ws/install/pupper_interfaces/include/pupper_interfaces/pupper_interfaces/srv/detail/go_pupper__struct.hpp
[8.243s] -- Up-to-date: /home/ubuntu/ros2_ws/install/pupper_interfaces/include/pupper_interfaces/pupper_interfaces/srv/detail/go_pupper__traits.hpp
[8.244s] -- Up-to-date: /home/ubuntu/ros2_ws/install/pupper_interfaces/include/pupper_interfaces/pupper_interfaces/srv/go_pupper.hpp
[8.245s] -- Up-to-date: /home/ubuntu/ros2_ws/install/pupper_interfaces/include/pupper_interfaces/pupper_interfaces/msg
[8.246s] -- Up-to-date: /home/ubuntu/ros2_ws/install/pupper_interfaces/include/pupper_interfaces/pupper_interfaces/msg/command.hpp
[8.247s] -- Up-to-date: /home/ubuntu/ros2_ws/install/pupper_interfaces/include/pupper_interfaces/pupper_interfaces/msg/detail
[8.248s] -- Up-to-date: /home/ubuntu/ros2_ws/install/pupper_interfaces/include/pupper_interfaces/pupper_interfaces/msg/detail/command__builder.hpp
[8.250s] -- Up-to-date: /home/ubuntu/ros2_ws/install/pupper_interfaces/include/pupper_interfaces/pupper_interfaces/msg/detail/command__struct.hpp
[8.255s] -- Up-to-date: /home/ubuntu/ros2_ws/install/pupper_interfaces/include/pupper_interfaces/pupper_interfaces/msg/detail/command__traits.hpp
[8.256s] -- Up-to-date: /home/ubuntu/ros2_ws/install/pupper_interfaces/include/pupper_interfaces/pupper_interfaces
[8.256s] -- Up-to-date: /home/ubuntu/ros2_ws/install/pupper_interfaces/include/pupper_interfaces/pupper_interfaces/srv
[8.257s] -- Up-to-date: /home/ubuntu/ros2_ws/install/pupper_interfaces/include/pupper_interfaces/pupper_interfaces/srv/detail
[8.258s] -- Up-to-date: /home/ubuntu/ros2_ws/install/pupper_interfaces/include/pupper_interfaces/pupper_interfaces/srv/detail/dds_fastrtps
[8.264s] -- Up-to-date: /home/ubuntu/ros2_ws/install/pupper_interfaces/include/pupper_interfaces/pupper_interfaces/srv/detail/go_pupper__rosidl_typesupport_fastrtps_cpp.hpp
[8.265s] -- Up-to-date: /home/ubuntu/ros2_ws/install/pupper_interfaces/include/pupper_interfaces/pupper_interfaces/msg
[8.265s] -- Up-to-date: /home/ubuntu/ros2_ws/install/pupper_interfaces/include/pupper_interfaces/pupper_interfaces/msg/rosidl_typesupport_fastrtps_cpp__visibility_control.h
[8.266s] -- Up-to-date: /home/ubuntu/ros2_ws/install/pupper_interfaces/include/pupper_interfaces/pupper_interfaces/msg/detail
[8.267s] -- Up-to-date: /home/ubuntu/ros2_ws/install/pupper_interfaces/include/pupper_interfaces/pupper_interfaces/msg/detail/command__rosidl_typesupport_fastrtps_cpp.hpp
[8.267s] -- Up-to-date: /home/ubuntu/ros2_ws/install/pupper_interfaces/include/pupper_interfaces/pupper_interfaces/msg/detail/dds_fastrtps
[8.268s] -- Up-to-date: /home/ubuntu/ros2_ws/install/pupper_interfaces/lib/libpupper_interfaces__rosidl_typesupport_fastrtps_cpp.so
[8.268s] -- Up-to-date: /home/ubuntu/ros2_ws/install/pupper_interfaces/include/pupper_interfaces/pupper_interfaces
[8.271s] -- Up-to-date: /home/ubuntu/ros2_ws/install/pupper_interfaces/include/pupper_interfaces/pupper_interfaces/srv
[8.272s] -- Up-to-date: /home/ubuntu/ros2_ws/install/pupper_interfaces/include/pupper_interfaces/pupper_interfaces/srv/detail
[8.272s] -- Up-to-date: /home/ubuntu/ros2_ws/install/pupper_interfaces/include/pupper_interfaces/pupper_interfaces/srv/detail/go_pupper__type_support.cpp
[8.273s] -- Up-to-date: /home/ubuntu/ros2_ws/install/pupper_interfaces/include/pupper_interfaces/pupper_interfaces/srv/detail/go_pupper__rosidl_typesupport_introspection_cpp.hpp
[8.274s] -- Up-to-date: /home/ubuntu/ros2_ws/install/pupper_interfaces/include/pupper_interfaces/pupper_interfaces/msg
[8.274s] -- Up-to-date: /home/ubuntu/ros2_ws/install/pupper_interfaces/include/pupper_interfaces/pupper_interfaces/msg/detail
[8.275s] -- Up-to-date: /home/ubuntu/ros2_ws/install/pupper_interfaces/include/pupper_interfaces/pupper_interfaces/msg/detail/command__rosidl_typesupport_introspection_cpp.hpp
[8.275s] -- Up-to-date: /home/ubuntu/ros2_ws/install/pupper_interfaces/include/pupper_interfaces/pupper_interfaces/msg/detail/command__type_support.cpp
[8.276s] -- Up-to-date: /home/ubuntu/ros2_ws/install/pupper_interfaces/lib/libpupper_interfaces__rosidl_typesupport_introspection_cpp.so
[8.277s] -- Up-to-date: /home/ubuntu/ros2_ws/install/pupper_interfaces/lib/libpupper_interfaces__rosidl_typesupport_cpp.so
[8.277s] -- Up-to-date: /home/ubuntu/ros2_ws/install/pupper_interfaces/share/pupper_interfaces/environment/pythonpath.sh
[8.288s] -- Up-to-date: /home/ubuntu/ros2_ws/install/pupper_interfaces/share/pupper_interfaces/environment/pythonpath.dsv
[8.288s] -- Up-to-date: /home/ubuntu/ros2_ws/install/pupper_interfaces/local/lib/python3.10/dist-packages/pupper_interfaces-0.0.0-py3.10.egg-info
[8.289s] -- Installing: /home/ubuntu/ros2_ws/install/pupper_interfaces/local/lib/python3.10/dist-packages/pupper_interfaces-0.0.0-py3.10.egg-info/SOURCES.txt
[8.290s] -- Installing: /home/ubuntu/ros2_ws/install/pupper_interfaces/local/lib/python3.10/dist-packages/pupper_interfaces-0.0.0-py3.10.egg-info/dependency_links.txt
[8.299s] -- Installing: /home/ubuntu/ros2_ws/install/pupper_interfaces/local/lib/python3.10/dist-packages/pupper_interfaces-0.0.0-py3.10.egg-info/PKG-INFO
[8.304s] -- Installing: /home/ubuntu/ros2_ws/install/pupper_interfaces/local/lib/python3.10/dist-packages/pupper_interfaces-0.0.0-py3.10.egg-info/top_level.txt
[8.314s] -- Up-to-date: /home/ubuntu/ros2_ws/install/pupper_interfaces/local/lib/python3.10/dist-packages/pupper_interfaces
[8.316s] -- Up-to-date: /home/ubuntu/ros2_ws/install/pupper_interfaces/local/lib/python3.10/dist-packages/pupper_interfaces/__init__.py
[8.320s] -- Up-to-date: /home/ubuntu/ros2_ws/install/pupper_interfaces/local/lib/python3.10/dist-packages/pupper_interfaces/_pupper_interfaces_s.ep.rosidl_typesupport_fastrtps_c.c
[8.322s] -- Up-to-date: /home/ubuntu/ros2_ws/install/pupper_interfaces/local/lib/python3.10/dist-packages/pupper_interfaces/_pupper_interfaces_s.ep.rosidl_typesupport_c.c
[8.325s] -- Up-to-date: /home/ubuntu/ros2_ws/install/pupper_interfaces/local/lib/python3.10/dist-packages/pupper_interfaces/_pupper_interfaces_s.ep.rosidl_typesupport_introspection_c.c
[8.327s] -- Up-to-date: /home/ubuntu/ros2_ws/install/pupper_interfaces/local/lib/python3.10/dist-packages/pupper_interfaces/libpupper_interfaces__rosidl_generator_py.so
[8.332s] -- Up-to-date: /home/ubuntu/ros2_ws/install/pupper_interfaces/local/lib/python3.10/dist-packages/pupper_interfaces/pupper_interfaces_s__rosidl_typesupport_introspection_c.cpython-310-aarch64-linux-gnu.so
[8.333s] -- Up-to-date: /home/ubuntu/ros2_ws/install/pupper_interfaces/local/lib/python3.10/dist-packages/pupper_interfaces/srv
[8.334s] -- Up-to-date: /home/ubuntu/ros2_ws/install/pupper_interfaces/local/lib/python3.10/dist-packages/pupper_interfaces/srv/__init__.py
[8.337s] -- Up-to-date: /home/ubuntu/ros2_ws/install/pupper_interfaces/local/lib/python3.10/dist-packages/pupper_interfaces/srv/_go_pupper.py
[8.340s] -- Up-to-date: /home/ubuntu/ros2_ws/install/pupper_interfaces/local/lib/python3.10/dist-packages/pupper_interfaces/srv/_go_pupper_s.c
[8.343s] -- Up-to-date: /home/ubuntu/ros2_ws/install/pupper_interfaces/local/lib/python3.10/dist-packages/pupper_interfaces/pupper_interfaces_s__rosidl_typesupport_c.cpython-310-aarch64-linux-gnu.so
[8.344s] -- Up-to-date: /home/ubuntu/ros2_ws/install/pupper_interfaces/local/lib/python3.10/dist-packages/pupper_interfaces/pupper_interfaces_s__rosidl_typesupport_fastrtps_c.cpython-310-aarch64-linux-gnu.so
[8.345s] -- Up-to-date: /home/ubuntu/ros2_ws/install/pupper_interfaces/local/lib/python3.10/dist-packages/pupper_interfaces/msg
[8.345s] -- Up-to-date: /home/ubuntu/ros2_ws/install/pupper_interfaces/local/lib/python3.10/dist-packages/pupper_interfaces/msg/__init__.py
[8.346s] -- Up-to-date: /home/ubuntu/ros2_ws/install/pupper_interfaces/local/lib/python3.10/dist-packages/pupper_interfaces/msg/_command.py
[8.346s] -- Up-to-date: /home/ubuntu/ros2_ws/install/pupper_interfaces/local/lib/python3.10/dist-packages/pupper_interfaces/msg/_command_s.c
[8.780s] Listing '/home/ubuntu/ros2_ws/install/pupper_interfaces/local/lib/python3.10/dist-packages/pupper_interfaces'...
[8.782s] Listing '/home/ubuntu/ros2_ws/install/pupper_interfaces/local/lib/python3.10/dist-packages/pupper_interfaces/msg'...
[8.785s] Listing '/home/ubuntu/ros2_ws/install/pupper_interfaces/local/lib/python3.10/dist-packages/pupper_interfaces/srv'...
[8.831s] -- Up-to-date: /home/ubuntu/ros2_ws/install/pupper_interfaces/local/lib/python3.10/dist-packages/pupper_interfaces/pupper_interfaces_s__rosidl_typesupport_fastrtps_c.cpython-310-aarch64-linux-gnu.so
[8.832s] -- Up-to-date: /home/ubuntu/ros2_ws/install/pupper_interfaces/local/lib/python3.10/dist-packages/pupper_interfaces/pupper_interfaces_s__rosidl_typesupport_introspection_c.cpython-310-aarch64-linux-gnu.so
[8.832s] -- Up-to-date: /home/ubuntu/ros2_ws/install/pupper_interfaces/local/lib/python3.10/dist-packages/pupper_interfaces/pupper_interfaces_s__rosidl_typesupport_c.cpython-310-aarch64-linux-gnu.so
[8.835s] -- Up-to-date: /home/ubuntu/ros2_ws/install/pupper_interfaces/lib/libpupper_interfaces__rosidl_generator_py.so
[8.836s] -- Up-to-date: /home/ubuntu/ros2_ws/install/pupper_interfaces/share/pupper_interfaces/msg/Command.idl
[8.838s] -- Up-to-date: /home/ubuntu/ros2_ws/install/pupper_interfaces/share/pupper_interfaces/srv/GoPupper.idl
[8.840s] -- Up-to-date: /home/ubuntu/ros2_ws/install/pupper_interfaces/share/pupper_interfaces/msg/Command.msg
[8.843s] -- Up-to-date: /home/ubuntu/ros2_ws/install/pupper_interfaces/share/pupper_interfaces/srv/GoPupper.srv
[8.846s] -- Up-to-date: /home/ubuntu/ros2_ws/install/pupper_interfaces/share/pupper_interfaces/srv/GoPupper_Request.msg
[8.848s] -- Up-to-date: /home/ubuntu/ros2_ws/install/pupper_interfaces/share/pupper_interfaces/srv/GoPupper_Response.msg
[8.848s] -- Up-to-date: /home/ubuntu/ros2_ws/install/pupper_interfaces/share/ament_index/resource_index/package_run_dependencies/pupper_interfaces
[8.850s] -- Up-to-date: /home/ubuntu/ros2_ws/install/pupper_interfaces/share/ament_index/resource_index/parent_prefix_path/pupper_interfaces
[8.851s] -- Up-to-date: /home/ubuntu/ros2_ws/install/pupper_interfaces/share/pupper_interfaces/environment/ament_prefix_path.sh
[8.856s] -- Up-to-date: /home/ubuntu/ros2_ws/install/pupper_interfaces/share/pupper_interfaces/environment/ament_prefix_path.dsv
[8.857s] -- Up-to-date: /home/ubuntu/ros2_ws/install/pupper_interfaces/share/pupper_interfaces/environment/path.sh
[8.858s] -- Up-to-date: /home/ubuntu/ros2_ws/install/pupper_interfaces/share/pupper_interfaces/environment/path.dsv
[8.861s] -- Up-to-date: /home/ubuntu/ros2_ws/install/pupper_interfaces/share/pupper_interfaces/local_setup.bash
[8.874s] -- Up-to-date: /home/ubuntu/ros2_ws/install/pupper_interfaces/share/pupper_interfaces/local_setup.sh
[8.880s] -- Up-to-date: /home/ubuntu/ros2_ws/install/pupper_interfaces/share/pupper_interfaces/local_setup.zsh
[8.881s] -- Up-to-date: /home/ubuntu/ros2_ws/install/pupper_interfaces/share/pupper_interfaces/local_setup.dsv
[8.881s] -- Installing: /home/ubuntu/ros2_ws/install/pupper_interfaces/share/pupper_interfaces/package.dsv
[8.882s] -- Up-to-date: /home/ubuntu/ros2_ws/install/pupper_interfaces/share/ament_index/resource_index/packages/pupper_interfaces
[8.883s] -- Up-to-date: /home/ubuntu/ros2_ws/install/pupper_interfaces/share/pupper_interfaces/cmake/export_pupper_interfaces__rosidl_generator_cExport.cmake
[8.884s] -- Up-to-date: /home/ubuntu/ros2_ws/install/pupper_interfaces/share/pupper_interfaces/cmake/export_pupper_interfaces__rosidl_generator_cExport-noconfig.cmake
[8.885s] -- Up-to-date: /home/ubuntu/ros2_ws/install/pupper_interfaces/share/pupper_interfaces/cmake/export_pupper_interfaces__rosidl_typesupport_fastrtps_cExport.cmake
[8.891s] -- Up-to-date: /home/ubuntu/ros2_ws/install/pupper_interfaces/share/pupper_interfaces/cmake/export_pupper_interfaces__rosidl_typesupport_fastrtps_cExport-noconfig.cmake
[8.892s] -- Up-to-date: /home/ubuntu/ros2_ws/install/pupper_interfaces/share/pupper_interfaces/cmake/pupper_interfaces__rosidl_typesupport_introspection_cExport.cmake
[8.892s] -- Up-to-date: /home/ubuntu/ros2_ws/install/pupper_interfaces/share/pupper_interfaces/cmake/pupper_interfaces__rosidl_typesupport_introspection_cExport-noconfig.cmake
[8.893s] -- Up-to-date: /home/ubuntu/ros2_ws/install/pupper_interfaces/share/pupper_interfaces/cmake/pupper_interfaces__rosidl_typesupport_cExport.cmake
[8.894s] -- Up-to-date: /home/ubuntu/ros2_ws/install/pupper_interfaces/share/pupper_interfaces/cmake/pupper_interfaces__rosidl_typesupport_cExport-noconfig.cmake
[8.896s] -- Up-to-date: /home/ubuntu/ros2_ws/install/pupper_interfaces/share/pupper_interfaces/cmake/export_pupper_interfaces__rosidl_generator_cppExport.cmake
[8.899s] -- Up-to-date: /home/ubuntu/ros2_ws/install/pupper_interfaces/share/pupper_interfaces/cmake/export_pupper_interfaces__rosidl_typesupport_fastrtps_cppExport.cmake
[8.900s] -- Up-to-date: /home/ubuntu/ros2_ws/install/pupper_interfaces/share/pupper_interfaces/cmake/export_pupper_interfaces__rosidl_typesupport_fastrtps_cppExport-noconfig.cmake
[8.901s] -- Up-to-date: /home/ubuntu/ros2_ws/install/pupper_interfaces/share/pupper_interfaces/cmake/pupper_interfaces__rosidl_typesupport_introspection_cppExport.cmake
[8.901s] -- Up-to-date: /home/ubuntu/ros2_ws/install/pupper_interfaces/share/pupper_interfaces/cmake/pupper_interfaces__rosidl_typesupport_introspection_cppExport-noconfig.cmake
[8.902s] -- Up-to-date: /home/ubuntu/ros2_ws/install/pupper_interfaces/share/pupper_interfaces/cmake/pupper_interfaces__rosidl_typesupport_cppExport.cmake
[8.907s] -- Up-to-date: /home/ubuntu/ros2_ws/install/pupper_interfaces/share/pupper_interfaces/cmake/pupper_interfaces__rosidl_typesupport_cppExport-noconfig.cmake
[8.908s] -- Up-to-date: /home/ubuntu/ros2_ws/install/pupper_interfaces/share/pupper_interfaces/cmake/export_pupper_interfaces__rosidl_generator_pyExport.cmake
[8.909s] -- Up-to-date: /home/ubuntu/ros2_ws/install/pupper_interfaces/share/pupper_interfaces/cmake/export_pupper_interfaces__rosidl_generator_pyExport-noconfig.cmake
[8.910s] -- Up-to-date: /home/ubuntu/ros2_ws/install/pupper_interfaces/share/pupper_interfaces/cmake/rosidl_cmake-extras.cmake
[8.912s] -- Up-to-date: /home/ubuntu/ros2_ws/install/pupper_interfaces/share/pupper_interfaces/cmake/ament_cmake_export_dependencies-extras.cmake
[8.912s] -- Up-to-date: /home/ubuntu/ros2_ws/install/pupper_interfaces/share/pupper_interfaces/cmake/ament_cmake_export_include_directories-extras.cmake
[8.917s] -- Up-to-date: /home/ubuntu/ros2_ws/install/pupper_interfaces/share/pupper_interfaces/cmake/ament_cmake_export_libraries-extras.cmake
[8.917s] -- Up-to-date: /home/ubuntu/ros2_ws/install/pupper_interfaces/share/pupper_interfaces/cmake/ament_cmake_export_targets-extras.cmake
[8.918s] -- Up-to-date: /home/ubuntu/ros2_ws/install/pupper_interfaces/share/pupper_interfaces/cmake/rosidl_cmake_export_typesupport_targets-extras.cmake
[8.918s] -- Up-to-date: /home/ubuntu/ros2_ws/install/pupper_interfaces/share/pupper_interfaces/cmake/rosidl_cmake_export_typesupport_libraries-extras.cmake
[8.920s] -- Up-to-date: /home/ubuntu/ros2_ws/install/pupper_interfaces/share/pupper_interfaces/cmake/pupper_interfacesConfig.cmake
[8.920s] -- Up-to-date: /home/ubuntu/ros2_ws/install/pupper_interfaces/share/pupper_interfaces/cmake/pupper_interfacesConfig-version.cmake
[8.921s] -- Up-to-date: /home/ubuntu/ros2_ws/install/pupper_interfaces/share/pupper_interfaces/package.xml
[9.063s] Invoked command in '/home/ubuntu/ros2_ws/build/pupper_interfaces' returned '0': CMAKE_PREFIX_PATH=${CMAKE_PREFIX_PATH}:/home/ubuntu/ros2_ws/install/go_pupper_srv:/home/ubuntu/ros2_ws/install/mini_pupper_music:/home/ubuntu/ros2_ws/install/mini_pupper_dance:/home/ubuntu/ros2_ws/install/mini_pupper_driver:/opt/ros/humble /usr/bin/cmake --install /home/ubuntu/ros2_ws/build/pupper_interfaces
